[2.129s] Invoking command in '/mnt/c/Users/User/Downloads/Candle_TheRobot-main/colcon_ws/build/odom': CMAKE_PREFIX_PATH=/mnt/c/Users/User/Downloads/Candle_TheRobot-main/colcon_ws/install/dynamixel_workbench_msgs:/mnt/c/Users/User/Downloads/Candle_TheRobot-main/colcon_ws/install/urdf_tutorial:/mnt/c/Users/User/Downloads/Candle_TheRobot-main/colcon_ws/install/odom:/mnt/c/Users/User/Downloads/Candle_TheRobot-main/colcon_ws/install/main_run:/mnt/c/Users/User/Downloads/Candle_TheRobot-main/colcon_ws/install/feetechlib:/mnt/c/Users/User/Downloads/Candle_TheRobot-main/colcon_ws/install/dynamixel_workbench:/mnt/c/Users/User/Downloads/Candle_TheRobot-main/colcon_ws/install/dynamixel_workbench_toolbox:/mnt/c/Users/User/Downloads/Candle_TheRobot-main/colcon_ws/install/dynamixel_sdk_examples:/mnt/c/Users/User/Downloads/Candle_TheRobot-main/colcon_ws/install/dynamixel_sdk_custom_interfaces:/mnt/c/Users/User/Downloads/Candle_TheRobot-main/colcon_ws/install/dynamixel_sdk:/opt/ros/humble LD_LIBRARY_PATH=/mnt/c/Users/User/Downloads/Candle_TheRobot-main/colcon_ws/install/dynamixel_workbench_msgs/lib:/mnt/c/Users/User/Downloads/Candle_TheRobot-main/colcon_ws/install/feetechlib/lib:/mnt/c/Users/User/Downloads/Candle_TheRobot-main/colcon_ws/install/dynamixel_workbench_toolbox/lib:/mnt/c/Users/User/Downloads/Candle_TheRobot-main/colcon_ws/install/dynamixel_sdk_custom_interfaces/lib:/mnt/c/Users/User/Downloads/Candle_TheRobot-main/colcon_ws/install/dynamixel_sdk/lib:/usr/lib/x86_64-linux-gnu/gazebo-11/plugins:/opt/ros/humble/opt/rviz_ogre_vendor/lib:/opt/ros/humble/lib/x86_64-linux-gnu:/opt/ros/humble/lib /usr/bin/cmake /mnt/c/Users/User/Downloads/Candle_TheRobot-main/colcon_ws/src/odom -DAMENT_CMAKE_SYMLINK_INSTALL=1 -DCMAKE_INSTALL_PREFIX=/mnt/c/Users/User/Downloads/Candle_TheRobot-main/colcon_ws/install/odom
[8.596s] -- The C compiler identification is GNU 11.4.0
[12.579s] -- The CXX compiler identification is GNU 11.4.0
[14.249s] -- Detecting C compiler ABI info
[22.636s] -- Detecting C compiler ABI info - done
[22.678s] -- Check for working C compiler: /usr/bin/cc - skipped
[22.681s] -- Detecting C compile features
[22.683s] -- Detecting C compile features - done
[22.782s] -- Detecting CXX compiler ABI info
[31.362s] -- Detecting CXX compiler ABI info - done
[31.409s] -- Check for working CXX compiler: /usr/bin/c++ - skipped
[31.411s] -- Detecting CXX compile features
[31.412s] -- Detecting CXX compile features - done
[32.401s] -- Found ament_cmake: 1.3.12 (/opt/ros/humble/share/ament_cmake/cmake)
[39.751s] -- Found Python3: /usr/bin/python3 (found version "3.10.12") found components: Interpreter 
[41.565s] -- Override CMake install command with custom implementation using symlinks instead of copying resources
[55.544s] -- Found rclcpp: 16.0.17 (/opt/ros/humble/share/rclcpp/cmake)
[66.075s] -- Found rosidl_generator_c: 3.1.8 (/opt/ros/humble/share/rosidl_generator_c/cmake)
[68.060s] -- Found rosidl_adapter: 3.1.8 (/opt/ros/humble/share/rosidl_adapter/cmake)
[70.232s] -- Found rosidl_generator_cpp: 3.1.8 (/opt/ros/humble/share/rosidl_generator_cpp/cmake)
[71.931s] -- Using all available rosidl_typesupport_c: rosidl_typesupport_fastrtps_c;rosidl_typesupport_introspection_c
[74.481s] -- Using all available rosidl_typesupport_cpp: rosidl_typesupport_fastrtps_cpp;rosidl_typesupport_introspection_cpp
[81.804s] -- Found rmw_implementation_cmake: 6.1.2 (/opt/ros/humble/share/rmw_implementation_cmake/cmake)
[82.603s] -- Found rmw_fastrtps_cpp: 6.2.9 (/opt/ros/humble/share/rmw_fastrtps_cpp/cmake)
[96.932s] -- Found OpenSSL: /usr/lib/x86_64-linux-gnu/libcrypto.so (found version "3.0.2")  
[102.527s] -- Found FastRTPS: /opt/ros/humble/include  
[114.059s] -- Using RMW implementation 'rmw_fastrtps_cpp' as default
[117.584s] -- Looking for pthread.h
[123.718s] -- Looking for pthread.h - found
[123.734s] -- Performing Test CMAKE_HAVE_LIBC_PTHREAD
[129.496s] -- Performing Test CMAKE_HAVE_LIBC_PTHREAD - Success
[129.504s] -- Found Threads: TRUE  
[133.034s] -- Found nav_msgs: 4.9.0 (/opt/ros/humble/share/nav_msgs/cmake)
[134.505s] -- Found tf2_ros: 0.25.18 (/opt/ros/humble/share/tf2_ros/cmake)
[142.298s] -- Found dynamixel_workbench_msgs: 2.0.3 (/mnt/c/Users/User/Downloads/Candle_TheRobot-main/colcon_ws/install/dynamixel_workbench_msgs/share/dynamixel_workbench_msgs/cmake)
[144.875s] -- Configuring done
[146.478s] -- Generating done
[146.932s] -- Build files have been written to: /mnt/c/Users/User/Downloads/Candle_TheRobot-main/colcon_ws/build/odom
[146.947s] Invoked command in '/mnt/c/Users/User/Downloads/Candle_TheRobot-main/colcon_ws/build/odom' returned '0': CMAKE_PREFIX_PATH=/mnt/c/Users/User/Downloads/Candle_TheRobot-main/colcon_ws/install/dynamixel_workbench_msgs:/mnt/c/Users/User/Downloads/Candle_TheRobot-main/colcon_ws/install/urdf_tutorial:/mnt/c/Users/User/Downloads/Candle_TheRobot-main/colcon_ws/install/odom:/mnt/c/Users/User/Downloads/Candle_TheRobot-main/colcon_ws/install/main_run:/mnt/c/Users/User/Downloads/Candle_TheRobot-main/colcon_ws/install/feetechlib:/mnt/c/Users/User/Downloads/Candle_TheRobot-main/colcon_ws/install/dynamixel_workbench:/mnt/c/Users/User/Downloads/Candle_TheRobot-main/colcon_ws/install/dynamixel_workbench_toolbox:/mnt/c/Users/User/Downloads/Candle_TheRobot-main/colcon_ws/install/dynamixel_sdk_examples:/mnt/c/Users/User/Downloads/Candle_TheRobot-main/colcon_ws/install/dynamixel_sdk_custom_interfaces:/mnt/c/Users/User/Downloads/Candle_TheRobot-main/colcon_ws/install/dynamixel_sdk:/opt/ros/humble LD_LIBRARY_PATH=/mnt/c/Users/User/Downloads/Candle_TheRobot-main/colcon_ws/install/dynamixel_workbench_msgs/lib:/mnt/c/Users/User/Downloads/Candle_TheRobot-main/colcon_ws/install/feetechlib/lib:/mnt/c/Users/User/Downloads/Candle_TheRobot-main/colcon_ws/install/dynamixel_workbench_toolbox/lib:/mnt/c/Users/User/Downloads/Candle_TheRobot-main/colcon_ws/install/dynamixel_sdk_custom_interfaces/lib:/mnt/c/Users/User/Downloads/Candle_TheRobot-main/colcon_ws/install/dynamixel_sdk/lib:/usr/lib/x86_64-linux-gnu/gazebo-11/plugins:/opt/ros/humble/opt/rviz_ogre_vendor/lib:/opt/ros/humble/lib/x86_64-linux-gnu:/opt/ros/humble/lib /usr/bin/cmake /mnt/c/Users/User/Downloads/Candle_TheRobot-main/colcon_ws/src/odom -DAMENT_CMAKE_SYMLINK_INSTALL=1 -DCMAKE_INSTALL_PREFIX=/mnt/c/Users/User/Downloads/Candle_TheRobot-main/colcon_ws/install/odom
[146.965s] Invoking command in '/mnt/c/Users/User/Downloads/Candle_TheRobot-main/colcon_ws/build/odom': CMAKE_PREFIX_PATH=/mnt/c/Users/User/Downloads/Candle_TheRobot-main/colcon_ws/install/dynamixel_workbench_msgs:/mnt/c/Users/User/Downloads/Candle_TheRobot-main/colcon_ws/install/urdf_tutorial:/mnt/c/Users/User/Downloads/Candle_TheRobot-main/colcon_ws/install/odom:/mnt/c/Users/User/Downloads/Candle_TheRobot-main/colcon_ws/install/main_run:/mnt/c/Users/User/Downloads/Candle_TheRobot-main/colcon_ws/install/feetechlib:/mnt/c/Users/User/Downloads/Candle_TheRobot-main/colcon_ws/install/dynamixel_workbench:/mnt/c/Users/User/Downloads/Candle_TheRobot-main/colcon_ws/install/dynamixel_workbench_toolbox:/mnt/c/Users/User/Downloads/Candle_TheRobot-main/colcon_ws/install/dynamixel_sdk_examples:/mnt/c/Users/User/Downloads/Candle_TheRobot-main/colcon_ws/install/dynamixel_sdk_custom_interfaces:/mnt/c/Users/User/Downloads/Candle_TheRobot-main/colcon_ws/install/dynamixel_sdk:/opt/ros/humble LD_LIBRARY_PATH=/mnt/c/Users/User/Downloads/Candle_TheRobot-main/colcon_ws/install/dynamixel_workbench_msgs/lib:/mnt/c/Users/User/Downloads/Candle_TheRobot-main/colcon_ws/install/feetechlib/lib:/mnt/c/Users/User/Downloads/Candle_TheRobot-main/colcon_ws/install/dynamixel_workbench_toolbox/lib:/mnt/c/Users/User/Downloads/Candle_TheRobot-main/colcon_ws/install/dynamixel_sdk_custom_interfaces/lib:/mnt/c/Users/User/Downloads/Candle_TheRobot-main/colcon_ws/install/dynamixel_sdk/lib:/usr/lib/x86_64-linux-gnu/gazebo-11/plugins:/opt/ros/humble/opt/rviz_ogre_vendor/lib:/opt/ros/humble/lib/x86_64-linux-gnu:/opt/ros/humble/lib /usr/bin/cmake --build /mnt/c/Users/User/Downloads/Candle_TheRobot-main/colcon_ws/build/odom -- -j20 -l20
[151.585s] [ 25%] [32mBuilding CXX object CMakeFiles/odom_c.dir/src/odom_c.cpp.o[0m
[151.612s] [ 50%] [32mBuilding CXX object CMakeFiles/get_odom.dir/src/get_odom.cpp.o[0m
[174.738s] [ 75%] [32m[1mLinking CXX executable odom_c[0m
[174.803s] [100%] [32m[1mLinking CXX executable get_odom[0m
[186.090s] [100%] Built target odom_c
[186.302s] [100%] Built target get_odom
[187.850s] Invoked command in '/mnt/c/Users/User/Downloads/Candle_TheRobot-main/colcon_ws/build/odom' returned '0': CMAKE_PREFIX_PATH=/mnt/c/Users/User/Downloads/Candle_TheRobot-main/colcon_ws/install/dynamixel_workbench_msgs:/mnt/c/Users/User/Downloads/Candle_TheRobot-main/colcon_ws/install/urdf_tutorial:/mnt/c/Users/User/Downloads/Candle_TheRobot-main/colcon_ws/install/odom:/mnt/c/Users/User/Downloads/Candle_TheRobot-main/colcon_ws/install/main_run:/mnt/c/Users/User/Downloads/Candle_TheRobot-main/colcon_ws/install/feetechlib:/mnt/c/Users/User/Downloads/Candle_TheRobot-main/colcon_ws/install/dynamixel_workbench:/mnt/c/Users/User/Downloads/Candle_TheRobot-main/colcon_ws/install/dynamixel_workbench_toolbox:/mnt/c/Users/User/Downloads/Candle_TheRobot-main/colcon_ws/install/dynamixel_sdk_examples:/mnt/c/Users/User/Downloads/Candle_TheRobot-main/colcon_ws/install/dynamixel_sdk_custom_interfaces:/mnt/c/Users/User/Downloads/Candle_TheRobot-main/colcon_ws/install/dynamixel_sdk:/opt/ros/humble LD_LIBRARY_PATH=/mnt/c/Users/User/Downloads/Candle_TheRobot-main/colcon_ws/install/dynamixel_workbench_msgs/lib:/mnt/c/Users/User/Downloads/Candle_TheRobot-main/colcon_ws/install/feetechlib/lib:/mnt/c/Users/User/Downloads/Candle_TheRobot-main/colcon_ws/install/dynamixel_workbench_toolbox/lib:/mnt/c/Users/User/Downloads/Candle_TheRobot-main/colcon_ws/install/dynamixel_sdk_custom_interfaces/lib:/mnt/c/Users/User/Downloads/Candle_TheRobot-main/colcon_ws/install/dynamixel_sdk/lib:/usr/lib/x86_64-linux-gnu/gazebo-11/plugins:/opt/ros/humble/opt/rviz_ogre_vendor/lib:/opt/ros/humble/lib/x86_64-linux-gnu:/opt/ros/humble/lib /usr/bin/cmake --build /mnt/c/Users/User/Downloads/Candle_TheRobot-main/colcon_ws/build/odom -- -j20 -l20
[187.917s] Invoking command in '/mnt/c/Users/User/Downloads/Candle_TheRobot-main/colcon_ws/build/odom': CMAKE_PREFIX_PATH=/mnt/c/Users/User/Downloads/Candle_TheRobot-main/colcon_ws/install/dynamixel_workbench_msgs:/mnt/c/Users/User/Downloads/Candle_TheRobot-main/colcon_ws/install/urdf_tutorial:/mnt/c/Users/User/Downloads/Candle_TheRobot-main/colcon_ws/install/odom:/mnt/c/Users/User/Downloads/Candle_TheRobot-main/colcon_ws/install/main_run:/mnt/c/Users/User/Downloads/Candle_TheRobot-main/colcon_ws/install/feetechlib:/mnt/c/Users/User/Downloads/Candle_TheRobot-main/colcon_ws/install/dynamixel_workbench:/mnt/c/Users/User/Downloads/Candle_TheRobot-main/colcon_ws/install/dynamixel_workbench_toolbox:/mnt/c/Users/User/Downloads/Candle_TheRobot-main/colcon_ws/install/dynamixel_sdk_examples:/mnt/c/Users/User/Downloads/Candle_TheRobot-main/colcon_ws/install/dynamixel_sdk_custom_interfaces:/mnt/c/Users/User/Downloads/Candle_TheRobot-main/colcon_ws/install/dynamixel_sdk:/opt/ros/humble LD_LIBRARY_PATH=/mnt/c/Users/User/Downloads/Candle_TheRobot-main/colcon_ws/install/dynamixel_workbench_msgs/lib:/mnt/c/Users/User/Downloads/Candle_TheRobot-main/colcon_ws/install/feetechlib/lib:/mnt/c/Users/User/Downloads/Candle_TheRobot-main/colcon_ws/install/dynamixel_workbench_toolbox/lib:/mnt/c/Users/User/Downloads/Candle_TheRobot-main/colcon_ws/install/dynamixel_sdk_custom_interfaces/lib:/mnt/c/Users/User/Downloads/Candle_TheRobot-main/colcon_ws/install/dynamixel_sdk/lib:/usr/lib/x86_64-linux-gnu/gazebo-11/plugins:/opt/ros/humble/opt/rviz_ogre_vendor/lib:/opt/ros/humble/lib/x86_64-linux-gnu:/opt/ros/humble/lib /usr/bin/cmake --install /mnt/c/Users/User/Downloads/Candle_TheRobot-main/colcon_ws/build/odom
[189.461s] -- Install configuration: ""
[189.485s] -- Execute custom install script
[189.530s] -- Symlinking: /mnt/c/Users/User/Downloads/Candle_TheRobot-main/colcon_ws/install/odom/lib/odom/odom_c
[190.714s] -- Symlinking: /mnt/c/Users/User/Downloads/Candle_TheRobot-main/colcon_ws/install/odom/lib/odom/get_odom
[191.643s] -- Symlinking: /mnt/c/Users/User/Downloads/Candle_TheRobot-main/colcon_ws/install/odom/share/ament_index/resource_index/package_run_dependencies/odom
[192.791s] -- Symlinking: /mnt/c/Users/User/Downloads/Candle_TheRobot-main/colcon_ws/install/odom/share/ament_index/resource_index/parent_prefix_path/odom
[193.879s] -- Symlinking: /mnt/c/Users/User/Downloads/Candle_TheRobot-main/colcon_ws/install/odom/share/odom/environment/ament_prefix_path.sh
[194.887s] -- Symlinking: /mnt/c/Users/User/Downloads/Candle_TheRobot-main/colcon_ws/install/odom/share/odom/environment/ament_prefix_path.dsv
[195.685s] -- Symlinking: /mnt/c/Users/User/Downloads/Candle_TheRobot-main/colcon_ws/install/odom/share/odom/environment/path.sh
[196.629s] -- Symlinking: /mnt/c/Users/User/Downloads/Candle_TheRobot-main/colcon_ws/install/odom/share/odom/environment/path.dsv
[197.629s] -- Symlinking: /mnt/c/Users/User/Downloads/Candle_TheRobot-main/colcon_ws/install/odom/share/odom/local_setup.bash
[199.217s] -- Symlinking: /mnt/c/Users/User/Downloads/Candle_TheRobot-main/colcon_ws/install/odom/share/odom/local_setup.sh
[200.632s] -- Symlinking: /mnt/c/Users/User/Downloads/Candle_TheRobot-main/colcon_ws/install/odom/share/odom/local_setup.zsh
[201.633s] -- Symlinking: /mnt/c/Users/User/Downloads/Candle_TheRobot-main/colcon_ws/install/odom/share/odom/local_setup.dsv
[202.783s] -- Symlinking: /mnt/c/Users/User/Downloads/Candle_TheRobot-main/colcon_ws/install/odom/share/odom/package.dsv
[203.682s] -- Symlinking: /mnt/c/Users/User/Downloads/Candle_TheRobot-main/colcon_ws/install/odom/share/ament_index/resource_index/packages/odom
[204.660s] -- Symlinking: /mnt/c/Users/User/Downloads/Candle_TheRobot-main/colcon_ws/install/odom/share/odom/cmake/odomConfig.cmake
[205.666s] -- Symlinking: /mnt/c/Users/User/Downloads/Candle_TheRobot-main/colcon_ws/install/odom/share/odom/cmake/odomConfig-version.cmake
[206.501s] -- Symlinking: /mnt/c/Users/User/Downloads/Candle_TheRobot-main/colcon_ws/install/odom/share/odom/package.xml
[207.574s] Invoked command in '/mnt/c/Users/User/Downloads/Candle_TheRobot-main/colcon_ws/build/odom' returned '0': CMAKE_PREFIX_PATH=/mnt/c/Users/User/Downloads/Candle_TheRobot-main/colcon_ws/install/dynamixel_workbench_msgs:/mnt/c/Users/User/Downloads/Candle_TheRobot-main/colcon_ws/install/urdf_tutorial:/mnt/c/Users/User/Downloads/Candle_TheRobot-main/colcon_ws/install/odom:/mnt/c/Users/User/Downloads/Candle_TheRobot-main/colcon_ws/install/main_run:/mnt/c/Users/User/Downloads/Candle_TheRobot-main/colcon_ws/install/feetechlib:/mnt/c/Users/User/Downloads/Candle_TheRobot-main/colcon_ws/install/dynamixel_workbench:/mnt/c/Users/User/Downloads/Candle_TheRobot-main/colcon_ws/install/dynamixel_workbench_toolbox:/mnt/c/Users/User/Downloads/Candle_TheRobot-main/colcon_ws/install/dynamixel_sdk_examples:/mnt/c/Users/User/Downloads/Candle_TheRobot-main/colcon_ws/install/dynamixel_sdk_custom_interfaces:/mnt/c/Users/User/Downloads/Candle_TheRobot-main/colcon_ws/install/dynamixel_sdk:/opt/ros/humble LD_LIBRARY_PATH=/mnt/c/Users/User/Downloads/Candle_TheRobot-main/colcon_ws/install/dynamixel_workbench_msgs/lib:/mnt/c/Users/User/Downloads/Candle_TheRobot-main/colcon_ws/install/feetechlib/lib:/mnt/c/Users/User/Downloads/Candle_TheRobot-main/colcon_ws/install/dynamixel_workbench_toolbox/lib:/mnt/c/Users/User/Downloads/Candle_TheRobot-main/colcon_ws/install/dynamixel_sdk_custom_interfaces/lib:/mnt/c/Users/User/Downloads/Candle_TheRobot-main/colcon_ws/install/dynamixel_sdk/lib:/usr/lib/x86_64-linux-gnu/gazebo-11/plugins:/opt/ros/humble/opt/rviz_ogre_vendor/lib:/opt/ros/humble/lib/x86_64-linux-gnu:/opt/ros/humble/lib /usr/bin/cmake --install /mnt/c/Users/User/Downloads/Candle_TheRobot-main/colcon_ws/build/odom
