[0.693s] Invoking command in '/mnt/c/Users/User/Downloads/Candle_TheRobot-main/colcon_ws/build/feetechlib': CMAKE_PREFIX_PATH=${CMAKE_PREFIX_PATH}:/opt/ros/humble /usr/bin/cmake --build /mnt/c/Users/User/Downloads/Candle_TheRobot-main/colcon_ws/build/feetechlib -- -j20 -l20
[8.445s] [100%] Built target feetechlib
[9.725s] Invoked command in '/mnt/c/Users/User/Downloads/Candle_TheRobot-main/colcon_ws/build/feetechlib' returned '0': CMAKE_PREFIX_PATH=${CMAKE_PREFIX_PATH}:/opt/ros/humble /usr/bin/cmake --build /mnt/c/Users/User/Downloads/Candle_TheRobot-main/colcon_ws/build/feetechlib -- -j20 -l20
[9.868s] Invoking command in '/mnt/c/Users/User/Downloads/Candle_TheRobot-main/colcon_ws/build/feetechlib': CMAKE_PREFIX_PATH=${CMAKE_PREFIX_PATH}:/opt/ros/humble /usr/bin/cmake --install /mnt/c/Users/User/Downloads/Candle_TheRobot-main/colcon_ws/build/feetechlib
[11.043s] -- Install configuration: ""
[11.125s] -- Execute custom install script
[11.859s] -- Up-to-date symlink: /mnt/c/Users/User/Downloads/Candle_TheRobot-main/colcon_ws/install/feetechlib/include/feetechlib/INST.h
[12.103s] -- Up-to-date symlink: /mnt/c/Users/User/Downloads/Candle_TheRobot-main/colcon_ws/install/feetechlib/include/feetechlib/SCS.h
[12.349s] -- Up-to-date symlink: /mnt/c/Users/User/Downloads/Candle_TheRobot-main/colcon_ws/install/feetechlib/include/feetechlib/SCSCL.h
[12.609s] -- Up-to-date symlink: /mnt/c/Users/User/Downloads/Candle_TheRobot-main/colcon_ws/install/feetechlib/include/feetechlib/SCSerial.h
[12.882s] -- Up-to-date symlink: /mnt/c/Users/User/Downloads/Candle_TheRobot-main/colcon_ws/install/feetechlib/include/feetechlib/SCServo.h
[13.231s] -- Up-to-date symlink: /mnt/c/Users/User/Downloads/Candle_TheRobot-main/colcon_ws/install/feetechlib/include/feetechlib/SMSBL.h
[13.483s] -- Up-to-date symlink: /mnt/c/Users/User/Downloads/Candle_TheRobot-main/colcon_ws/install/feetechlib/include/feetechlib/SMSCL.h
[13.899s] -- Up-to-date symlink: /mnt/c/Users/User/Downloads/Candle_TheRobot-main/colcon_ws/install/feetechlib/share/ament_index/resource_index/package_run_dependencies/feetechlib
[14.235s] -- Up-to-date symlink: /mnt/c/Users/User/Downloads/Candle_TheRobot-main/colcon_ws/install/feetechlib/share/ament_index/resource_index/parent_prefix_path/feetechlib
[14.331s] -- Up-to-date symlink: /mnt/c/Users/User/Downloads/Candle_TheRobot-main/colcon_ws/install/feetechlib/share/feetechlib/environment/ament_prefix_path.sh
[14.475s] -- Up-to-date symlink: /mnt/c/Users/User/Downloads/Candle_TheRobot-main/colcon_ws/install/feetechlib/share/feetechlib/environment/ament_prefix_path.dsv
[14.567s] -- Up-to-date symlink: /mnt/c/Users/User/Downloads/Candle_TheRobot-main/colcon_ws/install/feetechlib/share/feetechlib/environment/path.sh
[14.693s] -- Up-to-date symlink: /mnt/c/Users/User/Downloads/Candle_TheRobot-main/colcon_ws/install/feetechlib/share/feetechlib/environment/path.dsv
[14.793s] -- Up-to-date symlink: /mnt/c/Users/User/Downloads/Candle_TheRobot-main/colcon_ws/install/feetechlib/share/feetechlib/local_setup.bash
[14.909s] -- Up-to-date symlink: /mnt/c/Users/User/Downloads/Candle_TheRobot-main/colcon_ws/install/feetechlib/share/feetechlib/local_setup.sh
[15.008s] -- Up-to-date symlink: /mnt/c/Users/User/Downloads/Candle_TheRobot-main/colcon_ws/install/feetechlib/share/feetechlib/local_setup.zsh
[15.115s] -- Up-to-date symlink: /mnt/c/Users/User/Downloads/Candle_TheRobot-main/colcon_ws/install/feetechlib/share/feetechlib/local_setup.dsv
[15.178s] -- Symlinking: /mnt/c/Users/User/Downloads/Candle_TheRobot-main/colcon_ws/install/feetechlib/share/feetechlib/package.dsv
[16.990s] -- Up-to-date symlink: /mnt/c/Users/User/Downloads/Candle_TheRobot-main/colcon_ws/install/feetechlib/share/ament_index/resource_index/packages/feetechlib
[17.173s] -- Up-to-date symlink: /mnt/c/Users/User/Downloads/Candle_TheRobot-main/colcon_ws/install/feetechlib/share/feetechlib/cmake/ament_cmake_export_targets-extras.cmake
[17.376s] -- Up-to-date symlink: /mnt/c/Users/User/Downloads/Candle_TheRobot-main/colcon_ws/install/feetechlib/share/feetechlib/cmake/ament_cmake_export_dependencies-extras.cmake
[17.576s] -- Up-to-date symlink: /mnt/c/Users/User/Downloads/Candle_TheRobot-main/colcon_ws/install/feetechlib/share/feetechlib/cmake/feetechlibConfig.cmake
[17.681s] -- Up-to-date symlink: /mnt/c/Users/User/Downloads/Candle_TheRobot-main/colcon_ws/install/feetechlib/share/feetechlib/cmake/feetechlibConfig-version.cmake
[17.847s] -- Up-to-date symlink: /mnt/c/Users/User/Downloads/Candle_TheRobot-main/colcon_ws/install/feetechlib/share/feetechlib/package.xml
[18.193s] -- Up-to-date: /mnt/c/Users/User/Downloads/Candle_TheRobot-main/colcon_ws/install/feetechlib/lib/libfeetechlib.so
[18.818s] -- Up-to-date: /mnt/c/Users/User/Downloads/Candle_TheRobot-main/colcon_ws/install/feetechlib/share/feetechlib/cmake/export_feetechlibExport.cmake
[19.015s] -- Up-to-date: /mnt/c/Users/User/Downloads/Candle_TheRobot-main/colcon_ws/install/feetechlib/share/feetechlib/cmake/export_feetechlibExport-noconfig.cmake
[20.522s] Invoked command in '/mnt/c/Users/User/Downloads/Candle_TheRobot-main/colcon_ws/build/feetechlib' returned '0': CMAKE_PREFIX_PATH=${CMAKE_PREFIX_PATH}:/opt/ros/humble /usr/bin/cmake --install /mnt/c/Users/User/Downloads/Candle_TheRobot-main/colcon_ws/build/feetechlib
