[0.353s] DEBUG:colcon:Command line arguments: ['/usr/bin/colcon', 'build', '--symlink-install', '--packages-select', 'main_run']
[0.353s] DEBUG:colcon:Parsed command line arguments: Namespace(log_base=None, log_level=None, verb_name='build', build_base='build', install_base='install', merge_install=False, symlink_install=True, test_result_base=None, continue_on_error=False, executor='parallel', parallel_workers=20, event_handlers=None, ignore_user_meta=False, metas=['./colcon.meta'], base_paths=['.'], packages_ignore=None, packages_ignore_regex=None, paths=None, packages_up_to=None, packages_up_to_regex=None, packages_above=None, packages_above_and_dependencies=None, packages_above_depth=None, packages_select_by_dep=None, packages_skip_by_dep=None, packages_skip_up_to=None, packages_select_build_failed=False, packages_skip_build_finished=False, packages_select_test_failures=False, packages_skip_test_passed=False, packages_select=['main_run'], packages_skip=None, packages_select_regex=None, packages_skip_regex=None, packages_start=None, packages_end=None, allow_overriding=[], cmake_args=None, cmake_target=None, cmake_target_skip_unavailable=False, cmake_clean_cache=False, cmake_clean_first=False, cmake_force_configure=False, ament_cmake_args=None, catkin_cmake_args=None, catkin_skip_building_tests=False, verb_parser=<colcon_defaults.argument_parser.defaults.DefaultArgumentsDecorator object at 0x7e173affa5f0>, verb_extension=<colcon_core.verb.build.BuildVerb object at 0x7e173affa230>, main=<bound method BuildVerb.main of <colcon_core.verb.build.BuildVerb object at 0x7e173affa230>>)
[0.467s] Level 1:colcon.colcon_core.package_discovery:discover_packages(colcon_meta) check parameters
[0.468s] Level 1:colcon.colcon_core.package_discovery:discover_packages(recursive) check parameters
[0.469s] Level 1:colcon.colcon_core.package_discovery:discover_packages(ignore) check parameters
[0.469s] Level 1:colcon.colcon_core.package_discovery:discover_packages(path) check parameters
[0.470s] Level 1:colcon.colcon_core.package_discovery:discover_packages(colcon_meta) discover
[0.470s] Level 1:colcon.colcon_core.package_discovery:discover_packages(recursive) discover
[0.471s] INFO:colcon.colcon_core.package_discovery:Crawling recursively for packages in '/mnt/c/Users/User/Downloads/Candle_TheRobot-main/colcon_ws'
[0.474s] Level 1:colcon.colcon_core.package_identification:_identify(.) by extensions ['ignore', 'ignore_ament_install']
[0.475s] Level 1:colcon.colcon_core.package_identification:_identify(.) by extension 'ignore'
[0.476s] Level 1:colcon.colcon_core.package_identification:_identify(.) by extension 'ignore_ament_install'
[0.477s] Level 1:colcon.colcon_core.package_identification:_identify(.) by extensions ['colcon_pkg']
[0.477s] Level 1:colcon.colcon_core.package_identification:_identify(.) by extension 'colcon_pkg'
[0.478s] Level 1:colcon.colcon_core.package_identification:_identify(.) by extensions ['colcon_meta']
[0.479s] Level 1:colcon.colcon_core.package_identification:_identify(.) by extension 'colcon_meta'
[0.479s] Level 1:colcon.colcon_core.package_identification:_identify(.) by extensions ['ros']
[0.479s] Level 1:colcon.colcon_core.package_identification:_identify(.) by extension 'ros'
[0.492s] Level 1:colcon.colcon_core.package_identification:_identify(.) by extensions ['cmake', 'python']
[0.493s] Level 1:colcon.colcon_core.package_identification:_identify(.) by extension 'cmake'
[0.494s] Level 1:colcon.colcon_core.package_identification:_identify(.) by extension 'python'
[0.494s] Level 1:colcon.colcon_core.package_identification:_identify(.) by extensions ['python_setup_py']
[0.495s] Level 1:colcon.colcon_core.package_identification:_identify(.) by extension 'python_setup_py'
[0.500s] Level 1:colcon.colcon_core.package_identification:_identify(build) by extensions ['ignore', 'ignore_ament_install']
[0.501s] Level 1:colcon.colcon_core.package_identification:_identify(build) by extension 'ignore'
[0.504s] Level 1:colcon.colcon_core.package_identification:_identify(build) ignored
[0.510s] Level 1:colcon.colcon_core.package_identification:_identify(install) by extensions ['ignore', 'ignore_ament_install']
[0.511s] Level 1:colcon.colcon_core.package_identification:_identify(install) by extension 'ignore'
[0.513s] Level 1:colcon.colcon_core.package_identification:_identify(install) ignored
[0.523s] Level 1:colcon.colcon_core.package_identification:_identify(log) by extensions ['ignore', 'ignore_ament_install']
[0.523s] Level 1:colcon.colcon_core.package_identification:_identify(log) by extension 'ignore'
[0.526s] Level 1:colcon.colcon_core.package_identification:_identify(log) ignored
[0.532s] Level 1:colcon.colcon_core.package_identification:_identify(src) by extensions ['ignore', 'ignore_ament_install']
[0.533s] Level 1:colcon.colcon_core.package_identification:_identify(src) by extension 'ignore'
[0.535s] Level 1:colcon.colcon_core.package_identification:_identify(src) by extension 'ignore_ament_install'
[0.539s] Level 1:colcon.colcon_core.package_identification:_identify(src) by extensions ['colcon_pkg']
[0.539s] Level 1:colcon.colcon_core.package_identification:_identify(src) by extension 'colcon_pkg'
[0.541s] Level 1:colcon.colcon_core.package_identification:_identify(src) by extensions ['colcon_meta']
[0.542s] Level 1:colcon.colcon_core.package_identification:_identify(src) by extension 'colcon_meta'
[0.544s] Level 1:colcon.colcon_core.package_identification:_identify(src) by extensions ['ros']
[0.544s] Level 1:colcon.colcon_core.package_identification:_identify(src) by extension 'ros'
[0.552s] Level 1:colcon.colcon_core.package_identification:_identify(src) by extensions ['cmake', 'python']
[0.553s] Level 1:colcon.colcon_core.package_identification:_identify(src) by extension 'cmake'
[0.555s] Level 1:colcon.colcon_core.package_identification:_identify(src) by extension 'python'
[0.557s] Level 1:colcon.colcon_core.package_identification:_identify(src) by extensions ['python_setup_py']
[0.557s] Level 1:colcon.colcon_core.package_identification:_identify(src) by extension 'python_setup_py'
[0.568s] Level 1:colcon.colcon_core.package_identification:_identify(src/DynamixelSDK) by extensions ['ignore', 'ignore_ament_install']
[0.568s] Level 1:colcon.colcon_core.package_identification:_identify(src/DynamixelSDK) by extension 'ignore'
[0.572s] Level 1:colcon.colcon_core.package_identification:_identify(src/DynamixelSDK) by extension 'ignore_ament_install'
[0.576s] Level 1:colcon.colcon_core.package_identification:_identify(src/DynamixelSDK) by extensions ['colcon_pkg']
[0.577s] Level 1:colcon.colcon_core.package_identification:_identify(src/DynamixelSDK) by extension 'colcon_pkg'
[0.579s] Level 1:colcon.colcon_core.package_identification:_identify(src/DynamixelSDK) by extensions ['colcon_meta']
[0.580s] Level 1:colcon.colcon_core.package_identification:_identify(src/DynamixelSDK) by extension 'colcon_meta'
[0.585s] Level 1:colcon.colcon_core.package_identification:_identify(src/DynamixelSDK) by extensions ['ros']
[0.585s] Level 1:colcon.colcon_core.package_identification:_identify(src/DynamixelSDK) by extension 'ros'
[0.597s] Level 1:colcon.colcon_core.package_identification:_identify(src/DynamixelSDK) by extensions ['cmake', 'python']
[0.597s] Level 1:colcon.colcon_core.package_identification:_identify(src/DynamixelSDK) by extension 'cmake'
[0.599s] Level 1:colcon.colcon_core.package_identification:_identify(src/DynamixelSDK) by extension 'python'
[0.602s] Level 1:colcon.colcon_core.package_identification:_identify(src/DynamixelSDK) by extensions ['python_setup_py']
[0.603s] Level 1:colcon.colcon_core.package_identification:_identify(src/DynamixelSDK) by extension 'python_setup_py'
[0.616s] Level 1:colcon.colcon_core.package_identification:_identify(src/DynamixelSDK/dynamixel_sdk) by extensions ['ignore', 'ignore_ament_install']
[0.617s] Level 1:colcon.colcon_core.package_identification:_identify(src/DynamixelSDK/dynamixel_sdk) by extension 'ignore'
[0.619s] Level 1:colcon.colcon_core.package_identification:_identify(src/DynamixelSDK/dynamixel_sdk) by extension 'ignore_ament_install'
[0.625s] Level 1:colcon.colcon_core.package_identification:_identify(src/DynamixelSDK/dynamixel_sdk) by extensions ['colcon_pkg']
[0.626s] Level 1:colcon.colcon_core.package_identification:_identify(src/DynamixelSDK/dynamixel_sdk) by extension 'colcon_pkg'
[0.629s] Level 1:colcon.colcon_core.package_identification:_identify(src/DynamixelSDK/dynamixel_sdk) by extensions ['colcon_meta']
[0.630s] Level 1:colcon.colcon_core.package_identification:_identify(src/DynamixelSDK/dynamixel_sdk) by extension 'colcon_meta'
[0.637s] Level 1:colcon.colcon_core.package_identification:_identify(src/DynamixelSDK/dynamixel_sdk) by extensions ['ros']
[0.637s] Level 1:colcon.colcon_core.package_identification:_identify(src/DynamixelSDK/dynamixel_sdk) by extension 'ros'
[0.670s] DEBUG:colcon.colcon_core.package_identification:Package 'src/DynamixelSDK/dynamixel_sdk' with type 'ros.ament_cmake' and name 'dynamixel_sdk'
[0.681s] Level 1:colcon.colcon_core.package_identification:_identify(src/DynamixelSDK/dynamixel_sdk_custom_interfaces) by extensions ['ignore', 'ignore_ament_install']
[0.682s] Level 1:colcon.colcon_core.package_identification:_identify(src/DynamixelSDK/dynamixel_sdk_custom_interfaces) by extension 'ignore'
[0.685s] Level 1:colcon.colcon_core.package_identification:_identify(src/DynamixelSDK/dynamixel_sdk_custom_interfaces) by extension 'ignore_ament_install'
[0.692s] Level 1:colcon.colcon_core.package_identification:_identify(src/DynamixelSDK/dynamixel_sdk_custom_interfaces) by extensions ['colcon_pkg']
[0.692s] Level 1:colcon.colcon_core.package_identification:_identify(src/DynamixelSDK/dynamixel_sdk_custom_interfaces) by extension 'colcon_pkg'
[0.695s] Level 1:colcon.colcon_core.package_identification:_identify(src/DynamixelSDK/dynamixel_sdk_custom_interfaces) by extensions ['colcon_meta']
[0.696s] Level 1:colcon.colcon_core.package_identification:_identify(src/DynamixelSDK/dynamixel_sdk_custom_interfaces) by extension 'colcon_meta'
[0.701s] Level 1:colcon.colcon_core.package_identification:_identify(src/DynamixelSDK/dynamixel_sdk_custom_interfaces) by extensions ['ros']
[0.702s] Level 1:colcon.colcon_core.package_identification:_identify(src/DynamixelSDK/dynamixel_sdk_custom_interfaces) by extension 'ros'
[0.734s] DEBUG:colcon.colcon_core.package_identification:Package 'src/DynamixelSDK/dynamixel_sdk_custom_interfaces' with type 'ros.ament_cmake' and name 'dynamixel_sdk_custom_interfaces'
[0.750s] Level 1:colcon.colcon_core.package_identification:_identify(src/DynamixelSDK/dynamixel_sdk_examples) by extensions ['ignore', 'ignore_ament_install']
[0.750s] Level 1:colcon.colcon_core.package_identification:_identify(src/DynamixelSDK/dynamixel_sdk_examples) by extension 'ignore'
[0.754s] Level 1:colcon.colcon_core.package_identification:_identify(src/DynamixelSDK/dynamixel_sdk_examples) by extension 'ignore_ament_install'
[0.762s] Level 1:colcon.colcon_core.package_identification:_identify(src/DynamixelSDK/dynamixel_sdk_examples) by extensions ['colcon_pkg']
[0.762s] Level 1:colcon.colcon_core.package_identification:_identify(src/DynamixelSDK/dynamixel_sdk_examples) by extension 'colcon_pkg'
[0.766s] Level 1:colcon.colcon_core.package_identification:_identify(src/DynamixelSDK/dynamixel_sdk_examples) by extensions ['colcon_meta']
[0.766s] Level 1:colcon.colcon_core.package_identification:_identify(src/DynamixelSDK/dynamixel_sdk_examples) by extension 'colcon_meta'
[0.773s] Level 1:colcon.colcon_core.package_identification:_identify(src/DynamixelSDK/dynamixel_sdk_examples) by extensions ['ros']
[0.774s] Level 1:colcon.colcon_core.package_identification:_identify(src/DynamixelSDK/dynamixel_sdk_examples) by extension 'ros'
[0.818s] DEBUG:colcon.colcon_core.package_identification:Package 'src/DynamixelSDK/dynamixel_sdk_examples' with type 'ros.ament_cmake' and name 'dynamixel_sdk_examples'
[0.827s] Level 1:colcon.colcon_core.package_identification:_identify(src/dynamixel-workbench) by extensions ['ignore', 'ignore_ament_install']
[0.828s] Level 1:colcon.colcon_core.package_identification:_identify(src/dynamixel-workbench) by extension 'ignore'
[0.830s] Level 1:colcon.colcon_core.package_identification:_identify(src/dynamixel-workbench) by extension 'ignore_ament_install'
[0.835s] Level 1:colcon.colcon_core.package_identification:_identify(src/dynamixel-workbench) by extensions ['colcon_pkg']
[0.836s] Level 1:colcon.colcon_core.package_identification:_identify(src/dynamixel-workbench) by extension 'colcon_pkg'
[0.838s] Level 1:colcon.colcon_core.package_identification:_identify(src/dynamixel-workbench) by extensions ['colcon_meta']
[0.839s] Level 1:colcon.colcon_core.package_identification:_identify(src/dynamixel-workbench) by extension 'colcon_meta'
[0.842s] Level 1:colcon.colcon_core.package_identification:_identify(src/dynamixel-workbench) by extensions ['ros']
[0.843s] Level 1:colcon.colcon_core.package_identification:_identify(src/dynamixel-workbench) by extension 'ros'
[0.854s] Level 1:colcon.colcon_core.package_identification:_identify(src/dynamixel-workbench) by extensions ['cmake', 'python']
[0.855s] Level 1:colcon.colcon_core.package_identification:_identify(src/dynamixel-workbench) by extension 'cmake'
[0.857s] Level 1:colcon.colcon_core.package_identification:_identify(src/dynamixel-workbench) by extension 'python'
[0.859s] Level 1:colcon.colcon_core.package_identification:_identify(src/dynamixel-workbench) by extensions ['python_setup_py']
[0.860s] Level 1:colcon.colcon_core.package_identification:_identify(src/dynamixel-workbench) by extension 'python_setup_py'
[0.873s] Level 1:colcon.colcon_core.package_identification:_identify(src/dynamixel-workbench/dynamixel_workbench) by extensions ['ignore', 'ignore_ament_install']
[0.873s] Level 1:colcon.colcon_core.package_identification:_identify(src/dynamixel-workbench/dynamixel_workbench) by extension 'ignore'
[0.876s] Level 1:colcon.colcon_core.package_identification:_identify(src/dynamixel-workbench/dynamixel_workbench) by extension 'ignore_ament_install'
[0.882s] Level 1:colcon.colcon_core.package_identification:_identify(src/dynamixel-workbench/dynamixel_workbench) by extensions ['colcon_pkg']
[0.883s] Level 1:colcon.colcon_core.package_identification:_identify(src/dynamixel-workbench/dynamixel_workbench) by extension 'colcon_pkg'
[0.887s] Level 1:colcon.colcon_core.package_identification:_identify(src/dynamixel-workbench/dynamixel_workbench) by extensions ['colcon_meta']
[0.887s] Level 1:colcon.colcon_core.package_identification:_identify(src/dynamixel-workbench/dynamixel_workbench) by extension 'colcon_meta'
[0.894s] Level 1:colcon.colcon_core.package_identification:_identify(src/dynamixel-workbench/dynamixel_workbench) by extensions ['ros']
[0.894s] Level 1:colcon.colcon_core.package_identification:_identify(src/dynamixel-workbench/dynamixel_workbench) by extension 'ros'
[0.927s] DEBUG:colcon.colcon_core.package_identification:Package 'src/dynamixel-workbench/dynamixel_workbench' with type 'ros.ament_cmake' and name 'dynamixel_workbench'
[0.939s] Level 1:colcon.colcon_core.package_identification:_identify(src/dynamixel-workbench/dynamixel_workbench_toolbox) by extensions ['ignore', 'ignore_ament_install']
[0.939s] Level 1:colcon.colcon_core.package_identification:_identify(src/dynamixel-workbench/dynamixel_workbench_toolbox) by extension 'ignore'
[0.943s] Level 1:colcon.colcon_core.package_identification:_identify(src/dynamixel-workbench/dynamixel_workbench_toolbox) by extension 'ignore_ament_install'
[0.949s] Level 1:colcon.colcon_core.package_identification:_identify(src/dynamixel-workbench/dynamixel_workbench_toolbox) by extensions ['colcon_pkg']
[0.950s] Level 1:colcon.colcon_core.package_identification:_identify(src/dynamixel-workbench/dynamixel_workbench_toolbox) by extension 'colcon_pkg'
[0.953s] Level 1:colcon.colcon_core.package_identification:_identify(src/dynamixel-workbench/dynamixel_workbench_toolbox) by extensions ['colcon_meta']
[0.953s] Level 1:colcon.colcon_core.package_identification:_identify(src/dynamixel-workbench/dynamixel_workbench_toolbox) by extension 'colcon_meta'
[0.961s] Level 1:colcon.colcon_core.package_identification:_identify(src/dynamixel-workbench/dynamixel_workbench_toolbox) by extensions ['ros']
[0.961s] Level 1:colcon.colcon_core.package_identification:_identify(src/dynamixel-workbench/dynamixel_workbench_toolbox) by extension 'ros'
[0.998s] DEBUG:colcon.colcon_core.package_identification:Package 'src/dynamixel-workbench/dynamixel_workbench_toolbox' with type 'ros.ament_cmake' and name 'dynamixel_workbench_toolbox'
[1.005s] Level 1:colcon.colcon_core.package_identification:_identify(src/dynamixel-workbench-msgs) by extensions ['ignore', 'ignore_ament_install']
[1.006s] Level 1:colcon.colcon_core.package_identification:_identify(src/dynamixel-workbench-msgs) by extension 'ignore'
[1.008s] Level 1:colcon.colcon_core.package_identification:_identify(src/dynamixel-workbench-msgs) by extension 'ignore_ament_install'
[1.012s] Level 1:colcon.colcon_core.package_identification:_identify(src/dynamixel-workbench-msgs) by extensions ['colcon_pkg']
[1.012s] Level 1:colcon.colcon_core.package_identification:_identify(src/dynamixel-workbench-msgs) by extension 'colcon_pkg'
[1.015s] Level 1:colcon.colcon_core.package_identification:_identify(src/dynamixel-workbench-msgs) by extensions ['colcon_meta']
[1.015s] Level 1:colcon.colcon_core.package_identification:_identify(src/dynamixel-workbench-msgs) by extension 'colcon_meta'
[1.018s] Level 1:colcon.colcon_core.package_identification:_identify(src/dynamixel-workbench-msgs) by extensions ['ros']
[1.019s] Level 1:colcon.colcon_core.package_identification:_identify(src/dynamixel-workbench-msgs) by extension 'ros'
[1.029s] Level 1:colcon.colcon_core.package_identification:_identify(src/dynamixel-workbench-msgs) by extensions ['cmake', 'python']
[1.030s] Level 1:colcon.colcon_core.package_identification:_identify(src/dynamixel-workbench-msgs) by extension 'cmake'
[1.032s] Level 1:colcon.colcon_core.package_identification:_identify(src/dynamixel-workbench-msgs) by extension 'python'
[1.035s] Level 1:colcon.colcon_core.package_identification:_identify(src/dynamixel-workbench-msgs) by extensions ['python_setup_py']
[1.035s] Level 1:colcon.colcon_core.package_identification:_identify(src/dynamixel-workbench-msgs) by extension 'python_setup_py'
[1.049s] Level 1:colcon.colcon_core.package_identification:_identify(src/dynamixel-workbench-msgs/dynamixel_workbench_msgs) by extensions ['ignore', 'ignore_ament_install']
[1.050s] Level 1:colcon.colcon_core.package_identification:_identify(src/dynamixel-workbench-msgs/dynamixel_workbench_msgs) by extension 'ignore'
[1.053s] Level 1:colcon.colcon_core.package_identification:_identify(src/dynamixel-workbench-msgs/dynamixel_workbench_msgs) by extension 'ignore_ament_install'
[1.059s] Level 1:colcon.colcon_core.package_identification:_identify(src/dynamixel-workbench-msgs/dynamixel_workbench_msgs) by extensions ['colcon_pkg']
[1.059s] Level 1:colcon.colcon_core.package_identification:_identify(src/dynamixel-workbench-msgs/dynamixel_workbench_msgs) by extension 'colcon_pkg'
[1.062s] Level 1:colcon.colcon_core.package_identification:_identify(src/dynamixel-workbench-msgs/dynamixel_workbench_msgs) by extensions ['colcon_meta']
[1.062s] Level 1:colcon.colcon_core.package_identification:_identify(src/dynamixel-workbench-msgs/dynamixel_workbench_msgs) by extension 'colcon_meta'
[1.068s] Level 1:colcon.colcon_core.package_identification:_identify(src/dynamixel-workbench-msgs/dynamixel_workbench_msgs) by extensions ['ros']
[1.068s] Level 1:colcon.colcon_core.package_identification:_identify(src/dynamixel-workbench-msgs/dynamixel_workbench_msgs) by extension 'ros'
[1.100s] DEBUG:colcon.colcon_core.package_identification:Package 'src/dynamixel-workbench-msgs/dynamixel_workbench_msgs' with type 'ros.ament_cmake' and name 'dynamixel_workbench_msgs'
[1.109s] Level 1:colcon.colcon_core.package_identification:_identify(src/feetech) by extensions ['ignore', 'ignore_ament_install']
[1.110s] Level 1:colcon.colcon_core.package_identification:_identify(src/feetech) by extension 'ignore'
[1.114s] Level 1:colcon.colcon_core.package_identification:_identify(src/feetech) by extension 'ignore_ament_install'
[1.118s] Level 1:colcon.colcon_core.package_identification:_identify(src/feetech) by extensions ['colcon_pkg']
[1.118s] Level 1:colcon.colcon_core.package_identification:_identify(src/feetech) by extension 'colcon_pkg'
[1.120s] Level 1:colcon.colcon_core.package_identification:_identify(src/feetech) by extensions ['colcon_meta']
[1.121s] Level 1:colcon.colcon_core.package_identification:_identify(src/feetech) by extension 'colcon_meta'
[1.124s] Level 1:colcon.colcon_core.package_identification:_identify(src/feetech) by extensions ['ros']
[1.124s] Level 1:colcon.colcon_core.package_identification:_identify(src/feetech) by extension 'ros'
[1.134s] Level 1:colcon.colcon_core.package_identification:_identify(src/feetech) by extensions ['cmake', 'python']
[1.134s] Level 1:colcon.colcon_core.package_identification:_identify(src/feetech) by extension 'cmake'
[1.136s] Level 1:colcon.colcon_core.package_identification:_identify(src/feetech) by extension 'python'
[1.139s] Level 1:colcon.colcon_core.package_identification:_identify(src/feetech) by extensions ['python_setup_py']
[1.139s] Level 1:colcon.colcon_core.package_identification:_identify(src/feetech) by extension 'python_setup_py'
[1.150s] Level 1:colcon.colcon_core.package_identification:_identify(src/feetech/feetechlib) by extensions ['ignore', 'ignore_ament_install']
[1.150s] Level 1:colcon.colcon_core.package_identification:_identify(src/feetech/feetechlib) by extension 'ignore'
[1.153s] Level 1:colcon.colcon_core.package_identification:_identify(src/feetech/feetechlib) by extension 'ignore_ament_install'
[1.159s] Level 1:colcon.colcon_core.package_identification:_identify(src/feetech/feetechlib) by extensions ['colcon_pkg']
[1.160s] Level 1:colcon.colcon_core.package_identification:_identify(src/feetech/feetechlib) by extension 'colcon_pkg'
[1.163s] Level 1:colcon.colcon_core.package_identification:_identify(src/feetech/feetechlib) by extensions ['colcon_meta']
[1.163s] Level 1:colcon.colcon_core.package_identification:_identify(src/feetech/feetechlib) by extension 'colcon_meta'
[1.169s] Level 1:colcon.colcon_core.package_identification:_identify(src/feetech/feetechlib) by extensions ['ros']
[1.169s] Level 1:colcon.colcon_core.package_identification:_identify(src/feetech/feetechlib) by extension 'ros'
[1.203s] DEBUG:colcon.colcon_core.package_identification:Package 'src/feetech/feetechlib' with type 'ros.ament_cmake' and name 'feetechlib'
[1.211s] Level 1:colcon.colcon_core.package_identification:_identify(src/main_run) by extensions ['ignore', 'ignore_ament_install']
[1.211s] Level 1:colcon.colcon_core.package_identification:_identify(src/main_run) by extension 'ignore'
[1.214s] Level 1:colcon.colcon_core.package_identification:_identify(src/main_run) by extension 'ignore_ament_install'
[1.218s] Level 1:colcon.colcon_core.package_identification:_identify(src/main_run) by extensions ['colcon_pkg']
[1.218s] Level 1:colcon.colcon_core.package_identification:_identify(src/main_run) by extension 'colcon_pkg'
[1.220s] Level 1:colcon.colcon_core.package_identification:_identify(src/main_run) by extensions ['colcon_meta']
[1.221s] Level 1:colcon.colcon_core.package_identification:_identify(src/main_run) by extension 'colcon_meta'
[1.224s] Level 1:colcon.colcon_core.package_identification:_identify(src/main_run) by extensions ['ros']
[1.224s] Level 1:colcon.colcon_core.package_identification:_identify(src/main_run) by extension 'ros'
[1.247s] DEBUG:colcon.colcon_core.package_identification:Package 'src/main_run' with type 'ros.ament_cmake' and name 'main_run'
[1.254s] Level 1:colcon.colcon_core.package_identification:_identify(src/odom) by extensions ['ignore', 'ignore_ament_install']
[1.254s] Level 1:colcon.colcon_core.package_identification:_identify(src/odom) by extension 'ignore'
[1.256s] Level 1:colcon.colcon_core.package_identification:_identify(src/odom) by extension 'ignore_ament_install'
[1.260s] Level 1:colcon.colcon_core.package_identification:_identify(src/odom) by extensions ['colcon_pkg']
[1.260s] Level 1:colcon.colcon_core.package_identification:_identify(src/odom) by extension 'colcon_pkg'
[1.262s] Level 1:colcon.colcon_core.package_identification:_identify(src/odom) by extensions ['colcon_meta']
[1.263s] Level 1:colcon.colcon_core.package_identification:_identify(src/odom) by extension 'colcon_meta'
[1.267s] Level 1:colcon.colcon_core.package_identification:_identify(src/odom) by extensions ['ros']
[1.268s] Level 1:colcon.colcon_core.package_identification:_identify(src/odom) by extension 'ros'
[1.299s] DEBUG:colcon.colcon_core.package_identification:Package 'src/odom' with type 'ros.ament_cmake' and name 'odom'
[1.308s] Level 1:colcon.colcon_core.package_identification:_identify(src/urdf_tutorial) by extensions ['ignore', 'ignore_ament_install']
[1.308s] Level 1:colcon.colcon_core.package_identification:_identify(src/urdf_tutorial) by extension 'ignore'
[1.313s] Level 1:colcon.colcon_core.package_identification:_identify(src/urdf_tutorial) by extension 'ignore_ament_install'
[1.317s] Level 1:colcon.colcon_core.package_identification:_identify(src/urdf_tutorial) by extensions ['colcon_pkg']
[1.318s] Level 1:colcon.colcon_core.package_identification:_identify(src/urdf_tutorial) by extension 'colcon_pkg'
[1.320s] Level 1:colcon.colcon_core.package_identification:_identify(src/urdf_tutorial) by extensions ['colcon_meta']
[1.321s] Level 1:colcon.colcon_core.package_identification:_identify(src/urdf_tutorial) by extension 'colcon_meta'
[1.325s] Level 1:colcon.colcon_core.package_identification:_identify(src/urdf_tutorial) by extensions ['ros']
[1.325s] Level 1:colcon.colcon_core.package_identification:_identify(src/urdf_tutorial) by extension 'ros'
[1.351s] DEBUG:colcon.colcon_core.package_identification:Package 'src/urdf_tutorial' with type 'ros.ament_cmake' and name 'urdf_tutorial'
[1.351s] Level 1:colcon.colcon_core.package_discovery:discover_packages(recursive) using defaults
[1.352s] Level 1:colcon.colcon_core.package_discovery:discover_packages(ignore) discover
[1.352s] Level 1:colcon.colcon_core.package_discovery:discover_packages(ignore) using defaults
[1.352s] Level 1:colcon.colcon_core.package_discovery:discover_packages(path) discover
[1.353s] Level 1:colcon.colcon_core.package_discovery:discover_packages(path) using defaults
[1.456s] INFO:colcon.colcon_core.package_selection:Skipping not selected package 'dynamixel_sdk' in 'src/DynamixelSDK/dynamixel_sdk'
[1.456s] INFO:colcon.colcon_core.package_selection:Skipping not selected package 'dynamixel_sdk_custom_interfaces' in 'src/DynamixelSDK/dynamixel_sdk_custom_interfaces'
[1.456s] INFO:colcon.colcon_core.package_selection:Skipping not selected package 'dynamixel_workbench_msgs' in 'src/dynamixel-workbench-msgs/dynamixel_workbench_msgs'
[1.457s] INFO:colcon.colcon_core.package_selection:Skipping not selected package 'feetechlib' in 'src/feetech/feetechlib'
[1.457s] INFO:colcon.colcon_core.package_selection:Skipping not selected package 'urdf_tutorial' in 'src/urdf_tutorial'
[1.458s] INFO:colcon.colcon_core.package_selection:Skipping not selected package 'dynamixel_sdk_examples' in 'src/DynamixelSDK/dynamixel_sdk_examples'
[1.458s] INFO:colcon.colcon_core.package_selection:Skipping not selected package 'dynamixel_workbench_toolbox' in 'src/dynamixel-workbench/dynamixel_workbench_toolbox'
[1.458s] INFO:colcon.colcon_core.package_selection:Skipping not selected package 'odom' in 'src/odom'
[1.459s] INFO:colcon.colcon_core.package_selection:Skipping not selected package 'dynamixel_workbench' in 'src/dynamixel-workbench/dynamixel_workbench'
[1.459s] Level 1:colcon.colcon_core.package_discovery:discover_packages(prefix_path) check parameters
[1.460s] Level 1:colcon.colcon_core.package_discovery:discover_packages(prefix_path) discover
[1.461s] Level 1:colcon.colcon_core.package_discovery:discover_packages(prefix_path) using defaults
[1.462s] Level 5:colcon.colcon_core.verb:set package 'main_run' build argument 'cmake_args' from command line to 'None'
[1.463s] Level 5:colcon.colcon_core.verb:set package 'main_run' build argument 'cmake_target' from command line to 'None'
[1.464s] Level 5:colcon.colcon_core.verb:set package 'main_run' build argument 'cmake_target_skip_unavailable' from command line to 'False'
[1.464s] Level 5:colcon.colcon_core.verb:set package 'main_run' build argument 'cmake_clean_cache' from command line to 'False'
[1.465s] Level 5:colcon.colcon_core.verb:set package 'main_run' build argument 'cmake_clean_first' from command line to 'False'
[1.465s] Level 5:colcon.colcon_core.verb:set package 'main_run' build argument 'cmake_force_configure' from command line to 'False'
[1.466s] Level 5:colcon.colcon_core.verb:set package 'main_run' build argument 'ament_cmake_args' from command line to 'None'
[1.466s] Level 5:colcon.colcon_core.verb:set package 'main_run' build argument 'catkin_cmake_args' from command line to 'None'
[1.467s] Level 5:colcon.colcon_core.verb:set package 'main_run' build argument 'catkin_skip_building_tests' from command line to 'False'
[1.467s] DEBUG:colcon.colcon_core.verb:Building package 'main_run' with the following arguments: {'ament_cmake_args': None, 'build_base': '/mnt/c/Users/User/Downloads/Candle_TheRobot-main/colcon_ws/build/main_run', 'catkin_cmake_args': None, 'catkin_skip_building_tests': False, 'cmake_args': None, 'cmake_clean_cache': False, 'cmake_clean_first': False, 'cmake_force_configure': False, 'cmake_target': None, 'cmake_target_skip_unavailable': False, 'install_base': '/mnt/c/Users/User/Downloads/Candle_TheRobot-main/colcon_ws/install/main_run', 'merge_install': False, 'path': '/mnt/c/Users/User/Downloads/Candle_TheRobot-main/colcon_ws/src/main_run', 'symlink_install': True, 'test_result_base': None}
[1.468s] INFO:colcon.colcon_core.executor:Executing jobs using 'parallel' executor
[1.470s] DEBUG:colcon.colcon_parallel_executor.executor.parallel:run_until_complete
[1.471s] INFO:colcon.colcon_ros.task.ament_cmake.build:Building ROS package in '/mnt/c/Users/User/Downloads/Candle_TheRobot-main/colcon_ws/src/main_run' with build type 'ament_cmake'
[1.471s] INFO:colcon.colcon_cmake.task.cmake.build:Building CMake package in '/mnt/c/Users/User/Downloads/Candle_TheRobot-main/colcon_ws/src/main_run'
[1.479s] INFO:colcon.colcon_core.plugin_system:Skipping extension 'colcon_core.shell.bat': Not used on non-Windows systems
[1.480s] INFO:colcon.colcon_core.shell:Skip shell extension 'powershell' for command environment: Not usable outside of PowerShell
[1.481s] DEBUG:colcon.colcon_core.shell:Skip shell extension 'dsv' for command environment
[1.581s] DEBUG:colcon.colcon_core.event_handler.log_command:Invoking command in '/mnt/c/Users/User/Downloads/Candle_TheRobot-main/colcon_ws/build/main_run': /usr/bin/cmake --build /mnt/c/Users/User/Downloads/Candle_TheRobot-main/colcon_ws/build/main_run -- -j20 -l20
[2.304s] DEBUG:colcon.colcon_core.event_handler.log_command:Invoked command in '/mnt/c/Users/User/Downloads/Candle_TheRobot-main/colcon_ws/build/main_run' returned '0': /usr/bin/cmake --build /mnt/c/Users/User/Downloads/Candle_TheRobot-main/colcon_ws/build/main_run -- -j20 -l20
[2.361s] DEBUG:colcon.colcon_core.event_handler.log_command:Invoking command in '/mnt/c/Users/User/Downloads/Candle_TheRobot-main/colcon_ws/build/main_run': /usr/bin/cmake --install /mnt/c/Users/User/Downloads/Candle_TheRobot-main/colcon_ws/build/main_run
[6.612s] Level 1:colcon.colcon_core.environment:create_environment_scripts_only(main_run)
[6.616s] DEBUG:colcon.colcon_core.event_handler.log_command:Invoked command in '/mnt/c/Users/User/Downloads/Candle_TheRobot-main/colcon_ws/build/main_run' returned '0': /usr/bin/cmake --install /mnt/c/Users/User/Downloads/Candle_TheRobot-main/colcon_ws/build/main_run
[6.624s] Level 1:colcon.colcon_core.environment:checking '/mnt/c/Users/User/Downloads/Candle_TheRobot-main/colcon_ws/install/main_run' for CMake module files
[6.996s] Level 1:colcon.colcon_core.environment:checking '/mnt/c/Users/User/Downloads/Candle_TheRobot-main/colcon_ws/install/main_run' for CMake config files
[7.255s] Level 1:colcon.colcon_core.shell:create_environment_hook('main_run', 'cmake_prefix_path')
[7.256s] INFO:colcon.colcon_core.shell:Creating environment hook '/mnt/c/Users/User/Downloads/Candle_TheRobot-main/colcon_ws/install/main_run/share/main_run/hook/cmake_prefix_path.ps1'
[7.287s] INFO:colcon.colcon_core.shell:Creating environment descriptor '/mnt/c/Users/User/Downloads/Candle_TheRobot-main/colcon_ws/install/main_run/share/main_run/hook/cmake_prefix_path.dsv'
[7.315s] INFO:colcon.colcon_core.shell:Creating environment hook '/mnt/c/Users/User/Downloads/Candle_TheRobot-main/colcon_ws/install/main_run/share/main_run/hook/cmake_prefix_path.sh'
[7.349s] Level 1:colcon.colcon_core.environment:checking '/mnt/c/Users/User/Downloads/Candle_TheRobot-main/colcon_ws/install/main_run/lib'
[7.356s] Level 1:colcon.colcon_core.environment:checking '/mnt/c/Users/User/Downloads/Candle_TheRobot-main/colcon_ws/install/main_run/bin'
[7.359s] Level 1:colcon.colcon_core.environment:checking '/mnt/c/Users/User/Downloads/Candle_TheRobot-main/colcon_ws/install/main_run/lib/pkgconfig/main_run.pc'
[7.364s] Level 1:colcon.colcon_core.environment:checking '/mnt/c/Users/User/Downloads/Candle_TheRobot-main/colcon_ws/install/main_run/lib/python3.10/site-packages'
[7.369s] Level 1:colcon.colcon_core.environment:checking '/mnt/c/Users/User/Downloads/Candle_TheRobot-main/colcon_ws/install/main_run/bin'
[7.371s] INFO:colcon.colcon_core.shell:Creating package script '/mnt/c/Users/User/Downloads/Candle_TheRobot-main/colcon_ws/install/main_run/share/main_run/package.ps1'
[7.396s] INFO:colcon.colcon_core.shell:Creating package descriptor '/mnt/c/Users/User/Downloads/Candle_TheRobot-main/colcon_ws/install/main_run/share/main_run/package.dsv'
[7.423s] INFO:colcon.colcon_core.shell:Creating package script '/mnt/c/Users/User/Downloads/Candle_TheRobot-main/colcon_ws/install/main_run/share/main_run/package.sh'
[7.457s] INFO:colcon.colcon_core.shell:Creating package script '/mnt/c/Users/User/Downloads/Candle_TheRobot-main/colcon_ws/install/main_run/share/main_run/package.bash'
[7.499s] INFO:colcon.colcon_core.shell:Creating package script '/mnt/c/Users/User/Downloads/Candle_TheRobot-main/colcon_ws/install/main_run/share/main_run/package.zsh'
[7.527s] Level 1:colcon.colcon_core.environment:create_file_with_runtime_dependencies(/mnt/c/Users/User/Downloads/Candle_TheRobot-main/colcon_ws/install/main_run/share/colcon-core/packages/main_run)
[7.585s] Level 1:colcon.colcon_core.environment:create_environment_scripts_only(main_run)
[7.585s] Level 1:colcon.colcon_core.environment:checking '/mnt/c/Users/User/Downloads/Candle_TheRobot-main/colcon_ws/install/main_run' for CMake module files
[7.962s] Level 1:colcon.colcon_core.environment:checking '/mnt/c/Users/User/Downloads/Candle_TheRobot-main/colcon_ws/install/main_run' for CMake config files
[8.272s] Level 1:colcon.colcon_core.shell:create_environment_hook('main_run', 'cmake_prefix_path')
[8.273s] INFO:colcon.colcon_core.shell:Creating environment hook '/mnt/c/Users/User/Downloads/Candle_TheRobot-main/colcon_ws/install/main_run/share/main_run/hook/cmake_prefix_path.ps1'
[8.308s] INFO:colcon.colcon_core.shell:Creating environment descriptor '/mnt/c/Users/User/Downloads/Candle_TheRobot-main/colcon_ws/install/main_run/share/main_run/hook/cmake_prefix_path.dsv'
[8.343s] INFO:colcon.colcon_core.shell:Creating environment hook '/mnt/c/Users/User/Downloads/Candle_TheRobot-main/colcon_ws/install/main_run/share/main_run/hook/cmake_prefix_path.sh'
[8.391s] Level 1:colcon.colcon_core.environment:checking '/mnt/c/Users/User/Downloads/Candle_TheRobot-main/colcon_ws/install/main_run/lib'
[8.402s] Level 1:colcon.colcon_core.environment:checking '/mnt/c/Users/User/Downloads/Candle_TheRobot-main/colcon_ws/install/main_run/bin'
[8.406s] Level 1:colcon.colcon_core.environment:checking '/mnt/c/Users/User/Downloads/Candle_TheRobot-main/colcon_ws/install/main_run/lib/pkgconfig/main_run.pc'
[8.411s] Level 1:colcon.colcon_core.environment:checking '/mnt/c/Users/User/Downloads/Candle_TheRobot-main/colcon_ws/install/main_run/lib/python3.10/site-packages'
[8.416s] Level 1:colcon.colcon_core.environment:checking '/mnt/c/Users/User/Downloads/Candle_TheRobot-main/colcon_ws/install/main_run/bin'
[8.420s] INFO:colcon.colcon_core.shell:Creating package script '/mnt/c/Users/User/Downloads/Candle_TheRobot-main/colcon_ws/install/main_run/share/main_run/package.ps1'
[8.452s] INFO:colcon.colcon_core.shell:Creating package descriptor '/mnt/c/Users/User/Downloads/Candle_TheRobot-main/colcon_ws/install/main_run/share/main_run/package.dsv'
[8.486s] INFO:colcon.colcon_core.shell:Creating package script '/mnt/c/Users/User/Downloads/Candle_TheRobot-main/colcon_ws/install/main_run/share/main_run/package.sh'
[8.517s] INFO:colcon.colcon_core.shell:Creating package script '/mnt/c/Users/User/Downloads/Candle_TheRobot-main/colcon_ws/install/main_run/share/main_run/package.bash'
[8.549s] INFO:colcon.colcon_core.shell:Creating package script '/mnt/c/Users/User/Downloads/Candle_TheRobot-main/colcon_ws/install/main_run/share/main_run/package.zsh'
[8.575s] Level 1:colcon.colcon_core.environment:create_file_with_runtime_dependencies(/mnt/c/Users/User/Downloads/Candle_TheRobot-main/colcon_ws/install/main_run/share/colcon-core/packages/main_run)
[8.595s] DEBUG:colcon.colcon_parallel_executor.executor.parallel:closing loop
[8.595s] DEBUG:colcon.colcon_parallel_executor.executor.parallel:loop closed
[8.596s] DEBUG:colcon.colcon_parallel_executor.executor.parallel:run_until_complete finished with '0'
[8.597s] DEBUG:colcon.colcon_core.event_reactor:joining thread
[8.751s] INFO:colcon.colcon_core.plugin_system:Skipping extension 'colcon_notification.desktop_notification.notify_send': Could not find 'notify-send'
[8.751s] INFO:colcon.colcon_core.plugin_system:Skipping extension 'colcon_notification.desktop_notification.terminal_notifier': Not used on non-Darwin systems
[8.752s] INFO:colcon.colcon_core.plugin_system:Skipping extension 'colcon_notification.desktop_notification.win32': Not used on non-Windows systems
[8.753s] INFO:colcon.colcon_notification.desktop_notification:Sending desktop notification using 'notify2'
[8.753s] DEBUG:colcon.colcon_notification.desktop_notification.notify2:Failed to initialize notify2: org.freedesktop.DBus.Error.FileNotFound: Failed to connect to socket /run/user/1000/bus: No such file or directory
[8.754s] DEBUG:colcon.colcon_core.event_reactor:joined thread
[8.755s] INFO:colcon.colcon_core.shell:Creating prefix script '/mnt/c/Users/User/Downloads/Candle_TheRobot-main/colcon_ws/install/local_setup.ps1'
[8.773s] INFO:colcon.colcon_core.shell:Creating prefix util module '/mnt/c/Users/User/Downloads/Candle_TheRobot-main/colcon_ws/install/_local_setup_util_ps1.py'
[8.787s] INFO:colcon.colcon_core.shell:Creating prefix chain script '/mnt/c/Users/User/Downloads/Candle_TheRobot-main/colcon_ws/install/setup.ps1'
[8.807s] INFO:colcon.colcon_core.shell:Creating prefix script '/mnt/c/Users/User/Downloads/Candle_TheRobot-main/colcon_ws/install/local_setup.sh'
[8.820s] INFO:colcon.colcon_core.shell:Creating prefix util module '/mnt/c/Users/User/Downloads/Candle_TheRobot-main/colcon_ws/install/_local_setup_util_sh.py'
[8.832s] INFO:colcon.colcon_core.shell:Creating prefix chain script '/mnt/c/Users/User/Downloads/Candle_TheRobot-main/colcon_ws/install/setup.sh'
[8.845s] INFO:colcon.colcon_core.shell:Creating prefix script '/mnt/c/Users/User/Downloads/Candle_TheRobot-main/colcon_ws/install/local_setup.bash'
[8.860s] INFO:colcon.colcon_core.shell:Creating prefix chain script '/mnt/c/Users/User/Downloads/Candle_TheRobot-main/colcon_ws/install/setup.bash'
[8.873s] INFO:colcon.colcon_core.shell:Creating prefix script '/mnt/c/Users/User/Downloads/Candle_TheRobot-main/colcon_ws/install/local_setup.zsh'
[8.888s] INFO:colcon.colcon_core.shell:Creating prefix chain script '/mnt/c/Users/User/Downloads/Candle_TheRobot-main/colcon_ws/install/setup.zsh'
