[2.661s] Invoking command in '/mnt/c/Users/User/Downloads/Candle_TheRobot-main/colcon_ws/build/main_run': CMAKE_PREFIX_PATH=${CMAKE_PREFIX_PATH}:/opt/ros/humble /usr/bin/cmake --build /mnt/c/Users/User/Downloads/Candle_TheRobot-main/colcon_ws/build/main_run -- -j20 -l20
[13.340s] [ 30%] Built target get_initialpose
[13.390s] [ 40%] Built target nodeshutdown
[13.834s] [ 60%] Built target navicontroltopic
[13.962s] [ 80%] Built target nodelaunch
[14.329s] [100%] Built target nodecontrols
[16.165s] Invoked command in '/mnt/c/Users/User/Downloads/Candle_TheRobot-main/colcon_ws/build/main_run' returned '0': CMAKE_PREFIX_PATH=${CMAKE_PREFIX_PATH}:/opt/ros/humble /usr/bin/cmake --build /mnt/c/Users/User/Downloads/Candle_TheRobot-main/colcon_ws/build/main_run -- -j20 -l20
[16.344s] Invoking command in '/mnt/c/Users/User/Downloads/Candle_TheRobot-main/colcon_ws/build/main_run': CMAKE_PREFIX_PATH=${CMAKE_PREFIX_PATH}:/opt/ros/humble /usr/bin/cmake --install /mnt/c/Users/User/Downloads/Candle_TheRobot-main/colcon_ws/build/main_run
[17.547s] -- Install configuration: ""
[17.646s] -- Execute custom install script
[17.836s] -- Up-to-date symlink: /mnt/c/Users/User/Downloads/Candle_TheRobot-main/colcon_ws/install/main_run/lib/main_run/navicontroltopic
[18.005s] -- Up-to-date symlink: /mnt/c/Users/User/Downloads/Candle_TheRobot-main/colcon_ws/install/main_run/lib/main_run/nodelaunch
[18.185s] -- Up-to-date symlink: /mnt/c/Users/User/Downloads/Candle_TheRobot-main/colcon_ws/install/main_run/lib/main_run/nodeshutdown
[18.306s] -- Up-to-date symlink: /mnt/c/Users/User/Downloads/Candle_TheRobot-main/colcon_ws/install/main_run/lib/main_run/nodecontrols
[18.386s] -- Up-to-date symlink: /mnt/c/Users/User/Downloads/Candle_TheRobot-main/colcon_ws/install/main_run/lib/main_run/get_initialpose
[18.470s] -- Up-to-date symlink: /mnt/c/Users/User/Downloads/Candle_TheRobot-main/colcon_ws/install/main_run/lib/main_run/obstacle_avoidance.py
[18.673s] -- Up-to-date symlink: /mnt/c/Users/User/Downloads/Candle_TheRobot-main/colcon_ws/install/main_run/lib/main_run/sphere_wanderer.py
[18.908s] -- Up-to-date symlink: /mnt/c/Users/User/Downloads/Candle_TheRobot-main/colcon_ws/install/main_run/lib/main_run/mobile_goal_tracker.py
[19.819s] -- Up-to-date symlink: /mnt/c/Users/User/Downloads/Candle_TheRobot-main/colcon_ws/install/main_run/share/main_run/launch/arm.launch
[20.077s] -- Up-to-date symlink: /mnt/c/Users/User/Downloads/Candle_TheRobot-main/colcon_ws/install/main_run/share/main_run/launch/bringup_all.launch.py
[20.282s] -- Up-to-date symlink: /mnt/c/Users/User/Downloads/Candle_TheRobot-main/colcon_ws/install/main_run/share/main_run/launch/full.launch
[20.482s] -- Up-to-date symlink: /mnt/c/Users/User/Downloads/Candle_TheRobot-main/colcon_ws/install/main_run/share/main_run/launch/main_run.launch
[20.697s] -- Up-to-date symlink: /mnt/c/Users/User/Downloads/Candle_TheRobot-main/colcon_ws/install/main_run/share/main_run/launch/main_run.launch.py
[20.866s] -- Up-to-date symlink: /mnt/c/Users/User/Downloads/Candle_TheRobot-main/colcon_ws/install/main_run/share/main_run/launch/main_run_mapping.launch
[21.017s] -- Up-to-date symlink: /mnt/c/Users/User/Downloads/Candle_TheRobot-main/colcon_ws/install/main_run/share/main_run/launch/mapping.launch
[21.179s] -- Up-to-date symlink: /mnt/c/Users/User/Downloads/Candle_TheRobot-main/colcon_ws/install/main_run/share/main_run/launch/move_base.launch
[21.337s] -- Up-to-date symlink: /mnt/c/Users/User/Downloads/Candle_TheRobot-main/colcon_ws/install/main_run/share/main_run/launch/navi.launch
[21.573s] -- Up-to-date symlink: /mnt/c/Users/User/Downloads/Candle_TheRobot-main/colcon_ws/install/main_run/share/main_run/launch/navi_sensors_merged.launch
[21.719s] -- Up-to-date symlink: /mnt/c/Users/User/Downloads/Candle_TheRobot-main/colcon_ws/install/main_run/share/main_run/launch/navi_test_only.launch
[21.839s] -- Up-to-date symlink: /mnt/c/Users/User/Downloads/Candle_TheRobot-main/colcon_ws/install/main_run/share/main_run/launch/navigation.launch.py
[21.941s] -- Up-to-date symlink: /mnt/c/Users/User/Downloads/Candle_TheRobot-main/colcon_ws/install/main_run/share/main_run/launch/nodecontrols.launch
[22.137s] -- Up-to-date symlink: /mnt/c/Users/User/Downloads/Candle_TheRobot-main/colcon_ws/install/main_run/share/main_run/config/nav2_params.yaml
[22.303s] -- Up-to-date symlink: /mnt/c/Users/User/Downloads/Candle_TheRobot-main/colcon_ws/install/main_run/share/main_run/config/rplidar.yaml
[22.661s] -- Up-to-date symlink: /mnt/c/Users/User/Downloads/Candle_TheRobot-main/colcon_ws/install/main_run/share/main_run/maps/empty_world.pgm
[22.806s] -- Up-to-date symlink: /mnt/c/Users/User/Downloads/Candle_TheRobot-main/colcon_ws/install/main_run/share/main_run/maps/empty_world.yaml
[22.995s] -- Up-to-date symlink: /mnt/c/Users/User/Downloads/Candle_TheRobot-main/colcon_ws/install/main_run/share/main_run/maps/map.pgm
[23.169s] -- Up-to-date symlink: /mnt/c/Users/User/Downloads/Candle_TheRobot-main/colcon_ws/install/main_run/share/main_run/maps/map.yaml
[23.337s] -- Up-to-date symlink: /mnt/c/Users/User/Downloads/Candle_TheRobot-main/colcon_ws/install/main_run/share/main_run/maps/old.pgm
[23.513s] -- Up-to-date symlink: /mnt/c/Users/User/Downloads/Candle_TheRobot-main/colcon_ws/install/main_run/share/main_run/maps/old.yaml
[24.013s] -- Up-to-date symlink: /mnt/c/Users/User/Downloads/Candle_TheRobot-main/colcon_ws/install/main_run/share/main_run/param/costmap_common_params (copy).yaml
[24.222s] -- Up-to-date symlink: /mnt/c/Users/User/Downloads/Candle_TheRobot-main/colcon_ws/install/main_run/share/main_run/param/costmap_common_params.yaml
[24.429s] -- Up-to-date symlink: /mnt/c/Users/User/Downloads/Candle_TheRobot-main/colcon_ws/install/main_run/share/main_run/param/costmap_common_params_0ld.yaml
[24.640s] -- Up-to-date symlink: /mnt/c/Users/User/Downloads/Candle_TheRobot-main/colcon_ws/install/main_run/share/main_run/param/dwa_local_planner_params.yaml
[24.918s] -- Up-to-date symlink: /mnt/c/Users/User/Downloads/Candle_TheRobot-main/colcon_ws/install/main_run/share/main_run/param/global_costmap_params.yaml
[25.192s] -- Up-to-date symlink: /mnt/c/Users/User/Downloads/Candle_TheRobot-main/colcon_ws/install/main_run/share/main_run/param/local_costmap_params.yaml
[25.383s] -- Up-to-date symlink: /mnt/c/Users/User/Downloads/Candle_TheRobot-main/colcon_ws/install/main_run/share/main_run/param/move_base_params.yaml
[25.852s] -- Up-to-date symlink: /mnt/c/Users/User/Downloads/Candle_TheRobot-main/colcon_ws/install/main_run/share/main_run/scripts/main.py
[26.108s] -- Up-to-date symlink: /mnt/c/Users/User/Downloads/Candle_TheRobot-main/colcon_ws/install/main_run/share/main_run/scripts/mobile_goal_tracker.py
[26.329s] -- Up-to-date symlink: /mnt/c/Users/User/Downloads/Candle_TheRobot-main/colcon_ws/install/main_run/share/main_run/scripts/obstacle_avoidance.py
[26.535s] -- Up-to-date symlink: /mnt/c/Users/User/Downloads/Candle_TheRobot-main/colcon_ws/install/main_run/share/main_run/scripts/script_1.py
[26.750s] -- Up-to-date symlink: /mnt/c/Users/User/Downloads/Candle_TheRobot-main/colcon_ws/install/main_run/share/main_run/scripts/sphere_wanderer.py
[27.103s] -- Up-to-date symlink: /mnt/c/Users/User/Downloads/Candle_TheRobot-main/colcon_ws/install/main_run/share/main_run/urdf/backpack_2d.urdf
[27.310s] -- Up-to-date symlink: /mnt/c/Users/User/Downloads/Candle_TheRobot-main/colcon_ws/install/main_run/share/main_run/urdf/green_sphere.urdf
[27.674s] -- Up-to-date symlink: /mnt/c/Users/User/Downloads/Candle_TheRobot-main/colcon_ws/install/main_run/share/main_run/rviz/custom_view.rviz
[28.075s] -- Up-to-date symlink: /mnt/c/Users/User/Downloads/Candle_TheRobot-main/colcon_ws/install/main_run/share/ament_index/resource_index/package_run_dependencies/main_run
[28.414s] -- Up-to-date symlink: /mnt/c/Users/User/Downloads/Candle_TheRobot-main/colcon_ws/install/main_run/share/ament_index/resource_index/parent_prefix_path/main_run
[28.601s] -- Up-to-date symlink: /mnt/c/Users/User/Downloads/Candle_TheRobot-main/colcon_ws/install/main_run/share/main_run/environment/ament_prefix_path.sh
[28.765s] -- Up-to-date symlink: /mnt/c/Users/User/Downloads/Candle_TheRobot-main/colcon_ws/install/main_run/share/main_run/environment/ament_prefix_path.dsv
[28.899s] -- Up-to-date symlink: /mnt/c/Users/User/Downloads/Candle_TheRobot-main/colcon_ws/install/main_run/share/main_run/environment/path.sh
[29.076s] -- Up-to-date symlink: /mnt/c/Users/User/Downloads/Candle_TheRobot-main/colcon_ws/install/main_run/share/main_run/environment/path.dsv
[29.213s] -- Up-to-date symlink: /mnt/c/Users/User/Downloads/Candle_TheRobot-main/colcon_ws/install/main_run/share/main_run/local_setup.bash
[29.478s] -- Up-to-date symlink: /mnt/c/Users/User/Downloads/Candle_TheRobot-main/colcon_ws/install/main_run/share/main_run/local_setup.sh
[29.653s] -- Up-to-date symlink: /mnt/c/Users/User/Downloads/Candle_TheRobot-main/colcon_ws/install/main_run/share/main_run/local_setup.zsh
[29.724s] -- Up-to-date symlink: /mnt/c/Users/User/Downloads/Candle_TheRobot-main/colcon_ws/install/main_run/share/main_run/local_setup.dsv
[29.737s] -- Symlinking: /mnt/c/Users/User/Downloads/Candle_TheRobot-main/colcon_ws/install/main_run/share/main_run/package.dsv
[31.881s] -- Up-to-date symlink: /mnt/c/Users/User/Downloads/Candle_TheRobot-main/colcon_ws/install/main_run/share/ament_index/resource_index/packages/main_run
[32.032s] -- Up-to-date symlink: /mnt/c/Users/User/Downloads/Candle_TheRobot-main/colcon_ws/install/main_run/share/main_run/cmake/main_runConfig.cmake
[32.178s] -- Up-to-date symlink: /mnt/c/Users/User/Downloads/Candle_TheRobot-main/colcon_ws/install/main_run/share/main_run/cmake/main_runConfig-version.cmake
[32.402s] -- Up-to-date symlink: /mnt/c/Users/User/Downloads/Candle_TheRobot-main/colcon_ws/install/main_run/share/main_run/package.xml
[39.457s] Invoked command in '/mnt/c/Users/User/Downloads/Candle_TheRobot-main/colcon_ws/build/main_run' returned '0': CMAKE_PREFIX_PATH=${CMAKE_PREFIX_PATH}:/opt/ros/humble /usr/bin/cmake --install /mnt/c/Users/User/Downloads/Candle_TheRobot-main/colcon_ws/build/main_run
