-- Found ament_cmake: 1.3.12 (/opt/ros/humble/share/ament_cmake/cmake)
-- Override CMake install command with custom implementation using symlinks instead of copying resources
-- Found rclcpp: 16.0.17 (/opt/ros/humble/share/rclcpp/cmake)
-- Found rosidl_generator_c: 3.1.8 (/opt/ros/humble/share/rosidl_generator_c/cmake)
-- Found rosidl_adapter: 3.1.8 (/opt/ros/humble/share/rosidl_adapter/cmake)
-- Found rosidl_generator_cpp: 3.1.8 (/opt/ros/humble/share/rosidl_generator_cpp/cmake)
-- Using all available rosidl_typesupport_c: rosidl_typesupport_fastrtps_c;rosidl_typesupport_introspection_c
-- Using all available rosidl_typesupport_cpp: rosidl_typesupport_fastrtps_cpp;rosidl_typesupport_introspection_cpp
-- Found rmw_implementation_cmake: 6.1.2 (/opt/ros/humble/share/rmw_implementation_cmake/cmake)
-- Found rmw_fastrtps_cpp: 6.2.9 (/opt/ros/humble/share/rmw_fastrtps_cpp/cmake)
-- Using RMW implementation 'rmw_fastrtps_cpp' as default
-- Found std_srvs: 4.9.0 (/opt/ros/humble/share/std_srvs/cmake)
-- Found geometry_msgs: 4.9.0 (/opt/ros/humble/share/geometry_msgs/cmake)
-- Found nav_msgs: 4.9.0 (/opt/ros/humble/share/nav_msgs/cmake)
-- Found action_msgs: 1.2.2 (/opt/ros/humble/share/action_msgs/cmake)
-- Found cartographer_ros_msgs: 2.0.9002 (/opt/ros/humble/share/cartographer_ros_msgs/cmake)
-- Configuring done
-- Generating done
-- Build files have been written to: /mnt/c/Users/User/Downloads/Candle_TheRobot-main/colcon_ws/build/main_run
Consolidate compiler generated dependencies of target nodelaunch
Consolidate compiler generated dependencies of target nodecontrols
Consolidate compiler generated dependencies of target nodeshutdown
Consolidate compiler generated dependencies of target get_initialpose
Consolidate compiler generated dependencies of target navicontroltopic
[100%] Built target navicontroltopic
[100%] Built target get_initialpose
[100%] Built target nodeshutdown
[100%] Built target nodelaunch
[100%] Built target nodecontrols
-- Install configuration: ""
-- Execute custom install script
-- Up-to-date symlink: /mnt/c/Users/User/Downloads/Candle_TheRobot-main/colcon_ws/install/main_run/lib/main_run/navicontroltopic
-- Up-to-date symlink: /mnt/c/Users/User/Downloads/Candle_TheRobot-main/colcon_ws/install/main_run/lib/main_run/nodelaunch
-- Up-to-date symlink: /mnt/c/Users/User/Downloads/Candle_TheRobot-main/colcon_ws/install/main_run/lib/main_run/nodeshutdown
-- Up-to-date symlink: /mnt/c/Users/User/Downloads/Candle_TheRobot-main/colcon_ws/install/main_run/lib/main_run/nodecontrols
-- Up-to-date symlink: /mnt/c/Users/User/Downloads/Candle_TheRobot-main/colcon_ws/install/main_run/lib/main_run/get_initialpose
-- Up-to-date symlink: /mnt/c/Users/User/Downloads/Candle_TheRobot-main/colcon_ws/install/main_run/lib/main_run/obstacle_avoidance.py
-- Up-to-date symlink: /mnt/c/Users/User/Downloads/Candle_TheRobot-main/colcon_ws/install/main_run/lib/main_run/sphere_wanderer.py
-- Up-to-date symlink: /mnt/c/Users/User/Downloads/Candle_TheRobot-main/colcon_ws/install/main_run/lib/main_run/mobile_goal_tracker.py
-- Up-to-date symlink: /mnt/c/Users/User/Downloads/Candle_TheRobot-main/colcon_ws/install/main_run/share/main_run/launch/arm.launch
-- Up-to-date symlink: /mnt/c/Users/User/Downloads/Candle_TheRobot-main/colcon_ws/install/main_run/share/main_run/launch/bringup_all.launch.py
-- Up-to-date symlink: /mnt/c/Users/User/Downloads/Candle_TheRobot-main/colcon_ws/install/main_run/share/main_run/launch/full.launch
-- Up-to-date symlink: /mnt/c/Users/User/Downloads/Candle_TheRobot-main/colcon_ws/install/main_run/share/main_run/launch/main_run.launch
-- Up-to-date symlink: /mnt/c/Users/User/Downloads/Candle_TheRobot-main/colcon_ws/install/main_run/share/main_run/launch/main_run.launch.py
-- Up-to-date symlink: /mnt/c/Users/User/Downloads/Candle_TheRobot-main/colcon_ws/install/main_run/share/main_run/launch/main_run_mapping.launch
-- Up-to-date symlink: /mnt/c/Users/User/Downloads/Candle_TheRobot-main/colcon_ws/install/main_run/share/main_run/launch/mapping.launch
-- Up-to-date symlink: /mnt/c/Users/User/Downloads/Candle_TheRobot-main/colcon_ws/install/main_run/share/main_run/launch/move_base.launch
-- Up-to-date symlink: /mnt/c/Users/User/Downloads/Candle_TheRobot-main/colcon_ws/install/main_run/share/main_run/launch/navi.launch
-- Up-to-date symlink: /mnt/c/Users/User/Downloads/Candle_TheRobot-main/colcon_ws/install/main_run/share/main_run/launch/navi_sensors_merged.launch
-- Up-to-date symlink: /mnt/c/Users/User/Downloads/Candle_TheRobot-main/colcon_ws/install/main_run/share/main_run/launch/navi_test_only.launch
-- Up-to-date symlink: /mnt/c/Users/User/Downloads/Candle_TheRobot-main/colcon_ws/install/main_run/share/main_run/launch/navigation.launch.py
-- Up-to-date symlink: /mnt/c/Users/User/Downloads/Candle_TheRobot-main/colcon_ws/install/main_run/share/main_run/launch/nodecontrols.launch
-- Up-to-date symlink: /mnt/c/Users/User/Downloads/Candle_TheRobot-main/colcon_ws/install/main_run/share/main_run/config/nav2_params.yaml
-- Up-to-date symlink: /mnt/c/Users/User/Downloads/Candle_TheRobot-main/colcon_ws/install/main_run/share/main_run/config/rplidar.yaml
-- Up-to-date symlink: /mnt/c/Users/User/Downloads/Candle_TheRobot-main/colcon_ws/install/main_run/share/main_run/maps/empty_world.pgm
-- Up-to-date symlink: /mnt/c/Users/User/Downloads/Candle_TheRobot-main/colcon_ws/install/main_run/share/main_run/maps/empty_world.yaml
-- Up-to-date symlink: /mnt/c/Users/User/Downloads/Candle_TheRobot-main/colcon_ws/install/main_run/share/main_run/maps/map.pgm
-- Up-to-date symlink: /mnt/c/Users/User/Downloads/Candle_TheRobot-main/colcon_ws/install/main_run/share/main_run/maps/map.yaml
-- Up-to-date symlink: /mnt/c/Users/User/Downloads/Candle_TheRobot-main/colcon_ws/install/main_run/share/main_run/maps/old.pgm
-- Up-to-date symlink: /mnt/c/Users/User/Downloads/Candle_TheRobot-main/colcon_ws/install/main_run/share/main_run/maps/old.yaml
-- Up-to-date symlink: /mnt/c/Users/User/Downloads/Candle_TheRobot-main/colcon_ws/install/main_run/share/main_run/param/costmap_common_params (copy).yaml
-- Up-to-date symlink: /mnt/c/Users/User/Downloads/Candle_TheRobot-main/colcon_ws/install/main_run/share/main_run/param/costmap_common_params.yaml
-- Up-to-date symlink: /mnt/c/Users/User/Downloads/Candle_TheRobot-main/colcon_ws/install/main_run/share/main_run/param/costmap_common_params_0ld.yaml
-- Up-to-date symlink: /mnt/c/Users/User/Downloads/Candle_TheRobot-main/colcon_ws/install/main_run/share/main_run/param/dwa_local_planner_params.yaml
-- Up-to-date symlink: /mnt/c/Users/User/Downloads/Candle_TheRobot-main/colcon_ws/install/main_run/share/main_run/param/global_costmap_params.yaml
-- Up-to-date symlink: /mnt/c/Users/User/Downloads/Candle_TheRobot-main/colcon_ws/install/main_run/share/main_run/param/local_costmap_params.yaml
-- Up-to-date symlink: /mnt/c/Users/User/Downloads/Candle_TheRobot-main/colcon_ws/install/main_run/share/main_run/param/move_base_params.yaml
-- Up-to-date symlink: /mnt/c/Users/User/Downloads/Candle_TheRobot-main/colcon_ws/install/main_run/share/main_run/scripts/main.py
-- Up-to-date symlink: /mnt/c/Users/User/Downloads/Candle_TheRobot-main/colcon_ws/install/main_run/share/main_run/scripts/mobile_goal_tracker.py
-- Up-to-date symlink: /mnt/c/Users/User/Downloads/Candle_TheRobot-main/colcon_ws/install/main_run/share/main_run/scripts/obstacle_avoidance.py
-- Up-to-date symlink: /mnt/c/Users/User/Downloads/Candle_TheRobot-main/colcon_ws/install/main_run/share/main_run/scripts/script_1.py
-- Up-to-date symlink: /mnt/c/Users/User/Downloads/Candle_TheRobot-main/colcon_ws/install/main_run/share/main_run/scripts/sphere_wanderer.py
-- Up-to-date symlink: /mnt/c/Users/User/Downloads/Candle_TheRobot-main/colcon_ws/install/main_run/share/main_run/urdf/backpack_2d.urdf
-- Up-to-date symlink: /mnt/c/Users/User/Downloads/Candle_TheRobot-main/colcon_ws/install/main_run/share/main_run/urdf/green_sphere.urdf
-- Symlinking: /mnt/c/Users/User/Downloads/Candle_TheRobot-main/colcon_ws/install/main_run/share/main_run/rviz/custom_view.rviz
-- Up-to-date symlink: /mnt/c/Users/User/Downloads/Candle_TheRobot-main/colcon_ws/install/main_run/share/ament_index/resource_index/package_run_dependencies/main_run
-- Up-to-date symlink: /mnt/c/Users/User/Downloads/Candle_TheRobot-main/colcon_ws/install/main_run/share/ament_index/resource_index/parent_prefix_path/main_run
-- Up-to-date symlink: /mnt/c/Users/User/Downloads/Candle_TheRobot-main/colcon_ws/install/main_run/share/main_run/environment/ament_prefix_path.sh
-- Up-to-date symlink: /mnt/c/Users/User/Downloads/Candle_TheRobot-main/colcon_ws/install/main_run/share/main_run/environment/ament_prefix_path.dsv
-- Up-to-date symlink: /mnt/c/Users/User/Downloads/Candle_TheRobot-main/colcon_ws/install/main_run/share/main_run/environment/path.sh
-- Up-to-date symlink: /mnt/c/Users/User/Downloads/Candle_TheRobot-main/colcon_ws/install/main_run/share/main_run/environment/path.dsv
-- Up-to-date symlink: /mnt/c/Users/User/Downloads/Candle_TheRobot-main/colcon_ws/install/main_run/share/main_run/local_setup.bash
-- Up-to-date symlink: /mnt/c/Users/User/Downloads/Candle_TheRobot-main/colcon_ws/install/main_run/share/main_run/local_setup.sh
-- Up-to-date symlink: /mnt/c/Users/User/Downloads/Candle_TheRobot-main/colcon_ws/install/main_run/share/main_run/local_setup.zsh
-- Up-to-date symlink: /mnt/c/Users/User/Downloads/Candle_TheRobot-main/colcon_ws/install/main_run/share/main_run/local_setup.dsv
-- Symlinking: /mnt/c/Users/User/Downloads/Candle_TheRobot-main/colcon_ws/install/main_run/share/main_run/package.dsv
-- Up-to-date symlink: /mnt/c/Users/User/Downloads/Candle_TheRobot-main/colcon_ws/install/main_run/share/ament_index/resource_index/packages/main_run
-- Up-to-date symlink: /mnt/c/Users/User/Downloads/Candle_TheRobot-main/colcon_ws/install/main_run/share/main_run/cmake/main_runConfig.cmake
-- Up-to-date symlink: /mnt/c/Users/User/Downloads/Candle_TheRobot-main/colcon_ws/install/main_run/share/main_run/cmake/main_runConfig-version.cmake
-- Up-to-date symlink: /mnt/c/Users/User/Downloads/Candle_TheRobot-main/colcon_ws/install/main_run/share/main_run/package.xml
