[35m[1mConsolidate compiler generated dependencies of target odom_c[0m
[35m[1mConsolidate compiler generated dependencies of target get_odom[0m
gmake[2]: Warning: File 'CMakeFiles/odom_c.dir/compiler_depend.make' has modification time 0.65 s in the future
gmake[2]: Warning: File 'CMakeFiles/get_odom.dir/compiler_depend.make' has modification time 0.65 s in the future
gmake[2]: warning:  Clock skew detected.  Your build may be incomplete.
gmake[2]: warning:  Clock skew detected.  Your build may be incomplete.
[ 50%] Built target odom_c
[100%] Built target get_odom
-- Install configuration: ""
-- Execute custom install script
-- Up-to-date symlink: /mnt/c/Users/User/Downloads/Candle_TheRobot-main/colcon_ws/install/odom/lib/odom/odom_c
-- Up-to-date symlink: /mnt/c/Users/User/Downloads/Candle_TheRobot-main/colcon_ws/install/odom/lib/odom/get_odom
-- Up-to-date symlink: /mnt/c/Users/User/Downloads/Candle_TheRobot-main/colcon_ws/install/odom/share/ament_index/resource_index/package_run_dependencies/odom
-- Up-to-date symlink: /mnt/c/Users/User/Downloads/Candle_TheRobot-main/colcon_ws/install/odom/share/ament_index/resource_index/parent_prefix_path/odom
-- Up-to-date symlink: /mnt/c/Users/User/Downloads/Candle_TheRobot-main/colcon_ws/install/odom/share/odom/environment/ament_prefix_path.sh
-- Up-to-date symlink: /mnt/c/Users/User/Downloads/Candle_TheRobot-main/colcon_ws/install/odom/share/odom/environment/ament_prefix_path.dsv
-- Up-to-date symlink: /mnt/c/Users/User/Downloads/Candle_TheRobot-main/colcon_ws/install/odom/share/odom/environment/path.sh
-- Up-to-date symlink: /mnt/c/Users/User/Downloads/Candle_TheRobot-main/colcon_ws/install/odom/share/odom/environment/path.dsv
-- Up-to-date symlink: /mnt/c/Users/User/Downloads/Candle_TheRobot-main/colcon_ws/install/odom/share/odom/local_setup.bash
-- Up-to-date symlink: /mnt/c/Users/User/Downloads/Candle_TheRobot-main/colcon_ws/install/odom/share/odom/local_setup.sh
-- Up-to-date symlink: /mnt/c/Users/User/Downloads/Candle_TheRobot-main/colcon_ws/install/odom/share/odom/local_setup.zsh
-- Up-to-date symlink: /mnt/c/Users/User/Downloads/Candle_TheRobot-main/colcon_ws/install/odom/share/odom/local_setup.dsv
-- Symlinking: /mnt/c/Users/User/Downloads/Candle_TheRobot-main/colcon_ws/install/odom/share/odom/package.dsv
-- Up-to-date symlink: /mnt/c/Users/User/Downloads/Candle_TheRobot-main/colcon_ws/install/odom/share/ament_index/resource_index/packages/odom
-- Up-to-date symlink: /mnt/c/Users/User/Downloads/Candle_TheRobot-main/colcon_ws/install/odom/share/odom/cmake/odomConfig.cmake
-- Up-to-date symlink: /mnt/c/Users/User/Downloads/Candle_TheRobot-main/colcon_ws/install/odom/share/odom/cmake/odomConfig-version.cmake
-- Up-to-date symlink: /mnt/c/Users/User/Downloads/Candle_TheRobot-main/colcon_ws/install/odom/share/odom/package.xml
