[0.982s] Invoking command in '/mnt/c/Users/User/Downloads/Candle_TheRobot-main/colcon_ws/build/feetechlib': CMAKE_PREFIX_PATH=${CMAKE_PREFIX_PATH}:/opt/ros/humble /usr/bin/cmake --build /mnt/c/Users/User/Downloads/Candle_TheRobot-main/colcon_ws/build/feetechlib -- -j20 -l20
[8.714s] [100%] Built target feetechlib
[10.168s] Invoked command in '/mnt/c/Users/User/Downloads/Candle_TheRobot-main/colcon_ws/build/feetechlib' returned '0': CMAKE_PREFIX_PATH=${CMAKE_PREFIX_PATH}:/opt/ros/humble /usr/bin/cmake --build /mnt/c/Users/User/Downloads/Candle_TheRobot-main/colcon_ws/build/feetechlib -- -j20 -l20
[10.312s] Invoking command in '/mnt/c/Users/User/Downloads/Candle_TheRobot-main/colcon_ws/build/feetechlib': CMAKE_PREFIX_PATH=${CMAKE_PREFIX_PATH}:/opt/ros/humble /usr/bin/cmake --install /mnt/c/Users/User/Downloads/Candle_TheRobot-main/colcon_ws/build/feetechlib
[11.646s] -- Install configuration: ""
[11.737s] -- Execute custom install script
[12.393s] -- Up-to-date symlink: /mnt/c/Users/User/Downloads/Candle_TheRobot-main/colcon_ws/install/feetechlib/include/feetechlib/INST.h
[12.639s] -- Up-to-date symlink: /mnt/c/Users/User/Downloads/Candle_TheRobot-main/colcon_ws/install/feetechlib/include/feetechlib/SCS.h
[12.907s] -- Up-to-date symlink: /mnt/c/Users/User/Downloads/Candle_TheRobot-main/colcon_ws/install/feetechlib/include/feetechlib/SCSCL.h
[13.114s] -- Up-to-date symlink: /mnt/c/Users/User/Downloads/Candle_TheRobot-main/colcon_ws/install/feetechlib/include/feetechlib/SCSerial.h
[13.345s] -- Up-to-date symlink: /mnt/c/Users/User/Downloads/Candle_TheRobot-main/colcon_ws/install/feetechlib/include/feetechlib/SCServo.h
[13.553s] -- Up-to-date symlink: /mnt/c/Users/User/Downloads/Candle_TheRobot-main/colcon_ws/install/feetechlib/include/feetechlib/SMSBL.h
[13.802s] -- Up-to-date symlink: /mnt/c/Users/User/Downloads/Candle_TheRobot-main/colcon_ws/install/feetechlib/include/feetechlib/SMSCL.h
[14.151s] -- Up-to-date symlink: /mnt/c/Users/User/Downloads/Candle_TheRobot-main/colcon_ws/install/feetechlib/share/ament_index/resource_index/package_run_dependencies/feetechlib
[14.445s] -- Up-to-date symlink: /mnt/c/Users/User/Downloads/Candle_TheRobot-main/colcon_ws/install/feetechlib/share/ament_index/resource_index/parent_prefix_path/feetechlib
[14.537s] -- Up-to-date symlink: /mnt/c/Users/User/Downloads/Candle_TheRobot-main/colcon_ws/install/feetechlib/share/feetechlib/environment/ament_prefix_path.sh
[14.644s] -- Up-to-date symlink: /mnt/c/Users/User/Downloads/Candle_TheRobot-main/colcon_ws/install/feetechlib/share/feetechlib/environment/ament_prefix_path.dsv
[14.752s] -- Up-to-date symlink: /mnt/c/Users/User/Downloads/Candle_TheRobot-main/colcon_ws/install/feetechlib/share/feetechlib/environment/path.sh
[14.863s] -- Up-to-date symlink: /mnt/c/Users/User/Downloads/Candle_TheRobot-main/colcon_ws/install/feetechlib/share/feetechlib/environment/path.dsv
[14.960s] -- Up-to-date symlink: /mnt/c/Users/User/Downloads/Candle_TheRobot-main/colcon_ws/install/feetechlib/share/feetechlib/local_setup.bash
[15.055s] -- Up-to-date symlink: /mnt/c/Users/User/Downloads/Candle_TheRobot-main/colcon_ws/install/feetechlib/share/feetechlib/local_setup.sh
[15.161s] -- Up-to-date symlink: /mnt/c/Users/User/Downloads/Candle_TheRobot-main/colcon_ws/install/feetechlib/share/feetechlib/local_setup.zsh
[15.269s] -- Up-to-date symlink: /mnt/c/Users/User/Downloads/Candle_TheRobot-main/colcon_ws/install/feetechlib/share/feetechlib/local_setup.dsv
[15.327s] -- Symlinking: /mnt/c/Users/User/Downloads/Candle_TheRobot-main/colcon_ws/install/feetechlib/share/feetechlib/package.dsv
[17.451s] -- Up-to-date symlink: /mnt/c/Users/User/Downloads/Candle_TheRobot-main/colcon_ws/install/feetechlib/share/ament_index/resource_index/packages/feetechlib
[17.615s] -- Up-to-date symlink: /mnt/c/Users/User/Downloads/Candle_TheRobot-main/colcon_ws/install/feetechlib/share/feetechlib/cmake/ament_cmake_export_targets-extras.cmake
[17.782s] -- Up-to-date symlink: /mnt/c/Users/User/Downloads/Candle_TheRobot-main/colcon_ws/install/feetechlib/share/feetechlib/cmake/ament_cmake_export_dependencies-extras.cmake
[17.928s] -- Up-to-date symlink: /mnt/c/Users/User/Downloads/Candle_TheRobot-main/colcon_ws/install/feetechlib/share/feetechlib/cmake/feetechlibConfig.cmake
[18.068s] -- Up-to-date symlink: /mnt/c/Users/User/Downloads/Candle_TheRobot-main/colcon_ws/install/feetechlib/share/feetechlib/cmake/feetechlibConfig-version.cmake
[18.245s] -- Up-to-date symlink: /mnt/c/Users/User/Downloads/Candle_TheRobot-main/colcon_ws/install/feetechlib/share/feetechlib/package.xml
[18.589s] -- Up-to-date: /mnt/c/Users/User/Downloads/Candle_TheRobot-main/colcon_ws/install/feetechlib/lib/libfeetechlib.so
[19.150s] -- Up-to-date: /mnt/c/Users/User/Downloads/Candle_TheRobot-main/colcon_ws/install/feetechlib/share/feetechlib/cmake/export_feetechlibExport.cmake
[19.325s] -- Up-to-date: /mnt/c/Users/User/Downloads/Candle_TheRobot-main/colcon_ws/install/feetechlib/share/feetechlib/cmake/export_feetechlibExport-noconfig.cmake
[20.412s] Invoked command in '/mnt/c/Users/User/Downloads/Candle_TheRobot-main/colcon_ws/build/feetechlib' returned '0': CMAKE_PREFIX_PATH=${CMAKE_PREFIX_PATH}:/opt/ros/humble /usr/bin/cmake --install /mnt/c/Users/User/Downloads/Candle_TheRobot-main/colcon_ws/build/feetechlib
