[2.075s] DEBUG:colcon:Command line arguments: ['/usr/bin/colcon', 'build', '--symlink-install']
[2.077s] DEBUG:colcon:Parsed command line arguments: Namespace(log_base=None, log_level=None, verb_name='build', build_base='build', install_base='install', merge_install=False, symlink_install=True, test_result_base=None, continue_on_error=False, executor='parallel', parallel_workers=20, event_handlers=None, ignore_user_meta=False, metas=['./colcon.meta'], base_paths=['.'], packages_ignore=None, packages_ignore_regex=None, paths=None, packages_up_to=None, packages_up_to_regex=None, packages_above=None, packages_above_and_dependencies=None, packages_above_depth=None, packages_select_by_dep=None, packages_skip_by_dep=None, packages_skip_up_to=None, packages_select_build_failed=False, packages_skip_build_finished=False, packages_select_test_failures=False, packages_skip_test_passed=False, packages_select=None, packages_skip=None, packages_select_regex=None, packages_skip_regex=None, packages_start=None, packages_end=None, allow_overriding=[], cmake_args=None, cmake_target=None, cmake_target_skip_unavailable=False, cmake_clean_cache=False, cmake_clean_first=False, cmake_force_configure=False, ament_cmake_args=None, catkin_cmake_args=None, catkin_skip_building_tests=False, verb_parser=<colcon_defaults.argument_parser.defaults.DefaultArgumentsDecorator object at 0x7c72e541fd00>, verb_extension=<colcon_core.verb.build.BuildVerb object at 0x7c72e541f8b0>, main=<bound method BuildVerb.main of <colcon_core.verb.build.BuildVerb object at 0x7c72e541f8b0>>)
[3.069s] Level 1:colcon.colcon_core.package_discovery:discover_packages(colcon_meta) check parameters
[3.071s] Level 1:colcon.colcon_core.package_discovery:discover_packages(recursive) check parameters
[3.072s] Level 1:colcon.colcon_core.package_discovery:discover_packages(ignore) check parameters
[3.073s] Level 1:colcon.colcon_core.package_discovery:discover_packages(path) check parameters
[3.074s] Level 1:colcon.colcon_core.package_discovery:discover_packages(colcon_meta) discover
[3.075s] Level 1:colcon.colcon_core.package_discovery:discover_packages(recursive) discover
[3.076s] INFO:colcon.colcon_core.package_discovery:Crawling recursively for packages in '/mnt/c/Users/User/Downloads/Candle_TheRobot-main'
[3.081s] Level 1:colcon.colcon_core.package_identification:_identify(.) by extensions ['ignore', 'ignore_ament_install']
[3.082s] Level 1:colcon.colcon_core.package_identification:_identify(.) by extension 'ignore'
[3.084s] Level 1:colcon.colcon_core.package_identification:_identify(.) by extension 'ignore_ament_install'
[3.087s] Level 1:colcon.colcon_core.package_identification:_identify(.) by extensions ['colcon_pkg']
[3.088s] Level 1:colcon.colcon_core.package_identification:_identify(.) by extension 'colcon_pkg'
[3.090s] Level 1:colcon.colcon_core.package_identification:_identify(.) by extensions ['colcon_meta']
[3.091s] Level 1:colcon.colcon_core.package_identification:_identify(.) by extension 'colcon_meta'
[3.093s] Level 1:colcon.colcon_core.package_identification:_identify(.) by extensions ['ros']
[3.094s] Level 1:colcon.colcon_core.package_identification:_identify(.) by extension 'ros'
[3.149s] Level 1:colcon.colcon_core.package_identification:_identify(.) by extensions ['cmake', 'python']
[3.150s] Level 1:colcon.colcon_core.package_identification:_identify(.) by extension 'cmake'
[3.152s] Level 1:colcon.colcon_core.package_identification:_identify(.) by extension 'python'
[3.153s] Level 1:colcon.colcon_core.package_identification:_identify(.) by extensions ['python_setup_py']
[3.154s] Level 1:colcon.colcon_core.package_identification:_identify(.) by extension 'python_setup_py'
[3.168s] Level 1:colcon.colcon_core.package_identification:_identify(build) by extensions ['ignore', 'ignore_ament_install']
[3.169s] Level 1:colcon.colcon_core.package_identification:_identify(build) by extension 'ignore'
[3.175s] Level 1:colcon.colcon_core.package_identification:_identify(build) ignored
[3.182s] Level 1:colcon.colcon_core.package_identification:_identify(colcon_ws) by extensions ['ignore', 'ignore_ament_install']
[3.183s] Level 1:colcon.colcon_core.package_identification:_identify(colcon_ws) by extension 'ignore'
[3.184s] Level 1:colcon.colcon_core.package_identification:_identify(colcon_ws) by extension 'ignore_ament_install'
[3.187s] Level 1:colcon.colcon_core.package_identification:_identify(colcon_ws) by extensions ['colcon_pkg']
[3.187s] Level 1:colcon.colcon_core.package_identification:_identify(colcon_ws) by extension 'colcon_pkg'
[3.189s] Level 1:colcon.colcon_core.package_identification:_identify(colcon_ws) by extensions ['colcon_meta']
[3.190s] Level 1:colcon.colcon_core.package_identification:_identify(colcon_ws) by extension 'colcon_meta'
[3.191s] Level 1:colcon.colcon_core.package_identification:_identify(colcon_ws) by extensions ['ros']
[3.192s] Level 1:colcon.colcon_core.package_identification:_identify(colcon_ws) by extension 'ros'
[3.196s] Level 1:colcon.colcon_core.package_identification:_identify(colcon_ws) by extensions ['cmake', 'python']
[3.197s] Level 1:colcon.colcon_core.package_identification:_identify(colcon_ws) by extension 'cmake'
[3.198s] Level 1:colcon.colcon_core.package_identification:_identify(colcon_ws) by extension 'python'
[3.200s] Level 1:colcon.colcon_core.package_identification:_identify(colcon_ws) by extensions ['python_setup_py']
[3.200s] Level 1:colcon.colcon_core.package_identification:_identify(colcon_ws) by extension 'python_setup_py'
[3.216s] Level 1:colcon.colcon_core.package_identification:_identify(colcon_ws/build) by extensions ['ignore', 'ignore_ament_install']
[3.217s] Level 1:colcon.colcon_core.package_identification:_identify(colcon_ws/build) by extension 'ignore'
[3.224s] Level 1:colcon.colcon_core.package_identification:_identify(colcon_ws/build) ignored
[3.237s] Level 1:colcon.colcon_core.package_identification:_identify(colcon_ws/install) by extensions ['ignore', 'ignore_ament_install']
[3.238s] Level 1:colcon.colcon_core.package_identification:_identify(colcon_ws/install) by extension 'ignore'
[3.244s] Level 1:colcon.colcon_core.package_identification:_identify(colcon_ws/install) ignored
[3.273s] Level 1:colcon.colcon_core.package_identification:_identify(colcon_ws/log) by extensions ['ignore', 'ignore_ament_install']
[3.274s] Level 1:colcon.colcon_core.package_identification:_identify(colcon_ws/log) by extension 'ignore'
[3.279s] Level 1:colcon.colcon_core.package_identification:_identify(colcon_ws/log) ignored
[3.290s] Level 1:colcon.colcon_core.package_identification:_identify(colcon_ws/src) by extensions ['ignore', 'ignore_ament_install']
[3.291s] Level 1:colcon.colcon_core.package_identification:_identify(colcon_ws/src) by extension 'ignore'
[3.295s] Level 1:colcon.colcon_core.package_identification:_identify(colcon_ws/src) by extension 'ignore_ament_install'
[3.303s] Level 1:colcon.colcon_core.package_identification:_identify(colcon_ws/src) by extensions ['colcon_pkg']
[3.304s] Level 1:colcon.colcon_core.package_identification:_identify(colcon_ws/src) by extension 'colcon_pkg'
[3.307s] Level 1:colcon.colcon_core.package_identification:_identify(colcon_ws/src) by extensions ['colcon_meta']
[3.308s] Level 1:colcon.colcon_core.package_identification:_identify(colcon_ws/src) by extension 'colcon_meta'
[3.313s] Level 1:colcon.colcon_core.package_identification:_identify(colcon_ws/src) by extensions ['ros']
[3.313s] Level 1:colcon.colcon_core.package_identification:_identify(colcon_ws/src) by extension 'ros'
[3.330s] Level 1:colcon.colcon_core.package_identification:_identify(colcon_ws/src) by extensions ['cmake', 'python']
[3.331s] Level 1:colcon.colcon_core.package_identification:_identify(colcon_ws/src) by extension 'cmake'
[3.334s] Level 1:colcon.colcon_core.package_identification:_identify(colcon_ws/src) by extension 'python'
[3.337s] Level 1:colcon.colcon_core.package_identification:_identify(colcon_ws/src) by extensions ['python_setup_py']
[3.338s] Level 1:colcon.colcon_core.package_identification:_identify(colcon_ws/src) by extension 'python_setup_py'
[3.360s] Level 1:colcon.colcon_core.package_identification:_identify(colcon_ws/src/DynamixelSDK) by extensions ['ignore', 'ignore_ament_install']
[3.361s] Level 1:colcon.colcon_core.package_identification:_identify(colcon_ws/src/DynamixelSDK) by extension 'ignore'
[3.366s] Level 1:colcon.colcon_core.package_identification:_identify(colcon_ws/src/DynamixelSDK) by extension 'ignore_ament_install'
[3.377s] Level 1:colcon.colcon_core.package_identification:_identify(colcon_ws/src/DynamixelSDK) by extensions ['colcon_pkg']
[3.378s] Level 1:colcon.colcon_core.package_identification:_identify(colcon_ws/src/DynamixelSDK) by extension 'colcon_pkg'
[3.384s] Level 1:colcon.colcon_core.package_identification:_identify(colcon_ws/src/DynamixelSDK) by extensions ['colcon_meta']
[3.384s] Level 1:colcon.colcon_core.package_identification:_identify(colcon_ws/src/DynamixelSDK) by extension 'colcon_meta'
[3.393s] Level 1:colcon.colcon_core.package_identification:_identify(colcon_ws/src/DynamixelSDK) by extensions ['ros']
[3.394s] Level 1:colcon.colcon_core.package_identification:_identify(colcon_ws/src/DynamixelSDK) by extension 'ros'
[3.420s] Level 1:colcon.colcon_core.package_identification:_identify(colcon_ws/src/DynamixelSDK) by extensions ['cmake', 'python']
[3.421s] Level 1:colcon.colcon_core.package_identification:_identify(colcon_ws/src/DynamixelSDK) by extension 'cmake'
[3.426s] Level 1:colcon.colcon_core.package_identification:_identify(colcon_ws/src/DynamixelSDK) by extension 'python'
[3.432s] Level 1:colcon.colcon_core.package_identification:_identify(colcon_ws/src/DynamixelSDK) by extensions ['python_setup_py']
[3.433s] Level 1:colcon.colcon_core.package_identification:_identify(colcon_ws/src/DynamixelSDK) by extension 'python_setup_py'
[3.468s] Level 1:colcon.colcon_core.package_identification:_identify(colcon_ws/src/DynamixelSDK/dynamixel_sdk) by extensions ['ignore', 'ignore_ament_install']
[3.469s] Level 1:colcon.colcon_core.package_identification:_identify(colcon_ws/src/DynamixelSDK/dynamixel_sdk) by extension 'ignore'
[3.478s] Level 1:colcon.colcon_core.package_identification:_identify(colcon_ws/src/DynamixelSDK/dynamixel_sdk) by extension 'ignore_ament_install'
[3.492s] Level 1:colcon.colcon_core.package_identification:_identify(colcon_ws/src/DynamixelSDK/dynamixel_sdk) by extensions ['colcon_pkg']
[3.493s] Level 1:colcon.colcon_core.package_identification:_identify(colcon_ws/src/DynamixelSDK/dynamixel_sdk) by extension 'colcon_pkg'
[3.501s] Level 1:colcon.colcon_core.package_identification:_identify(colcon_ws/src/DynamixelSDK/dynamixel_sdk) by extensions ['colcon_meta']
[3.503s] Level 1:colcon.colcon_core.package_identification:_identify(colcon_ws/src/DynamixelSDK/dynamixel_sdk) by extension 'colcon_meta'
[3.521s] Level 1:colcon.colcon_core.package_identification:_identify(colcon_ws/src/DynamixelSDK/dynamixel_sdk) by extensions ['ros']
[3.521s] Level 1:colcon.colcon_core.package_identification:_identify(colcon_ws/src/DynamixelSDK/dynamixel_sdk) by extension 'ros'
[3.598s] DEBUG:colcon.colcon_core.package_identification:Package 'colcon_ws/src/DynamixelSDK/dynamixel_sdk' with type 'ros.ament_cmake' and name 'dynamixel_sdk'
[3.624s] Level 1:colcon.colcon_core.package_identification:_identify(colcon_ws/src/DynamixelSDK/dynamixel_sdk_custom_interfaces) by extensions ['ignore', 'ignore_ament_install']
[3.625s] Level 1:colcon.colcon_core.package_identification:_identify(colcon_ws/src/DynamixelSDK/dynamixel_sdk_custom_interfaces) by extension 'ignore'
[3.633s] Level 1:colcon.colcon_core.package_identification:_identify(colcon_ws/src/DynamixelSDK/dynamixel_sdk_custom_interfaces) by extension 'ignore_ament_install'
[3.648s] Level 1:colcon.colcon_core.package_identification:_identify(colcon_ws/src/DynamixelSDK/dynamixel_sdk_custom_interfaces) by extensions ['colcon_pkg']
[3.649s] Level 1:colcon.colcon_core.package_identification:_identify(colcon_ws/src/DynamixelSDK/dynamixel_sdk_custom_interfaces) by extension 'colcon_pkg'
[3.657s] Level 1:colcon.colcon_core.package_identification:_identify(colcon_ws/src/DynamixelSDK/dynamixel_sdk_custom_interfaces) by extensions ['colcon_meta']
[3.658s] Level 1:colcon.colcon_core.package_identification:_identify(colcon_ws/src/DynamixelSDK/dynamixel_sdk_custom_interfaces) by extension 'colcon_meta'
[3.678s] Level 1:colcon.colcon_core.package_identification:_identify(colcon_ws/src/DynamixelSDK/dynamixel_sdk_custom_interfaces) by extensions ['ros']
[3.679s] Level 1:colcon.colcon_core.package_identification:_identify(colcon_ws/src/DynamixelSDK/dynamixel_sdk_custom_interfaces) by extension 'ros'
[3.768s] DEBUG:colcon.colcon_core.package_identification:Package 'colcon_ws/src/DynamixelSDK/dynamixel_sdk_custom_interfaces' with type 'ros.ament_cmake' and name 'dynamixel_sdk_custom_interfaces'
[3.799s] Level 1:colcon.colcon_core.package_identification:_identify(colcon_ws/src/DynamixelSDK/dynamixel_sdk_examples) by extensions ['ignore', 'ignore_ament_install']
[3.800s] Level 1:colcon.colcon_core.package_identification:_identify(colcon_ws/src/DynamixelSDK/dynamixel_sdk_examples) by extension 'ignore'
[3.809s] Level 1:colcon.colcon_core.package_identification:_identify(colcon_ws/src/DynamixelSDK/dynamixel_sdk_examples) by extension 'ignore_ament_install'
[3.826s] Level 1:colcon.colcon_core.package_identification:_identify(colcon_ws/src/DynamixelSDK/dynamixel_sdk_examples) by extensions ['colcon_pkg']
[3.827s] Level 1:colcon.colcon_core.package_identification:_identify(colcon_ws/src/DynamixelSDK/dynamixel_sdk_examples) by extension 'colcon_pkg'
[3.836s] Level 1:colcon.colcon_core.package_identification:_identify(colcon_ws/src/DynamixelSDK/dynamixel_sdk_examples) by extensions ['colcon_meta']
[3.838s] Level 1:colcon.colcon_core.package_identification:_identify(colcon_ws/src/DynamixelSDK/dynamixel_sdk_examples) by extension 'colcon_meta'
[3.853s] Level 1:colcon.colcon_core.package_identification:_identify(colcon_ws/src/DynamixelSDK/dynamixel_sdk_examples) by extensions ['ros']
[3.854s] Level 1:colcon.colcon_core.package_identification:_identify(colcon_ws/src/DynamixelSDK/dynamixel_sdk_examples) by extension 'ros'
[3.944s] DEBUG:colcon.colcon_core.package_identification:Package 'colcon_ws/src/DynamixelSDK/dynamixel_sdk_examples' with type 'ros.ament_cmake' and name 'dynamixel_sdk_examples'
[3.965s] Level 1:colcon.colcon_core.package_identification:_identify(colcon_ws/src/dynamixel-workbench) by extensions ['ignore', 'ignore_ament_install']
[3.966s] Level 1:colcon.colcon_core.package_identification:_identify(colcon_ws/src/dynamixel-workbench) by extension 'ignore'
[3.972s] Level 1:colcon.colcon_core.package_identification:_identify(colcon_ws/src/dynamixel-workbench) by extension 'ignore_ament_install'
[3.981s] Level 1:colcon.colcon_core.package_identification:_identify(colcon_ws/src/dynamixel-workbench) by extensions ['colcon_pkg']
[3.982s] Level 1:colcon.colcon_core.package_identification:_identify(colcon_ws/src/dynamixel-workbench) by extension 'colcon_pkg'
[3.986s] Level 1:colcon.colcon_core.package_identification:_identify(colcon_ws/src/dynamixel-workbench) by extensions ['colcon_meta']
[3.987s] Level 1:colcon.colcon_core.package_identification:_identify(colcon_ws/src/dynamixel-workbench) by extension 'colcon_meta'
[3.996s] Level 1:colcon.colcon_core.package_identification:_identify(colcon_ws/src/dynamixel-workbench) by extensions ['ros']
[3.996s] Level 1:colcon.colcon_core.package_identification:_identify(colcon_ws/src/dynamixel-workbench) by extension 'ros'
[4.021s] Level 1:colcon.colcon_core.package_identification:_identify(colcon_ws/src/dynamixel-workbench) by extensions ['cmake', 'python']
[4.022s] Level 1:colcon.colcon_core.package_identification:_identify(colcon_ws/src/dynamixel-workbench) by extension 'cmake'
[4.026s] Level 1:colcon.colcon_core.package_identification:_identify(colcon_ws/src/dynamixel-workbench) by extension 'python'
[4.031s] Level 1:colcon.colcon_core.package_identification:_identify(colcon_ws/src/dynamixel-workbench) by extensions ['python_setup_py']
[4.033s] Level 1:colcon.colcon_core.package_identification:_identify(colcon_ws/src/dynamixel-workbench) by extension 'python_setup_py'
[4.062s] Level 1:colcon.colcon_core.package_identification:_identify(colcon_ws/src/dynamixel-workbench/dynamixel_workbench) by extensions ['ignore', 'ignore_ament_install']
[4.063s] Level 1:colcon.colcon_core.package_identification:_identify(colcon_ws/src/dynamixel-workbench/dynamixel_workbench) by extension 'ignore'
[4.072s] Level 1:colcon.colcon_core.package_identification:_identify(colcon_ws/src/dynamixel-workbench/dynamixel_workbench) by extension 'ignore_ament_install'
[4.086s] Level 1:colcon.colcon_core.package_identification:_identify(colcon_ws/src/dynamixel-workbench/dynamixel_workbench) by extensions ['colcon_pkg']
[4.087s] Level 1:colcon.colcon_core.package_identification:_identify(colcon_ws/src/dynamixel-workbench/dynamixel_workbench) by extension 'colcon_pkg'
[4.095s] Level 1:colcon.colcon_core.package_identification:_identify(colcon_ws/src/dynamixel-workbench/dynamixel_workbench) by extensions ['colcon_meta']
[4.096s] Level 1:colcon.colcon_core.package_identification:_identify(colcon_ws/src/dynamixel-workbench/dynamixel_workbench) by extension 'colcon_meta'
[4.113s] Level 1:colcon.colcon_core.package_identification:_identify(colcon_ws/src/dynamixel-workbench/dynamixel_workbench) by extensions ['ros']
[4.114s] Level 1:colcon.colcon_core.package_identification:_identify(colcon_ws/src/dynamixel-workbench/dynamixel_workbench) by extension 'ros'
[4.210s] DEBUG:colcon.colcon_core.package_identification:Package 'colcon_ws/src/dynamixel-workbench/dynamixel_workbench' with type 'ros.ament_cmake' and name 'dynamixel_workbench'
[4.231s] Level 1:colcon.colcon_core.package_identification:_identify(colcon_ws/src/dynamixel-workbench/dynamixel_workbench_toolbox) by extensions ['ignore', 'ignore_ament_install']
[4.232s] Level 1:colcon.colcon_core.package_identification:_identify(colcon_ws/src/dynamixel-workbench/dynamixel_workbench_toolbox) by extension 'ignore'
[4.237s] Level 1:colcon.colcon_core.package_identification:_identify(colcon_ws/src/dynamixel-workbench/dynamixel_workbench_toolbox) by extension 'ignore_ament_install'
[4.246s] Level 1:colcon.colcon_core.package_identification:_identify(colcon_ws/src/dynamixel-workbench/dynamixel_workbench_toolbox) by extensions ['colcon_pkg']
[4.247s] Level 1:colcon.colcon_core.package_identification:_identify(colcon_ws/src/dynamixel-workbench/dynamixel_workbench_toolbox) by extension 'colcon_pkg'
[4.254s] Level 1:colcon.colcon_core.package_identification:_identify(colcon_ws/src/dynamixel-workbench/dynamixel_workbench_toolbox) by extensions ['colcon_meta']
[4.255s] Level 1:colcon.colcon_core.package_identification:_identify(colcon_ws/src/dynamixel-workbench/dynamixel_workbench_toolbox) by extension 'colcon_meta'
[4.265s] Level 1:colcon.colcon_core.package_identification:_identify(colcon_ws/src/dynamixel-workbench/dynamixel_workbench_toolbox) by extensions ['ros']
[4.266s] Level 1:colcon.colcon_core.package_identification:_identify(colcon_ws/src/dynamixel-workbench/dynamixel_workbench_toolbox) by extension 'ros'
[4.322s] DEBUG:colcon.colcon_core.package_identification:Package 'colcon_ws/src/dynamixel-workbench/dynamixel_workbench_toolbox' with type 'ros.ament_cmake' and name 'dynamixel_workbench_toolbox'
[4.333s] Level 1:colcon.colcon_core.package_identification:_identify(colcon_ws/src/dynamixel-workbench-msgs) by extensions ['ignore', 'ignore_ament_install']
[4.337s] Level 1:colcon.colcon_core.package_identification:_identify(colcon_ws/src/dynamixel-workbench-msgs) by extension 'ignore'
[4.341s] Level 1:colcon.colcon_core.package_identification:_identify(colcon_ws/src/dynamixel-workbench-msgs) by extension 'ignore_ament_install'
[4.348s] Level 1:colcon.colcon_core.package_identification:_identify(colcon_ws/src/dynamixel-workbench-msgs) by extensions ['colcon_pkg']
[4.348s] Level 1:colcon.colcon_core.package_identification:_identify(colcon_ws/src/dynamixel-workbench-msgs) by extension 'colcon_pkg'
[4.355s] Level 1:colcon.colcon_core.package_identification:_identify(colcon_ws/src/dynamixel-workbench-msgs) by extensions ['colcon_meta']
[4.356s] Level 1:colcon.colcon_core.package_identification:_identify(colcon_ws/src/dynamixel-workbench-msgs) by extension 'colcon_meta'
[4.363s] Level 1:colcon.colcon_core.package_identification:_identify(colcon_ws/src/dynamixel-workbench-msgs) by extensions ['ros']
[4.363s] Level 1:colcon.colcon_core.package_identification:_identify(colcon_ws/src/dynamixel-workbench-msgs) by extension 'ros'
[4.392s] Level 1:colcon.colcon_core.package_identification:_identify(colcon_ws/src/dynamixel-workbench-msgs) by extensions ['cmake', 'python']
[4.393s] Level 1:colcon.colcon_core.package_identification:_identify(colcon_ws/src/dynamixel-workbench-msgs) by extension 'cmake'
[4.398s] Level 1:colcon.colcon_core.package_identification:_identify(colcon_ws/src/dynamixel-workbench-msgs) by extension 'python'
[4.401s] Level 1:colcon.colcon_core.package_identification:_identify(colcon_ws/src/dynamixel-workbench-msgs) by extensions ['python_setup_py']
[4.403s] Level 1:colcon.colcon_core.package_identification:_identify(colcon_ws/src/dynamixel-workbench-msgs) by extension 'python_setup_py'
[4.426s] Level 1:colcon.colcon_core.package_identification:_identify(colcon_ws/src/dynamixel-workbench-msgs/dynamixel_workbench_msgs) by extensions ['ignore', 'ignore_ament_install']
[4.426s] Level 1:colcon.colcon_core.package_identification:_identify(colcon_ws/src/dynamixel-workbench-msgs/dynamixel_workbench_msgs) by extension 'ignore'
[4.432s] Level 1:colcon.colcon_core.package_identification:_identify(colcon_ws/src/dynamixel-workbench-msgs/dynamixel_workbench_msgs) by extension 'ignore_ament_install'
[4.442s] Level 1:colcon.colcon_core.package_identification:_identify(colcon_ws/src/dynamixel-workbench-msgs/dynamixel_workbench_msgs) by extensions ['colcon_pkg']
[4.442s] Level 1:colcon.colcon_core.package_identification:_identify(colcon_ws/src/dynamixel-workbench-msgs/dynamixel_workbench_msgs) by extension 'colcon_pkg'
[4.447s] Level 1:colcon.colcon_core.package_identification:_identify(colcon_ws/src/dynamixel-workbench-msgs/dynamixel_workbench_msgs) by extensions ['colcon_meta']
[4.448s] Level 1:colcon.colcon_core.package_identification:_identify(colcon_ws/src/dynamixel-workbench-msgs/dynamixel_workbench_msgs) by extension 'colcon_meta'
[4.458s] Level 1:colcon.colcon_core.package_identification:_identify(colcon_ws/src/dynamixel-workbench-msgs/dynamixel_workbench_msgs) by extensions ['ros']
[4.458s] Level 1:colcon.colcon_core.package_identification:_identify(colcon_ws/src/dynamixel-workbench-msgs/dynamixel_workbench_msgs) by extension 'ros'
[4.507s] DEBUG:colcon.colcon_core.package_identification:Package 'colcon_ws/src/dynamixel-workbench-msgs/dynamixel_workbench_msgs' with type 'ros.ament_cmake' and name 'dynamixel_workbench_msgs'
[4.518s] Level 1:colcon.colcon_core.package_identification:_identify(colcon_ws/src/feetech) by extensions ['ignore', 'ignore_ament_install']
[4.519s] Level 1:colcon.colcon_core.package_identification:_identify(colcon_ws/src/feetech) by extension 'ignore'
[4.522s] Level 1:colcon.colcon_core.package_identification:_identify(colcon_ws/src/feetech) by extension 'ignore_ament_install'
[4.528s] Level 1:colcon.colcon_core.package_identification:_identify(colcon_ws/src/feetech) by extensions ['colcon_pkg']
[4.528s] Level 1:colcon.colcon_core.package_identification:_identify(colcon_ws/src/feetech) by extension 'colcon_pkg'
[4.531s] Level 1:colcon.colcon_core.package_identification:_identify(colcon_ws/src/feetech) by extensions ['colcon_meta']
[4.531s] Level 1:colcon.colcon_core.package_identification:_identify(colcon_ws/src/feetech) by extension 'colcon_meta'
[4.537s] Level 1:colcon.colcon_core.package_identification:_identify(colcon_ws/src/feetech) by extensions ['ros']
[4.538s] Level 1:colcon.colcon_core.package_identification:_identify(colcon_ws/src/feetech) by extension 'ros'
[4.551s] Level 1:colcon.colcon_core.package_identification:_identify(colcon_ws/src/feetech) by extensions ['cmake', 'python']
[4.551s] Level 1:colcon.colcon_core.package_identification:_identify(colcon_ws/src/feetech) by extension 'cmake'
[4.554s] Level 1:colcon.colcon_core.package_identification:_identify(colcon_ws/src/feetech) by extension 'python'
[4.557s] Level 1:colcon.colcon_core.package_identification:_identify(colcon_ws/src/feetech) by extensions ['python_setup_py']
[4.558s] Level 1:colcon.colcon_core.package_identification:_identify(colcon_ws/src/feetech) by extension 'python_setup_py'
[4.578s] Level 1:colcon.colcon_core.package_identification:_identify(colcon_ws/src/feetech/feetechlib) by extensions ['ignore', 'ignore_ament_install']
[4.578s] Level 1:colcon.colcon_core.package_identification:_identify(colcon_ws/src/feetech/feetechlib) by extension 'ignore'
[4.583s] Level 1:colcon.colcon_core.package_identification:_identify(colcon_ws/src/feetech/feetechlib) by extension 'ignore_ament_install'
[4.592s] Level 1:colcon.colcon_core.package_identification:_identify(colcon_ws/src/feetech/feetechlib) by extensions ['colcon_pkg']
[4.593s] Level 1:colcon.colcon_core.package_identification:_identify(colcon_ws/src/feetech/feetechlib) by extension 'colcon_pkg'
[4.599s] Level 1:colcon.colcon_core.package_identification:_identify(colcon_ws/src/feetech/feetechlib) by extensions ['colcon_meta']
[4.599s] Level 1:colcon.colcon_core.package_identification:_identify(colcon_ws/src/feetech/feetechlib) by extension 'colcon_meta'
[4.607s] Level 1:colcon.colcon_core.package_identification:_identify(colcon_ws/src/feetech/feetechlib) by extensions ['ros']
[4.608s] Level 1:colcon.colcon_core.package_identification:_identify(colcon_ws/src/feetech/feetechlib) by extension 'ros'
[4.653s] DEBUG:colcon.colcon_core.package_identification:Package 'colcon_ws/src/feetech/feetechlib' with type 'ros.ament_cmake' and name 'feetechlib'
[4.663s] Level 1:colcon.colcon_core.package_identification:_identify(colcon_ws/src/main_run) by extensions ['ignore', 'ignore_ament_install']
[4.664s] Level 1:colcon.colcon_core.package_identification:_identify(colcon_ws/src/main_run) by extension 'ignore'
[4.667s] Level 1:colcon.colcon_core.package_identification:_identify(colcon_ws/src/main_run) by extension 'ignore_ament_install'
[4.673s] Level 1:colcon.colcon_core.package_identification:_identify(colcon_ws/src/main_run) by extensions ['colcon_pkg']
[4.674s] Level 1:colcon.colcon_core.package_identification:_identify(colcon_ws/src/main_run) by extension 'colcon_pkg'
[4.677s] Level 1:colcon.colcon_core.package_identification:_identify(colcon_ws/src/main_run) by extensions ['colcon_meta']
[4.677s] Level 1:colcon.colcon_core.package_identification:_identify(colcon_ws/src/main_run) by extension 'colcon_meta'
[4.683s] Level 1:colcon.colcon_core.package_identification:_identify(colcon_ws/src/main_run) by extensions ['ros']
[4.684s] Level 1:colcon.colcon_core.package_identification:_identify(colcon_ws/src/main_run) by extension 'ros'
[4.720s] DEBUG:colcon.colcon_core.package_identification:Package 'colcon_ws/src/main_run' with type 'ros.ament_cmake' and name 'main_run'
[4.731s] Level 1:colcon.colcon_core.package_identification:_identify(colcon_ws/src/odom) by extensions ['ignore', 'ignore_ament_install']
[4.732s] Level 1:colcon.colcon_core.package_identification:_identify(colcon_ws/src/odom) by extension 'ignore'
[4.735s] Level 1:colcon.colcon_core.package_identification:_identify(colcon_ws/src/odom) by extension 'ignore_ament_install'
[4.742s] Level 1:colcon.colcon_core.package_identification:_identify(colcon_ws/src/odom) by extensions ['colcon_pkg']
[4.743s] Level 1:colcon.colcon_core.package_identification:_identify(colcon_ws/src/odom) by extension 'colcon_pkg'
[4.746s] Level 1:colcon.colcon_core.package_identification:_identify(colcon_ws/src/odom) by extensions ['colcon_meta']
[4.747s] Level 1:colcon.colcon_core.package_identification:_identify(colcon_ws/src/odom) by extension 'colcon_meta'
[4.751s] Level 1:colcon.colcon_core.package_identification:_identify(colcon_ws/src/odom) by extensions ['ros']
[4.752s] Level 1:colcon.colcon_core.package_identification:_identify(colcon_ws/src/odom) by extension 'ros'
[4.792s] DEBUG:colcon.colcon_core.package_identification:Package 'colcon_ws/src/odom' with type 'ros.ament_cmake' and name 'odom'
[4.808s] Level 1:colcon.colcon_core.package_identification:_identify(colcon_ws/src/urdf_tutorial) by extensions ['ignore', 'ignore_ament_install']
[4.809s] Level 1:colcon.colcon_core.package_identification:_identify(colcon_ws/src/urdf_tutorial) by extension 'ignore'
[4.814s] Level 1:colcon.colcon_core.package_identification:_identify(colcon_ws/src/urdf_tutorial) by extension 'ignore_ament_install'
[4.824s] Level 1:colcon.colcon_core.package_identification:_identify(colcon_ws/src/urdf_tutorial) by extensions ['colcon_pkg']
[4.825s] Level 1:colcon.colcon_core.package_identification:_identify(colcon_ws/src/urdf_tutorial) by extension 'colcon_pkg'
[4.830s] Level 1:colcon.colcon_core.package_identification:_identify(colcon_ws/src/urdf_tutorial) by extensions ['colcon_meta']
[4.830s] Level 1:colcon.colcon_core.package_identification:_identify(colcon_ws/src/urdf_tutorial) by extension 'colcon_meta'
[4.837s] Level 1:colcon.colcon_core.package_identification:_identify(colcon_ws/src/urdf_tutorial) by extensions ['ros']
[4.838s] Level 1:colcon.colcon_core.package_identification:_identify(colcon_ws/src/urdf_tutorial) by extension 'ros'
[4.884s] DEBUG:colcon.colcon_core.package_identification:Package 'colcon_ws/src/urdf_tutorial' with type 'ros.ament_cmake' and name 'urdf_tutorial'
[4.893s] Level 1:colcon.colcon_core.package_identification:_identify(install) by extensions ['ignore', 'ignore_ament_install']
[4.894s] Level 1:colcon.colcon_core.package_identification:_identify(install) by extension 'ignore'
[4.898s] Level 1:colcon.colcon_core.package_identification:_identify(install) ignored
[4.914s] Level 1:colcon.colcon_core.package_identification:_identify(log) by extensions ['ignore', 'ignore_ament_install']
[4.914s] Level 1:colcon.colcon_core.package_identification:_identify(log) by extension 'ignore'
[4.917s] Level 1:colcon.colcon_core.package_identification:_identify(log) ignored
[4.925s] Level 1:colcon.colcon_core.package_identification:_identify(robot) by extensions ['ignore', 'ignore_ament_install']
[4.926s] Level 1:colcon.colcon_core.package_identification:_identify(robot) by extension 'ignore'
[4.929s] Level 1:colcon.colcon_core.package_identification:_identify(robot) by extension 'ignore_ament_install'
[4.933s] Level 1:colcon.colcon_core.package_identification:_identify(robot) by extensions ['colcon_pkg']
[4.934s] Level 1:colcon.colcon_core.package_identification:_identify(robot) by extension 'colcon_pkg'
[4.936s] Level 1:colcon.colcon_core.package_identification:_identify(robot) by extensions ['colcon_meta']
[4.937s] Level 1:colcon.colcon_core.package_identification:_identify(robot) by extension 'colcon_meta'
[4.940s] Level 1:colcon.colcon_core.package_identification:_identify(robot) by extensions ['ros']
[4.941s] Level 1:colcon.colcon_core.package_identification:_identify(robot) by extension 'ros'
[4.955s] Level 1:colcon.colcon_core.package_identification:_identify(robot) by extensions ['cmake', 'python']
[4.956s] Level 1:colcon.colcon_core.package_identification:_identify(robot) by extension 'cmake'
[4.960s] Level 1:colcon.colcon_core.package_identification:_identify(robot) by extension 'python'
[4.964s] Level 1:colcon.colcon_core.package_identification:_identify(robot) by extensions ['python_setup_py']
[4.965s] Level 1:colcon.colcon_core.package_identification:_identify(robot) by extension 'python_setup_py'
[4.984s] Level 1:colcon.colcon_core.package_identification:_identify(robot/catkin_ws) by extensions ['ignore', 'ignore_ament_install']
[4.985s] Level 1:colcon.colcon_core.package_identification:_identify(robot/catkin_ws) by extension 'ignore'
[4.990s] Level 1:colcon.colcon_core.package_identification:_identify(robot/catkin_ws) by extension 'ignore_ament_install'
[5.001s] Level 1:colcon.colcon_core.package_identification:_identify(robot/catkin_ws) by extensions ['colcon_pkg']
[5.002s] Level 1:colcon.colcon_core.package_identification:_identify(robot/catkin_ws) by extension 'colcon_pkg'
[5.008s] Level 1:colcon.colcon_core.package_identification:_identify(robot/catkin_ws) by extensions ['colcon_meta']
[5.009s] Level 1:colcon.colcon_core.package_identification:_identify(robot/catkin_ws) by extension 'colcon_meta'
[5.020s] Level 1:colcon.colcon_core.package_identification:_identify(robot/catkin_ws) by extensions ['ros']
[5.021s] Level 1:colcon.colcon_core.package_identification:_identify(robot/catkin_ws) by extension 'ros'
[5.050s] Level 1:colcon.colcon_core.package_identification:_identify(robot/catkin_ws) by extensions ['cmake', 'python']
[5.051s] Level 1:colcon.colcon_core.package_identification:_identify(robot/catkin_ws) by extension 'cmake'
[5.058s] Level 1:colcon.colcon_core.package_identification:_identify(robot/catkin_ws) by extension 'python'
[5.065s] Level 1:colcon.colcon_core.package_identification:_identify(robot/catkin_ws) by extensions ['python_setup_py']
[5.066s] Level 1:colcon.colcon_core.package_identification:_identify(robot/catkin_ws) by extension 'python_setup_py'
[5.102s] Level 1:colcon.colcon_core.package_identification:_identify(robot/catkin_ws/src) by extensions ['ignore', 'ignore_ament_install']
[5.102s] Level 1:colcon.colcon_core.package_identification:_identify(robot/catkin_ws/src) by extension 'ignore'
[5.110s] Level 1:colcon.colcon_core.package_identification:_identify(robot/catkin_ws/src) by extension 'ignore_ament_install'
[5.126s] Level 1:colcon.colcon_core.package_identification:_identify(robot/catkin_ws/src) by extensions ['colcon_pkg']
[5.126s] Level 1:colcon.colcon_core.package_identification:_identify(robot/catkin_ws/src) by extension 'colcon_pkg'
[5.135s] Level 1:colcon.colcon_core.package_identification:_identify(robot/catkin_ws/src) by extensions ['colcon_meta']
[5.136s] Level 1:colcon.colcon_core.package_identification:_identify(robot/catkin_ws/src) by extension 'colcon_meta'
[5.153s] Level 1:colcon.colcon_core.package_identification:_identify(robot/catkin_ws/src) by extensions ['ros']
[5.154s] Level 1:colcon.colcon_core.package_identification:_identify(robot/catkin_ws/src) by extension 'ros'
[5.194s] Level 1:colcon.colcon_core.package_identification:_identify(robot/catkin_ws/src) by extensions ['cmake', 'python']
[5.194s] Level 1:colcon.colcon_core.package_identification:_identify(robot/catkin_ws/src) by extension 'cmake'
[5.200s] Level 1:colcon.colcon_core.package_identification:_identify(robot/catkin_ws/src) by extension 'python'
[5.206s] Level 1:colcon.colcon_core.package_identification:_identify(robot/catkin_ws/src) by extensions ['python_setup_py']
[5.207s] Level 1:colcon.colcon_core.package_identification:_identify(robot/catkin_ws/src) by extension 'python_setup_py'
[5.255s] Level 1:colcon.colcon_core.package_identification:_identify(robot/catkin_ws/src/aruco_ros) by extensions ['ignore', 'ignore_ament_install']
[5.257s] Level 1:colcon.colcon_core.package_identification:_identify(robot/catkin_ws/src/aruco_ros) by extension 'ignore'
[5.267s] Level 1:colcon.colcon_core.package_identification:_identify(robot/catkin_ws/src/aruco_ros) by extension 'ignore_ament_install'
[5.286s] Level 1:colcon.colcon_core.package_identification:_identify(robot/catkin_ws/src/aruco_ros) by extensions ['colcon_pkg']
[5.288s] Level 1:colcon.colcon_core.package_identification:_identify(robot/catkin_ws/src/aruco_ros) by extension 'colcon_pkg'
[5.298s] Level 1:colcon.colcon_core.package_identification:_identify(robot/catkin_ws/src/aruco_ros) by extensions ['colcon_meta']
[5.300s] Level 1:colcon.colcon_core.package_identification:_identify(robot/catkin_ws/src/aruco_ros) by extension 'colcon_meta'
[5.326s] Level 1:colcon.colcon_core.package_identification:_identify(robot/catkin_ws/src/aruco_ros) by extensions ['ros']
[5.326s] Level 1:colcon.colcon_core.package_identification:_identify(robot/catkin_ws/src/aruco_ros) by extension 'ros'
[5.376s] Level 1:colcon.colcon_core.package_identification:_identify(robot/catkin_ws/src/aruco_ros) by extensions ['cmake', 'python']
[5.377s] Level 1:colcon.colcon_core.package_identification:_identify(robot/catkin_ws/src/aruco_ros) by extension 'cmake'
[5.386s] Level 1:colcon.colcon_core.package_identification:_identify(robot/catkin_ws/src/aruco_ros) by extension 'python'
[5.396s] Level 1:colcon.colcon_core.package_identification:_identify(robot/catkin_ws/src/aruco_ros) by extensions ['python_setup_py']
[5.398s] Level 1:colcon.colcon_core.package_identification:_identify(robot/catkin_ws/src/aruco_ros) by extension 'python_setup_py'
[5.467s] Level 1:colcon.colcon_core.package_identification:_identify(robot/catkin_ws/src/aruco_ros/aruco) by extensions ['ignore', 'ignore_ament_install']
[5.468s] Level 1:colcon.colcon_core.package_identification:_identify(robot/catkin_ws/src/aruco_ros/aruco) by extension 'ignore'
[5.482s] Level 1:colcon.colcon_core.package_identification:_identify(robot/catkin_ws/src/aruco_ros/aruco) by extension 'ignore_ament_install'
[5.508s] Level 1:colcon.colcon_core.package_identification:_identify(robot/catkin_ws/src/aruco_ros/aruco) by extensions ['colcon_pkg']
[5.509s] Level 1:colcon.colcon_core.package_identification:_identify(robot/catkin_ws/src/aruco_ros/aruco) by extension 'colcon_pkg'
[5.523s] Level 1:colcon.colcon_core.package_identification:_identify(robot/catkin_ws/src/aruco_ros/aruco) by extensions ['colcon_meta']
[5.524s] Level 1:colcon.colcon_core.package_identification:_identify(robot/catkin_ws/src/aruco_ros/aruco) by extension 'colcon_meta'
[5.561s] Level 1:colcon.colcon_core.package_identification:_identify(robot/catkin_ws/src/aruco_ros/aruco) by extensions ['ros']
[5.562s] Level 1:colcon.colcon_core.package_identification:_identify(robot/catkin_ws/src/aruco_ros/aruco) by extension 'ros'
[5.683s] DEBUG:colcon.colcon_core.package_identification:Package 'robot/catkin_ws/src/aruco_ros/aruco' with type 'ros.catkin' and name 'aruco'
[5.744s] Level 1:colcon.colcon_core.package_identification:_identify(robot/catkin_ws/src/aruco_ros/aruco_msgs) by extensions ['ignore', 'ignore_ament_install']
[5.745s] Level 1:colcon.colcon_core.package_identification:_identify(robot/catkin_ws/src/aruco_ros/aruco_msgs) by extension 'ignore'
[5.757s] Level 1:colcon.colcon_core.package_identification:_identify(robot/catkin_ws/src/aruco_ros/aruco_msgs) by extension 'ignore_ament_install'
[5.780s] Level 1:colcon.colcon_core.package_identification:_identify(robot/catkin_ws/src/aruco_ros/aruco_msgs) by extensions ['colcon_pkg']
[5.781s] Level 1:colcon.colcon_core.package_identification:_identify(robot/catkin_ws/src/aruco_ros/aruco_msgs) by extension 'colcon_pkg'
[5.794s] Level 1:colcon.colcon_core.package_identification:_identify(robot/catkin_ws/src/aruco_ros/aruco_msgs) by extensions ['colcon_meta']
[5.795s] Level 1:colcon.colcon_core.package_identification:_identify(robot/catkin_ws/src/aruco_ros/aruco_msgs) by extension 'colcon_meta'
[5.833s] Level 1:colcon.colcon_core.package_identification:_identify(robot/catkin_ws/src/aruco_ros/aruco_msgs) by extensions ['ros']
[5.834s] Level 1:colcon.colcon_core.package_identification:_identify(robot/catkin_ws/src/aruco_ros/aruco_msgs) by extension 'ros'
[5.957s] DEBUG:colcon.colcon_core.package_identification:Package 'robot/catkin_ws/src/aruco_ros/aruco_msgs' with type 'ros.catkin' and name 'aruco_msgs'
[6.001s] Level 1:colcon.colcon_core.package_identification:_identify(robot/catkin_ws/src/aruco_ros/aruco_ros) by extensions ['ignore', 'ignore_ament_install']
[6.001s] Level 1:colcon.colcon_core.package_identification:_identify(robot/catkin_ws/src/aruco_ros/aruco_ros) by extension 'ignore'
[6.010s] Level 1:colcon.colcon_core.package_identification:_identify(robot/catkin_ws/src/aruco_ros/aruco_ros) by extension 'ignore_ament_install'
[6.030s] Level 1:colcon.colcon_core.package_identification:_identify(robot/catkin_ws/src/aruco_ros/aruco_ros) by extensions ['colcon_pkg']
[6.031s] Level 1:colcon.colcon_core.package_identification:_identify(robot/catkin_ws/src/aruco_ros/aruco_ros) by extension 'colcon_pkg'
[6.043s] Level 1:colcon.colcon_core.package_identification:_identify(robot/catkin_ws/src/aruco_ros/aruco_ros) by extensions ['colcon_meta']
[6.044s] Level 1:colcon.colcon_core.package_identification:_identify(robot/catkin_ws/src/aruco_ros/aruco_ros) by extension 'colcon_meta'
[6.078s] Level 1:colcon.colcon_core.package_identification:_identify(robot/catkin_ws/src/aruco_ros/aruco_ros) by extensions ['ros']
[6.079s] Level 1:colcon.colcon_core.package_identification:_identify(robot/catkin_ws/src/aruco_ros/aruco_ros) by extension 'ros'
[6.212s] DEBUG:colcon.colcon_core.package_identification:Package 'robot/catkin_ws/src/aruco_ros/aruco_ros' with type 'ros.catkin' and name 'aruco_ros'
[6.262s] Level 1:colcon.colcon_core.package_identification:_identify(robot/catkin_ws/src/feetech) by extensions ['ignore', 'ignore_ament_install']
[6.263s] Level 1:colcon.colcon_core.package_identification:_identify(robot/catkin_ws/src/feetech) by extension 'ignore'
[6.275s] Level 1:colcon.colcon_core.package_identification:_identify(robot/catkin_ws/src/feetech) by extension 'ignore_ament_install'
[6.293s] Level 1:colcon.colcon_core.package_identification:_identify(robot/catkin_ws/src/feetech) by extensions ['colcon_pkg']
[6.294s] Level 1:colcon.colcon_core.package_identification:_identify(robot/catkin_ws/src/feetech) by extension 'colcon_pkg'
[6.304s] Level 1:colcon.colcon_core.package_identification:_identify(robot/catkin_ws/src/feetech) by extensions ['colcon_meta']
[6.305s] Level 1:colcon.colcon_core.package_identification:_identify(robot/catkin_ws/src/feetech) by extension 'colcon_meta'
[6.330s] Level 1:colcon.colcon_core.package_identification:_identify(robot/catkin_ws/src/feetech) by extensions ['ros']
[6.331s] Level 1:colcon.colcon_core.package_identification:_identify(robot/catkin_ws/src/feetech) by extension 'ros'
[6.383s] Level 1:colcon.colcon_core.package_identification:_identify(robot/catkin_ws/src/feetech) by extensions ['cmake', 'python']
[6.384s] Level 1:colcon.colcon_core.package_identification:_identify(robot/catkin_ws/src/feetech) by extension 'cmake'
[6.396s] Level 1:colcon.colcon_core.package_identification:_identify(robot/catkin_ws/src/feetech) by extension 'python'
[6.408s] Level 1:colcon.colcon_core.package_identification:_identify(robot/catkin_ws/src/feetech) by extensions ['python_setup_py']
[6.409s] Level 1:colcon.colcon_core.package_identification:_identify(robot/catkin_ws/src/feetech) by extension 'python_setup_py'
[6.478s] Level 1:colcon.colcon_core.package_identification:_identify(robot/catkin_ws/src/feetech/feetechlib) by extensions ['ignore', 'ignore_ament_install']
[6.479s] Level 1:colcon.colcon_core.package_identification:_identify(robot/catkin_ws/src/feetech/feetechlib) by extension 'ignore'
[6.493s] Level 1:colcon.colcon_core.package_identification:_identify(robot/catkin_ws/src/feetech/feetechlib) by extension 'ignore_ament_install'
[6.518s] Level 1:colcon.colcon_core.package_identification:_identify(robot/catkin_ws/src/feetech/feetechlib) by extensions ['colcon_pkg']
[6.519s] Level 1:colcon.colcon_core.package_identification:_identify(robot/catkin_ws/src/feetech/feetechlib) by extension 'colcon_pkg'
[6.532s] Level 1:colcon.colcon_core.package_identification:_identify(robot/catkin_ws/src/feetech/feetechlib) by extensions ['colcon_meta']
[6.533s] Level 1:colcon.colcon_core.package_identification:_identify(robot/catkin_ws/src/feetech/feetechlib) by extension 'colcon_meta'
[6.575s] Level 1:colcon.colcon_core.package_identification:_identify(robot/catkin_ws/src/feetech/feetechlib) by extensions ['ros']
[6.576s] Level 1:colcon.colcon_core.package_identification:_identify(robot/catkin_ws/src/feetech/feetechlib) by extension 'ros'
[6.705s] DEBUG:colcon.colcon_core.package_identification:Package 'robot/catkin_ws/src/feetech/feetechlib' with type 'ros.catkin' and name 'feetechlib'
[6.744s] Level 1:colcon.colcon_core.package_identification:_identify(robot/catkin_ws/src/feetech_controls) by extensions ['ignore', 'ignore_ament_install']
[6.746s] Level 1:colcon.colcon_core.package_identification:_identify(robot/catkin_ws/src/feetech_controls) by extension 'ignore'
[6.756s] Level 1:colcon.colcon_core.package_identification:_identify(robot/catkin_ws/src/feetech_controls) by extension 'ignore_ament_install'
[6.777s] Level 1:colcon.colcon_core.package_identification:_identify(robot/catkin_ws/src/feetech_controls) by extensions ['colcon_pkg']
[6.778s] Level 1:colcon.colcon_core.package_identification:_identify(robot/catkin_ws/src/feetech_controls) by extension 'colcon_pkg'
[6.789s] Level 1:colcon.colcon_core.package_identification:_identify(robot/catkin_ws/src/feetech_controls) by extensions ['colcon_meta']
[6.791s] Level 1:colcon.colcon_core.package_identification:_identify(robot/catkin_ws/src/feetech_controls) by extension 'colcon_meta'
[6.817s] Level 1:colcon.colcon_core.package_identification:_identify(robot/catkin_ws/src/feetech_controls) by extensions ['ros']
[6.818s] Level 1:colcon.colcon_core.package_identification:_identify(robot/catkin_ws/src/feetech_controls) by extension 'ros'
[6.922s] DEBUG:colcon.colcon_core.package_identification:Package 'robot/catkin_ws/src/feetech_controls' with type 'ros.catkin' and name 'feetech_controls'
[6.963s] Level 1:colcon.colcon_core.package_identification:_identify(robot/catkin_ws/src/main_run) by extensions ['ignore', 'ignore_ament_install']
[6.964s] Level 1:colcon.colcon_core.package_identification:_identify(robot/catkin_ws/src/main_run) by extension 'ignore'
[6.974s] Level 1:colcon.colcon_core.package_identification:_identify(robot/catkin_ws/src/main_run) by extension 'ignore_ament_install'
[6.993s] Level 1:colcon.colcon_core.package_identification:_identify(robot/catkin_ws/src/main_run) by extensions ['colcon_pkg']
[6.994s] Level 1:colcon.colcon_core.package_identification:_identify(robot/catkin_ws/src/main_run) by extension 'colcon_pkg'
[7.004s] Level 1:colcon.colcon_core.package_identification:_identify(robot/catkin_ws/src/main_run) by extensions ['colcon_meta']
[7.004s] Level 1:colcon.colcon_core.package_identification:_identify(robot/catkin_ws/src/main_run) by extension 'colcon_meta'
[7.030s] Level 1:colcon.colcon_core.package_identification:_identify(robot/catkin_ws/src/main_run) by extensions ['ros']
[7.031s] Level 1:colcon.colcon_core.package_identification:_identify(robot/catkin_ws/src/main_run) by extension 'ros'
[7.129s] DEBUG:colcon.colcon_core.package_identification:Package 'robot/catkin_ws/src/main_run' with type 'ros.catkin' and name 'main_run'
[7.171s] Level 1:colcon.colcon_core.package_identification:_identify(robot/catkin_ws/src/odom) by extensions ['ignore', 'ignore_ament_install']
[7.172s] Level 1:colcon.colcon_core.package_identification:_identify(robot/catkin_ws/src/odom) by extension 'ignore'
[7.182s] Level 1:colcon.colcon_core.package_identification:_identify(robot/catkin_ws/src/odom) by extension 'ignore_ament_install'
[7.202s] Level 1:colcon.colcon_core.package_identification:_identify(robot/catkin_ws/src/odom) by extensions ['colcon_pkg']
[7.202s] Level 1:colcon.colcon_core.package_identification:_identify(robot/catkin_ws/src/odom) by extension 'colcon_pkg'
[7.212s] Level 1:colcon.colcon_core.package_identification:_identify(robot/catkin_ws/src/odom) by extensions ['colcon_meta']
[7.213s] Level 1:colcon.colcon_core.package_identification:_identify(robot/catkin_ws/src/odom) by extension 'colcon_meta'
[7.237s] Level 1:colcon.colcon_core.package_identification:_identify(robot/catkin_ws/src/odom) by extensions ['ros']
[7.237s] Level 1:colcon.colcon_core.package_identification:_identify(robot/catkin_ws/src/odom) by extension 'ros'
[7.345s] DEBUG:colcon.colcon_core.package_identification:Package 'robot/catkin_ws/src/odom' with type 'ros.catkin' and name 'odom'
[7.389s] Level 1:colcon.colcon_core.package_identification:_identify(robot/catkin_ws/src/urdf_tutorial) by extensions ['ignore', 'ignore_ament_install']
[7.390s] Level 1:colcon.colcon_core.package_identification:_identify(robot/catkin_ws/src/urdf_tutorial) by extension 'ignore'
[7.399s] Level 1:colcon.colcon_core.package_identification:_identify(robot/catkin_ws/src/urdf_tutorial) by extension 'ignore_ament_install'
[7.416s] Level 1:colcon.colcon_core.package_identification:_identify(robot/catkin_ws/src/urdf_tutorial) by extensions ['colcon_pkg']
[7.417s] Level 1:colcon.colcon_core.package_identification:_identify(robot/catkin_ws/src/urdf_tutorial) by extension 'colcon_pkg'
[7.426s] Level 1:colcon.colcon_core.package_identification:_identify(robot/catkin_ws/src/urdf_tutorial) by extensions ['colcon_meta']
[7.427s] Level 1:colcon.colcon_core.package_identification:_identify(robot/catkin_ws/src/urdf_tutorial) by extension 'colcon_meta'
[7.453s] Level 1:colcon.colcon_core.package_identification:_identify(robot/catkin_ws/src/urdf_tutorial) by extensions ['ros']
[7.454s] Level 1:colcon.colcon_core.package_identification:_identify(robot/catkin_ws/src/urdf_tutorial) by extension 'ros'
[7.564s] DEBUG:colcon.colcon_core.package_identification:Package 'robot/catkin_ws/src/urdf_tutorial' with type 'ros.catkin' and name 'urdf_tutorial'
[7.584s] Level 1:colcon.colcon_core.package_identification:_identify(robot/catkin_ws_isolated) by extensions ['ignore', 'ignore_ament_install']
[7.584s] Level 1:colcon.colcon_core.package_identification:_identify(robot/catkin_ws_isolated) by extension 'ignore'
[7.590s] Level 1:colcon.colcon_core.package_identification:_identify(robot/catkin_ws_isolated) by extension 'ignore_ament_install'
[7.601s] Level 1:colcon.colcon_core.package_identification:_identify(robot/catkin_ws_isolated) by extensions ['colcon_pkg']
[7.602s] Level 1:colcon.colcon_core.package_identification:_identify(robot/catkin_ws_isolated) by extension 'colcon_pkg'
[7.609s] Level 1:colcon.colcon_core.package_identification:_identify(robot/catkin_ws_isolated) by extensions ['colcon_meta']
[7.609s] Level 1:colcon.colcon_core.package_identification:_identify(robot/catkin_ws_isolated) by extension 'colcon_meta'
[7.619s] Level 1:colcon.colcon_core.package_identification:_identify(robot/catkin_ws_isolated) by extensions ['ros']
[7.620s] Level 1:colcon.colcon_core.package_identification:_identify(robot/catkin_ws_isolated) by extension 'ros'
[7.650s] Level 1:colcon.colcon_core.package_identification:_identify(robot/catkin_ws_isolated) by extensions ['cmake', 'python']
[7.651s] Level 1:colcon.colcon_core.package_identification:_identify(robot/catkin_ws_isolated) by extension 'cmake'
[7.657s] Level 1:colcon.colcon_core.package_identification:_identify(robot/catkin_ws_isolated) by extension 'python'
[7.664s] Level 1:colcon.colcon_core.package_identification:_identify(robot/catkin_ws_isolated) by extensions ['python_setup_py']
[7.665s] Level 1:colcon.colcon_core.package_identification:_identify(robot/catkin_ws_isolated) by extension 'python_setup_py'
[7.698s] Level 1:colcon.colcon_core.package_identification:_identify(robot/catkin_ws_isolated/src) by extensions ['ignore', 'ignore_ament_install']
[7.699s] Level 1:colcon.colcon_core.package_identification:_identify(robot/catkin_ws_isolated/src) by extension 'ignore'
[7.707s] Level 1:colcon.colcon_core.package_identification:_identify(robot/catkin_ws_isolated/src) by extension 'ignore_ament_install'
[7.723s] Level 1:colcon.colcon_core.package_identification:_identify(robot/catkin_ws_isolated/src) by extensions ['colcon_pkg']
[7.724s] Level 1:colcon.colcon_core.package_identification:_identify(robot/catkin_ws_isolated/src) by extension 'colcon_pkg'
[7.732s] Level 1:colcon.colcon_core.package_identification:_identify(robot/catkin_ws_isolated/src) by extensions ['colcon_meta']
[7.733s] Level 1:colcon.colcon_core.package_identification:_identify(robot/catkin_ws_isolated/src) by extension 'colcon_meta'
[7.749s] Level 1:colcon.colcon_core.package_identification:_identify(robot/catkin_ws_isolated/src) by extensions ['ros']
[7.749s] Level 1:colcon.colcon_core.package_identification:_identify(robot/catkin_ws_isolated/src) by extension 'ros'
[7.788s] Level 1:colcon.colcon_core.package_identification:_identify(robot/catkin_ws_isolated/src) by extensions ['cmake', 'python']
[7.789s] Level 1:colcon.colcon_core.package_identification:_identify(robot/catkin_ws_isolated/src) by extension 'cmake'
[7.799s] Level 1:colcon.colcon_core.package_identification:_identify(robot/catkin_ws_isolated/src) by extension 'python'
[7.809s] Level 1:colcon.colcon_core.package_identification:_identify(robot/catkin_ws_isolated/src) by extensions ['python_setup_py']
[7.810s] Level 1:colcon.colcon_core.package_identification:_identify(robot/catkin_ws_isolated/src) by extension 'python_setup_py'
[7.863s] Level 1:colcon.colcon_core.package_identification:_identify(robot/catkin_ws_isolated/src/cartographer_ros) by extensions ['ignore', 'ignore_ament_install']
[7.864s] Level 1:colcon.colcon_core.package_identification:_identify(robot/catkin_ws_isolated/src/cartographer_ros) by extension 'ignore'
[7.876s] Level 1:colcon.colcon_core.package_identification:_identify(robot/catkin_ws_isolated/src/cartographer_ros) by extension 'ignore_ament_install'
[7.899s] Level 1:colcon.colcon_core.package_identification:_identify(robot/catkin_ws_isolated/src/cartographer_ros) by extensions ['colcon_pkg']
[7.900s] Level 1:colcon.colcon_core.package_identification:_identify(robot/catkin_ws_isolated/src/cartographer_ros) by extension 'colcon_pkg'
[7.913s] Level 1:colcon.colcon_core.package_identification:_identify(robot/catkin_ws_isolated/src/cartographer_ros) by extensions ['colcon_meta']
[7.914s] Level 1:colcon.colcon_core.package_identification:_identify(robot/catkin_ws_isolated/src/cartographer_ros) by extension 'colcon_meta'
[7.942s] Level 1:colcon.colcon_core.package_identification:_identify(robot/catkin_ws_isolated/src/cartographer_ros) by extensions ['ros']
[7.943s] Level 1:colcon.colcon_core.package_identification:_identify(robot/catkin_ws_isolated/src/cartographer_ros) by extension 'ros'
[7.992s] Level 1:colcon.colcon_core.package_identification:_identify(robot/catkin_ws_isolated/src/cartographer_ros) by extensions ['cmake', 'python']
[7.993s] Level 1:colcon.colcon_core.package_identification:_identify(robot/catkin_ws_isolated/src/cartographer_ros) by extension 'cmake'
[8.002s] Level 1:colcon.colcon_core.package_identification:_identify(robot/catkin_ws_isolated/src/cartographer_ros) by extension 'python'
[8.011s] Level 1:colcon.colcon_core.package_identification:_identify(robot/catkin_ws_isolated/src/cartographer_ros) by extensions ['python_setup_py']
[8.012s] Level 1:colcon.colcon_core.package_identification:_identify(robot/catkin_ws_isolated/src/cartographer_ros) by extension 'python_setup_py'
[8.069s] Level 1:colcon.colcon_core.package_identification:_identify(robot/catkin_ws_isolated/src/cartographer_ros/cartographer_ros) by extensions ['ignore', 'ignore_ament_install']
[8.070s] Level 1:colcon.colcon_core.package_identification:_identify(robot/catkin_ws_isolated/src/cartographer_ros/cartographer_ros) by extension 'ignore'
[8.082s] Level 1:colcon.colcon_core.package_identification:_identify(robot/catkin_ws_isolated/src/cartographer_ros/cartographer_ros) by extension 'ignore_ament_install'
[8.105s] Level 1:colcon.colcon_core.package_identification:_identify(robot/catkin_ws_isolated/src/cartographer_ros/cartographer_ros) by extensions ['colcon_pkg']
[8.106s] Level 1:colcon.colcon_core.package_identification:_identify(robot/catkin_ws_isolated/src/cartographer_ros/cartographer_ros) by extension 'colcon_pkg'
[8.117s] Level 1:colcon.colcon_core.package_identification:_identify(robot/catkin_ws_isolated/src/cartographer_ros/cartographer_ros) by extensions ['colcon_meta']
[8.118s] Level 1:colcon.colcon_core.package_identification:_identify(robot/catkin_ws_isolated/src/cartographer_ros/cartographer_ros) by extension 'colcon_meta'
[8.152s] Level 1:colcon.colcon_core.package_identification:_identify(robot/catkin_ws_isolated/src/cartographer_ros/cartographer_ros) by extensions ['ros']
[8.153s] Level 1:colcon.colcon_core.package_identification:_identify(robot/catkin_ws_isolated/src/cartographer_ros/cartographer_ros) by extension 'ros'
[8.212s] Level 1:colcon.colcon_core.package_identification:_identify(robot/catkin_ws_isolated/src/cartographer_ros/cartographer_ros) by extensions ['cmake', 'python']
[8.213s] Level 1:colcon.colcon_core.package_identification:_identify(robot/catkin_ws_isolated/src/cartographer_ros/cartographer_ros) by extension 'cmake'
[8.224s] Level 1:colcon.colcon_core.package_identification:_identify(robot/catkin_ws_isolated/src/cartographer_ros/cartographer_ros) by extension 'python'
[8.236s] Level 1:colcon.colcon_core.package_identification:_identify(robot/catkin_ws_isolated/src/cartographer_ros/cartographer_ros) by extensions ['python_setup_py']
[8.237s] Level 1:colcon.colcon_core.package_identification:_identify(robot/catkin_ws_isolated/src/cartographer_ros/cartographer_ros) by extension 'python_setup_py'
[8.316s] Level 1:colcon.colcon_core.package_identification:_identify(robot/catkin_ws_isolated/src/cartographer_ros/cartographer_ros/configuration_files) by extensions ['ignore', 'ignore_ament_install']
[8.317s] Level 1:colcon.colcon_core.package_identification:_identify(robot/catkin_ws_isolated/src/cartographer_ros/cartographer_ros/configuration_files) by extension 'ignore'
[8.330s] Level 1:colcon.colcon_core.package_identification:_identify(robot/catkin_ws_isolated/src/cartographer_ros/cartographer_ros/configuration_files) by extension 'ignore_ament_install'
[8.358s] Level 1:colcon.colcon_core.package_identification:_identify(robot/catkin_ws_isolated/src/cartographer_ros/cartographer_ros/configuration_files) by extensions ['colcon_pkg']
[8.358s] Level 1:colcon.colcon_core.package_identification:_identify(robot/catkin_ws_isolated/src/cartographer_ros/cartographer_ros/configuration_files) by extension 'colcon_pkg'
[8.373s] Level 1:colcon.colcon_core.package_identification:_identify(robot/catkin_ws_isolated/src/cartographer_ros/cartographer_ros/configuration_files) by extensions ['colcon_meta']
[8.373s] Level 1:colcon.colcon_core.package_identification:_identify(robot/catkin_ws_isolated/src/cartographer_ros/cartographer_ros/configuration_files) by extension 'colcon_meta'
[8.411s] Level 1:colcon.colcon_core.package_identification:_identify(robot/catkin_ws_isolated/src/cartographer_ros/cartographer_ros/configuration_files) by extensions ['ros']
[8.412s] Level 1:colcon.colcon_core.package_identification:_identify(robot/catkin_ws_isolated/src/cartographer_ros/cartographer_ros/configuration_files) by extension 'ros'
[8.467s] Level 1:colcon.colcon_core.package_identification:_identify(robot/catkin_ws_isolated/src/cartographer_ros/cartographer_ros/configuration_files) by extensions ['cmake', 'python']
[8.468s] Level 1:colcon.colcon_core.package_identification:_identify(robot/catkin_ws_isolated/src/cartographer_ros/cartographer_ros/configuration_files) by extension 'cmake'
[8.480s] Level 1:colcon.colcon_core.package_identification:_identify(robot/catkin_ws_isolated/src/cartographer_ros/cartographer_ros/configuration_files) by extension 'python'
[8.491s] Level 1:colcon.colcon_core.package_identification:_identify(robot/catkin_ws_isolated/src/cartographer_ros/cartographer_ros/configuration_files) by extensions ['python_setup_py']
[8.492s] Level 1:colcon.colcon_core.package_identification:_identify(robot/catkin_ws_isolated/src/cartographer_ros/cartographer_ros/configuration_files) by extension 'python_setup_py'
[8.548s] Level 1:colcon.colcon_core.package_identification:_identify(robot/catkin_ws_isolated/src/cartographer_ros/cartographer_ros/launch) by extensions ['ignore', 'ignore_ament_install']
[8.549s] Level 1:colcon.colcon_core.package_identification:_identify(robot/catkin_ws_isolated/src/cartographer_ros/cartographer_ros/launch) by extension 'ignore'
[8.557s] Level 1:colcon.colcon_core.package_identification:_identify(robot/catkin_ws_isolated/src/cartographer_ros/cartographer_ros/launch) by extension 'ignore_ament_install'
[8.571s] Level 1:colcon.colcon_core.package_identification:_identify(robot/catkin_ws_isolated/src/cartographer_ros/cartographer_ros/launch) by extensions ['colcon_pkg']
[8.571s] Level 1:colcon.colcon_core.package_identification:_identify(robot/catkin_ws_isolated/src/cartographer_ros/cartographer_ros/launch) by extension 'colcon_pkg'
[8.577s] Level 1:colcon.colcon_core.package_identification:_identify(robot/catkin_ws_isolated/src/cartographer_ros/cartographer_ros/launch) by extensions ['colcon_meta']
[8.578s] Level 1:colcon.colcon_core.package_identification:_identify(robot/catkin_ws_isolated/src/cartographer_ros/cartographer_ros/launch) by extension 'colcon_meta'
[8.603s] Level 1:colcon.colcon_core.package_identification:_identify(robot/catkin_ws_isolated/src/cartographer_ros/cartographer_ros/launch) by extensions ['ros']
[8.604s] Level 1:colcon.colcon_core.package_identification:_identify(robot/catkin_ws_isolated/src/cartographer_ros/cartographer_ros/launch) by extension 'ros'
[8.636s] Level 1:colcon.colcon_core.package_identification:_identify(robot/catkin_ws_isolated/src/cartographer_ros/cartographer_ros/launch) by extensions ['cmake', 'python']
[8.637s] Level 1:colcon.colcon_core.package_identification:_identify(robot/catkin_ws_isolated/src/cartographer_ros/cartographer_ros/launch) by extension 'cmake'
[8.645s] Level 1:colcon.colcon_core.package_identification:_identify(robot/catkin_ws_isolated/src/cartographer_ros/cartographer_ros/launch) by extension 'python'
[8.654s] Level 1:colcon.colcon_core.package_identification:_identify(robot/catkin_ws_isolated/src/cartographer_ros/cartographer_ros/launch) by extensions ['python_setup_py']
[8.655s] Level 1:colcon.colcon_core.package_identification:_identify(robot/catkin_ws_isolated/src/cartographer_ros/cartographer_ros/launch) by extension 'python_setup_py'
[8.714s] Level 1:colcon.colcon_core.package_identification:_identify(robot/catkin_ws_isolated/src/cartographer_ros/cartographer_ros/urdf) by extensions ['ignore', 'ignore_ament_install']
[8.715s] Level 1:colcon.colcon_core.package_identification:_identify(robot/catkin_ws_isolated/src/cartographer_ros/cartographer_ros/urdf) by extension 'ignore'
[8.724s] Level 1:colcon.colcon_core.package_identification:_identify(robot/catkin_ws_isolated/src/cartographer_ros/cartographer_ros/urdf) by extension 'ignore_ament_install'
[8.738s] Level 1:colcon.colcon_core.package_identification:_identify(robot/catkin_ws_isolated/src/cartographer_ros/cartographer_ros/urdf) by extensions ['colcon_pkg']
[8.739s] Level 1:colcon.colcon_core.package_identification:_identify(robot/catkin_ws_isolated/src/cartographer_ros/cartographer_ros/urdf) by extension 'colcon_pkg'
[8.745s] Level 1:colcon.colcon_core.package_identification:_identify(robot/catkin_ws_isolated/src/cartographer_ros/cartographer_ros/urdf) by extensions ['colcon_meta']
[8.746s] Level 1:colcon.colcon_core.package_identification:_identify(robot/catkin_ws_isolated/src/cartographer_ros/cartographer_ros/urdf) by extension 'colcon_meta'
[8.768s] Level 1:colcon.colcon_core.package_identification:_identify(robot/catkin_ws_isolated/src/cartographer_ros/cartographer_ros/urdf) by extensions ['ros']
[8.769s] Level 1:colcon.colcon_core.package_identification:_identify(robot/catkin_ws_isolated/src/cartographer_ros/cartographer_ros/urdf) by extension 'ros'
[8.803s] Level 1:colcon.colcon_core.package_identification:_identify(robot/catkin_ws_isolated/src/cartographer_ros/cartographer_ros/urdf) by extensions ['cmake', 'python']
[8.805s] Level 1:colcon.colcon_core.package_identification:_identify(robot/catkin_ws_isolated/src/cartographer_ros/cartographer_ros/urdf) by extension 'cmake'
[8.810s] Level 1:colcon.colcon_core.package_identification:_identify(robot/catkin_ws_isolated/src/cartographer_ros/cartographer_ros/urdf) by extension 'python'
[8.817s] Level 1:colcon.colcon_core.package_identification:_identify(robot/catkin_ws_isolated/src/cartographer_ros/cartographer_ros/urdf) by extensions ['python_setup_py']
[8.817s] Level 1:colcon.colcon_core.package_identification:_identify(robot/catkin_ws_isolated/src/cartographer_ros/cartographer_ros/urdf) by extension 'python_setup_py'
[8.833s] Level 1:colcon.colcon_core.package_identification:_identify(robot/ws_moveit) by extensions ['ignore', 'ignore_ament_install']
[8.833s] Level 1:colcon.colcon_core.package_identification:_identify(robot/ws_moveit) by extension 'ignore'
[8.836s] Level 1:colcon.colcon_core.package_identification:_identify(robot/ws_moveit) by extension 'ignore_ament_install'
[8.842s] Level 1:colcon.colcon_core.package_identification:_identify(robot/ws_moveit) by extensions ['colcon_pkg']
[8.843s] Level 1:colcon.colcon_core.package_identification:_identify(robot/ws_moveit) by extension 'colcon_pkg'
[8.846s] Level 1:colcon.colcon_core.package_identification:_identify(robot/ws_moveit) by extensions ['colcon_meta']
[8.846s] Level 1:colcon.colcon_core.package_identification:_identify(robot/ws_moveit) by extension 'colcon_meta'
[8.851s] Level 1:colcon.colcon_core.package_identification:_identify(robot/ws_moveit) by extensions ['ros']
[8.852s] Level 1:colcon.colcon_core.package_identification:_identify(robot/ws_moveit) by extension 'ros'
[8.864s] Level 1:colcon.colcon_core.package_identification:_identify(robot/ws_moveit) by extensions ['cmake', 'python']
[8.865s] Level 1:colcon.colcon_core.package_identification:_identify(robot/ws_moveit) by extension 'cmake'
[8.868s] Level 1:colcon.colcon_core.package_identification:_identify(robot/ws_moveit) by extension 'python'
[8.872s] Level 1:colcon.colcon_core.package_identification:_identify(robot/ws_moveit) by extensions ['python_setup_py']
[8.872s] Level 1:colcon.colcon_core.package_identification:_identify(robot/ws_moveit) by extension 'python_setup_py'
[8.889s] Level 1:colcon.colcon_core.package_identification:_identify(robot/ws_moveit/src) by extensions ['ignore', 'ignore_ament_install']
[8.889s] Level 1:colcon.colcon_core.package_identification:_identify(robot/ws_moveit/src) by extension 'ignore'
[8.893s] Level 1:colcon.colcon_core.package_identification:_identify(robot/ws_moveit/src) by extension 'ignore_ament_install'
[8.900s] Level 1:colcon.colcon_core.package_identification:_identify(robot/ws_moveit/src) by extensions ['colcon_pkg']
[8.901s] Level 1:colcon.colcon_core.package_identification:_identify(robot/ws_moveit/src) by extension 'colcon_pkg'
[8.904s] Level 1:colcon.colcon_core.package_identification:_identify(robot/ws_moveit/src) by extensions ['colcon_meta']
[8.905s] Level 1:colcon.colcon_core.package_identification:_identify(robot/ws_moveit/src) by extension 'colcon_meta'
[8.914s] Level 1:colcon.colcon_core.package_identification:_identify(robot/ws_moveit/src) by extensions ['ros']
[8.914s] Level 1:colcon.colcon_core.package_identification:_identify(robot/ws_moveit/src) by extension 'ros'
[8.933s] Level 1:colcon.colcon_core.package_identification:_identify(robot/ws_moveit/src) by extensions ['cmake', 'python']
[8.933s] Level 1:colcon.colcon_core.package_identification:_identify(robot/ws_moveit/src) by extension 'cmake'
[8.937s] Level 1:colcon.colcon_core.package_identification:_identify(robot/ws_moveit/src) by extension 'python'
[8.942s] Level 1:colcon.colcon_core.package_identification:_identify(robot/ws_moveit/src) by extensions ['python_setup_py']
[8.943s] Level 1:colcon.colcon_core.package_identification:_identify(robot/ws_moveit/src) by extension 'python_setup_py'
[8.982s] Level 1:colcon.colcon_core.package_identification:_identify(robot/ws_moveit/src/feetech_moveit) by extensions ['ignore', 'ignore_ament_install']
[8.984s] Level 1:colcon.colcon_core.package_identification:_identify(robot/ws_moveit/src/feetech_moveit) by extension 'ignore'
[8.995s] Level 1:colcon.colcon_core.package_identification:_identify(robot/ws_moveit/src/feetech_moveit) by extension 'ignore_ament_install'
[9.014s] Level 1:colcon.colcon_core.package_identification:_identify(robot/ws_moveit/src/feetech_moveit) by extensions ['colcon_pkg']
[9.015s] Level 1:colcon.colcon_core.package_identification:_identify(robot/ws_moveit/src/feetech_moveit) by extension 'colcon_pkg'
[9.027s] Level 1:colcon.colcon_core.package_identification:_identify(robot/ws_moveit/src/feetech_moveit) by extensions ['colcon_meta']
[9.028s] Level 1:colcon.colcon_core.package_identification:_identify(robot/ws_moveit/src/feetech_moveit) by extension 'colcon_meta'
[9.052s] Level 1:colcon.colcon_core.package_identification:_identify(robot/ws_moveit/src/feetech_moveit) by extensions ['ros']
[9.052s] Level 1:colcon.colcon_core.package_identification:_identify(robot/ws_moveit/src/feetech_moveit) by extension 'ros'
[9.298s] DEBUG:colcon.colcon_core.package_identification:Package 'robot/ws_moveit/src/feetech_moveit' with type 'ros.catkin' and name 'feetech_moveit'
[9.319s] Level 1:colcon.colcon_core.package_identification:_identify(robot/ws_moveit/src/moveit_tutorials) by extensions ['ignore', 'ignore_ament_install']
[9.320s] Level 1:colcon.colcon_core.package_identification:_identify(robot/ws_moveit/src/moveit_tutorials) by extension 'ignore'
[9.327s] Level 1:colcon.colcon_core.package_identification:_identify(robot/ws_moveit/src/moveit_tutorials) by extension 'ignore_ament_install'
[9.335s] Level 1:colcon.colcon_core.package_identification:_identify(robot/ws_moveit/src/moveit_tutorials) by extensions ['colcon_pkg']
[9.335s] Level 1:colcon.colcon_core.package_identification:_identify(robot/ws_moveit/src/moveit_tutorials) by extension 'colcon_pkg'
[9.341s] Level 1:colcon.colcon_core.package_identification:_identify(robot/ws_moveit/src/moveit_tutorials) by extensions ['colcon_meta']
[9.342s] Level 1:colcon.colcon_core.package_identification:_identify(robot/ws_moveit/src/moveit_tutorials) by extension 'colcon_meta'
[9.355s] Level 1:colcon.colcon_core.package_identification:_identify(robot/ws_moveit/src/moveit_tutorials) by extensions ['ros']
[9.356s] Level 1:colcon.colcon_core.package_identification:_identify(robot/ws_moveit/src/moveit_tutorials) by extension 'ros'
[9.378s] Level 1:colcon.colcon_core.package_identification:_identify(robot/ws_moveit/src/moveit_tutorials) by extensions ['cmake', 'python']
[9.379s] Level 1:colcon.colcon_core.package_identification:_identify(robot/ws_moveit/src/moveit_tutorials) by extension 'cmake'
[9.383s] Level 1:colcon.colcon_core.package_identification:_identify(robot/ws_moveit/src/moveit_tutorials) by extension 'python'
[9.387s] Level 1:colcon.colcon_core.package_identification:_identify(robot/ws_moveit/src/moveit_tutorials) by extensions ['python_setup_py']
[9.387s] Level 1:colcon.colcon_core.package_identification:_identify(robot/ws_moveit/src/moveit_tutorials) by extension 'python_setup_py'
[9.410s] Level 1:colcon.colcon_core.package_identification:_identify(robot/ws_moveit/src/moveit_tutorials/doc) by extensions ['ignore', 'ignore_ament_install']
[9.411s] Level 1:colcon.colcon_core.package_identification:_identify(robot/ws_moveit/src/moveit_tutorials/doc) by extension 'ignore'
[9.416s] Level 1:colcon.colcon_core.package_identification:_identify(robot/ws_moveit/src/moveit_tutorials/doc) by extension 'ignore_ament_install'
[9.423s] Level 1:colcon.colcon_core.package_identification:_identify(robot/ws_moveit/src/moveit_tutorials/doc) by extensions ['colcon_pkg']
[9.424s] Level 1:colcon.colcon_core.package_identification:_identify(robot/ws_moveit/src/moveit_tutorials/doc) by extension 'colcon_pkg'
[9.430s] Level 1:colcon.colcon_core.package_identification:_identify(robot/ws_moveit/src/moveit_tutorials/doc) by extensions ['colcon_meta']
[9.431s] Level 1:colcon.colcon_core.package_identification:_identify(robot/ws_moveit/src/moveit_tutorials/doc) by extension 'colcon_meta'
[9.453s] Level 1:colcon.colcon_core.package_identification:_identify(robot/ws_moveit/src/moveit_tutorials/doc) by extensions ['ros']
[9.454s] Level 1:colcon.colcon_core.package_identification:_identify(robot/ws_moveit/src/moveit_tutorials/doc) by extension 'ros'
[9.481s] Level 1:colcon.colcon_core.package_identification:_identify(robot/ws_moveit/src/moveit_tutorials/doc) by extensions ['cmake', 'python']
[9.481s] Level 1:colcon.colcon_core.package_identification:_identify(robot/ws_moveit/src/moveit_tutorials/doc) by extension 'cmake'
[9.487s] Level 1:colcon.colcon_core.package_identification:_identify(robot/ws_moveit/src/moveit_tutorials/doc) by extension 'python'
[9.495s] Level 1:colcon.colcon_core.package_identification:_identify(robot/ws_moveit/src/moveit_tutorials/doc) by extensions ['python_setup_py']
[9.495s] Level 1:colcon.colcon_core.package_identification:_identify(robot/ws_moveit/src/moveit_tutorials/doc) by extension 'python_setup_py'
[9.552s] Level 1:colcon.colcon_core.package_identification:_identify(robot/ws_moveit/src/moveit_tutorials/doc/move_group_interface) by extensions ['ignore', 'ignore_ament_install']
[9.553s] Level 1:colcon.colcon_core.package_identification:_identify(robot/ws_moveit/src/moveit_tutorials/doc/move_group_interface) by extension 'ignore'
[9.571s] Level 1:colcon.colcon_core.package_identification:_identify(robot/ws_moveit/src/moveit_tutorials/doc/move_group_interface) by extension 'ignore_ament_install'
[9.602s] Level 1:colcon.colcon_core.package_identification:_identify(robot/ws_moveit/src/moveit_tutorials/doc/move_group_interface) by extensions ['colcon_pkg']
[9.603s] Level 1:colcon.colcon_core.package_identification:_identify(robot/ws_moveit/src/moveit_tutorials/doc/move_group_interface) by extension 'colcon_pkg'
[9.617s] Level 1:colcon.colcon_core.package_identification:_identify(robot/ws_moveit/src/moveit_tutorials/doc/move_group_interface) by extensions ['colcon_meta']
[9.618s] Level 1:colcon.colcon_core.package_identification:_identify(robot/ws_moveit/src/moveit_tutorials/doc/move_group_interface) by extension 'colcon_meta'
[9.665s] Level 1:colcon.colcon_core.package_identification:_identify(robot/ws_moveit/src/moveit_tutorials/doc/move_group_interface) by extensions ['ros']
[9.666s] Level 1:colcon.colcon_core.package_identification:_identify(robot/ws_moveit/src/moveit_tutorials/doc/move_group_interface) by extension 'ros'
[9.734s] Level 1:colcon.colcon_core.package_identification:_identify(robot/ws_moveit/src/moveit_tutorials/doc/move_group_interface) by extensions ['cmake', 'python']
[9.735s] Level 1:colcon.colcon_core.package_identification:_identify(robot/ws_moveit/src/moveit_tutorials/doc/move_group_interface) by extension 'cmake'
[9.922s] Level 1:colcon.colcon_core.package_identification:_identify(robot/ws_moveit/src/moveit_tutorials/doc/move_group_interface) by extension 'python'
[9.936s] DEBUG:colcon.colcon_core.package_identification:Package 'robot/ws_moveit/src/moveit_tutorials/doc/move_group_interface' with type 'cmake' and name 'move_group_interface'
[10.010s] Level 1:colcon.colcon_core.package_identification:_identify(robot/ws_moveit/src/moveit_tutorials/doc/perception_pipeline) by extensions ['ignore', 'ignore_ament_install']
[10.011s] Level 1:colcon.colcon_core.package_identification:_identify(robot/ws_moveit/src/moveit_tutorials/doc/perception_pipeline) by extension 'ignore'
[10.027s] Level 1:colcon.colcon_core.package_identification:_identify(robot/ws_moveit/src/moveit_tutorials/doc/perception_pipeline) by extension 'ignore_ament_install'
[10.060s] Level 1:colcon.colcon_core.package_identification:_identify(robot/ws_moveit/src/moveit_tutorials/doc/perception_pipeline) by extensions ['colcon_pkg']
[10.062s] Level 1:colcon.colcon_core.package_identification:_identify(robot/ws_moveit/src/moveit_tutorials/doc/perception_pipeline) by extension 'colcon_pkg'
[10.077s] Level 1:colcon.colcon_core.package_identification:_identify(robot/ws_moveit/src/moveit_tutorials/doc/perception_pipeline) by extensions ['colcon_meta']
[10.078s] Level 1:colcon.colcon_core.package_identification:_identify(robot/ws_moveit/src/moveit_tutorials/doc/perception_pipeline) by extension 'colcon_meta'
[10.128s] Level 1:colcon.colcon_core.package_identification:_identify(robot/ws_moveit/src/moveit_tutorials/doc/perception_pipeline) by extensions ['ros']
[10.129s] Level 1:colcon.colcon_core.package_identification:_identify(robot/ws_moveit/src/moveit_tutorials/doc/perception_pipeline) by extension 'ros'
[10.199s] Level 1:colcon.colcon_core.package_identification:_identify(robot/ws_moveit/src/moveit_tutorials/doc/perception_pipeline) by extensions ['cmake', 'python']
[10.200s] Level 1:colcon.colcon_core.package_identification:_identify(robot/ws_moveit/src/moveit_tutorials/doc/perception_pipeline) by extension 'cmake'
[10.407s] Level 1:colcon.colcon_core.package_identification:_identify(robot/ws_moveit/src/moveit_tutorials/doc/perception_pipeline) by extension 'python'
[10.422s] DEBUG:colcon.colcon_core.package_identification:Package 'robot/ws_moveit/src/moveit_tutorials/doc/perception_pipeline' with type 'cmake' and name 'perception_pipeline'
[10.423s] Level 1:colcon.colcon_core.package_discovery:discover_packages(recursive) using defaults
[10.424s] Level 1:colcon.colcon_core.package_discovery:discover_packages(ignore) discover
[10.425s] Level 1:colcon.colcon_core.package_discovery:discover_packages(ignore) using defaults
[10.426s] Level 1:colcon.colcon_core.package_discovery:discover_packages(path) discover
[10.427s] Level 1:colcon.colcon_core.package_discovery:discover_packages(path) using defaults
[11.512s] Level 1:colcon.colcon_core.package_discovery:discover_packages(prefix_path) check parameters
[11.513s] Level 1:colcon.colcon_core.package_discovery:discover_packages(prefix_path) discover
[12.286s] DEBUG:colcon.colcon_installed_package_information.package_discovery:Found 10 installed packages in /mnt/c/Users/User/Downloads/Candle_TheRobot-main/colcon_ws/install
[12.289s] DEBUG:colcon.colcon_installed_package_information.package_discovery:Found 378 installed packages in /opt/ros/humble
[12.343s] Level 1:colcon.colcon_core.package_discovery:discover_packages(prefix_path) using defaults
[13.191s] ERROR:colcon:colcon build: Duplicate package names not supported:
- feetechlib:
  - colcon_ws/src/feetech/feetechlib
  - robot/catkin_ws/src/feetech/feetechlib
- main_run:
  - colcon_ws/src/main_run
  - robot/catkin_ws/src/main_run
- odom:
  - colcon_ws/src/odom
  - robot/catkin_ws/src/odom
- urdf_tutorial:
  - colcon_ws/src/urdf_tutorial
  - robot/catkin_ws/src/urdf_tutorial
