-- The C compiler identification is GNU 11.4.0
-- The CXX compiler identification is GNU 11.4.0
-- Detecting C compiler ABI info
-- Detecting C compiler ABI info - done
-- Check for working C compiler: /usr/bin/cc - skipped
-- Detecting C compile features
-- Detecting C compile features - done
-- Detecting CXX compiler ABI info
-- Detecting CXX compiler ABI info - done
-- Check for working CXX compiler: /usr/bin/c++ - skipped
-- Detecting CXX compile features
-- Detecting CXX compile features - done
-- Found ament_cmake: 1.3.12 (/opt/ros/humble/share/ament_cmake/cmake)
-- Found Python3: /usr/bin/python3 (found version "3.10.12") found components: Interpreter 
-- Override CMake install command with custom implementation using symlinks instead of copying resources
-- Found rclcpp: 16.0.17 (/opt/ros/humble/share/rclcpp/cmake)
-- Found rosidl_generator_c: 3.1.8 (/opt/ros/humble/share/rosidl_generator_c/cmake)
-- Found rosidl_adapter: 3.1.8 (/opt/ros/humble/share/rosidl_adapter/cmake)
-- Found rosidl_generator_cpp: 3.1.8 (/opt/ros/humble/share/rosidl_generator_cpp/cmake)
-- Using all available rosidl_typesupport_c: rosidl_typesupport_fastrtps_c;rosidl_typesupport_introspection_c
-- Using all available rosidl_typesupport_cpp: rosidl_typesupport_fastrtps_cpp;rosidl_typesupport_introspection_cpp
-- Found rmw_implementation_cmake: 6.1.2 (/opt/ros/humble/share/rmw_implementation_cmake/cmake)
-- Found rmw_fastrtps_cpp: 6.2.9 (/opt/ros/humble/share/rmw_fastrtps_cpp/cmake)
-- Found OpenSSL: /usr/lib/x86_64-linux-gnu/libcrypto.so (found version "3.0.2")  
-- Found FastRTPS: /opt/ros/humble/include  
-- Using RMW implementation 'rmw_fastrtps_cpp' as default
-- Looking for pthread.h
-- Looking for pthread.h - found
-- Performing Test CMAKE_HAVE_LIBC_PTHREAD
-- Performing Test CMAKE_HAVE_LIBC_PTHREAD - Success
-- Found Threads: TRUE  
-- Configuring done
-- Generating done
-- Build files have been written to: /mnt/c/Users/User/Downloads/Candle_TheRobot-main/colcon_ws/build/feetechlib
[ 33%] [32mBuilding CXX object CMakeFiles/feetechlib.dir/src/SCS.cpp.o[0m
[ 33%] [32mBuilding CXX object CMakeFiles/feetechlib.dir/src/SCSCL.cpp.o[0m
[ 66%] [32mBuilding CXX object CMakeFiles/feetechlib.dir/src/SMSBL.cpp.o[0m
[ 66%] [32mBuilding CXX object CMakeFiles/feetechlib.dir/src/SCSerial.cpp.o[0m
[ 83%] [32mBuilding CXX object CMakeFiles/feetechlib.dir/src/SMSCL.cpp.o[0m
[100%] [32m[1mLinking CXX shared library libfeetechlib.so[0m
[100%] Built target feetechlib
-- Install configuration: ""
-- Execute custom install script
-- Symlinking: /mnt/c/Users/User/Downloads/Candle_TheRobot-main/colcon_ws/install/feetechlib/include/feetechlib/INST.h
-- Symlinking: /mnt/c/Users/User/Downloads/Candle_TheRobot-main/colcon_ws/install/feetechlib/include/feetechlib/SCS.h
-- Symlinking: /mnt/c/Users/User/Downloads/Candle_TheRobot-main/colcon_ws/install/feetechlib/include/feetechlib/SCSCL.h
-- Symlinking: /mnt/c/Users/User/Downloads/Candle_TheRobot-main/colcon_ws/install/feetechlib/include/feetechlib/SCSerial.h
-- Symlinking: /mnt/c/Users/User/Downloads/Candle_TheRobot-main/colcon_ws/install/feetechlib/include/feetechlib/SCServo.h
-- Symlinking: /mnt/c/Users/User/Downloads/Candle_TheRobot-main/colcon_ws/install/feetechlib/include/feetechlib/SMSBL.h
-- Symlinking: /mnt/c/Users/User/Downloads/Candle_TheRobot-main/colcon_ws/install/feetechlib/include/feetechlib/SMSCL.h
-- Symlinking: /mnt/c/Users/User/Downloads/Candle_TheRobot-main/colcon_ws/install/feetechlib/share/ament_index/resource_index/package_run_dependencies/feetechlib
-- Symlinking: /mnt/c/Users/User/Downloads/Candle_TheRobot-main/colcon_ws/install/feetechlib/share/ament_index/resource_index/parent_prefix_path/feetechlib
-- Symlinking: /mnt/c/Users/User/Downloads/Candle_TheRobot-main/colcon_ws/install/feetechlib/share/feetechlib/environment/ament_prefix_path.sh
-- Symlinking: /mnt/c/Users/User/Downloads/Candle_TheRobot-main/colcon_ws/install/feetechlib/share/feetechlib/environment/ament_prefix_path.dsv
-- Symlinking: /mnt/c/Users/User/Downloads/Candle_TheRobot-main/colcon_ws/install/feetechlib/share/feetechlib/environment/path.sh
-- Symlinking: /mnt/c/Users/User/Downloads/Candle_TheRobot-main/colcon_ws/install/feetechlib/share/feetechlib/environment/path.dsv
-- Symlinking: /mnt/c/Users/User/Downloads/Candle_TheRobot-main/colcon_ws/install/feetechlib/share/feetechlib/local_setup.bash
-- Symlinking: /mnt/c/Users/User/Downloads/Candle_TheRobot-main/colcon_ws/install/feetechlib/share/feetechlib/local_setup.sh
-- Symlinking: /mnt/c/Users/User/Downloads/Candle_TheRobot-main/colcon_ws/install/feetechlib/share/feetechlib/local_setup.zsh
-- Symlinking: /mnt/c/Users/User/Downloads/Candle_TheRobot-main/colcon_ws/install/feetechlib/share/feetechlib/local_setup.dsv
-- Symlinking: /mnt/c/Users/User/Downloads/Candle_TheRobot-main/colcon_ws/install/feetechlib/share/feetechlib/package.dsv
-- Symlinking: /mnt/c/Users/User/Downloads/Candle_TheRobot-main/colcon_ws/install/feetechlib/share/ament_index/resource_index/packages/feetechlib
-- Symlinking: /mnt/c/Users/User/Downloads/Candle_TheRobot-main/colcon_ws/install/feetechlib/share/feetechlib/cmake/ament_cmake_export_targets-extras.cmake
-- Symlinking: /mnt/c/Users/User/Downloads/Candle_TheRobot-main/colcon_ws/install/feetechlib/share/feetechlib/cmake/ament_cmake_export_dependencies-extras.cmake
-- Symlinking: /mnt/c/Users/User/Downloads/Candle_TheRobot-main/colcon_ws/install/feetechlib/share/feetechlib/cmake/feetechlibConfig.cmake
-- Symlinking: /mnt/c/Users/User/Downloads/Candle_TheRobot-main/colcon_ws/install/feetechlib/share/feetechlib/cmake/feetechlibConfig-version.cmake
-- Symlinking: /mnt/c/Users/User/Downloads/Candle_TheRobot-main/colcon_ws/install/feetechlib/share/feetechlib/package.xml
-- Installing: /mnt/c/Users/User/Downloads/Candle_TheRobot-main/colcon_ws/install/feetechlib/lib/libfeetechlib.so
-- Set runtime path of "/mnt/c/Users/User/Downloads/Candle_TheRobot-main/colcon_ws/install/feetechlib/lib/libfeetechlib.so" to ""
-- Installing: /mnt/c/Users/User/Downloads/Candle_TheRobot-main/colcon_ws/install/feetechlib/share/feetechlib/cmake/export_feetechlibExport.cmake
-- Installing: /mnt/c/Users/User/Downloads/Candle_TheRobot-main/colcon_ws/install/feetechlib/share/feetechlib/cmake/export_feetechlibExport-noconfig.cmake
