[0.602s] Invoking command in '/mnt/c/Users/User/Downloads/Candle_TheRobot-main/colcon_ws/build/dynamixel_sdk': CMAKE_PREFIX_PATH=${CMAKE_PREFIX_PATH}:/opt/ros/humble /usr/bin/cmake --build /mnt/c/Users/User/Downloads/Candle_TheRobot-main/colcon_ws/build/dynamixel_sdk -- -j20 -l20
[7.234s] [100%] Built target dynamixel_sdk
[8.474s] Invoked command in '/mnt/c/Users/User/Downloads/Candle_TheRobot-main/colcon_ws/build/dynamixel_sdk' returned '0': CMAKE_PREFIX_PATH=${CMAKE_PREFIX_PATH}:/opt/ros/humble /usr/bin/cmake --build /mnt/c/Users/User/Downloads/Candle_TheRobot-main/colcon_ws/build/dynamixel_sdk -- -j20 -l20
[8.615s] Invoking command in '/mnt/c/Users/User/Downloads/Candle_TheRobot-main/colcon_ws/build/dynamixel_sdk': CMAKE_PREFIX_PATH=${CMAKE_PREFIX_PATH}:/opt/ros/humble /usr/bin/cmake --install /mnt/c/Users/User/Downloads/Candle_TheRobot-main/colcon_ws/build/dynamixel_sdk
[9.814s] -- Install configuration: ""
[9.883s] -- Execute custom install script
[10.590s] -- Up-to-date symlink: /mnt/c/Users/User/Downloads/Candle_TheRobot-main/colcon_ws/install/dynamixel_sdk/include//dynamixel_sdk/dynamixel_sdk.h
[10.770s] -- Up-to-date symlink: /mnt/c/Users/User/Downloads/Candle_TheRobot-main/colcon_ws/install/dynamixel_sdk/include//dynamixel_sdk/group_bulk_read.h
[11.035s] -- Up-to-date symlink: /mnt/c/Users/User/Downloads/Candle_TheRobot-main/colcon_ws/install/dynamixel_sdk/include//dynamixel_sdk/group_bulk_write.h
[11.270s] -- Up-to-date symlink: /mnt/c/Users/User/Downloads/Candle_TheRobot-main/colcon_ws/install/dynamixel_sdk/include//dynamixel_sdk/group_sync_read.h
[11.424s] -- Up-to-date symlink: /mnt/c/Users/User/Downloads/Candle_TheRobot-main/colcon_ws/install/dynamixel_sdk/include//dynamixel_sdk/group_sync_write.h
[11.802s] -- Up-to-date symlink: /mnt/c/Users/User/Downloads/Candle_TheRobot-main/colcon_ws/install/dynamixel_sdk/include//dynamixel_sdk/packet_handler.h
[12.067s] -- Up-to-date symlink: /mnt/c/Users/User/Downloads/Candle_TheRobot-main/colcon_ws/install/dynamixel_sdk/include//dynamixel_sdk/port_handler.h
[12.228s] -- Up-to-date symlink: /mnt/c/Users/User/Downloads/Candle_TheRobot-main/colcon_ws/install/dynamixel_sdk/include//dynamixel_sdk/port_handler_arduino.h
[12.448s] -- Up-to-date symlink: /mnt/c/Users/User/Downloads/Candle_TheRobot-main/colcon_ws/install/dynamixel_sdk/include//dynamixel_sdk/port_handler_linux.h
[12.821s] -- Up-to-date symlink: /mnt/c/Users/User/Downloads/Candle_TheRobot-main/colcon_ws/install/dynamixel_sdk/include//dynamixel_sdk/port_handler_mac.h
[13.085s] -- Up-to-date symlink: /mnt/c/Users/User/Downloads/Candle_TheRobot-main/colcon_ws/install/dynamixel_sdk/include//dynamixel_sdk/port_handler_windows.h
[13.371s] -- Up-to-date symlink: /mnt/c/Users/User/Downloads/Candle_TheRobot-main/colcon_ws/install/dynamixel_sdk/include//dynamixel_sdk/protocol1_packet_handler.h
[13.600s] -- Up-to-date symlink: /mnt/c/Users/User/Downloads/Candle_TheRobot-main/colcon_ws/install/dynamixel_sdk/include//dynamixel_sdk/protocol2_packet_handler.h
[13.693s] -- Up-to-date symlink: /mnt/c/Users/User/Downloads/Candle_TheRobot-main/colcon_ws/install/dynamixel_sdk/lib/libdynamixel_sdk.so
[13.786s] -- Up-to-date symlink: /mnt/c/Users/User/Downloads/Candle_TheRobot-main/colcon_ws/install/dynamixel_sdk/share/dynamixel_sdk/environment/library_path.sh
[13.912s] -- Up-to-date symlink: /mnt/c/Users/User/Downloads/Candle_TheRobot-main/colcon_ws/install/dynamixel_sdk/share/dynamixel_sdk/environment/library_path.dsv
[14.139s] -- Up-to-date symlink: /mnt/c/Users/User/Downloads/Candle_TheRobot-main/colcon_ws/install/dynamixel_sdk/share/ament_index/resource_index/package_run_dependencies/dynamixel_sdk
[14.437s] -- Up-to-date symlink: /mnt/c/Users/User/Downloads/Candle_TheRobot-main/colcon_ws/install/dynamixel_sdk/share/ament_index/resource_index/parent_prefix_path/dynamixel_sdk
[14.509s] -- Up-to-date symlink: /mnt/c/Users/User/Downloads/Candle_TheRobot-main/colcon_ws/install/dynamixel_sdk/share/dynamixel_sdk/environment/ament_prefix_path.sh
[14.630s] -- Up-to-date symlink: /mnt/c/Users/User/Downloads/Candle_TheRobot-main/colcon_ws/install/dynamixel_sdk/share/dynamixel_sdk/environment/ament_prefix_path.dsv
[14.735s] -- Up-to-date symlink: /mnt/c/Users/User/Downloads/Candle_TheRobot-main/colcon_ws/install/dynamixel_sdk/share/dynamixel_sdk/environment/path.sh
[14.847s] -- Up-to-date symlink: /mnt/c/Users/User/Downloads/Candle_TheRobot-main/colcon_ws/install/dynamixel_sdk/share/dynamixel_sdk/environment/path.dsv
[14.929s] -- Up-to-date symlink: /mnt/c/Users/User/Downloads/Candle_TheRobot-main/colcon_ws/install/dynamixel_sdk/share/dynamixel_sdk/local_setup.bash
[15.011s] -- Up-to-date symlink: /mnt/c/Users/User/Downloads/Candle_TheRobot-main/colcon_ws/install/dynamixel_sdk/share/dynamixel_sdk/local_setup.sh
[15.122s] -- Up-to-date symlink: /mnt/c/Users/User/Downloads/Candle_TheRobot-main/colcon_ws/install/dynamixel_sdk/share/dynamixel_sdk/local_setup.zsh
[15.232s] -- Up-to-date symlink: /mnt/c/Users/User/Downloads/Candle_TheRobot-main/colcon_ws/install/dynamixel_sdk/share/dynamixel_sdk/local_setup.dsv
[15.308s] -- Symlinking: /mnt/c/Users/User/Downloads/Candle_TheRobot-main/colcon_ws/install/dynamixel_sdk/share/dynamixel_sdk/package.dsv
[16.768s] -- Up-to-date symlink: /mnt/c/Users/User/Downloads/Candle_TheRobot-main/colcon_ws/install/dynamixel_sdk/share/ament_index/resource_index/packages/dynamixel_sdk
[16.863s] -- Up-to-date symlink: /mnt/c/Users/User/Downloads/Candle_TheRobot-main/colcon_ws/install/dynamixel_sdk/share/dynamixel_sdk/cmake/ament_cmake_export_include_directories-extras.cmake
[16.930s] -- Up-to-date symlink: /mnt/c/Users/User/Downloads/Candle_TheRobot-main/colcon_ws/install/dynamixel_sdk/share/dynamixel_sdk/cmake/ament_cmake_export_libraries-extras.cmake
[17.043s] -- Up-to-date symlink: /mnt/c/Users/User/Downloads/Candle_TheRobot-main/colcon_ws/install/dynamixel_sdk/share/dynamixel_sdk/cmake/dynamixel_sdkConfig.cmake
[17.118s] -- Up-to-date symlink: /mnt/c/Users/User/Downloads/Candle_TheRobot-main/colcon_ws/install/dynamixel_sdk/share/dynamixel_sdk/cmake/dynamixel_sdkConfig-version.cmake
[17.249s] -- Up-to-date symlink: /mnt/c/Users/User/Downloads/Candle_TheRobot-main/colcon_ws/install/dynamixel_sdk/share/dynamixel_sdk/package.xml
[19.911s] Invoked command in '/mnt/c/Users/User/Downloads/Candle_TheRobot-main/colcon_ws/build/dynamixel_sdk' returned '0': CMAKE_PREFIX_PATH=${CMAKE_PREFIX_PATH}:/opt/ros/humble /usr/bin/cmake --install /mnt/c/Users/User/Downloads/Candle_TheRobot-main/colcon_ws/build/dynamixel_sdk
