[0.436s] DEBUG:colcon:Command line arguments: ['/usr/bin/colcon', 'build', '--symlink-install', '--packages-select', 'main_run']
[0.437s] DEBUG:colcon:Parsed command line arguments: Namespace(log_base=None, log_level=None, verb_name='build', build_base='build', install_base='install', merge_install=False, symlink_install=True, test_result_base=None, continue_on_error=False, executor='parallel', parallel_workers=20, event_handlers=None, ignore_user_meta=False, metas=['./colcon.meta'], base_paths=['.'], packages_ignore=None, packages_ignore_regex=None, paths=None, packages_up_to=None, packages_up_to_regex=None, packages_above=None, packages_above_and_dependencies=None, packages_above_depth=None, packages_select_by_dep=None, packages_skip_by_dep=None, packages_skip_up_to=None, packages_select_build_failed=False, packages_skip_build_finished=False, packages_select_test_failures=False, packages_skip_test_passed=False, packages_select=['main_run'], packages_skip=None, packages_select_regex=None, packages_skip_regex=None, packages_start=None, packages_end=None, allow_overriding=[], cmake_args=None, cmake_target=None, cmake_target_skip_unavailable=False, cmake_clean_cache=False, cmake_clean_first=False, cmake_force_configure=False, ament_cmake_args=None, catkin_cmake_args=None, catkin_skip_building_tests=False, verb_parser=<colcon_defaults.argument_parser.defaults.DefaultArgumentsDecorator object at 0x7c5e9b6aa5f0>, verb_extension=<colcon_core.verb.build.BuildVerb object at 0x7c5e9b6aa230>, main=<bound method BuildVerb.main of <colcon_core.verb.build.BuildVerb object at 0x7c5e9b6aa230>>)
[0.717s] Level 1:colcon.colcon_core.package_discovery:discover_packages(colcon_meta) check parameters
[0.719s] Level 1:colcon.colcon_core.package_discovery:discover_packages(recursive) check parameters
[0.719s] Level 1:colcon.colcon_core.package_discovery:discover_packages(ignore) check parameters
[0.720s] Level 1:colcon.colcon_core.package_discovery:discover_packages(path) check parameters
[0.720s] Level 1:colcon.colcon_core.package_discovery:discover_packages(colcon_meta) discover
[0.721s] Level 1:colcon.colcon_core.package_discovery:discover_packages(recursive) discover
[0.721s] INFO:colcon.colcon_core.package_discovery:Crawling recursively for packages in '/mnt/c/Users/User/Downloads/Candle_TheRobot-main'
[0.725s] Level 1:colcon.colcon_core.package_identification:_identify(.) by extensions ['ignore', 'ignore_ament_install']
[0.726s] Level 1:colcon.colcon_core.package_identification:_identify(.) by extension 'ignore'
[0.727s] Level 1:colcon.colcon_core.package_identification:_identify(.) by extension 'ignore_ament_install'
[0.728s] Level 1:colcon.colcon_core.package_identification:_identify(.) by extensions ['colcon_pkg']
[0.729s] Level 1:colcon.colcon_core.package_identification:_identify(.) by extension 'colcon_pkg'
[0.730s] Level 1:colcon.colcon_core.package_identification:_identify(.) by extensions ['colcon_meta']
[0.730s] Level 1:colcon.colcon_core.package_identification:_identify(.) by extension 'colcon_meta'
[0.731s] Level 1:colcon.colcon_core.package_identification:_identify(.) by extensions ['ros']
[0.732s] Level 1:colcon.colcon_core.package_identification:_identify(.) by extension 'ros'
[0.747s] Level 1:colcon.colcon_core.package_identification:_identify(.) by extensions ['cmake', 'python']
[0.747s] Level 1:colcon.colcon_core.package_identification:_identify(.) by extension 'cmake'
[0.748s] Level 1:colcon.colcon_core.package_identification:_identify(.) by extension 'python'
[0.749s] Level 1:colcon.colcon_core.package_identification:_identify(.) by extensions ['python_setup_py']
[0.749s] Level 1:colcon.colcon_core.package_identification:_identify(.) by extension 'python_setup_py'
[0.757s] Level 1:colcon.colcon_core.package_identification:_identify(build) by extensions ['ignore', 'ignore_ament_install']
[0.757s] Level 1:colcon.colcon_core.package_identification:_identify(build) by extension 'ignore'
[0.765s] Level 1:colcon.colcon_core.package_identification:_identify(build) ignored
[0.769s] Level 1:colcon.colcon_core.package_identification:_identify(colcon_ws) by extensions ['ignore', 'ignore_ament_install']
[0.770s] Level 1:colcon.colcon_core.package_identification:_identify(colcon_ws) by extension 'ignore'
[0.771s] Level 1:colcon.colcon_core.package_identification:_identify(colcon_ws) by extension 'ignore_ament_install'
[0.772s] Level 1:colcon.colcon_core.package_identification:_identify(colcon_ws) by extensions ['colcon_pkg']
[0.773s] Level 1:colcon.colcon_core.package_identification:_identify(colcon_ws) by extension 'colcon_pkg'
[0.774s] Level 1:colcon.colcon_core.package_identification:_identify(colcon_ws) by extensions ['colcon_meta']
[0.774s] Level 1:colcon.colcon_core.package_identification:_identify(colcon_ws) by extension 'colcon_meta'
[0.775s] Level 1:colcon.colcon_core.package_identification:_identify(colcon_ws) by extensions ['ros']
[0.775s] Level 1:colcon.colcon_core.package_identification:_identify(colcon_ws) by extension 'ros'
[0.777s] Level 1:colcon.colcon_core.package_identification:_identify(colcon_ws) by extensions ['cmake', 'python']
[0.778s] Level 1:colcon.colcon_core.package_identification:_identify(colcon_ws) by extension 'cmake'
[0.779s] Level 1:colcon.colcon_core.package_identification:_identify(colcon_ws) by extension 'python'
[0.780s] Level 1:colcon.colcon_core.package_identification:_identify(colcon_ws) by extensions ['python_setup_py']
[0.781s] Level 1:colcon.colcon_core.package_identification:_identify(colcon_ws) by extension 'python_setup_py'
[0.787s] Level 1:colcon.colcon_core.package_identification:_identify(colcon_ws/build) by extensions ['ignore', 'ignore_ament_install']
[0.788s] Level 1:colcon.colcon_core.package_identification:_identify(colcon_ws/build) by extension 'ignore'
[0.791s] Level 1:colcon.colcon_core.package_identification:_identify(colcon_ws/build) ignored
[0.798s] Level 1:colcon.colcon_core.package_identification:_identify(colcon_ws/install) by extensions ['ignore', 'ignore_ament_install']
[0.798s] Level 1:colcon.colcon_core.package_identification:_identify(colcon_ws/install) by extension 'ignore'
[0.802s] Level 1:colcon.colcon_core.package_identification:_identify(colcon_ws/install) ignored
[0.817s] Level 1:colcon.colcon_core.package_identification:_identify(colcon_ws/log) by extensions ['ignore', 'ignore_ament_install']
[0.817s] Level 1:colcon.colcon_core.package_identification:_identify(colcon_ws/log) by extension 'ignore'
[0.821s] Level 1:colcon.colcon_core.package_identification:_identify(colcon_ws/log) ignored
[0.828s] Level 1:colcon.colcon_core.package_identification:_identify(colcon_ws/src) by extensions ['ignore', 'ignore_ament_install']
[0.829s] Level 1:colcon.colcon_core.package_identification:_identify(colcon_ws/src) by extension 'ignore'
[0.831s] Level 1:colcon.colcon_core.package_identification:_identify(colcon_ws/src) by extension 'ignore_ament_install'
[0.835s] Level 1:colcon.colcon_core.package_identification:_identify(colcon_ws/src) by extensions ['colcon_pkg']
[0.836s] Level 1:colcon.colcon_core.package_identification:_identify(colcon_ws/src) by extension 'colcon_pkg'
[0.838s] Level 1:colcon.colcon_core.package_identification:_identify(colcon_ws/src) by extensions ['colcon_meta']
[0.839s] Level 1:colcon.colcon_core.package_identification:_identify(colcon_ws/src) by extension 'colcon_meta'
[0.842s] Level 1:colcon.colcon_core.package_identification:_identify(colcon_ws/src) by extensions ['ros']
[0.842s] Level 1:colcon.colcon_core.package_identification:_identify(colcon_ws/src) by extension 'ros'
[0.850s] Level 1:colcon.colcon_core.package_identification:_identify(colcon_ws/src) by extensions ['cmake', 'python']
[0.851s] Level 1:colcon.colcon_core.package_identification:_identify(colcon_ws/src) by extension 'cmake'
[0.852s] Level 1:colcon.colcon_core.package_identification:_identify(colcon_ws/src) by extension 'python'
[0.854s] Level 1:colcon.colcon_core.package_identification:_identify(colcon_ws/src) by extensions ['python_setup_py']
[0.855s] Level 1:colcon.colcon_core.package_identification:_identify(colcon_ws/src) by extension 'python_setup_py'
[0.866s] Level 1:colcon.colcon_core.package_identification:_identify(colcon_ws/src/DynamixelSDK) by extensions ['ignore', 'ignore_ament_install']
[0.867s] Level 1:colcon.colcon_core.package_identification:_identify(colcon_ws/src/DynamixelSDK) by extension 'ignore'
[0.869s] Level 1:colcon.colcon_core.package_identification:_identify(colcon_ws/src/DynamixelSDK) by extension 'ignore_ament_install'
[0.874s] Level 1:colcon.colcon_core.package_identification:_identify(colcon_ws/src/DynamixelSDK) by extensions ['colcon_pkg']
[0.875s] Level 1:colcon.colcon_core.package_identification:_identify(colcon_ws/src/DynamixelSDK) by extension 'colcon_pkg'
[0.878s] Level 1:colcon.colcon_core.package_identification:_identify(colcon_ws/src/DynamixelSDK) by extensions ['colcon_meta']
[0.879s] Level 1:colcon.colcon_core.package_identification:_identify(colcon_ws/src/DynamixelSDK) by extension 'colcon_meta'
[0.883s] Level 1:colcon.colcon_core.package_identification:_identify(colcon_ws/src/DynamixelSDK) by extensions ['ros']
[0.883s] Level 1:colcon.colcon_core.package_identification:_identify(colcon_ws/src/DynamixelSDK) by extension 'ros'
[0.896s] Level 1:colcon.colcon_core.package_identification:_identify(colcon_ws/src/DynamixelSDK) by extensions ['cmake', 'python']
[0.897s] Level 1:colcon.colcon_core.package_identification:_identify(colcon_ws/src/DynamixelSDK) by extension 'cmake'
[0.900s] Level 1:colcon.colcon_core.package_identification:_identify(colcon_ws/src/DynamixelSDK) by extension 'python'
[0.903s] Level 1:colcon.colcon_core.package_identification:_identify(colcon_ws/src/DynamixelSDK) by extensions ['python_setup_py']
[0.904s] Level 1:colcon.colcon_core.package_identification:_identify(colcon_ws/src/DynamixelSDK) by extension 'python_setup_py'
[0.922s] Level 1:colcon.colcon_core.package_identification:_identify(colcon_ws/src/DynamixelSDK/dynamixel_sdk) by extensions ['ignore', 'ignore_ament_install']
[0.923s] Level 1:colcon.colcon_core.package_identification:_identify(colcon_ws/src/DynamixelSDK/dynamixel_sdk) by extension 'ignore'
[0.927s] Level 1:colcon.colcon_core.package_identification:_identify(colcon_ws/src/DynamixelSDK/dynamixel_sdk) by extension 'ignore_ament_install'
[0.935s] Level 1:colcon.colcon_core.package_identification:_identify(colcon_ws/src/DynamixelSDK/dynamixel_sdk) by extensions ['colcon_pkg']
[0.935s] Level 1:colcon.colcon_core.package_identification:_identify(colcon_ws/src/DynamixelSDK/dynamixel_sdk) by extension 'colcon_pkg'
[0.941s] Level 1:colcon.colcon_core.package_identification:_identify(colcon_ws/src/DynamixelSDK/dynamixel_sdk) by extensions ['colcon_meta']
[0.941s] Level 1:colcon.colcon_core.package_identification:_identify(colcon_ws/src/DynamixelSDK/dynamixel_sdk) by extension 'colcon_meta'
[0.951s] Level 1:colcon.colcon_core.package_identification:_identify(colcon_ws/src/DynamixelSDK/dynamixel_sdk) by extensions ['ros']
[0.952s] Level 1:colcon.colcon_core.package_identification:_identify(colcon_ws/src/DynamixelSDK/dynamixel_sdk) by extension 'ros'
[0.999s] DEBUG:colcon.colcon_core.package_identification:Package 'colcon_ws/src/DynamixelSDK/dynamixel_sdk' with type 'ros.ament_cmake' and name 'dynamixel_sdk'
[1.015s] Level 1:colcon.colcon_core.package_identification:_identify(colcon_ws/src/DynamixelSDK/dynamixel_sdk_custom_interfaces) by extensions ['ignore', 'ignore_ament_install']
[1.016s] Level 1:colcon.colcon_core.package_identification:_identify(colcon_ws/src/DynamixelSDK/dynamixel_sdk_custom_interfaces) by extension 'ignore'
[1.021s] Level 1:colcon.colcon_core.package_identification:_identify(colcon_ws/src/DynamixelSDK/dynamixel_sdk_custom_interfaces) by extension 'ignore_ament_install'
[1.029s] Level 1:colcon.colcon_core.package_identification:_identify(colcon_ws/src/DynamixelSDK/dynamixel_sdk_custom_interfaces) by extensions ['colcon_pkg']
[1.030s] Level 1:colcon.colcon_core.package_identification:_identify(colcon_ws/src/DynamixelSDK/dynamixel_sdk_custom_interfaces) by extension 'colcon_pkg'
[1.034s] Level 1:colcon.colcon_core.package_identification:_identify(colcon_ws/src/DynamixelSDK/dynamixel_sdk_custom_interfaces) by extensions ['colcon_meta']
[1.035s] Level 1:colcon.colcon_core.package_identification:_identify(colcon_ws/src/DynamixelSDK/dynamixel_sdk_custom_interfaces) by extension 'colcon_meta'
[1.044s] Level 1:colcon.colcon_core.package_identification:_identify(colcon_ws/src/DynamixelSDK/dynamixel_sdk_custom_interfaces) by extensions ['ros']
[1.044s] Level 1:colcon.colcon_core.package_identification:_identify(colcon_ws/src/DynamixelSDK/dynamixel_sdk_custom_interfaces) by extension 'ros'
[1.086s] DEBUG:colcon.colcon_core.package_identification:Package 'colcon_ws/src/DynamixelSDK/dynamixel_sdk_custom_interfaces' with type 'ros.ament_cmake' and name 'dynamixel_sdk_custom_interfaces'
[1.104s] Level 1:colcon.colcon_core.package_identification:_identify(colcon_ws/src/DynamixelSDK/dynamixel_sdk_examples) by extensions ['ignore', 'ignore_ament_install']
[1.105s] Level 1:colcon.colcon_core.package_identification:_identify(colcon_ws/src/DynamixelSDK/dynamixel_sdk_examples) by extension 'ignore'
[1.108s] Level 1:colcon.colcon_core.package_identification:_identify(colcon_ws/src/DynamixelSDK/dynamixel_sdk_examples) by extension 'ignore_ament_install'
[1.115s] Level 1:colcon.colcon_core.package_identification:_identify(colcon_ws/src/DynamixelSDK/dynamixel_sdk_examples) by extensions ['colcon_pkg']
[1.116s] Level 1:colcon.colcon_core.package_identification:_identify(colcon_ws/src/DynamixelSDK/dynamixel_sdk_examples) by extension 'colcon_pkg'
[1.120s] Level 1:colcon.colcon_core.package_identification:_identify(colcon_ws/src/DynamixelSDK/dynamixel_sdk_examples) by extensions ['colcon_meta']
[1.121s] Level 1:colcon.colcon_core.package_identification:_identify(colcon_ws/src/DynamixelSDK/dynamixel_sdk_examples) by extension 'colcon_meta'
[1.131s] Level 1:colcon.colcon_core.package_identification:_identify(colcon_ws/src/DynamixelSDK/dynamixel_sdk_examples) by extensions ['ros']
[1.131s] Level 1:colcon.colcon_core.package_identification:_identify(colcon_ws/src/DynamixelSDK/dynamixel_sdk_examples) by extension 'ros'
[1.174s] DEBUG:colcon.colcon_core.package_identification:Package 'colcon_ws/src/DynamixelSDK/dynamixel_sdk_examples' with type 'ros.ament_cmake' and name 'dynamixel_sdk_examples'
[1.187s] Level 1:colcon.colcon_core.package_identification:_identify(colcon_ws/src/dynamixel-workbench) by extensions ['ignore', 'ignore_ament_install']
[1.189s] Level 1:colcon.colcon_core.package_identification:_identify(colcon_ws/src/dynamixel-workbench) by extension 'ignore'
[1.193s] Level 1:colcon.colcon_core.package_identification:_identify(colcon_ws/src/dynamixel-workbench) by extension 'ignore_ament_install'
[1.199s] Level 1:colcon.colcon_core.package_identification:_identify(colcon_ws/src/dynamixel-workbench) by extensions ['colcon_pkg']
[1.199s] Level 1:colcon.colcon_core.package_identification:_identify(colcon_ws/src/dynamixel-workbench) by extension 'colcon_pkg'
[1.202s] Level 1:colcon.colcon_core.package_identification:_identify(colcon_ws/src/dynamixel-workbench) by extensions ['colcon_meta']
[1.203s] Level 1:colcon.colcon_core.package_identification:_identify(colcon_ws/src/dynamixel-workbench) by extension 'colcon_meta'
[1.208s] Level 1:colcon.colcon_core.package_identification:_identify(colcon_ws/src/dynamixel-workbench) by extensions ['ros']
[1.208s] Level 1:colcon.colcon_core.package_identification:_identify(colcon_ws/src/dynamixel-workbench) by extension 'ros'
[1.221s] Level 1:colcon.colcon_core.package_identification:_identify(colcon_ws/src/dynamixel-workbench) by extensions ['cmake', 'python']
[1.221s] Level 1:colcon.colcon_core.package_identification:_identify(colcon_ws/src/dynamixel-workbench) by extension 'cmake'
[1.224s] Level 1:colcon.colcon_core.package_identification:_identify(colcon_ws/src/dynamixel-workbench) by extension 'python'
[1.228s] Level 1:colcon.colcon_core.package_identification:_identify(colcon_ws/src/dynamixel-workbench) by extensions ['python_setup_py']
[1.228s] Level 1:colcon.colcon_core.package_identification:_identify(colcon_ws/src/dynamixel-workbench) by extension 'python_setup_py'
[1.246s] Level 1:colcon.colcon_core.package_identification:_identify(colcon_ws/src/dynamixel-workbench/dynamixel_workbench) by extensions ['ignore', 'ignore_ament_install']
[1.247s] Level 1:colcon.colcon_core.package_identification:_identify(colcon_ws/src/dynamixel-workbench/dynamixel_workbench) by extension 'ignore'
[1.251s] Level 1:colcon.colcon_core.package_identification:_identify(colcon_ws/src/dynamixel-workbench/dynamixel_workbench) by extension 'ignore_ament_install'
[1.257s] Level 1:colcon.colcon_core.package_identification:_identify(colcon_ws/src/dynamixel-workbench/dynamixel_workbench) by extensions ['colcon_pkg']
[1.258s] Level 1:colcon.colcon_core.package_identification:_identify(colcon_ws/src/dynamixel-workbench/dynamixel_workbench) by extension 'colcon_pkg'
[1.263s] Level 1:colcon.colcon_core.package_identification:_identify(colcon_ws/src/dynamixel-workbench/dynamixel_workbench) by extensions ['colcon_meta']
[1.263s] Level 1:colcon.colcon_core.package_identification:_identify(colcon_ws/src/dynamixel-workbench/dynamixel_workbench) by extension 'colcon_meta'
[1.270s] Level 1:colcon.colcon_core.package_identification:_identify(colcon_ws/src/dynamixel-workbench/dynamixel_workbench) by extensions ['ros']
[1.271s] Level 1:colcon.colcon_core.package_identification:_identify(colcon_ws/src/dynamixel-workbench/dynamixel_workbench) by extension 'ros'
[1.305s] DEBUG:colcon.colcon_core.package_identification:Package 'colcon_ws/src/dynamixel-workbench/dynamixel_workbench' with type 'ros.ament_cmake' and name 'dynamixel_workbench'
[1.318s] Level 1:colcon.colcon_core.package_identification:_identify(colcon_ws/src/dynamixel-workbench/dynamixel_workbench_toolbox) by extensions ['ignore', 'ignore_ament_install']
[1.319s] Level 1:colcon.colcon_core.package_identification:_identify(colcon_ws/src/dynamixel-workbench/dynamixel_workbench_toolbox) by extension 'ignore'
[1.322s] Level 1:colcon.colcon_core.package_identification:_identify(colcon_ws/src/dynamixel-workbench/dynamixel_workbench_toolbox) by extension 'ignore_ament_install'
[1.329s] Level 1:colcon.colcon_core.package_identification:_identify(colcon_ws/src/dynamixel-workbench/dynamixel_workbench_toolbox) by extensions ['colcon_pkg']
[1.329s] Level 1:colcon.colcon_core.package_identification:_identify(colcon_ws/src/dynamixel-workbench/dynamixel_workbench_toolbox) by extension 'colcon_pkg'
[1.333s] Level 1:colcon.colcon_core.package_identification:_identify(colcon_ws/src/dynamixel-workbench/dynamixel_workbench_toolbox) by extensions ['colcon_meta']
[1.333s] Level 1:colcon.colcon_core.package_identification:_identify(colcon_ws/src/dynamixel-workbench/dynamixel_workbench_toolbox) by extension 'colcon_meta'
[1.340s] Level 1:colcon.colcon_core.package_identification:_identify(colcon_ws/src/dynamixel-workbench/dynamixel_workbench_toolbox) by extensions ['ros']
[1.341s] Level 1:colcon.colcon_core.package_identification:_identify(colcon_ws/src/dynamixel-workbench/dynamixel_workbench_toolbox) by extension 'ros'
[1.373s] DEBUG:colcon.colcon_core.package_identification:Package 'colcon_ws/src/dynamixel-workbench/dynamixel_workbench_toolbox' with type 'ros.ament_cmake' and name 'dynamixel_workbench_toolbox'
[1.380s] Level 1:colcon.colcon_core.package_identification:_identify(colcon_ws/src/dynamixel-workbench-msgs) by extensions ['ignore', 'ignore_ament_install']
[1.381s] Level 1:colcon.colcon_core.package_identification:_identify(colcon_ws/src/dynamixel-workbench-msgs) by extension 'ignore'
[1.383s] Level 1:colcon.colcon_core.package_identification:_identify(colcon_ws/src/dynamixel-workbench-msgs) by extension 'ignore_ament_install'
[1.387s] Level 1:colcon.colcon_core.package_identification:_identify(colcon_ws/src/dynamixel-workbench-msgs) by extensions ['colcon_pkg']
[1.387s] Level 1:colcon.colcon_core.package_identification:_identify(colcon_ws/src/dynamixel-workbench-msgs) by extension 'colcon_pkg'
[1.390s] Level 1:colcon.colcon_core.package_identification:_identify(colcon_ws/src/dynamixel-workbench-msgs) by extensions ['colcon_meta']
[1.390s] Level 1:colcon.colcon_core.package_identification:_identify(colcon_ws/src/dynamixel-workbench-msgs) by extension 'colcon_meta'
[1.394s] Level 1:colcon.colcon_core.package_identification:_identify(colcon_ws/src/dynamixel-workbench-msgs) by extensions ['ros']
[1.395s] Level 1:colcon.colcon_core.package_identification:_identify(colcon_ws/src/dynamixel-workbench-msgs) by extension 'ros'
[1.404s] Level 1:colcon.colcon_core.package_identification:_identify(colcon_ws/src/dynamixel-workbench-msgs) by extensions ['cmake', 'python']
[1.405s] Level 1:colcon.colcon_core.package_identification:_identify(colcon_ws/src/dynamixel-workbench-msgs) by extension 'cmake'
[1.407s] Level 1:colcon.colcon_core.package_identification:_identify(colcon_ws/src/dynamixel-workbench-msgs) by extension 'python'
[1.409s] Level 1:colcon.colcon_core.package_identification:_identify(colcon_ws/src/dynamixel-workbench-msgs) by extensions ['python_setup_py']
[1.409s] Level 1:colcon.colcon_core.package_identification:_identify(colcon_ws/src/dynamixel-workbench-msgs) by extension 'python_setup_py'
[1.426s] Level 1:colcon.colcon_core.package_identification:_identify(colcon_ws/src/dynamixel-workbench-msgs/dynamixel_workbench_msgs) by extensions ['ignore', 'ignore_ament_install']
[1.427s] Level 1:colcon.colcon_core.package_identification:_identify(colcon_ws/src/dynamixel-workbench-msgs/dynamixel_workbench_msgs) by extension 'ignore'
[1.430s] Level 1:colcon.colcon_core.package_identification:_identify(colcon_ws/src/dynamixel-workbench-msgs/dynamixel_workbench_msgs) by extension 'ignore_ament_install'
[1.435s] Level 1:colcon.colcon_core.package_identification:_identify(colcon_ws/src/dynamixel-workbench-msgs/dynamixel_workbench_msgs) by extensions ['colcon_pkg']
[1.435s] Level 1:colcon.colcon_core.package_identification:_identify(colcon_ws/src/dynamixel-workbench-msgs/dynamixel_workbench_msgs) by extension 'colcon_pkg'
[1.439s] Level 1:colcon.colcon_core.package_identification:_identify(colcon_ws/src/dynamixel-workbench-msgs/dynamixel_workbench_msgs) by extensions ['colcon_meta']
[1.439s] Level 1:colcon.colcon_core.package_identification:_identify(colcon_ws/src/dynamixel-workbench-msgs/dynamixel_workbench_msgs) by extension 'colcon_meta'
[1.447s] Level 1:colcon.colcon_core.package_identification:_identify(colcon_ws/src/dynamixel-workbench-msgs/dynamixel_workbench_msgs) by extensions ['ros']
[1.448s] Level 1:colcon.colcon_core.package_identification:_identify(colcon_ws/src/dynamixel-workbench-msgs/dynamixel_workbench_msgs) by extension 'ros'
[1.477s] DEBUG:colcon.colcon_core.package_identification:Package 'colcon_ws/src/dynamixel-workbench-msgs/dynamixel_workbench_msgs' with type 'ros.ament_cmake' and name 'dynamixel_workbench_msgs'
[1.486s] Level 1:colcon.colcon_core.package_identification:_identify(colcon_ws/src/feetech) by extensions ['ignore', 'ignore_ament_install']
[1.487s] Level 1:colcon.colcon_core.package_identification:_identify(colcon_ws/src/feetech) by extension 'ignore'
[1.489s] Level 1:colcon.colcon_core.package_identification:_identify(colcon_ws/src/feetech) by extension 'ignore_ament_install'
[1.494s] Level 1:colcon.colcon_core.package_identification:_identify(colcon_ws/src/feetech) by extensions ['colcon_pkg']
[1.494s] Level 1:colcon.colcon_core.package_identification:_identify(colcon_ws/src/feetech) by extension 'colcon_pkg'
[1.496s] Level 1:colcon.colcon_core.package_identification:_identify(colcon_ws/src/feetech) by extensions ['colcon_meta']
[1.497s] Level 1:colcon.colcon_core.package_identification:_identify(colcon_ws/src/feetech) by extension 'colcon_meta'
[1.500s] Level 1:colcon.colcon_core.package_identification:_identify(colcon_ws/src/feetech) by extensions ['ros']
[1.501s] Level 1:colcon.colcon_core.package_identification:_identify(colcon_ws/src/feetech) by extension 'ros'
[1.509s] Level 1:colcon.colcon_core.package_identification:_identify(colcon_ws/src/feetech) by extensions ['cmake', 'python']
[1.510s] Level 1:colcon.colcon_core.package_identification:_identify(colcon_ws/src/feetech) by extension 'cmake'
[1.512s] Level 1:colcon.colcon_core.package_identification:_identify(colcon_ws/src/feetech) by extension 'python'
[1.515s] Level 1:colcon.colcon_core.package_identification:_identify(colcon_ws/src/feetech) by extensions ['python_setup_py']
[1.516s] Level 1:colcon.colcon_core.package_identification:_identify(colcon_ws/src/feetech) by extension 'python_setup_py'
[1.530s] Level 1:colcon.colcon_core.package_identification:_identify(colcon_ws/src/feetech/feetechlib) by extensions ['ignore', 'ignore_ament_install']
[1.531s] Level 1:colcon.colcon_core.package_identification:_identify(colcon_ws/src/feetech/feetechlib) by extension 'ignore'
[1.533s] Level 1:colcon.colcon_core.package_identification:_identify(colcon_ws/src/feetech/feetechlib) by extension 'ignore_ament_install'
[1.541s] Level 1:colcon.colcon_core.package_identification:_identify(colcon_ws/src/feetech/feetechlib) by extensions ['colcon_pkg']
[1.541s] Level 1:colcon.colcon_core.package_identification:_identify(colcon_ws/src/feetech/feetechlib) by extension 'colcon_pkg'
[1.545s] Level 1:colcon.colcon_core.package_identification:_identify(colcon_ws/src/feetech/feetechlib) by extensions ['colcon_meta']
[1.545s] Level 1:colcon.colcon_core.package_identification:_identify(colcon_ws/src/feetech/feetechlib) by extension 'colcon_meta'
[1.552s] Level 1:colcon.colcon_core.package_identification:_identify(colcon_ws/src/feetech/feetechlib) by extensions ['ros']
[1.552s] Level 1:colcon.colcon_core.package_identification:_identify(colcon_ws/src/feetech/feetechlib) by extension 'ros'
[1.584s] DEBUG:colcon.colcon_core.package_identification:Package 'colcon_ws/src/feetech/feetechlib' with type 'ros.ament_cmake' and name 'feetechlib'
[1.593s] Level 1:colcon.colcon_core.package_identification:_identify(colcon_ws/src/main_run) by extensions ['ignore', 'ignore_ament_install']
[1.594s] Level 1:colcon.colcon_core.package_identification:_identify(colcon_ws/src/main_run) by extension 'ignore'
[1.596s] Level 1:colcon.colcon_core.package_identification:_identify(colcon_ws/src/main_run) by extension 'ignore_ament_install'
[1.600s] Level 1:colcon.colcon_core.package_identification:_identify(colcon_ws/src/main_run) by extensions ['colcon_pkg']
[1.601s] Level 1:colcon.colcon_core.package_identification:_identify(colcon_ws/src/main_run) by extension 'colcon_pkg'
[1.603s] Level 1:colcon.colcon_core.package_identification:_identify(colcon_ws/src/main_run) by extensions ['colcon_meta']
[1.603s] Level 1:colcon.colcon_core.package_identification:_identify(colcon_ws/src/main_run) by extension 'colcon_meta'
[1.606s] Level 1:colcon.colcon_core.package_identification:_identify(colcon_ws/src/main_run) by extensions ['ros']
[1.607s] Level 1:colcon.colcon_core.package_identification:_identify(colcon_ws/src/main_run) by extension 'ros'
[1.629s] DEBUG:colcon.colcon_core.package_identification:Package 'colcon_ws/src/main_run' with type 'ros.ament_cmake' and name 'main_run'
[1.638s] Level 1:colcon.colcon_core.package_identification:_identify(colcon_ws/src/odom) by extensions ['ignore', 'ignore_ament_install']
[1.639s] Level 1:colcon.colcon_core.package_identification:_identify(colcon_ws/src/odom) by extension 'ignore'
[1.641s] Level 1:colcon.colcon_core.package_identification:_identify(colcon_ws/src/odom) by extension 'ignore_ament_install'
[1.646s] Level 1:colcon.colcon_core.package_identification:_identify(colcon_ws/src/odom) by extensions ['colcon_pkg']
[1.647s] Level 1:colcon.colcon_core.package_identification:_identify(colcon_ws/src/odom) by extension 'colcon_pkg'
[1.649s] Level 1:colcon.colcon_core.package_identification:_identify(colcon_ws/src/odom) by extensions ['colcon_meta']
[1.649s] Level 1:colcon.colcon_core.package_identification:_identify(colcon_ws/src/odom) by extension 'colcon_meta'
[1.654s] Level 1:colcon.colcon_core.package_identification:_identify(colcon_ws/src/odom) by extensions ['ros']
[1.654s] Level 1:colcon.colcon_core.package_identification:_identify(colcon_ws/src/odom) by extension 'ros'
[1.678s] DEBUG:colcon.colcon_core.package_identification:Package 'colcon_ws/src/odom' with type 'ros.ament_cmake' and name 'odom'
[1.687s] Level 1:colcon.colcon_core.package_identification:_identify(colcon_ws/src/urdf_tutorial) by extensions ['ignore', 'ignore_ament_install']
[1.687s] Level 1:colcon.colcon_core.package_identification:_identify(colcon_ws/src/urdf_tutorial) by extension 'ignore'
[1.689s] Level 1:colcon.colcon_core.package_identification:_identify(colcon_ws/src/urdf_tutorial) by extension 'ignore_ament_install'
[1.694s] Level 1:colcon.colcon_core.package_identification:_identify(colcon_ws/src/urdf_tutorial) by extensions ['colcon_pkg']
[1.694s] Level 1:colcon.colcon_core.package_identification:_identify(colcon_ws/src/urdf_tutorial) by extension 'colcon_pkg'
[1.696s] Level 1:colcon.colcon_core.package_identification:_identify(colcon_ws/src/urdf_tutorial) by extensions ['colcon_meta']
[1.697s] Level 1:colcon.colcon_core.package_identification:_identify(colcon_ws/src/urdf_tutorial) by extension 'colcon_meta'
[1.700s] Level 1:colcon.colcon_core.package_identification:_identify(colcon_ws/src/urdf_tutorial) by extensions ['ros']
[1.701s] Level 1:colcon.colcon_core.package_identification:_identify(colcon_ws/src/urdf_tutorial) by extension 'ros'
[1.724s] DEBUG:colcon.colcon_core.package_identification:Package 'colcon_ws/src/urdf_tutorial' with type 'ros.ament_cmake' and name 'urdf_tutorial'
[1.729s] Level 1:colcon.colcon_core.package_identification:_identify(install) by extensions ['ignore', 'ignore_ament_install']
[1.729s] Level 1:colcon.colcon_core.package_identification:_identify(install) by extension 'ignore'
[1.731s] Level 1:colcon.colcon_core.package_identification:_identify(install) ignored
[1.740s] Level 1:colcon.colcon_core.package_identification:_identify(log) by extensions ['ignore', 'ignore_ament_install']
[1.740s] Level 1:colcon.colcon_core.package_identification:_identify(log) by extension 'ignore'
[1.742s] Level 1:colcon.colcon_core.package_identification:_identify(log) ignored
[1.747s] Level 1:colcon.colcon_core.package_identification:_identify(robot) by extensions ['ignore', 'ignore_ament_install']
[1.747s] Level 1:colcon.colcon_core.package_identification:_identify(robot) by extension 'ignore'
[1.749s] Level 1:colcon.colcon_core.package_identification:_identify(robot) by extension 'ignore_ament_install'
[1.752s] Level 1:colcon.colcon_core.package_identification:_identify(robot) by extensions ['colcon_pkg']
[1.752s] Level 1:colcon.colcon_core.package_identification:_identify(robot) by extension 'colcon_pkg'
[1.757s] Level 1:colcon.colcon_core.package_identification:_identify(robot) by extensions ['colcon_meta']
[1.757s] Level 1:colcon.colcon_core.package_identification:_identify(robot) by extension 'colcon_meta'
[1.759s] Level 1:colcon.colcon_core.package_identification:_identify(robot) by extensions ['ros']
[1.759s] Level 1:colcon.colcon_core.package_identification:_identify(robot) by extension 'ros'
[1.766s] Level 1:colcon.colcon_core.package_identification:_identify(robot) by extensions ['cmake', 'python']
[1.766s] Level 1:colcon.colcon_core.package_identification:_identify(robot) by extension 'cmake'
[1.767s] Level 1:colcon.colcon_core.package_identification:_identify(robot) by extension 'python'
[1.769s] Level 1:colcon.colcon_core.package_identification:_identify(robot) by extensions ['python_setup_py']
[1.769s] Level 1:colcon.colcon_core.package_identification:_identify(robot) by extension 'python_setup_py'
[1.776s] Level 1:colcon.colcon_core.package_identification:_identify(robot/catkin_ws) by extensions ['ignore', 'ignore_ament_install']
[1.777s] Level 1:colcon.colcon_core.package_identification:_identify(robot/catkin_ws) by extension 'ignore'
[1.779s] Level 1:colcon.colcon_core.package_identification:_identify(robot/catkin_ws) by extension 'ignore_ament_install'
[1.783s] Level 1:colcon.colcon_core.package_identification:_identify(robot/catkin_ws) by extensions ['colcon_pkg']
[1.783s] Level 1:colcon.colcon_core.package_identification:_identify(robot/catkin_ws) by extension 'colcon_pkg'
[1.786s] Level 1:colcon.colcon_core.package_identification:_identify(robot/catkin_ws) by extensions ['colcon_meta']
[1.786s] Level 1:colcon.colcon_core.package_identification:_identify(robot/catkin_ws) by extension 'colcon_meta'
[1.790s] Level 1:colcon.colcon_core.package_identification:_identify(robot/catkin_ws) by extensions ['ros']
[1.790s] Level 1:colcon.colcon_core.package_identification:_identify(robot/catkin_ws) by extension 'ros'
[1.803s] Level 1:colcon.colcon_core.package_identification:_identify(robot/catkin_ws) by extensions ['cmake', 'python']
[1.803s] Level 1:colcon.colcon_core.package_identification:_identify(robot/catkin_ws) by extension 'cmake'
[1.805s] Level 1:colcon.colcon_core.package_identification:_identify(robot/catkin_ws) by extension 'python'
[1.807s] Level 1:colcon.colcon_core.package_identification:_identify(robot/catkin_ws) by extensions ['python_setup_py']
[1.808s] Level 1:colcon.colcon_core.package_identification:_identify(robot/catkin_ws) by extension 'python_setup_py'
[1.819s] Level 1:colcon.colcon_core.package_identification:_identify(robot/catkin_ws/src) by extensions ['ignore', 'ignore_ament_install']
[1.820s] Level 1:colcon.colcon_core.package_identification:_identify(robot/catkin_ws/src) by extension 'ignore'
[1.822s] Level 1:colcon.colcon_core.package_identification:_identify(robot/catkin_ws/src) by extension 'ignore_ament_install'
[1.827s] Level 1:colcon.colcon_core.package_identification:_identify(robot/catkin_ws/src) by extensions ['colcon_pkg']
[1.827s] Level 1:colcon.colcon_core.package_identification:_identify(robot/catkin_ws/src) by extension 'colcon_pkg'
[1.830s] Level 1:colcon.colcon_core.package_identification:_identify(robot/catkin_ws/src) by extensions ['colcon_meta']
[1.830s] Level 1:colcon.colcon_core.package_identification:_identify(robot/catkin_ws/src) by extension 'colcon_meta'
[1.837s] Level 1:colcon.colcon_core.package_identification:_identify(robot/catkin_ws/src) by extensions ['ros']
[1.837s] Level 1:colcon.colcon_core.package_identification:_identify(robot/catkin_ws/src) by extension 'ros'
[1.850s] Level 1:colcon.colcon_core.package_identification:_identify(robot/catkin_ws/src) by extensions ['cmake', 'python']
[1.851s] Level 1:colcon.colcon_core.package_identification:_identify(robot/catkin_ws/src) by extension 'cmake'
[1.854s] Level 1:colcon.colcon_core.package_identification:_identify(robot/catkin_ws/src) by extension 'python'
[1.857s] Level 1:colcon.colcon_core.package_identification:_identify(robot/catkin_ws/src) by extensions ['python_setup_py']
[1.857s] Level 1:colcon.colcon_core.package_identification:_identify(robot/catkin_ws/src) by extension 'python_setup_py'
[1.879s] Level 1:colcon.colcon_core.package_identification:_identify(robot/catkin_ws/src/aruco_ros) by extensions ['ignore', 'ignore_ament_install']
[1.880s] Level 1:colcon.colcon_core.package_identification:_identify(robot/catkin_ws/src/aruco_ros) by extension 'ignore'
[1.888s] Level 1:colcon.colcon_core.package_identification:_identify(robot/catkin_ws/src/aruco_ros) by extension 'ignore_ament_install'
[1.897s] Level 1:colcon.colcon_core.package_identification:_identify(robot/catkin_ws/src/aruco_ros) by extensions ['colcon_pkg']
[1.897s] Level 1:colcon.colcon_core.package_identification:_identify(robot/catkin_ws/src/aruco_ros) by extension 'colcon_pkg'
[1.902s] Level 1:colcon.colcon_core.package_identification:_identify(robot/catkin_ws/src/aruco_ros) by extensions ['colcon_meta']
[1.903s] Level 1:colcon.colcon_core.package_identification:_identify(robot/catkin_ws/src/aruco_ros) by extension 'colcon_meta'
[1.913s] Level 1:colcon.colcon_core.package_identification:_identify(robot/catkin_ws/src/aruco_ros) by extensions ['ros']
[1.914s] Level 1:colcon.colcon_core.package_identification:_identify(robot/catkin_ws/src/aruco_ros) by extension 'ros'
[1.931s] Level 1:colcon.colcon_core.package_identification:_identify(robot/catkin_ws/src/aruco_ros) by extensions ['cmake', 'python']
[1.931s] Level 1:colcon.colcon_core.package_identification:_identify(robot/catkin_ws/src/aruco_ros) by extension 'cmake'
[1.935s] Level 1:colcon.colcon_core.package_identification:_identify(robot/catkin_ws/src/aruco_ros) by extension 'python'
[1.939s] Level 1:colcon.colcon_core.package_identification:_identify(robot/catkin_ws/src/aruco_ros) by extensions ['python_setup_py']
[1.939s] Level 1:colcon.colcon_core.package_identification:_identify(robot/catkin_ws/src/aruco_ros) by extension 'python_setup_py'
[1.965s] Level 1:colcon.colcon_core.package_identification:_identify(robot/catkin_ws/src/aruco_ros/aruco) by extensions ['ignore', 'ignore_ament_install']
[1.966s] Level 1:colcon.colcon_core.package_identification:_identify(robot/catkin_ws/src/aruco_ros/aruco) by extension 'ignore'
[1.970s] Level 1:colcon.colcon_core.package_identification:_identify(robot/catkin_ws/src/aruco_ros/aruco) by extension 'ignore_ament_install'
[1.980s] Level 1:colcon.colcon_core.package_identification:_identify(robot/catkin_ws/src/aruco_ros/aruco) by extensions ['colcon_pkg']
[1.980s] Level 1:colcon.colcon_core.package_identification:_identify(robot/catkin_ws/src/aruco_ros/aruco) by extension 'colcon_pkg'
[1.990s] Level 1:colcon.colcon_core.package_identification:_identify(robot/catkin_ws/src/aruco_ros/aruco) by extensions ['colcon_meta']
[1.990s] Level 1:colcon.colcon_core.package_identification:_identify(robot/catkin_ws/src/aruco_ros/aruco) by extension 'colcon_meta'
[2.003s] Level 1:colcon.colcon_core.package_identification:_identify(robot/catkin_ws/src/aruco_ros/aruco) by extensions ['ros']
[2.003s] Level 1:colcon.colcon_core.package_identification:_identify(robot/catkin_ws/src/aruco_ros/aruco) by extension 'ros'
[2.053s] DEBUG:colcon.colcon_core.package_identification:Package 'robot/catkin_ws/src/aruco_ros/aruco' with type 'ros.catkin' and name 'aruco'
[2.074s] Level 1:colcon.colcon_core.package_identification:_identify(robot/catkin_ws/src/aruco_ros/aruco_msgs) by extensions ['ignore', 'ignore_ament_install']
[2.076s] Level 1:colcon.colcon_core.package_identification:_identify(robot/catkin_ws/src/aruco_ros/aruco_msgs) by extension 'ignore'
[2.081s] Level 1:colcon.colcon_core.package_identification:_identify(robot/catkin_ws/src/aruco_ros/aruco_msgs) by extension 'ignore_ament_install'
[2.105s] Level 1:colcon.colcon_core.package_identification:_identify(robot/catkin_ws/src/aruco_ros/aruco_msgs) by extensions ['colcon_pkg']
[2.106s] Level 1:colcon.colcon_core.package_identification:_identify(robot/catkin_ws/src/aruco_ros/aruco_msgs) by extension 'colcon_pkg'
[2.111s] Level 1:colcon.colcon_core.package_identification:_identify(robot/catkin_ws/src/aruco_ros/aruco_msgs) by extensions ['colcon_meta']
[2.112s] Level 1:colcon.colcon_core.package_identification:_identify(robot/catkin_ws/src/aruco_ros/aruco_msgs) by extension 'colcon_meta'
[2.127s] Level 1:colcon.colcon_core.package_identification:_identify(robot/catkin_ws/src/aruco_ros/aruco_msgs) by extensions ['ros']
[2.127s] Level 1:colcon.colcon_core.package_identification:_identify(robot/catkin_ws/src/aruco_ros/aruco_msgs) by extension 'ros'
[2.179s] DEBUG:colcon.colcon_core.package_identification:Package 'robot/catkin_ws/src/aruco_ros/aruco_msgs' with type 'ros.catkin' and name 'aruco_msgs'
[2.199s] Level 1:colcon.colcon_core.package_identification:_identify(robot/catkin_ws/src/aruco_ros/aruco_ros) by extensions ['ignore', 'ignore_ament_install']
[2.200s] Level 1:colcon.colcon_core.package_identification:_identify(robot/catkin_ws/src/aruco_ros/aruco_ros) by extension 'ignore'
[2.204s] Level 1:colcon.colcon_core.package_identification:_identify(robot/catkin_ws/src/aruco_ros/aruco_ros) by extension 'ignore_ament_install'
[2.212s] Level 1:colcon.colcon_core.package_identification:_identify(robot/catkin_ws/src/aruco_ros/aruco_ros) by extensions ['colcon_pkg']
[2.212s] Level 1:colcon.colcon_core.package_identification:_identify(robot/catkin_ws/src/aruco_ros/aruco_ros) by extension 'colcon_pkg'
[2.216s] Level 1:colcon.colcon_core.package_identification:_identify(robot/catkin_ws/src/aruco_ros/aruco_ros) by extensions ['colcon_meta']
[2.216s] Level 1:colcon.colcon_core.package_identification:_identify(robot/catkin_ws/src/aruco_ros/aruco_ros) by extension 'colcon_meta'
[2.233s] Level 1:colcon.colcon_core.package_identification:_identify(robot/catkin_ws/src/aruco_ros/aruco_ros) by extensions ['ros']
[2.234s] Level 1:colcon.colcon_core.package_identification:_identify(robot/catkin_ws/src/aruco_ros/aruco_ros) by extension 'ros'
[2.276s] DEBUG:colcon.colcon_core.package_identification:Package 'robot/catkin_ws/src/aruco_ros/aruco_ros' with type 'ros.catkin' and name 'aruco_ros'
[2.295s] Level 1:colcon.colcon_core.package_identification:_identify(robot/catkin_ws/src/feetech) by extensions ['ignore', 'ignore_ament_install']
[2.296s] Level 1:colcon.colcon_core.package_identification:_identify(robot/catkin_ws/src/feetech) by extension 'ignore'
[2.299s] Level 1:colcon.colcon_core.package_identification:_identify(robot/catkin_ws/src/feetech) by extension 'ignore_ament_install'
[2.306s] Level 1:colcon.colcon_core.package_identification:_identify(robot/catkin_ws/src/feetech) by extensions ['colcon_pkg']
[2.306s] Level 1:colcon.colcon_core.package_identification:_identify(robot/catkin_ws/src/feetech) by extension 'colcon_pkg'
[2.310s] Level 1:colcon.colcon_core.package_identification:_identify(robot/catkin_ws/src/feetech) by extensions ['colcon_meta']
[2.311s] Level 1:colcon.colcon_core.package_identification:_identify(robot/catkin_ws/src/feetech) by extension 'colcon_meta'
[2.319s] Level 1:colcon.colcon_core.package_identification:_identify(robot/catkin_ws/src/feetech) by extensions ['ros']
[2.319s] Level 1:colcon.colcon_core.package_identification:_identify(robot/catkin_ws/src/feetech) by extension 'ros'
[2.336s] Level 1:colcon.colcon_core.package_identification:_identify(robot/catkin_ws/src/feetech) by extensions ['cmake', 'python']
[2.337s] Level 1:colcon.colcon_core.package_identification:_identify(robot/catkin_ws/src/feetech) by extension 'cmake'
[2.340s] Level 1:colcon.colcon_core.package_identification:_identify(robot/catkin_ws/src/feetech) by extension 'python'
[2.344s] Level 1:colcon.colcon_core.package_identification:_identify(robot/catkin_ws/src/feetech) by extensions ['python_setup_py']
[2.345s] Level 1:colcon.colcon_core.package_identification:_identify(robot/catkin_ws/src/feetech) by extension 'python_setup_py'
[2.371s] Level 1:colcon.colcon_core.package_identification:_identify(robot/catkin_ws/src/feetech/feetechlib) by extensions ['ignore', 'ignore_ament_install']
[2.371s] Level 1:colcon.colcon_core.package_identification:_identify(robot/catkin_ws/src/feetech/feetechlib) by extension 'ignore'
[2.376s] Level 1:colcon.colcon_core.package_identification:_identify(robot/catkin_ws/src/feetech/feetechlib) by extension 'ignore_ament_install'
[2.385s] Level 1:colcon.colcon_core.package_identification:_identify(robot/catkin_ws/src/feetech/feetechlib) by extensions ['colcon_pkg']
[2.385s] Level 1:colcon.colcon_core.package_identification:_identify(robot/catkin_ws/src/feetech/feetechlib) by extension 'colcon_pkg'
[2.390s] Level 1:colcon.colcon_core.package_identification:_identify(robot/catkin_ws/src/feetech/feetechlib) by extensions ['colcon_meta']
[2.391s] Level 1:colcon.colcon_core.package_identification:_identify(robot/catkin_ws/src/feetech/feetechlib) by extension 'colcon_meta'
[2.405s] Level 1:colcon.colcon_core.package_identification:_identify(robot/catkin_ws/src/feetech/feetechlib) by extensions ['ros']
[2.406s] Level 1:colcon.colcon_core.package_identification:_identify(robot/catkin_ws/src/feetech/feetechlib) by extension 'ros'
[2.459s] DEBUG:colcon.colcon_core.package_identification:Package 'robot/catkin_ws/src/feetech/feetechlib' with type 'ros.catkin' and name 'feetechlib'
[2.481s] Level 1:colcon.colcon_core.package_identification:_identify(robot/catkin_ws/src/feetech_controls) by extensions ['ignore', 'ignore_ament_install']
[2.482s] Level 1:colcon.colcon_core.package_identification:_identify(robot/catkin_ws/src/feetech_controls) by extension 'ignore'
[2.488s] Level 1:colcon.colcon_core.package_identification:_identify(robot/catkin_ws/src/feetech_controls) by extension 'ignore_ament_install'
[2.498s] Level 1:colcon.colcon_core.package_identification:_identify(robot/catkin_ws/src/feetech_controls) by extensions ['colcon_pkg']
[2.499s] Level 1:colcon.colcon_core.package_identification:_identify(robot/catkin_ws/src/feetech_controls) by extension 'colcon_pkg'
[2.503s] Level 1:colcon.colcon_core.package_identification:_identify(robot/catkin_ws/src/feetech_controls) by extensions ['colcon_meta']
[2.503s] Level 1:colcon.colcon_core.package_identification:_identify(robot/catkin_ws/src/feetech_controls) by extension 'colcon_meta'
[2.514s] Level 1:colcon.colcon_core.package_identification:_identify(robot/catkin_ws/src/feetech_controls) by extensions ['ros']
[2.515s] Level 1:colcon.colcon_core.package_identification:_identify(robot/catkin_ws/src/feetech_controls) by extension 'ros'
[2.564s] DEBUG:colcon.colcon_core.package_identification:Package 'robot/catkin_ws/src/feetech_controls' with type 'ros.catkin' and name 'feetech_controls'
[2.584s] Level 1:colcon.colcon_core.package_identification:_identify(robot/catkin_ws/src/main_run) by extensions ['ignore', 'ignore_ament_install']
[2.584s] Level 1:colcon.colcon_core.package_identification:_identify(robot/catkin_ws/src/main_run) by extension 'ignore'
[2.591s] Level 1:colcon.colcon_core.package_identification:_identify(robot/catkin_ws/src/main_run) by extension 'ignore_ament_install'
[2.601s] Level 1:colcon.colcon_core.package_identification:_identify(robot/catkin_ws/src/main_run) by extensions ['colcon_pkg']
[2.601s] Level 1:colcon.colcon_core.package_identification:_identify(robot/catkin_ws/src/main_run) by extension 'colcon_pkg'
[2.606s] Level 1:colcon.colcon_core.package_identification:_identify(robot/catkin_ws/src/main_run) by extensions ['colcon_meta']
[2.607s] Level 1:colcon.colcon_core.package_identification:_identify(robot/catkin_ws/src/main_run) by extension 'colcon_meta'
[2.617s] Level 1:colcon.colcon_core.package_identification:_identify(robot/catkin_ws/src/main_run) by extensions ['ros']
[2.617s] Level 1:colcon.colcon_core.package_identification:_identify(robot/catkin_ws/src/main_run) by extension 'ros'
[2.667s] DEBUG:colcon.colcon_core.package_identification:Package 'robot/catkin_ws/src/main_run' with type 'ros.catkin' and name 'main_run'
[2.690s] Level 1:colcon.colcon_core.package_identification:_identify(robot/catkin_ws/src/odom) by extensions ['ignore', 'ignore_ament_install']
[2.691s] Level 1:colcon.colcon_core.package_identification:_identify(robot/catkin_ws/src/odom) by extension 'ignore'
[2.696s] Level 1:colcon.colcon_core.package_identification:_identify(robot/catkin_ws/src/odom) by extension 'ignore_ament_install'
[2.707s] Level 1:colcon.colcon_core.package_identification:_identify(robot/catkin_ws/src/odom) by extensions ['colcon_pkg']
[2.707s] Level 1:colcon.colcon_core.package_identification:_identify(robot/catkin_ws/src/odom) by extension 'colcon_pkg'
[2.712s] Level 1:colcon.colcon_core.package_identification:_identify(robot/catkin_ws/src/odom) by extensions ['colcon_meta']
[2.713s] Level 1:colcon.colcon_core.package_identification:_identify(robot/catkin_ws/src/odom) by extension 'colcon_meta'
[2.723s] Level 1:colcon.colcon_core.package_identification:_identify(robot/catkin_ws/src/odom) by extensions ['ros']
[2.724s] Level 1:colcon.colcon_core.package_identification:_identify(robot/catkin_ws/src/odom) by extension 'ros'
[2.765s] DEBUG:colcon.colcon_core.package_identification:Package 'robot/catkin_ws/src/odom' with type 'ros.catkin' and name 'odom'
[2.779s] Level 1:colcon.colcon_core.package_identification:_identify(robot/catkin_ws/src/urdf_tutorial) by extensions ['ignore', 'ignore_ament_install']
[2.780s] Level 1:colcon.colcon_core.package_identification:_identify(robot/catkin_ws/src/urdf_tutorial) by extension 'ignore'
[2.784s] Level 1:colcon.colcon_core.package_identification:_identify(robot/catkin_ws/src/urdf_tutorial) by extension 'ignore_ament_install'
[2.791s] Level 1:colcon.colcon_core.package_identification:_identify(robot/catkin_ws/src/urdf_tutorial) by extensions ['colcon_pkg']
[2.792s] Level 1:colcon.colcon_core.package_identification:_identify(robot/catkin_ws/src/urdf_tutorial) by extension 'colcon_pkg'
[2.796s] Level 1:colcon.colcon_core.package_identification:_identify(robot/catkin_ws/src/urdf_tutorial) by extensions ['colcon_meta']
[2.797s] Level 1:colcon.colcon_core.package_identification:_identify(robot/catkin_ws/src/urdf_tutorial) by extension 'colcon_meta'
[2.805s] Level 1:colcon.colcon_core.package_identification:_identify(robot/catkin_ws/src/urdf_tutorial) by extensions ['ros']
[2.806s] Level 1:colcon.colcon_core.package_identification:_identify(robot/catkin_ws/src/urdf_tutorial) by extension 'ros'
[2.847s] DEBUG:colcon.colcon_core.package_identification:Package 'robot/catkin_ws/src/urdf_tutorial' with type 'ros.catkin' and name 'urdf_tutorial'
[2.853s] Level 1:colcon.colcon_core.package_identification:_identify(robot/catkin_ws_isolated) by extensions ['ignore', 'ignore_ament_install']
[2.853s] Level 1:colcon.colcon_core.package_identification:_identify(robot/catkin_ws_isolated) by extension 'ignore'
[2.855s] Level 1:colcon.colcon_core.package_identification:_identify(robot/catkin_ws_isolated) by extension 'ignore_ament_install'
[2.859s] Level 1:colcon.colcon_core.package_identification:_identify(robot/catkin_ws_isolated) by extensions ['colcon_pkg']
[2.859s] Level 1:colcon.colcon_core.package_identification:_identify(robot/catkin_ws_isolated) by extension 'colcon_pkg'
[2.862s] Level 1:colcon.colcon_core.package_identification:_identify(robot/catkin_ws_isolated) by extensions ['colcon_meta']
[2.862s] Level 1:colcon.colcon_core.package_identification:_identify(robot/catkin_ws_isolated) by extension 'colcon_meta'
[2.865s] Level 1:colcon.colcon_core.package_identification:_identify(robot/catkin_ws_isolated) by extensions ['ros']
[2.865s] Level 1:colcon.colcon_core.package_identification:_identify(robot/catkin_ws_isolated) by extension 'ros'
[2.877s] Level 1:colcon.colcon_core.package_identification:_identify(robot/catkin_ws_isolated) by extensions ['cmake', 'python']
[2.878s] Level 1:colcon.colcon_core.package_identification:_identify(robot/catkin_ws_isolated) by extension 'cmake'
[2.880s] Level 1:colcon.colcon_core.package_identification:_identify(robot/catkin_ws_isolated) by extension 'python'
[2.883s] Level 1:colcon.colcon_core.package_identification:_identify(robot/catkin_ws_isolated) by extensions ['python_setup_py']
[2.883s] Level 1:colcon.colcon_core.package_identification:_identify(robot/catkin_ws_isolated) by extension 'python_setup_py'
[2.895s] Level 1:colcon.colcon_core.package_identification:_identify(robot/catkin_ws_isolated/src) by extensions ['ignore', 'ignore_ament_install']
[2.896s] Level 1:colcon.colcon_core.package_identification:_identify(robot/catkin_ws_isolated/src) by extension 'ignore'
[2.898s] Level 1:colcon.colcon_core.package_identification:_identify(robot/catkin_ws_isolated/src) by extension 'ignore_ament_install'
[2.906s] Level 1:colcon.colcon_core.package_identification:_identify(robot/catkin_ws_isolated/src) by extensions ['colcon_pkg']
[2.907s] Level 1:colcon.colcon_core.package_identification:_identify(robot/catkin_ws_isolated/src) by extension 'colcon_pkg'
[2.909s] Level 1:colcon.colcon_core.package_identification:_identify(robot/catkin_ws_isolated/src) by extensions ['colcon_meta']
[2.910s] Level 1:colcon.colcon_core.package_identification:_identify(robot/catkin_ws_isolated/src) by extension 'colcon_meta'
[2.918s] Level 1:colcon.colcon_core.package_identification:_identify(robot/catkin_ws_isolated/src) by extensions ['ros']
[2.918s] Level 1:colcon.colcon_core.package_identification:_identify(robot/catkin_ws_isolated/src) by extension 'ros'
[2.933s] Level 1:colcon.colcon_core.package_identification:_identify(robot/catkin_ws_isolated/src) by extensions ['cmake', 'python']
[2.934s] Level 1:colcon.colcon_core.package_identification:_identify(robot/catkin_ws_isolated/src) by extension 'cmake'
[2.937s] Level 1:colcon.colcon_core.package_identification:_identify(robot/catkin_ws_isolated/src) by extension 'python'
[2.940s] Level 1:colcon.colcon_core.package_identification:_identify(robot/catkin_ws_isolated/src) by extensions ['python_setup_py']
[2.940s] Level 1:colcon.colcon_core.package_identification:_identify(robot/catkin_ws_isolated/src) by extension 'python_setup_py'
[2.960s] Level 1:colcon.colcon_core.package_identification:_identify(robot/catkin_ws_isolated/src/cartographer_ros) by extensions ['ignore', 'ignore_ament_install']
[2.961s] Level 1:colcon.colcon_core.package_identification:_identify(robot/catkin_ws_isolated/src/cartographer_ros) by extension 'ignore'
[2.965s] Level 1:colcon.colcon_core.package_identification:_identify(robot/catkin_ws_isolated/src/cartographer_ros) by extension 'ignore_ament_install'
[2.972s] Level 1:colcon.colcon_core.package_identification:_identify(robot/catkin_ws_isolated/src/cartographer_ros) by extensions ['colcon_pkg']
[2.973s] Level 1:colcon.colcon_core.package_identification:_identify(robot/catkin_ws_isolated/src/cartographer_ros) by extension 'colcon_pkg'
[2.977s] Level 1:colcon.colcon_core.package_identification:_identify(robot/catkin_ws_isolated/src/cartographer_ros) by extensions ['colcon_meta']
[2.978s] Level 1:colcon.colcon_core.package_identification:_identify(robot/catkin_ws_isolated/src/cartographer_ros) by extension 'colcon_meta'
[2.993s] Level 1:colcon.colcon_core.package_identification:_identify(robot/catkin_ws_isolated/src/cartographer_ros) by extensions ['ros']
[2.995s] Level 1:colcon.colcon_core.package_identification:_identify(robot/catkin_ws_isolated/src/cartographer_ros) by extension 'ros'
[3.021s] Level 1:colcon.colcon_core.package_identification:_identify(robot/catkin_ws_isolated/src/cartographer_ros) by extensions ['cmake', 'python']
[3.022s] Level 1:colcon.colcon_core.package_identification:_identify(robot/catkin_ws_isolated/src/cartographer_ros) by extension 'cmake'
[3.026s] Level 1:colcon.colcon_core.package_identification:_identify(robot/catkin_ws_isolated/src/cartographer_ros) by extension 'python'
[3.034s] Level 1:colcon.colcon_core.package_identification:_identify(robot/catkin_ws_isolated/src/cartographer_ros) by extensions ['python_setup_py']
[3.035s] Level 1:colcon.colcon_core.package_identification:_identify(robot/catkin_ws_isolated/src/cartographer_ros) by extension 'python_setup_py'
[3.065s] Level 1:colcon.colcon_core.package_identification:_identify(robot/catkin_ws_isolated/src/cartographer_ros/cartographer_ros) by extensions ['ignore', 'ignore_ament_install']
[3.065s] Level 1:colcon.colcon_core.package_identification:_identify(robot/catkin_ws_isolated/src/cartographer_ros/cartographer_ros) by extension 'ignore'
[3.070s] Level 1:colcon.colcon_core.package_identification:_identify(robot/catkin_ws_isolated/src/cartographer_ros/cartographer_ros) by extension 'ignore_ament_install'
[3.082s] Level 1:colcon.colcon_core.package_identification:_identify(robot/catkin_ws_isolated/src/cartographer_ros/cartographer_ros) by extensions ['colcon_pkg']
[3.084s] Level 1:colcon.colcon_core.package_identification:_identify(robot/catkin_ws_isolated/src/cartographer_ros/cartographer_ros) by extension 'colcon_pkg'
[3.089s] Level 1:colcon.colcon_core.package_identification:_identify(robot/catkin_ws_isolated/src/cartographer_ros/cartographer_ros) by extensions ['colcon_meta']
[3.089s] Level 1:colcon.colcon_core.package_identification:_identify(robot/catkin_ws_isolated/src/cartographer_ros/cartographer_ros) by extension 'colcon_meta'
[3.106s] Level 1:colcon.colcon_core.package_identification:_identify(robot/catkin_ws_isolated/src/cartographer_ros/cartographer_ros) by extensions ['ros']
[3.106s] Level 1:colcon.colcon_core.package_identification:_identify(robot/catkin_ws_isolated/src/cartographer_ros/cartographer_ros) by extension 'ros'
[3.129s] Level 1:colcon.colcon_core.package_identification:_identify(robot/catkin_ws_isolated/src/cartographer_ros/cartographer_ros) by extensions ['cmake', 'python']
[3.129s] Level 1:colcon.colcon_core.package_identification:_identify(robot/catkin_ws_isolated/src/cartographer_ros/cartographer_ros) by extension 'cmake'
[3.135s] Level 1:colcon.colcon_core.package_identification:_identify(robot/catkin_ws_isolated/src/cartographer_ros/cartographer_ros) by extension 'python'
[3.141s] Level 1:colcon.colcon_core.package_identification:_identify(robot/catkin_ws_isolated/src/cartographer_ros/cartographer_ros) by extensions ['python_setup_py']
[3.141s] Level 1:colcon.colcon_core.package_identification:_identify(robot/catkin_ws_isolated/src/cartographer_ros/cartographer_ros) by extension 'python_setup_py'
[3.170s] Level 1:colcon.colcon_core.package_identification:_identify(robot/catkin_ws_isolated/src/cartographer_ros/cartographer_ros/configuration_files) by extensions ['ignore', 'ignore_ament_install']
[3.170s] Level 1:colcon.colcon_core.package_identification:_identify(robot/catkin_ws_isolated/src/cartographer_ros/cartographer_ros/configuration_files) by extension 'ignore'
[3.176s] Level 1:colcon.colcon_core.package_identification:_identify(robot/catkin_ws_isolated/src/cartographer_ros/cartographer_ros/configuration_files) by extension 'ignore_ament_install'
[3.187s] Level 1:colcon.colcon_core.package_identification:_identify(robot/catkin_ws_isolated/src/cartographer_ros/cartographer_ros/configuration_files) by extensions ['colcon_pkg']
[3.187s] Level 1:colcon.colcon_core.package_identification:_identify(robot/catkin_ws_isolated/src/cartographer_ros/cartographer_ros/configuration_files) by extension 'colcon_pkg'
[3.193s] Level 1:colcon.colcon_core.package_identification:_identify(robot/catkin_ws_isolated/src/cartographer_ros/cartographer_ros/configuration_files) by extensions ['colcon_meta']
[3.193s] Level 1:colcon.colcon_core.package_identification:_identify(robot/catkin_ws_isolated/src/cartographer_ros/cartographer_ros/configuration_files) by extension 'colcon_meta'
[3.212s] Level 1:colcon.colcon_core.package_identification:_identify(robot/catkin_ws_isolated/src/cartographer_ros/cartographer_ros/configuration_files) by extensions ['ros']
[3.213s] Level 1:colcon.colcon_core.package_identification:_identify(robot/catkin_ws_isolated/src/cartographer_ros/cartographer_ros/configuration_files) by extension 'ros'
[3.239s] Level 1:colcon.colcon_core.package_identification:_identify(robot/catkin_ws_isolated/src/cartographer_ros/cartographer_ros/configuration_files) by extensions ['cmake', 'python']
[3.240s] Level 1:colcon.colcon_core.package_identification:_identify(robot/catkin_ws_isolated/src/cartographer_ros/cartographer_ros/configuration_files) by extension 'cmake'
[3.245s] Level 1:colcon.colcon_core.package_identification:_identify(robot/catkin_ws_isolated/src/cartographer_ros/cartographer_ros/configuration_files) by extension 'python'
[3.249s] Level 1:colcon.colcon_core.package_identification:_identify(robot/catkin_ws_isolated/src/cartographer_ros/cartographer_ros/configuration_files) by extensions ['python_setup_py']
[3.250s] Level 1:colcon.colcon_core.package_identification:_identify(robot/catkin_ws_isolated/src/cartographer_ros/cartographer_ros/configuration_files) by extension 'python_setup_py'
[3.282s] Level 1:colcon.colcon_core.package_identification:_identify(robot/catkin_ws_isolated/src/cartographer_ros/cartographer_ros/launch) by extensions ['ignore', 'ignore_ament_install']
[3.283s] Level 1:colcon.colcon_core.package_identification:_identify(robot/catkin_ws_isolated/src/cartographer_ros/cartographer_ros/launch) by extension 'ignore'
[3.288s] Level 1:colcon.colcon_core.package_identification:_identify(robot/catkin_ws_isolated/src/cartographer_ros/cartographer_ros/launch) by extension 'ignore_ament_install'
[3.298s] Level 1:colcon.colcon_core.package_identification:_identify(robot/catkin_ws_isolated/src/cartographer_ros/cartographer_ros/launch) by extensions ['colcon_pkg']
[3.298s] Level 1:colcon.colcon_core.package_identification:_identify(robot/catkin_ws_isolated/src/cartographer_ros/cartographer_ros/launch) by extension 'colcon_pkg'
[3.326s] Level 1:colcon.colcon_core.package_identification:_identify(robot/catkin_ws_isolated/src/cartographer_ros/cartographer_ros/launch) by extensions ['colcon_meta']
[3.327s] Level 1:colcon.colcon_core.package_identification:_identify(robot/catkin_ws_isolated/src/cartographer_ros/cartographer_ros/launch) by extension 'colcon_meta'
[3.355s] Level 1:colcon.colcon_core.package_identification:_identify(robot/catkin_ws_isolated/src/cartographer_ros/cartographer_ros/launch) by extensions ['ros']
[3.355s] Level 1:colcon.colcon_core.package_identification:_identify(robot/catkin_ws_isolated/src/cartographer_ros/cartographer_ros/launch) by extension 'ros'
[3.381s] Level 1:colcon.colcon_core.package_identification:_identify(robot/catkin_ws_isolated/src/cartographer_ros/cartographer_ros/launch) by extensions ['cmake', 'python']
[3.383s] Level 1:colcon.colcon_core.package_identification:_identify(robot/catkin_ws_isolated/src/cartographer_ros/cartographer_ros/launch) by extension 'cmake'
[3.390s] Level 1:colcon.colcon_core.package_identification:_identify(robot/catkin_ws_isolated/src/cartographer_ros/cartographer_ros/launch) by extension 'python'
[3.396s] Level 1:colcon.colcon_core.package_identification:_identify(robot/catkin_ws_isolated/src/cartographer_ros/cartographer_ros/launch) by extensions ['python_setup_py']
[3.396s] Level 1:colcon.colcon_core.package_identification:_identify(robot/catkin_ws_isolated/src/cartographer_ros/cartographer_ros/launch) by extension 'python_setup_py'
[3.438s] Level 1:colcon.colcon_core.package_identification:_identify(robot/catkin_ws_isolated/src/cartographer_ros/cartographer_ros/urdf) by extensions ['ignore', 'ignore_ament_install']
[3.438s] Level 1:colcon.colcon_core.package_identification:_identify(robot/catkin_ws_isolated/src/cartographer_ros/cartographer_ros/urdf) by extension 'ignore'
[3.444s] Level 1:colcon.colcon_core.package_identification:_identify(robot/catkin_ws_isolated/src/cartographer_ros/cartographer_ros/urdf) by extension 'ignore_ament_install'
[3.454s] Level 1:colcon.colcon_core.package_identification:_identify(robot/catkin_ws_isolated/src/cartographer_ros/cartographer_ros/urdf) by extensions ['colcon_pkg']
[3.454s] Level 1:colcon.colcon_core.package_identification:_identify(robot/catkin_ws_isolated/src/cartographer_ros/cartographer_ros/urdf) by extension 'colcon_pkg'
[3.459s] Level 1:colcon.colcon_core.package_identification:_identify(robot/catkin_ws_isolated/src/cartographer_ros/cartographer_ros/urdf) by extensions ['colcon_meta']
[3.459s] Level 1:colcon.colcon_core.package_identification:_identify(robot/catkin_ws_isolated/src/cartographer_ros/cartographer_ros/urdf) by extension 'colcon_meta'
[3.479s] Level 1:colcon.colcon_core.package_identification:_identify(robot/catkin_ws_isolated/src/cartographer_ros/cartographer_ros/urdf) by extensions ['ros']
[3.480s] Level 1:colcon.colcon_core.package_identification:_identify(robot/catkin_ws_isolated/src/cartographer_ros/cartographer_ros/urdf) by extension 'ros'
[3.509s] Level 1:colcon.colcon_core.package_identification:_identify(robot/catkin_ws_isolated/src/cartographer_ros/cartographer_ros/urdf) by extensions ['cmake', 'python']
[3.509s] Level 1:colcon.colcon_core.package_identification:_identify(robot/catkin_ws_isolated/src/cartographer_ros/cartographer_ros/urdf) by extension 'cmake'
[3.513s] Level 1:colcon.colcon_core.package_identification:_identify(robot/catkin_ws_isolated/src/cartographer_ros/cartographer_ros/urdf) by extension 'python'
[3.519s] Level 1:colcon.colcon_core.package_identification:_identify(robot/catkin_ws_isolated/src/cartographer_ros/cartographer_ros/urdf) by extensions ['python_setup_py']
[3.520s] Level 1:colcon.colcon_core.package_identification:_identify(robot/catkin_ws_isolated/src/cartographer_ros/cartographer_ros/urdf) by extension 'python_setup_py'
[3.533s] Level 1:colcon.colcon_core.package_identification:_identify(robot/ws_moveit) by extensions ['ignore', 'ignore_ament_install']
[3.534s] Level 1:colcon.colcon_core.package_identification:_identify(robot/ws_moveit) by extension 'ignore'
[3.541s] Level 1:colcon.colcon_core.package_identification:_identify(robot/ws_moveit) by extension 'ignore_ament_install'
[3.547s] Level 1:colcon.colcon_core.package_identification:_identify(robot/ws_moveit) by extensions ['colcon_pkg']
[3.547s] Level 1:colcon.colcon_core.package_identification:_identify(robot/ws_moveit) by extension 'colcon_pkg'
[3.550s] Level 1:colcon.colcon_core.package_identification:_identify(robot/ws_moveit) by extensions ['colcon_meta']
[3.550s] Level 1:colcon.colcon_core.package_identification:_identify(robot/ws_moveit) by extension 'colcon_meta'
[3.553s] Level 1:colcon.colcon_core.package_identification:_identify(robot/ws_moveit) by extensions ['ros']
[3.553s] Level 1:colcon.colcon_core.package_identification:_identify(robot/ws_moveit) by extension 'ros'
[3.564s] Level 1:colcon.colcon_core.package_identification:_identify(robot/ws_moveit) by extensions ['cmake', 'python']
[3.565s] Level 1:colcon.colcon_core.package_identification:_identify(robot/ws_moveit) by extension 'cmake'
[3.569s] Level 1:colcon.colcon_core.package_identification:_identify(robot/ws_moveit) by extension 'python'
[3.571s] Level 1:colcon.colcon_core.package_identification:_identify(robot/ws_moveit) by extensions ['python_setup_py']
[3.572s] Level 1:colcon.colcon_core.package_identification:_identify(robot/ws_moveit) by extension 'python_setup_py'
[3.593s] Level 1:colcon.colcon_core.package_identification:_identify(robot/ws_moveit/src) by extensions ['ignore', 'ignore_ament_install']
[3.594s] Level 1:colcon.colcon_core.package_identification:_identify(robot/ws_moveit/src) by extension 'ignore'
[3.598s] Level 1:colcon.colcon_core.package_identification:_identify(robot/ws_moveit/src) by extension 'ignore_ament_install'
[3.607s] Level 1:colcon.colcon_core.package_identification:_identify(robot/ws_moveit/src) by extensions ['colcon_pkg']
[3.608s] Level 1:colcon.colcon_core.package_identification:_identify(robot/ws_moveit/src) by extension 'colcon_pkg'
[3.613s] Level 1:colcon.colcon_core.package_identification:_identify(robot/ws_moveit/src) by extensions ['colcon_meta']
[3.613s] Level 1:colcon.colcon_core.package_identification:_identify(robot/ws_moveit/src) by extension 'colcon_meta'
[3.622s] Level 1:colcon.colcon_core.package_identification:_identify(robot/ws_moveit/src) by extensions ['ros']
[3.622s] Level 1:colcon.colcon_core.package_identification:_identify(robot/ws_moveit/src) by extension 'ros'
[3.640s] Level 1:colcon.colcon_core.package_identification:_identify(robot/ws_moveit/src) by extensions ['cmake', 'python']
[3.640s] Level 1:colcon.colcon_core.package_identification:_identify(robot/ws_moveit/src) by extension 'cmake'
[3.644s] Level 1:colcon.colcon_core.package_identification:_identify(robot/ws_moveit/src) by extension 'python'
[3.648s] Level 1:colcon.colcon_core.package_identification:_identify(robot/ws_moveit/src) by extensions ['python_setup_py']
[3.648s] Level 1:colcon.colcon_core.package_identification:_identify(robot/ws_moveit/src) by extension 'python_setup_py'
[3.671s] Level 1:colcon.colcon_core.package_identification:_identify(robot/ws_moveit/src/feetech_moveit) by extensions ['ignore', 'ignore_ament_install']
[3.672s] Level 1:colcon.colcon_core.package_identification:_identify(robot/ws_moveit/src/feetech_moveit) by extension 'ignore'
[3.677s] Level 1:colcon.colcon_core.package_identification:_identify(robot/ws_moveit/src/feetech_moveit) by extension 'ignore_ament_install'
[3.685s] Level 1:colcon.colcon_core.package_identification:_identify(robot/ws_moveit/src/feetech_moveit) by extensions ['colcon_pkg']
[3.685s] Level 1:colcon.colcon_core.package_identification:_identify(robot/ws_moveit/src/feetech_moveit) by extension 'colcon_pkg'
[3.689s] Level 1:colcon.colcon_core.package_identification:_identify(robot/ws_moveit/src/feetech_moveit) by extensions ['colcon_meta']
[3.690s] Level 1:colcon.colcon_core.package_identification:_identify(robot/ws_moveit/src/feetech_moveit) by extension 'colcon_meta'
[3.703s] Level 1:colcon.colcon_core.package_identification:_identify(robot/ws_moveit/src/feetech_moveit) by extensions ['ros']
[3.704s] Level 1:colcon.colcon_core.package_identification:_identify(robot/ws_moveit/src/feetech_moveit) by extension 'ros'
[3.757s] DEBUG:colcon.colcon_core.package_identification:Package 'robot/ws_moveit/src/feetech_moveit' with type 'ros.catkin' and name 'feetech_moveit'
[3.780s] Level 1:colcon.colcon_core.package_identification:_identify(robot/ws_moveit/src/moveit_tutorials) by extensions ['ignore', 'ignore_ament_install']
[3.781s] Level 1:colcon.colcon_core.package_identification:_identify(robot/ws_moveit/src/moveit_tutorials) by extension 'ignore'
[3.786s] Level 1:colcon.colcon_core.package_identification:_identify(robot/ws_moveit/src/moveit_tutorials) by extension 'ignore_ament_install'
[3.794s] Level 1:colcon.colcon_core.package_identification:_identify(robot/ws_moveit/src/moveit_tutorials) by extensions ['colcon_pkg']
[3.795s] Level 1:colcon.colcon_core.package_identification:_identify(robot/ws_moveit/src/moveit_tutorials) by extension 'colcon_pkg'
[3.799s] Level 1:colcon.colcon_core.package_identification:_identify(robot/ws_moveit/src/moveit_tutorials) by extensions ['colcon_meta']
[3.799s] Level 1:colcon.colcon_core.package_identification:_identify(robot/ws_moveit/src/moveit_tutorials) by extension 'colcon_meta'
[3.809s] Level 1:colcon.colcon_core.package_identification:_identify(robot/ws_moveit/src/moveit_tutorials) by extensions ['ros']
[3.809s] Level 1:colcon.colcon_core.package_identification:_identify(robot/ws_moveit/src/moveit_tutorials) by extension 'ros'
[3.831s] Level 1:colcon.colcon_core.package_identification:_identify(robot/ws_moveit/src/moveit_tutorials) by extensions ['cmake', 'python']
[3.832s] Level 1:colcon.colcon_core.package_identification:_identify(robot/ws_moveit/src/moveit_tutorials) by extension 'cmake'
[3.837s] Level 1:colcon.colcon_core.package_identification:_identify(robot/ws_moveit/src/moveit_tutorials) by extension 'python'
[3.843s] Level 1:colcon.colcon_core.package_identification:_identify(robot/ws_moveit/src/moveit_tutorials) by extensions ['python_setup_py']
[3.843s] Level 1:colcon.colcon_core.package_identification:_identify(robot/ws_moveit/src/moveit_tutorials) by extension 'python_setup_py'
[3.880s] Level 1:colcon.colcon_core.package_identification:_identify(robot/ws_moveit/src/moveit_tutorials/doc) by extensions ['ignore', 'ignore_ament_install']
[3.880s] Level 1:colcon.colcon_core.package_identification:_identify(robot/ws_moveit/src/moveit_tutorials/doc) by extension 'ignore'
[3.887s] Level 1:colcon.colcon_core.package_identification:_identify(robot/ws_moveit/src/moveit_tutorials/doc) by extension 'ignore_ament_install'
[3.900s] Level 1:colcon.colcon_core.package_identification:_identify(robot/ws_moveit/src/moveit_tutorials/doc) by extensions ['colcon_pkg']
[3.900s] Level 1:colcon.colcon_core.package_identification:_identify(robot/ws_moveit/src/moveit_tutorials/doc) by extension 'colcon_pkg'
[3.906s] Level 1:colcon.colcon_core.package_identification:_identify(robot/ws_moveit/src/moveit_tutorials/doc) by extensions ['colcon_meta']
[3.907s] Level 1:colcon.colcon_core.package_identification:_identify(robot/ws_moveit/src/moveit_tutorials/doc) by extension 'colcon_meta'
[3.921s] Level 1:colcon.colcon_core.package_identification:_identify(robot/ws_moveit/src/moveit_tutorials/doc) by extensions ['ros']
[3.921s] Level 1:colcon.colcon_core.package_identification:_identify(robot/ws_moveit/src/moveit_tutorials/doc) by extension 'ros'
[3.944s] Level 1:colcon.colcon_core.package_identification:_identify(robot/ws_moveit/src/moveit_tutorials/doc) by extensions ['cmake', 'python']
[3.945s] Level 1:colcon.colcon_core.package_identification:_identify(robot/ws_moveit/src/moveit_tutorials/doc) by extension 'cmake'
[3.950s] Level 1:colcon.colcon_core.package_identification:_identify(robot/ws_moveit/src/moveit_tutorials/doc) by extension 'python'
[3.954s] Level 1:colcon.colcon_core.package_identification:_identify(robot/ws_moveit/src/moveit_tutorials/doc) by extensions ['python_setup_py']
[3.955s] Level 1:colcon.colcon_core.package_identification:_identify(robot/ws_moveit/src/moveit_tutorials/doc) by extension 'python_setup_py'
[3.985s] Level 1:colcon.colcon_core.package_identification:_identify(robot/ws_moveit/src/moveit_tutorials/doc/move_group_interface) by extensions ['ignore', 'ignore_ament_install']
[3.985s] Level 1:colcon.colcon_core.package_identification:_identify(robot/ws_moveit/src/moveit_tutorials/doc/move_group_interface) by extension 'ignore'
[3.990s] Level 1:colcon.colcon_core.package_identification:_identify(robot/ws_moveit/src/moveit_tutorials/doc/move_group_interface) by extension 'ignore_ament_install'
[4.001s] Level 1:colcon.colcon_core.package_identification:_identify(robot/ws_moveit/src/moveit_tutorials/doc/move_group_interface) by extensions ['colcon_pkg']
[4.001s] Level 1:colcon.colcon_core.package_identification:_identify(robot/ws_moveit/src/moveit_tutorials/doc/move_group_interface) by extension 'colcon_pkg'
[4.006s] Level 1:colcon.colcon_core.package_identification:_identify(robot/ws_moveit/src/moveit_tutorials/doc/move_group_interface) by extensions ['colcon_meta']
[4.006s] Level 1:colcon.colcon_core.package_identification:_identify(robot/ws_moveit/src/moveit_tutorials/doc/move_group_interface) by extension 'colcon_meta'
[4.023s] Level 1:colcon.colcon_core.package_identification:_identify(robot/ws_moveit/src/moveit_tutorials/doc/move_group_interface) by extensions ['ros']
[4.024s] Level 1:colcon.colcon_core.package_identification:_identify(robot/ws_moveit/src/moveit_tutorials/doc/move_group_interface) by extension 'ros'
[4.051s] Level 1:colcon.colcon_core.package_identification:_identify(robot/ws_moveit/src/moveit_tutorials/doc/move_group_interface) by extensions ['cmake', 'python']
[4.052s] Level 1:colcon.colcon_core.package_identification:_identify(robot/ws_moveit/src/moveit_tutorials/doc/move_group_interface) by extension 'cmake'
[4.123s] Level 1:colcon.colcon_core.package_identification:_identify(robot/ws_moveit/src/moveit_tutorials/doc/move_group_interface) by extension 'python'
[4.129s] DEBUG:colcon.colcon_core.package_identification:Package 'robot/ws_moveit/src/moveit_tutorials/doc/move_group_interface' with type 'cmake' and name 'move_group_interface'
[4.154s] Level 1:colcon.colcon_core.package_identification:_identify(robot/ws_moveit/src/moveit_tutorials/doc/perception_pipeline) by extensions ['ignore', 'ignore_ament_install']
[4.154s] Level 1:colcon.colcon_core.package_identification:_identify(robot/ws_moveit/src/moveit_tutorials/doc/perception_pipeline) by extension 'ignore'
[4.161s] Level 1:colcon.colcon_core.package_identification:_identify(robot/ws_moveit/src/moveit_tutorials/doc/perception_pipeline) by extension 'ignore_ament_install'
[4.176s] Level 1:colcon.colcon_core.package_identification:_identify(robot/ws_moveit/src/moveit_tutorials/doc/perception_pipeline) by extensions ['colcon_pkg']
[4.177s] Level 1:colcon.colcon_core.package_identification:_identify(robot/ws_moveit/src/moveit_tutorials/doc/perception_pipeline) by extension 'colcon_pkg'
[4.184s] Level 1:colcon.colcon_core.package_identification:_identify(robot/ws_moveit/src/moveit_tutorials/doc/perception_pipeline) by extensions ['colcon_meta']
[4.184s] Level 1:colcon.colcon_core.package_identification:_identify(robot/ws_moveit/src/moveit_tutorials/doc/perception_pipeline) by extension 'colcon_meta'
[4.205s] Level 1:colcon.colcon_core.package_identification:_identify(robot/ws_moveit/src/moveit_tutorials/doc/perception_pipeline) by extensions ['ros']
[4.206s] Level 1:colcon.colcon_core.package_identification:_identify(robot/ws_moveit/src/moveit_tutorials/doc/perception_pipeline) by extension 'ros'
[4.233s] Level 1:colcon.colcon_core.package_identification:_identify(robot/ws_moveit/src/moveit_tutorials/doc/perception_pipeline) by extensions ['cmake', 'python']
[4.233s] Level 1:colcon.colcon_core.package_identification:_identify(robot/ws_moveit/src/moveit_tutorials/doc/perception_pipeline) by extension 'cmake'
[4.309s] Level 1:colcon.colcon_core.package_identification:_identify(robot/ws_moveit/src/moveit_tutorials/doc/perception_pipeline) by extension 'python'
[4.315s] DEBUG:colcon.colcon_core.package_identification:Package 'robot/ws_moveit/src/moveit_tutorials/doc/perception_pipeline' with type 'cmake' and name 'perception_pipeline'
[4.316s] Level 1:colcon.colcon_core.package_discovery:discover_packages(recursive) using defaults
[4.316s] Level 1:colcon.colcon_core.package_discovery:discover_packages(ignore) discover
[4.317s] Level 1:colcon.colcon_core.package_discovery:discover_packages(ignore) using defaults
[4.317s] Level 1:colcon.colcon_core.package_discovery:discover_packages(path) discover
[4.317s] Level 1:colcon.colcon_core.package_discovery:discover_packages(path) using defaults
[4.642s] INFO:colcon.colcon_core.package_selection:Skipping not selected package 'aruco' in 'robot/catkin_ws/src/aruco_ros/aruco'
[4.642s] INFO:colcon.colcon_core.package_selection:Skipping not selected package 'aruco_msgs' in 'robot/catkin_ws/src/aruco_ros/aruco_msgs'
[4.642s] INFO:colcon.colcon_core.package_selection:Skipping not selected package 'dynamixel_sdk' in 'colcon_ws/src/DynamixelSDK/dynamixel_sdk'
[4.643s] INFO:colcon.colcon_core.package_selection:Skipping not selected package 'dynamixel_sdk_custom_interfaces' in 'colcon_ws/src/DynamixelSDK/dynamixel_sdk_custom_interfaces'
[4.643s] INFO:colcon.colcon_core.package_selection:Skipping not selected package 'dynamixel_workbench_msgs' in 'colcon_ws/src/dynamixel-workbench-msgs/dynamixel_workbench_msgs'
[4.644s] INFO:colcon.colcon_core.package_selection:Skipping not selected package 'feetechlib' in 'robot/catkin_ws/src/feetech/feetechlib'
[4.644s] INFO:colcon.colcon_core.package_selection:Skipping not selected package 'feetechlib' in 'colcon_ws/src/feetech/feetechlib'
[4.645s] INFO:colcon.colcon_core.package_selection:Skipping not selected package 'move_group_interface' in 'robot/ws_moveit/src/moveit_tutorials/doc/move_group_interface'
[4.645s] INFO:colcon.colcon_core.package_selection:Skipping not selected package 'odom' in 'robot/catkin_ws/src/odom'
[4.645s] INFO:colcon.colcon_core.package_selection:Skipping not selected package 'perception_pipeline' in 'robot/ws_moveit/src/moveit_tutorials/doc/perception_pipeline'
[4.646s] INFO:colcon.colcon_core.package_selection:Skipping not selected package 'urdf_tutorial' in 'robot/catkin_ws/src/urdf_tutorial'
[4.646s] INFO:colcon.colcon_core.package_selection:Skipping not selected package 'urdf_tutorial' in 'colcon_ws/src/urdf_tutorial'
[4.646s] INFO:colcon.colcon_core.package_selection:Skipping not selected package 'aruco_ros' in 'robot/catkin_ws/src/aruco_ros/aruco_ros'
[4.646s] INFO:colcon.colcon_core.package_selection:Skipping not selected package 'dynamixel_sdk_examples' in 'colcon_ws/src/DynamixelSDK/dynamixel_sdk_examples'
[4.647s] INFO:colcon.colcon_core.package_selection:Skipping not selected package 'dynamixel_workbench_toolbox' in 'colcon_ws/src/dynamixel-workbench/dynamixel_workbench_toolbox'
[4.647s] INFO:colcon.colcon_core.package_selection:Skipping not selected package 'feetech_controls' in 'robot/catkin_ws/src/feetech_controls'
[4.648s] INFO:colcon.colcon_core.package_selection:Skipping not selected package 'feetech_moveit' in 'robot/ws_moveit/src/feetech_moveit'
[4.648s] INFO:colcon.colcon_core.package_selection:Skipping not selected package 'odom' in 'colcon_ws/src/odom'
[4.649s] INFO:colcon.colcon_core.package_selection:Skipping not selected package 'dynamixel_workbench' in 'colcon_ws/src/dynamixel-workbench/dynamixel_workbench'
[4.651s] Level 1:colcon.colcon_core.package_discovery:discover_packages(prefix_path) check parameters
[4.651s] Level 1:colcon.colcon_core.package_discovery:discover_packages(prefix_path) discover
[4.654s] Level 1:colcon.colcon_core.package_discovery:discover_packages(prefix_path) using defaults
[4.656s] ERROR:colcon:colcon build: Duplicate package names not supported:
- main_run:
  - colcon_ws/src/main_run
  - robot/catkin_ws/src/main_run
