[0.318s] Invoking command in '/mnt/c/Users/User/Downloads/Candle_TheRobot-main/colcon_ws/build/urdf_tutorial': CMAKE_PREFIX_PATH=${CMAKE_PREFIX_PATH}:/opt/ros/humble /usr/bin/cmake --build /mnt/c/Users/User/Downloads/Candle_TheRobot-main/colcon_ws/build/urdf_tutorial -- -j20 -l20
[3.878s] Invoked command in '/mnt/c/Users/User/Downloads/Candle_TheRobot-main/colcon_ws/build/urdf_tutorial' returned '0': CMAKE_PREFIX_PATH=${CMAKE_PREFIX_PATH}:/opt/ros/humble /usr/bin/cmake --build /mnt/c/Users/User/Downloads/Candle_TheRobot-main/colcon_ws/build/urdf_tutorial -- -j20 -l20
[4.941s] Invoking command in '/mnt/c/Users/User/Downloads/Candle_TheRobot-main/colcon_ws/build/urdf_tutorial': CMAKE_PREFIX_PATH=${CMAKE_PREFIX_PATH}:/opt/ros/humble /usr/bin/cmake --install /mnt/c/Users/User/Downloads/Candle_TheRobot-main/colcon_ws/build/urdf_tutorial
[5.855s] -- Install configuration: ""
[5.942s] -- Execute custom install script
[6.415s] -- Up-to-date symlink: /mnt/c/Users/User/Downloads/Candle_TheRobot-main/colcon_ws/install/urdf_tutorial/share/urdf_tutorial/urdf/01-myfirst (copy).urdf
[6.562s] -- Up-to-date symlink: /mnt/c/Users/User/Downloads/Candle_TheRobot-main/colcon_ws/install/urdf_tutorial/share/urdf_tutorial/urdf/01-myfirst.urdf
[6.795s] -- Up-to-date symlink: /mnt/c/Users/User/Downloads/Candle_TheRobot-main/colcon_ws/install/urdf_tutorial/share/urdf_tutorial/urdf/02-multipleshapes.urdf
[7.005s] -- Up-to-date symlink: /mnt/c/Users/User/Downloads/Candle_TheRobot-main/colcon_ws/install/urdf_tutorial/share/urdf_tutorial/urdf/03-origins.urdf
[7.150s] -- Up-to-date symlink: /mnt/c/Users/User/Downloads/Candle_TheRobot-main/colcon_ws/install/urdf_tutorial/share/urdf_tutorial/urdf/04-materials.urdf
[7.295s] -- Up-to-date symlink: /mnt/c/Users/User/Downloads/Candle_TheRobot-main/colcon_ws/install/urdf_tutorial/share/urdf_tutorial/urdf/05-visual.urdf
[7.495s] -- Up-to-date symlink: /mnt/c/Users/User/Downloads/Candle_TheRobot-main/colcon_ws/install/urdf_tutorial/share/urdf_tutorial/urdf/06-flexible.urdf
[7.725s] -- Up-to-date symlink: /mnt/c/Users/User/Downloads/Candle_TheRobot-main/colcon_ws/install/urdf_tutorial/share/urdf_tutorial/urdf/07-physics.urdf
[7.868s] -- Up-to-date symlink: /mnt/c/Users/User/Downloads/Candle_TheRobot-main/colcon_ws/install/urdf_tutorial/share/urdf_tutorial/urdf/08-macroed.urdf.xacro
[8.046s] -- Up-to-date symlink: /mnt/c/Users/User/Downloads/Candle_TheRobot-main/colcon_ws/install/urdf_tutorial/share/urdf_tutorial/urdf/backpack_2d.urdf
[8.286s] -- Up-to-date symlink: /mnt/c/Users/User/Downloads/Candle_TheRobot-main/colcon_ws/install/urdf_tutorial/share/urdf_tutorial/urdf/feetech_tray.urdf.xacro
[8.501s] -- Up-to-date symlink: /mnt/c/Users/User/Downloads/Candle_TheRobot-main/colcon_ws/install/urdf_tutorial/share/urdf_tutorial/meshes/base_link.stl
[8.741s] -- Up-to-date symlink: /mnt/c/Users/User/Downloads/Candle_TheRobot-main/colcon_ws/install/urdf_tutorial/share/urdf_tutorial/launch/display.launch
[8.941s] -- Up-to-date symlink: /mnt/c/Users/User/Downloads/Candle_TheRobot-main/colcon_ws/install/urdf_tutorial/share/urdf_tutorial/launch/gazebo.launch.py
[9.228s] -- Up-to-date symlink: /mnt/c/Users/User/Downloads/Candle_TheRobot-main/colcon_ws/install/urdf_tutorial/share/urdf_tutorial/rviz/urdf.rviz
[9.373s] -- Up-to-date symlink: /mnt/c/Users/User/Downloads/Candle_TheRobot-main/colcon_ws/install/urdf_tutorial/share/urdf_tutorial/rviz/urdf.vcg
[9.601s] -- Up-to-date symlink: /mnt/c/Users/User/Downloads/Candle_TheRobot-main/colcon_ws/install/urdf_tutorial/share/urdf_tutorial/world/apartment.world
[9.733s] -- Up-to-date symlink: /mnt/c/Users/User/Downloads/Candle_TheRobot-main/colcon_ws/install/urdf_tutorial/share/urdf_tutorial/world/optimized.world
[10.044s] -- Up-to-date symlink: /mnt/c/Users/User/Downloads/Candle_TheRobot-main/colcon_ws/install/urdf_tutorial/share/ament_index/resource_index/package_run_dependencies/urdf_tutorial
[10.358s] -- Up-to-date symlink: /mnt/c/Users/User/Downloads/Candle_TheRobot-main/colcon_ws/install/urdf_tutorial/share/ament_index/resource_index/parent_prefix_path/urdf_tutorial
[10.532s] -- Up-to-date symlink: /mnt/c/Users/User/Downloads/Candle_TheRobot-main/colcon_ws/install/urdf_tutorial/share/urdf_tutorial/environment/ament_prefix_path.sh
[10.680s] -- Up-to-date symlink: /mnt/c/Users/User/Downloads/Candle_TheRobot-main/colcon_ws/install/urdf_tutorial/share/urdf_tutorial/environment/ament_prefix_path.dsv
[10.797s] -- Up-to-date symlink: /mnt/c/Users/User/Downloads/Candle_TheRobot-main/colcon_ws/install/urdf_tutorial/share/urdf_tutorial/environment/path.sh
[10.916s] -- Up-to-date symlink: /mnt/c/Users/User/Downloads/Candle_TheRobot-main/colcon_ws/install/urdf_tutorial/share/urdf_tutorial/environment/path.dsv
[11.052s] -- Up-to-date symlink: /mnt/c/Users/User/Downloads/Candle_TheRobot-main/colcon_ws/install/urdf_tutorial/share/urdf_tutorial/local_setup.bash
[11.316s] -- Up-to-date symlink: /mnt/c/Users/User/Downloads/Candle_TheRobot-main/colcon_ws/install/urdf_tutorial/share/urdf_tutorial/local_setup.sh
[11.458s] -- Up-to-date symlink: /mnt/c/Users/User/Downloads/Candle_TheRobot-main/colcon_ws/install/urdf_tutorial/share/urdf_tutorial/local_setup.zsh
[11.606s] -- Up-to-date symlink: /mnt/c/Users/User/Downloads/Candle_TheRobot-main/colcon_ws/install/urdf_tutorial/share/urdf_tutorial/local_setup.dsv
[11.662s] -- Symlinking: /mnt/c/Users/User/Downloads/Candle_TheRobot-main/colcon_ws/install/urdf_tutorial/share/urdf_tutorial/package.dsv
[13.762s] -- Up-to-date symlink: /mnt/c/Users/User/Downloads/Candle_TheRobot-main/colcon_ws/install/urdf_tutorial/share/ament_index/resource_index/packages/urdf_tutorial
[13.928s] -- Up-to-date symlink: /mnt/c/Users/User/Downloads/Candle_TheRobot-main/colcon_ws/install/urdf_tutorial/share/urdf_tutorial/cmake/urdf_tutorialConfig.cmake
[14.021s] -- Up-to-date symlink: /mnt/c/Users/User/Downloads/Candle_TheRobot-main/colcon_ws/install/urdf_tutorial/share/urdf_tutorial/cmake/urdf_tutorialConfig-version.cmake
[14.137s] -- Up-to-date symlink: /mnt/c/Users/User/Downloads/Candle_TheRobot-main/colcon_ws/install/urdf_tutorial/share/urdf_tutorial/package.xml
[14.145s] Invoked command in '/mnt/c/Users/User/Downloads/Candle_TheRobot-main/colcon_ws/build/urdf_tutorial' returned '0': CMAKE_PREFIX_PATH=${CMAKE_PREFIX_PATH}:/opt/ros/humble /usr/bin/cmake --install /mnt/c/Users/User/Downloads/Candle_TheRobot-main/colcon_ws/build/urdf_tutorial
