[0.666s] Invoking command in '/mnt/c/Users/User/Downloads/Candle_TheRobot-main/colcon_ws/build/main_run': CMAKE_PREFIX_PATH=${CMAKE_PREFIX_PATH}:/opt/ros/humble /usr/bin/cmake --build /mnt/c/Users/User/Downloads/Candle_TheRobot-main/colcon_ws/build/main_run -- -j20 -l20
[5.258s] [ 20%] Built target nodelaunch
[5.342s] [ 40%] Built target nodecontrols
[5.381s] [ 60%] Built target navicontroltopic
[5.644s] [ 80%] Built target nodeshutdown
[5.687s] [100%] Built target get_initialpose
[6.553s] Invoked command in '/mnt/c/Users/User/Downloads/Candle_TheRobot-main/colcon_ws/build/main_run' returned '0': CMAKE_PREFIX_PATH=${CMAKE_PREFIX_PATH}:/opt/ros/humble /usr/bin/cmake --build /mnt/c/Users/User/Downloads/Candle_TheRobot-main/colcon_ws/build/main_run -- -j20 -l20
[6.631s] Invoking command in '/mnt/c/Users/User/Downloads/Candle_TheRobot-main/colcon_ws/build/main_run': CMAKE_PREFIX_PATH=${CMAKE_PREFIX_PATH}:/opt/ros/humble /usr/bin/cmake --install /mnt/c/Users/User/Downloads/Candle_TheRobot-main/colcon_ws/build/main_run
[7.517s] -- Install configuration: ""
[7.557s] -- Execute custom install script
[7.636s] -- Up-to-date symlink: /mnt/c/Users/User/Downloads/Candle_TheRobot-main/colcon_ws/install/main_run/lib/main_run/navicontroltopic
[7.699s] -- Up-to-date symlink: /mnt/c/Users/User/Downloads/Candle_TheRobot-main/colcon_ws/install/main_run/lib/main_run/nodelaunch
[7.760s] -- Up-to-date symlink: /mnt/c/Users/User/Downloads/Candle_TheRobot-main/colcon_ws/install/main_run/lib/main_run/nodeshutdown
[7.823s] -- Up-to-date symlink: /mnt/c/Users/User/Downloads/Candle_TheRobot-main/colcon_ws/install/main_run/lib/main_run/nodecontrols
[7.888s] -- Up-to-date symlink: /mnt/c/Users/User/Downloads/Candle_TheRobot-main/colcon_ws/install/main_run/lib/main_run/get_initialpose
[7.979s] -- Up-to-date symlink: /mnt/c/Users/User/Downloads/Candle_TheRobot-main/colcon_ws/install/main_run/lib/main_run/obstacle_avoidance.py
[8.059s] -- Up-to-date symlink: /mnt/c/Users/User/Downloads/Candle_TheRobot-main/colcon_ws/install/main_run/lib/main_run/sphere_wanderer.py
[8.134s] -- Up-to-date symlink: /mnt/c/Users/User/Downloads/Candle_TheRobot-main/colcon_ws/install/main_run/lib/main_run/mobile_goal_tracker.py
[8.407s] -- Up-to-date symlink: /mnt/c/Users/User/Downloads/Candle_TheRobot-main/colcon_ws/install/main_run/share/main_run/launch/arm.launch
[8.500s] -- Up-to-date symlink: /mnt/c/Users/User/Downloads/Candle_TheRobot-main/colcon_ws/install/main_run/share/main_run/launch/bringup_all.launch.py
[8.594s] -- Up-to-date symlink: /mnt/c/Users/User/Downloads/Candle_TheRobot-main/colcon_ws/install/main_run/share/main_run/launch/full.launch
[8.690s] -- Up-to-date symlink: /mnt/c/Users/User/Downloads/Candle_TheRobot-main/colcon_ws/install/main_run/share/main_run/launch/main_run.launch
[8.787s] -- Up-to-date symlink: /mnt/c/Users/User/Downloads/Candle_TheRobot-main/colcon_ws/install/main_run/share/main_run/launch/main_run.launch.py
[8.887s] -- Up-to-date symlink: /mnt/c/Users/User/Downloads/Candle_TheRobot-main/colcon_ws/install/main_run/share/main_run/launch/main_run_mapping.launch
[8.993s] -- Up-to-date symlink: /mnt/c/Users/User/Downloads/Candle_TheRobot-main/colcon_ws/install/main_run/share/main_run/launch/mapping.launch
[9.099s] -- Up-to-date symlink: /mnt/c/Users/User/Downloads/Candle_TheRobot-main/colcon_ws/install/main_run/share/main_run/launch/move_base.launch
[9.219s] -- Up-to-date symlink: /mnt/c/Users/User/Downloads/Candle_TheRobot-main/colcon_ws/install/main_run/share/main_run/launch/navi.launch
[9.330s] -- Up-to-date symlink: /mnt/c/Users/User/Downloads/Candle_TheRobot-main/colcon_ws/install/main_run/share/main_run/launch/navi_sensors_merged.launch
[9.436s] -- Up-to-date symlink: /mnt/c/Users/User/Downloads/Candle_TheRobot-main/colcon_ws/install/main_run/share/main_run/launch/navi_test_only.launch
[9.540s] -- Up-to-date symlink: /mnt/c/Users/User/Downloads/Candle_TheRobot-main/colcon_ws/install/main_run/share/main_run/launch/navigation.launch.py
[9.651s] -- Up-to-date symlink: /mnt/c/Users/User/Downloads/Candle_TheRobot-main/colcon_ws/install/main_run/share/main_run/launch/nodecontrols.launch
[9.815s] -- Up-to-date symlink: /mnt/c/Users/User/Downloads/Candle_TheRobot-main/colcon_ws/install/main_run/share/main_run/config/nav2_params.yaml
[9.927s] -- Up-to-date symlink: /mnt/c/Users/User/Downloads/Candle_TheRobot-main/colcon_ws/install/main_run/share/main_run/config/rplidar.yaml
[10.178s] -- Up-to-date symlink: /mnt/c/Users/User/Downloads/Candle_TheRobot-main/colcon_ws/install/main_run/share/main_run/maps/empty_world.pgm
[10.289s] -- Up-to-date symlink: /mnt/c/Users/User/Downloads/Candle_TheRobot-main/colcon_ws/install/main_run/share/main_run/maps/empty_world.yaml
[10.412s] -- Up-to-date symlink: /mnt/c/Users/User/Downloads/Candle_TheRobot-main/colcon_ws/install/main_run/share/main_run/maps/map.pgm
[10.526s] -- Up-to-date symlink: /mnt/c/Users/User/Downloads/Candle_TheRobot-main/colcon_ws/install/main_run/share/main_run/maps/map.yaml
[10.655s] -- Up-to-date symlink: /mnt/c/Users/User/Downloads/Candle_TheRobot-main/colcon_ws/install/main_run/share/main_run/maps/old.pgm
[10.752s] -- Up-to-date symlink: /mnt/c/Users/User/Downloads/Candle_TheRobot-main/colcon_ws/install/main_run/share/main_run/maps/old.yaml
[10.949s] -- Up-to-date symlink: /mnt/c/Users/User/Downloads/Candle_TheRobot-main/colcon_ws/install/main_run/share/main_run/param/costmap_common_params (copy).yaml
[11.043s] -- Up-to-date symlink: /mnt/c/Users/User/Downloads/Candle_TheRobot-main/colcon_ws/install/main_run/share/main_run/param/costmap_common_params.yaml
[11.171s] -- Up-to-date symlink: /mnt/c/Users/User/Downloads/Candle_TheRobot-main/colcon_ws/install/main_run/share/main_run/param/costmap_common_params_0ld.yaml
[11.311s] -- Up-to-date symlink: /mnt/c/Users/User/Downloads/Candle_TheRobot-main/colcon_ws/install/main_run/share/main_run/param/dwa_local_planner_params.yaml
[11.451s] -- Up-to-date symlink: /mnt/c/Users/User/Downloads/Candle_TheRobot-main/colcon_ws/install/main_run/share/main_run/param/global_costmap_params.yaml
[11.570s] -- Up-to-date symlink: /mnt/c/Users/User/Downloads/Candle_TheRobot-main/colcon_ws/install/main_run/share/main_run/param/local_costmap_params.yaml
[11.681s] -- Up-to-date symlink: /mnt/c/Users/User/Downloads/Candle_TheRobot-main/colcon_ws/install/main_run/share/main_run/param/move_base_params.yaml
[11.882s] -- Up-to-date symlink: /mnt/c/Users/User/Downloads/Candle_TheRobot-main/colcon_ws/install/main_run/share/main_run/scripts/main.py
[11.978s] -- Up-to-date symlink: /mnt/c/Users/User/Downloads/Candle_TheRobot-main/colcon_ws/install/main_run/share/main_run/scripts/mobile_goal_tracker.py
[12.090s] -- Up-to-date symlink: /mnt/c/Users/User/Downloads/Candle_TheRobot-main/colcon_ws/install/main_run/share/main_run/scripts/obstacle_avoidance.py
[12.195s] -- Up-to-date symlink: /mnt/c/Users/User/Downloads/Candle_TheRobot-main/colcon_ws/install/main_run/share/main_run/scripts/script_1.py
[12.300s] -- Up-to-date symlink: /mnt/c/Users/User/Downloads/Candle_TheRobot-main/colcon_ws/install/main_run/share/main_run/scripts/sphere_wanderer.py
[12.466s] -- Up-to-date symlink: /mnt/c/Users/User/Downloads/Candle_TheRobot-main/colcon_ws/install/main_run/share/main_run/urdf/backpack_2d.urdf
[12.566s] -- Up-to-date symlink: /mnt/c/Users/User/Downloads/Candle_TheRobot-main/colcon_ws/install/main_run/share/main_run/urdf/green_sphere.urdf
[12.728s] -- Up-to-date symlink: /mnt/c/Users/User/Downloads/Candle_TheRobot-main/colcon_ws/install/main_run/share/ament_index/resource_index/package_run_dependencies/main_run
[12.917s] -- Up-to-date symlink: /mnt/c/Users/User/Downloads/Candle_TheRobot-main/colcon_ws/install/main_run/share/ament_index/resource_index/parent_prefix_path/main_run
[12.943s] -- Up-to-date symlink: /mnt/c/Users/User/Downloads/Candle_TheRobot-main/colcon_ws/install/main_run/share/main_run/environment/ament_prefix_path.sh
[13.028s] -- Up-to-date symlink: /mnt/c/Users/User/Downloads/Candle_TheRobot-main/colcon_ws/install/main_run/share/main_run/environment/ament_prefix_path.dsv
[13.070s] -- Up-to-date symlink: /mnt/c/Users/User/Downloads/Candle_TheRobot-main/colcon_ws/install/main_run/share/main_run/environment/path.sh
[13.150s] -- Up-to-date symlink: /mnt/c/Users/User/Downloads/Candle_TheRobot-main/colcon_ws/install/main_run/share/main_run/environment/path.dsv
[13.197s] -- Up-to-date symlink: /mnt/c/Users/User/Downloads/Candle_TheRobot-main/colcon_ws/install/main_run/share/main_run/local_setup.bash
[13.256s] -- Up-to-date symlink: /mnt/c/Users/User/Downloads/Candle_TheRobot-main/colcon_ws/install/main_run/share/main_run/local_setup.sh
[13.311s] -- Up-to-date symlink: /mnt/c/Users/User/Downloads/Candle_TheRobot-main/colcon_ws/install/main_run/share/main_run/local_setup.zsh
[13.373s] -- Up-to-date symlink: /mnt/c/Users/User/Downloads/Candle_TheRobot-main/colcon_ws/install/main_run/share/main_run/local_setup.dsv
[13.403s] -- Symlinking: /mnt/c/Users/User/Downloads/Candle_TheRobot-main/colcon_ws/install/main_run/share/main_run/package.dsv
[14.495s] -- Up-to-date symlink: /mnt/c/Users/User/Downloads/Candle_TheRobot-main/colcon_ws/install/main_run/share/ament_index/resource_index/packages/main_run
[14.572s] -- Up-to-date symlink: /mnt/c/Users/User/Downloads/Candle_TheRobot-main/colcon_ws/install/main_run/share/main_run/cmake/main_runConfig.cmake
[14.638s] -- Up-to-date symlink: /mnt/c/Users/User/Downloads/Candle_TheRobot-main/colcon_ws/install/main_run/share/main_run/cmake/main_runConfig-version.cmake
[14.707s] -- Up-to-date symlink: /mnt/c/Users/User/Downloads/Candle_TheRobot-main/colcon_ws/install/main_run/share/main_run/package.xml
[16.961s] Invoked command in '/mnt/c/Users/User/Downloads/Candle_TheRobot-main/colcon_ws/build/main_run' returned '0': CMAKE_PREFIX_PATH=${CMAKE_PREFIX_PATH}:/opt/ros/humble /usr/bin/cmake --install /mnt/c/Users/User/Downloads/Candle_TheRobot-main/colcon_ws/build/main_run
