[0.993s] Invoking command in '/mnt/c/Users/User/Downloads/Candle_TheRobot-main/colcon_ws/build/dynamixel_sdk_custom_interfaces': CMAKE_PREFIX_PATH=${CMAKE_PREFIX_PATH}:/opt/ros/humble /usr/bin/cmake --build /mnt/c/Users/User/Downloads/Candle_TheRobot-main/colcon_ws/build/dynamixel_sdk_custom_interfaces -- -j20 -l20
[5.670s] [  2%] Built target dynamixel_sdk_custom_interfaces__cpp
[6.150s] [ 12%] Built target dynamixel_sdk_custom_interfaces__rosidl_generator_c
[6.399s] [ 12%] Built target ament_cmake_python_symlink_dynamixel_sdk_custom_interfaces
[8.410s] [ 23%] Built target dynamixel_sdk_custom_interfaces__rosidl_typesupport_cpp
[8.488s] [ 33%] Built target dynamixel_sdk_custom_interfaces__rosidl_typesupport_introspection_cpp
[8.569s] [ 43%] Built target dynamixel_sdk_custom_interfaces__rosidl_typesupport_fastrtps_cpp
[8.969s] [ 53%] Built target dynamixel_sdk_custom_interfaces__rosidl_typesupport_c
[9.056s] [ 64%] Built target dynamixel_sdk_custom_interfaces__rosidl_typesupport_introspection_c
[9.365s] [ 74%] Built target dynamixel_sdk_custom_interfaces__rosidl_typesupport_fastrtps_c
[11.022s] running egg_info
[11.032s] writing dynamixel_sdk_custom_interfaces.egg-info/PKG-INFO
[11.043s] writing dependency_links to dynamixel_sdk_custom_interfaces.egg-info/dependency_links.txt
[11.068s] writing top-level names to dynamixel_sdk_custom_interfaces.egg-info/top_level.txt
[11.299s] reading manifest file 'dynamixel_sdk_custom_interfaces.egg-info/SOURCES.txt'
[11.452s] writing manifest file 'dynamixel_sdk_custom_interfaces.egg-info/SOURCES.txt'
[12.506s] [ 74%] Built target dynamixel_sdk_custom_interfaces
[12.784s] [ 74%] Built target ament_cmake_python_build_dynamixel_sdk_custom_interfaces_egg
[15.524s] [ 76%] Built target dynamixel_sdk_custom_interfaces__py
[17.917s] [ 84%] Built target dynamixel_sdk_custom_interfaces__rosidl_generator_py
[19.840s] [ 89%] Built target dynamixel_sdk_custom_interfaces__rosidl_typesupport_fastrtps_c__pyext
[19.957s] [ 94%] Built target dynamixel_sdk_custom_interfaces__rosidl_typesupport_introspection_c__pyext
[19.990s] [100%] Built target dynamixel_sdk_custom_interfaces__rosidl_typesupport_c__pyext
[20.715s] Invoked command in '/mnt/c/Users/User/Downloads/Candle_TheRobot-main/colcon_ws/build/dynamixel_sdk_custom_interfaces' returned '0': CMAKE_PREFIX_PATH=${CMAKE_PREFIX_PATH}:/opt/ros/humble /usr/bin/cmake --build /mnt/c/Users/User/Downloads/Candle_TheRobot-main/colcon_ws/build/dynamixel_sdk_custom_interfaces -- -j20 -l20
[20.743s] Invoking command in '/mnt/c/Users/User/Downloads/Candle_TheRobot-main/colcon_ws/build/dynamixel_sdk_custom_interfaces': CMAKE_PREFIX_PATH=${CMAKE_PREFIX_PATH}:/opt/ros/humble /usr/bin/cmake --install /mnt/c/Users/User/Downloads/Candle_TheRobot-main/colcon_ws/build/dynamixel_sdk_custom_interfaces
[21.302s] -- Install configuration: ""
[21.319s] -- Execute custom install script
[21.393s] -- Up-to-date symlink: /mnt/c/Users/User/Downloads/Candle_TheRobot-main/colcon_ws/install/dynamixel_sdk_custom_interfaces/share/ament_index/resource_index/rosidl_interfaces/dynamixel_sdk_custom_interfaces
[21.721s] -- Up-to-date symlink: /mnt/c/Users/User/Downloads/Candle_TheRobot-main/colcon_ws/install/dynamixel_sdk_custom_interfaces/include/dynamixel_sdk_custom_interfaces/dynamixel_sdk_custom_interfaces/msg/detail/set_position__functions.h
[21.824s] -- Up-to-date symlink: /mnt/c/Users/User/Downloads/Candle_TheRobot-main/colcon_ws/install/dynamixel_sdk_custom_interfaces/include/dynamixel_sdk_custom_interfaces/dynamixel_sdk_custom_interfaces/msg/detail/set_position__struct.h
[21.905s] -- Up-to-date symlink: /mnt/c/Users/User/Downloads/Candle_TheRobot-main/colcon_ws/install/dynamixel_sdk_custom_interfaces/include/dynamixel_sdk_custom_interfaces/dynamixel_sdk_custom_interfaces/msg/detail/set_position__type_support.h
[21.959s] -- Up-to-date symlink: /mnt/c/Users/User/Downloads/Candle_TheRobot-main/colcon_ws/install/dynamixel_sdk_custom_interfaces/include/dynamixel_sdk_custom_interfaces/dynamixel_sdk_custom_interfaces/msg/rosidl_generator_c__visibility_control.h
[22.012s] -- Up-to-date symlink: /mnt/c/Users/User/Downloads/Candle_TheRobot-main/colcon_ws/install/dynamixel_sdk_custom_interfaces/include/dynamixel_sdk_custom_interfaces/dynamixel_sdk_custom_interfaces/msg/set_position.h
[22.078s] -- Up-to-date symlink: /mnt/c/Users/User/Downloads/Candle_TheRobot-main/colcon_ws/install/dynamixel_sdk_custom_interfaces/include/dynamixel_sdk_custom_interfaces/dynamixel_sdk_custom_interfaces/srv/detail/get_position__functions.h
[22.142s] -- Up-to-date symlink: /mnt/c/Users/User/Downloads/Candle_TheRobot-main/colcon_ws/install/dynamixel_sdk_custom_interfaces/include/dynamixel_sdk_custom_interfaces/dynamixel_sdk_custom_interfaces/srv/detail/get_position__struct.h
[22.207s] -- Up-to-date symlink: /mnt/c/Users/User/Downloads/Candle_TheRobot-main/colcon_ws/install/dynamixel_sdk_custom_interfaces/include/dynamixel_sdk_custom_interfaces/dynamixel_sdk_custom_interfaces/srv/detail/get_position__type_support.h
[22.266s] -- Up-to-date symlink: /mnt/c/Users/User/Downloads/Candle_TheRobot-main/colcon_ws/install/dynamixel_sdk_custom_interfaces/include/dynamixel_sdk_custom_interfaces/dynamixel_sdk_custom_interfaces/srv/get_position.h
[22.295s] -- Up-to-date symlink: /mnt/c/Users/User/Downloads/Candle_TheRobot-main/colcon_ws/install/dynamixel_sdk_custom_interfaces/share/dynamixel_sdk_custom_interfaces/environment/library_path.sh
[22.333s] -- Up-to-date symlink: /mnt/c/Users/User/Downloads/Candle_TheRobot-main/colcon_ws/install/dynamixel_sdk_custom_interfaces/share/dynamixel_sdk_custom_interfaces/environment/library_path.dsv
[22.619s] -- Up-to-date symlink: /mnt/c/Users/User/Downloads/Candle_TheRobot-main/colcon_ws/install/dynamixel_sdk_custom_interfaces/include/dynamixel_sdk_custom_interfaces/dynamixel_sdk_custom_interfaces/msg/detail/set_position__rosidl_typesupport_fastrtps_c.h
[22.673s] -- Up-to-date symlink: /mnt/c/Users/User/Downloads/Candle_TheRobot-main/colcon_ws/install/dynamixel_sdk_custom_interfaces/include/dynamixel_sdk_custom_interfaces/dynamixel_sdk_custom_interfaces/msg/rosidl_typesupport_fastrtps_c__visibility_control.h
[22.742s] -- Up-to-date symlink: /mnt/c/Users/User/Downloads/Candle_TheRobot-main/colcon_ws/install/dynamixel_sdk_custom_interfaces/include/dynamixel_sdk_custom_interfaces/dynamixel_sdk_custom_interfaces/srv/detail/get_position__rosidl_typesupport_fastrtps_c.h
[22.980s] -- Up-to-date symlink: /mnt/c/Users/User/Downloads/Candle_TheRobot-main/colcon_ws/install/dynamixel_sdk_custom_interfaces/include/dynamixel_sdk_custom_interfaces/dynamixel_sdk_custom_interfaces/msg/detail/set_position__builder.hpp
[23.044s] -- Up-to-date symlink: /mnt/c/Users/User/Downloads/Candle_TheRobot-main/colcon_ws/install/dynamixel_sdk_custom_interfaces/include/dynamixel_sdk_custom_interfaces/dynamixel_sdk_custom_interfaces/msg/detail/set_position__struct.hpp
[23.106s] -- Up-to-date symlink: /mnt/c/Users/User/Downloads/Candle_TheRobot-main/colcon_ws/install/dynamixel_sdk_custom_interfaces/include/dynamixel_sdk_custom_interfaces/dynamixel_sdk_custom_interfaces/msg/detail/set_position__traits.hpp
[23.171s] -- Up-to-date symlink: /mnt/c/Users/User/Downloads/Candle_TheRobot-main/colcon_ws/install/dynamixel_sdk_custom_interfaces/include/dynamixel_sdk_custom_interfaces/dynamixel_sdk_custom_interfaces/msg/detail/set_position__type_support.hpp
[23.231s] -- Up-to-date symlink: /mnt/c/Users/User/Downloads/Candle_TheRobot-main/colcon_ws/install/dynamixel_sdk_custom_interfaces/include/dynamixel_sdk_custom_interfaces/dynamixel_sdk_custom_interfaces/msg/rosidl_generator_cpp__visibility_control.hpp
[23.279s] -- Up-to-date symlink: /mnt/c/Users/User/Downloads/Candle_TheRobot-main/colcon_ws/install/dynamixel_sdk_custom_interfaces/include/dynamixel_sdk_custom_interfaces/dynamixel_sdk_custom_interfaces/msg/set_position.hpp
[23.358s] -- Up-to-date symlink: /mnt/c/Users/User/Downloads/Candle_TheRobot-main/colcon_ws/install/dynamixel_sdk_custom_interfaces/include/dynamixel_sdk_custom_interfaces/dynamixel_sdk_custom_interfaces/srv/detail/get_position__builder.hpp
[23.437s] -- Up-to-date symlink: /mnt/c/Users/User/Downloads/Candle_TheRobot-main/colcon_ws/install/dynamixel_sdk_custom_interfaces/include/dynamixel_sdk_custom_interfaces/dynamixel_sdk_custom_interfaces/srv/detail/get_position__struct.hpp
[23.502s] -- Up-to-date symlink: /mnt/c/Users/User/Downloads/Candle_TheRobot-main/colcon_ws/install/dynamixel_sdk_custom_interfaces/include/dynamixel_sdk_custom_interfaces/dynamixel_sdk_custom_interfaces/srv/detail/get_position__traits.hpp
[23.573s] -- Up-to-date symlink: /mnt/c/Users/User/Downloads/Candle_TheRobot-main/colcon_ws/install/dynamixel_sdk_custom_interfaces/include/dynamixel_sdk_custom_interfaces/dynamixel_sdk_custom_interfaces/srv/detail/get_position__type_support.hpp
[23.639s] -- Up-to-date symlink: /mnt/c/Users/User/Downloads/Candle_TheRobot-main/colcon_ws/install/dynamixel_sdk_custom_interfaces/include/dynamixel_sdk_custom_interfaces/dynamixel_sdk_custom_interfaces/srv/get_position.hpp
[23.988s] -- Up-to-date symlink: /mnt/c/Users/User/Downloads/Candle_TheRobot-main/colcon_ws/install/dynamixel_sdk_custom_interfaces/include/dynamixel_sdk_custom_interfaces/dynamixel_sdk_custom_interfaces/msg/detail/set_position__rosidl_typesupport_fastrtps_cpp.hpp
[24.041s] -- Up-to-date symlink: /mnt/c/Users/User/Downloads/Candle_TheRobot-main/colcon_ws/install/dynamixel_sdk_custom_interfaces/include/dynamixel_sdk_custom_interfaces/dynamixel_sdk_custom_interfaces/msg/rosidl_typesupport_fastrtps_cpp__visibility_control.h
[24.110s] -- Up-to-date symlink: /mnt/c/Users/User/Downloads/Candle_TheRobot-main/colcon_ws/install/dynamixel_sdk_custom_interfaces/include/dynamixel_sdk_custom_interfaces/dynamixel_sdk_custom_interfaces/srv/detail/get_position__rosidl_typesupport_fastrtps_cpp.hpp
[24.340s] -- Up-to-date symlink: /mnt/c/Users/User/Downloads/Candle_TheRobot-main/colcon_ws/install/dynamixel_sdk_custom_interfaces/include/dynamixel_sdk_custom_interfaces/dynamixel_sdk_custom_interfaces/msg/detail/set_position__rosidl_typesupport_introspection_c.h
[24.392s] -- Up-to-date symlink: /mnt/c/Users/User/Downloads/Candle_TheRobot-main/colcon_ws/install/dynamixel_sdk_custom_interfaces/include/dynamixel_sdk_custom_interfaces/dynamixel_sdk_custom_interfaces/msg/rosidl_typesupport_introspection_c__visibility_control.h
[24.455s] -- Up-to-date symlink: /mnt/c/Users/User/Downloads/Candle_TheRobot-main/colcon_ws/install/dynamixel_sdk_custom_interfaces/include/dynamixel_sdk_custom_interfaces/dynamixel_sdk_custom_interfaces/srv/detail/get_position__rosidl_typesupport_introspection_c.h
[24.614s] -- Up-to-date symlink: /mnt/c/Users/User/Downloads/Candle_TheRobot-main/colcon_ws/install/dynamixel_sdk_custom_interfaces/include/dynamixel_sdk_custom_interfaces/dynamixel_sdk_custom_interfaces/msg/detail/set_position__rosidl_typesupport_introspection_cpp.hpp
[24.707s] -- Up-to-date symlink: /mnt/c/Users/User/Downloads/Candle_TheRobot-main/colcon_ws/install/dynamixel_sdk_custom_interfaces/include/dynamixel_sdk_custom_interfaces/dynamixel_sdk_custom_interfaces/srv/detail/get_position__rosidl_typesupport_introspection_cpp.hpp
[24.738s] -- Up-to-date symlink: /mnt/c/Users/User/Downloads/Candle_TheRobot-main/colcon_ws/install/dynamixel_sdk_custom_interfaces/share/dynamixel_sdk_custom_interfaces/environment/pythonpath.sh
[24.771s] -- Up-to-date symlink: /mnt/c/Users/User/Downloads/Candle_TheRobot-main/colcon_ws/install/dynamixel_sdk_custom_interfaces/share/dynamixel_sdk_custom_interfaces/environment/pythonpath.dsv
[24.888s] -- Up-to-date symlink: /mnt/c/Users/User/Downloads/Candle_TheRobot-main/colcon_ws/install/dynamixel_sdk_custom_interfaces/local/lib/python3.10/dist-packages/dynamixel_sdk_custom_interfaces-3.7.60-py3.10.egg-info/PKG-INFO
[24.947s] -- Up-to-date symlink: /mnt/c/Users/User/Downloads/Candle_TheRobot-main/colcon_ws/install/dynamixel_sdk_custom_interfaces/local/lib/python3.10/dist-packages/dynamixel_sdk_custom_interfaces-3.7.60-py3.10.egg-info/SOURCES.txt
[25.003s] -- Up-to-date symlink: /mnt/c/Users/User/Downloads/Candle_TheRobot-main/colcon_ws/install/dynamixel_sdk_custom_interfaces/local/lib/python3.10/dist-packages/dynamixel_sdk_custom_interfaces-3.7.60-py3.10.egg-info/dependency_links.txt
[25.070s] -- Up-to-date symlink: /mnt/c/Users/User/Downloads/Candle_TheRobot-main/colcon_ws/install/dynamixel_sdk_custom_interfaces/local/lib/python3.10/dist-packages/dynamixel_sdk_custom_interfaces-3.7.60-py3.10.egg-info/top_level.txt
[25.711s] -- Up-to-date symlink: /mnt/c/Users/User/Downloads/Candle_TheRobot-main/colcon_ws/install/dynamixel_sdk_custom_interfaces/local/lib/python3.10/dist-packages/dynamixel_sdk_custom_interfaces/__init__.py
[25.780s] -- Up-to-date symlink: /mnt/c/Users/User/Downloads/Candle_TheRobot-main/colcon_ws/install/dynamixel_sdk_custom_interfaces/local/lib/python3.10/dist-packages/dynamixel_sdk_custom_interfaces/_dynamixel_sdk_custom_interfaces_s.ep.rosidl_typesupport_c.c
[25.846s] -- Up-to-date symlink: /mnt/c/Users/User/Downloads/Candle_TheRobot-main/colcon_ws/install/dynamixel_sdk_custom_interfaces/local/lib/python3.10/dist-packages/dynamixel_sdk_custom_interfaces/_dynamixel_sdk_custom_interfaces_s.ep.rosidl_typesupport_fastrtps_c.c
[25.897s] -- Up-to-date symlink: /mnt/c/Users/User/Downloads/Candle_TheRobot-main/colcon_ws/install/dynamixel_sdk_custom_interfaces/local/lib/python3.10/dist-packages/dynamixel_sdk_custom_interfaces/_dynamixel_sdk_custom_interfaces_s.ep.rosidl_typesupport_introspection_c.c
[25.965s] -- Up-to-date symlink: /mnt/c/Users/User/Downloads/Candle_TheRobot-main/colcon_ws/install/dynamixel_sdk_custom_interfaces/local/lib/python3.10/dist-packages/dynamixel_sdk_custom_interfaces/dynamixel_sdk_custom_interfaces_s__rosidl_typesupport_c.cpython-310-x86_64-linux-gnu.so
[26.029s] -- Up-to-date symlink: /mnt/c/Users/User/Downloads/Candle_TheRobot-main/colcon_ws/install/dynamixel_sdk_custom_interfaces/local/lib/python3.10/dist-packages/dynamixel_sdk_custom_interfaces/dynamixel_sdk_custom_interfaces_s__rosidl_typesupport_fastrtps_c.cpython-310-x86_64-linux-gnu.so
[26.097s] -- Up-to-date symlink: /mnt/c/Users/User/Downloads/Candle_TheRobot-main/colcon_ws/install/dynamixel_sdk_custom_interfaces/local/lib/python3.10/dist-packages/dynamixel_sdk_custom_interfaces/dynamixel_sdk_custom_interfaces_s__rosidl_typesupport_introspection_c.cpython-310-x86_64-linux-gnu.so
[26.162s] -- Up-to-date symlink: /mnt/c/Users/User/Downloads/Candle_TheRobot-main/colcon_ws/install/dynamixel_sdk_custom_interfaces/local/lib/python3.10/dist-packages/dynamixel_sdk_custom_interfaces/libdynamixel_sdk_custom_interfaces__rosidl_generator_py.so
[26.253s] -- Up-to-date symlink: /mnt/c/Users/User/Downloads/Candle_TheRobot-main/colcon_ws/install/dynamixel_sdk_custom_interfaces/local/lib/python3.10/dist-packages/dynamixel_sdk_custom_interfaces/msg/__init__.py
[26.337s] -- Up-to-date symlink: /mnt/c/Users/User/Downloads/Candle_TheRobot-main/colcon_ws/install/dynamixel_sdk_custom_interfaces/local/lib/python3.10/dist-packages/dynamixel_sdk_custom_interfaces/msg/_set_position.py
[26.419s] -- Up-to-date symlink: /mnt/c/Users/User/Downloads/Candle_TheRobot-main/colcon_ws/install/dynamixel_sdk_custom_interfaces/local/lib/python3.10/dist-packages/dynamixel_sdk_custom_interfaces/msg/_set_position_s.c
[26.498s] -- Up-to-date symlink: /mnt/c/Users/User/Downloads/Candle_TheRobot-main/colcon_ws/install/dynamixel_sdk_custom_interfaces/local/lib/python3.10/dist-packages/dynamixel_sdk_custom_interfaces/srv/__init__.py
[26.584s] -- Up-to-date symlink: /mnt/c/Users/User/Downloads/Candle_TheRobot-main/colcon_ws/install/dynamixel_sdk_custom_interfaces/local/lib/python3.10/dist-packages/dynamixel_sdk_custom_interfaces/srv/_get_position.py
[26.668s] -- Up-to-date symlink: /mnt/c/Users/User/Downloads/Candle_TheRobot-main/colcon_ws/install/dynamixel_sdk_custom_interfaces/local/lib/python3.10/dist-packages/dynamixel_sdk_custom_interfaces/srv/_get_position_s.c
[26.746s] -- Up-to-date symlink: /mnt/c/Users/User/Downloads/Candle_TheRobot-main/colcon_ws/install/dynamixel_sdk_custom_interfaces/local/lib/python3.10/dist-packages/dynamixel_sdk_custom_interfaces/dynamixel_sdk_custom_interfaces_s__rosidl_typesupport_fastrtps_c.cpython-310-x86_64-linux-gnu.so
[26.829s] -- Up-to-date symlink: /mnt/c/Users/User/Downloads/Candle_TheRobot-main/colcon_ws/install/dynamixel_sdk_custom_interfaces/local/lib/python3.10/dist-packages/dynamixel_sdk_custom_interfaces/dynamixel_sdk_custom_interfaces_s__rosidl_typesupport_introspection_c.cpython-310-x86_64-linux-gnu.so
[26.921s] -- Up-to-date symlink: /mnt/c/Users/User/Downloads/Candle_TheRobot-main/colcon_ws/install/dynamixel_sdk_custom_interfaces/local/lib/python3.10/dist-packages/dynamixel_sdk_custom_interfaces/dynamixel_sdk_custom_interfaces_s__rosidl_typesupport_c.cpython-310-x86_64-linux-gnu.so
[26.991s] -- Up-to-date symlink: /mnt/c/Users/User/Downloads/Candle_TheRobot-main/colcon_ws/install/dynamixel_sdk_custom_interfaces/share/dynamixel_sdk_custom_interfaces/msg/SetPosition.idl
[27.057s] -- Up-to-date symlink: /mnt/c/Users/User/Downloads/Candle_TheRobot-main/colcon_ws/install/dynamixel_sdk_custom_interfaces/share/dynamixel_sdk_custom_interfaces/srv/GetPosition.idl
[27.128s] -- Up-to-date symlink: /mnt/c/Users/User/Downloads/Candle_TheRobot-main/colcon_ws/install/dynamixel_sdk_custom_interfaces/share/dynamixel_sdk_custom_interfaces/msg/SetPosition.msg
[27.197s] -- Up-to-date symlink: /mnt/c/Users/User/Downloads/Candle_TheRobot-main/colcon_ws/install/dynamixel_sdk_custom_interfaces/share/dynamixel_sdk_custom_interfaces/srv/GetPosition.srv
[27.242s] -- Up-to-date symlink: /mnt/c/Users/User/Downloads/Candle_TheRobot-main/colcon_ws/install/dynamixel_sdk_custom_interfaces/share/dynamixel_sdk_custom_interfaces/srv/GetPosition_Request.msg
[27.290s] -- Up-to-date symlink: /mnt/c/Users/User/Downloads/Candle_TheRobot-main/colcon_ws/install/dynamixel_sdk_custom_interfaces/share/dynamixel_sdk_custom_interfaces/srv/GetPosition_Response.msg
[27.369s] -- Up-to-date symlink: /mnt/c/Users/User/Downloads/Candle_TheRobot-main/colcon_ws/install/dynamixel_sdk_custom_interfaces/share/ament_index/resource_index/package_run_dependencies/dynamixel_sdk_custom_interfaces
[27.445s] -- Up-to-date symlink: /mnt/c/Users/User/Downloads/Candle_TheRobot-main/colcon_ws/install/dynamixel_sdk_custom_interfaces/share/ament_index/resource_index/parent_prefix_path/dynamixel_sdk_custom_interfaces
[27.472s] -- Up-to-date symlink: /mnt/c/Users/User/Downloads/Candle_TheRobot-main/colcon_ws/install/dynamixel_sdk_custom_interfaces/share/dynamixel_sdk_custom_interfaces/environment/ament_prefix_path.sh
[27.518s] -- Up-to-date symlink: /mnt/c/Users/User/Downloads/Candle_TheRobot-main/colcon_ws/install/dynamixel_sdk_custom_interfaces/share/dynamixel_sdk_custom_interfaces/environment/ament_prefix_path.dsv
[27.533s] -- Up-to-date symlink: /mnt/c/Users/User/Downloads/Candle_TheRobot-main/colcon_ws/install/dynamixel_sdk_custom_interfaces/share/dynamixel_sdk_custom_interfaces/environment/path.sh
[27.567s] -- Up-to-date symlink: /mnt/c/Users/User/Downloads/Candle_TheRobot-main/colcon_ws/install/dynamixel_sdk_custom_interfaces/share/dynamixel_sdk_custom_interfaces/environment/path.dsv
[27.595s] -- Up-to-date symlink: /mnt/c/Users/User/Downloads/Candle_TheRobot-main/colcon_ws/install/dynamixel_sdk_custom_interfaces/share/dynamixel_sdk_custom_interfaces/local_setup.bash
[27.647s] -- Up-to-date symlink: /mnt/c/Users/User/Downloads/Candle_TheRobot-main/colcon_ws/install/dynamixel_sdk_custom_interfaces/share/dynamixel_sdk_custom_interfaces/local_setup.sh
[27.678s] -- Up-to-date symlink: /mnt/c/Users/User/Downloads/Candle_TheRobot-main/colcon_ws/install/dynamixel_sdk_custom_interfaces/share/dynamixel_sdk_custom_interfaces/local_setup.zsh
[27.695s] -- Up-to-date symlink: /mnt/c/Users/User/Downloads/Candle_TheRobot-main/colcon_ws/install/dynamixel_sdk_custom_interfaces/share/dynamixel_sdk_custom_interfaces/local_setup.dsv
[27.712s] -- Symlinking: /mnt/c/Users/User/Downloads/Candle_TheRobot-main/colcon_ws/install/dynamixel_sdk_custom_interfaces/share/dynamixel_sdk_custom_interfaces/package.dsv
[28.331s] -- Up-to-date symlink: /mnt/c/Users/User/Downloads/Candle_TheRobot-main/colcon_ws/install/dynamixel_sdk_custom_interfaces/share/ament_index/resource_index/packages/dynamixel_sdk_custom_interfaces
[28.364s] -- Up-to-date symlink: /mnt/c/Users/User/Downloads/Candle_TheRobot-main/colcon_ws/install/dynamixel_sdk_custom_interfaces/share/dynamixel_sdk_custom_interfaces/cmake/rosidl_cmake-extras.cmake
[28.400s] -- Up-to-date symlink: /mnt/c/Users/User/Downloads/Candle_TheRobot-main/colcon_ws/install/dynamixel_sdk_custom_interfaces/share/dynamixel_sdk_custom_interfaces/cmake/ament_cmake_export_dependencies-extras.cmake
[28.436s] -- Up-to-date symlink: /mnt/c/Users/User/Downloads/Candle_TheRobot-main/colcon_ws/install/dynamixel_sdk_custom_interfaces/share/dynamixel_sdk_custom_interfaces/cmake/ament_cmake_export_include_directories-extras.cmake
[28.473s] -- Up-to-date symlink: /mnt/c/Users/User/Downloads/Candle_TheRobot-main/colcon_ws/install/dynamixel_sdk_custom_interfaces/share/dynamixel_sdk_custom_interfaces/cmake/ament_cmake_export_libraries-extras.cmake
[28.516s] -- Up-to-date symlink: /mnt/c/Users/User/Downloads/Candle_TheRobot-main/colcon_ws/install/dynamixel_sdk_custom_interfaces/share/dynamixel_sdk_custom_interfaces/cmake/ament_cmake_export_targets-extras.cmake
[28.568s] -- Up-to-date symlink: /mnt/c/Users/User/Downloads/Candle_TheRobot-main/colcon_ws/install/dynamixel_sdk_custom_interfaces/share/dynamixel_sdk_custom_interfaces/cmake/rosidl_cmake_export_typesupport_targets-extras.cmake
[28.609s] -- Up-to-date symlink: /mnt/c/Users/User/Downloads/Candle_TheRobot-main/colcon_ws/install/dynamixel_sdk_custom_interfaces/share/dynamixel_sdk_custom_interfaces/cmake/rosidl_cmake_export_typesupport_libraries-extras.cmake
[28.648s] -- Up-to-date symlink: /mnt/c/Users/User/Downloads/Candle_TheRobot-main/colcon_ws/install/dynamixel_sdk_custom_interfaces/share/dynamixel_sdk_custom_interfaces/cmake/dynamixel_sdk_custom_interfacesConfig.cmake
[28.687s] -- Up-to-date symlink: /mnt/c/Users/User/Downloads/Candle_TheRobot-main/colcon_ws/install/dynamixel_sdk_custom_interfaces/share/dynamixel_sdk_custom_interfaces/cmake/dynamixel_sdk_custom_interfacesConfig-version.cmake
[28.736s] -- Up-to-date symlink: /mnt/c/Users/User/Downloads/Candle_TheRobot-main/colcon_ws/install/dynamixel_sdk_custom_interfaces/share/dynamixel_sdk_custom_interfaces/package.xml
[28.796s] -- Up-to-date: /mnt/c/Users/User/Downloads/Candle_TheRobot-main/colcon_ws/install/dynamixel_sdk_custom_interfaces/lib/libdynamixel_sdk_custom_interfaces__rosidl_generator_c.so
[28.949s] -- Up-to-date: /mnt/c/Users/User/Downloads/Candle_TheRobot-main/colcon_ws/install/dynamixel_sdk_custom_interfaces/lib/libdynamixel_sdk_custom_interfaces__rosidl_typesupport_fastrtps_c.so
[29.062s] -- Up-to-date: /mnt/c/Users/User/Downloads/Candle_TheRobot-main/colcon_ws/install/dynamixel_sdk_custom_interfaces/lib/libdynamixel_sdk_custom_interfaces__rosidl_typesupport_fastrtps_cpp.so
[29.204s] -- Up-to-date: /mnt/c/Users/User/Downloads/Candle_TheRobot-main/colcon_ws/install/dynamixel_sdk_custom_interfaces/lib/libdynamixel_sdk_custom_interfaces__rosidl_typesupport_introspection_c.so
[29.343s] -- Up-to-date: /mnt/c/Users/User/Downloads/Candle_TheRobot-main/colcon_ws/install/dynamixel_sdk_custom_interfaces/lib/libdynamixel_sdk_custom_interfaces__rosidl_typesupport_c.so
[29.465s] -- Up-to-date: /mnt/c/Users/User/Downloads/Candle_TheRobot-main/colcon_ws/install/dynamixel_sdk_custom_interfaces/lib/libdynamixel_sdk_custom_interfaces__rosidl_typesupport_introspection_cpp.so
[29.583s] -- Up-to-date: /mnt/c/Users/User/Downloads/Candle_TheRobot-main/colcon_ws/install/dynamixel_sdk_custom_interfaces/lib/libdynamixel_sdk_custom_interfaces__rosidl_typesupport_cpp.so
[30.836s] Listing '/mnt/c/Users/User/Downloads/Candle_TheRobot-main/colcon_ws/install/dynamixel_sdk_custom_interfaces/local/lib/python3.10/dist-packages/dynamixel_sdk_custom_interfaces'...
[30.838s] Listing '/mnt/c/Users/User/Downloads/Candle_TheRobot-main/colcon_ws/install/dynamixel_sdk_custom_interfaces/local/lib/python3.10/dist-packages/dynamixel_sdk_custom_interfaces/msg'...
[30.842s] Listing '/mnt/c/Users/User/Downloads/Candle_TheRobot-main/colcon_ws/install/dynamixel_sdk_custom_interfaces/local/lib/python3.10/dist-packages/dynamixel_sdk_custom_interfaces/srv'...
[31.025s] -- Up-to-date: /mnt/c/Users/User/Downloads/Candle_TheRobot-main/colcon_ws/install/dynamixel_sdk_custom_interfaces/lib/libdynamixel_sdk_custom_interfaces__rosidl_generator_py.so
[31.228s] -- Up-to-date: /mnt/c/Users/User/Downloads/Candle_TheRobot-main/colcon_ws/install/dynamixel_sdk_custom_interfaces/share/dynamixel_sdk_custom_interfaces/cmake/export_dynamixel_sdk_custom_interfaces__rosidl_generator_cExport.cmake
[31.288s] -- Up-to-date: /mnt/c/Users/User/Downloads/Candle_TheRobot-main/colcon_ws/install/dynamixel_sdk_custom_interfaces/share/dynamixel_sdk_custom_interfaces/cmake/export_dynamixel_sdk_custom_interfaces__rosidl_generator_cExport-noconfig.cmake
[31.408s] -- Up-to-date: /mnt/c/Users/User/Downloads/Candle_TheRobot-main/colcon_ws/install/dynamixel_sdk_custom_interfaces/share/dynamixel_sdk_custom_interfaces/cmake/export_dynamixel_sdk_custom_interfaces__rosidl_typesupport_fastrtps_cExport.cmake
[31.485s] -- Up-to-date: /mnt/c/Users/User/Downloads/Candle_TheRobot-main/colcon_ws/install/dynamixel_sdk_custom_interfaces/share/dynamixel_sdk_custom_interfaces/cmake/export_dynamixel_sdk_custom_interfaces__rosidl_typesupport_fastrtps_cExport-noconfig.cmake
[31.611s] -- Up-to-date: /mnt/c/Users/User/Downloads/Candle_TheRobot-main/colcon_ws/install/dynamixel_sdk_custom_interfaces/share/dynamixel_sdk_custom_interfaces/cmake/export_dynamixel_sdk_custom_interfaces__rosidl_generator_cppExport.cmake
[31.716s] -- Up-to-date: /mnt/c/Users/User/Downloads/Candle_TheRobot-main/colcon_ws/install/dynamixel_sdk_custom_interfaces/share/dynamixel_sdk_custom_interfaces/cmake/export_dynamixel_sdk_custom_interfaces__rosidl_typesupport_fastrtps_cppExport.cmake
[31.798s] -- Up-to-date: /mnt/c/Users/User/Downloads/Candle_TheRobot-main/colcon_ws/install/dynamixel_sdk_custom_interfaces/share/dynamixel_sdk_custom_interfaces/cmake/export_dynamixel_sdk_custom_interfaces__rosidl_typesupport_fastrtps_cppExport-noconfig.cmake
[31.895s] -- Up-to-date: /mnt/c/Users/User/Downloads/Candle_TheRobot-main/colcon_ws/install/dynamixel_sdk_custom_interfaces/share/dynamixel_sdk_custom_interfaces/cmake/dynamixel_sdk_custom_interfaces__rosidl_typesupport_introspection_cExport.cmake
[31.942s] -- Up-to-date: /mnt/c/Users/User/Downloads/Candle_TheRobot-main/colcon_ws/install/dynamixel_sdk_custom_interfaces/share/dynamixel_sdk_custom_interfaces/cmake/dynamixel_sdk_custom_interfaces__rosidl_typesupport_introspection_cExport-noconfig.cmake
[32.036s] -- Up-to-date: /mnt/c/Users/User/Downloads/Candle_TheRobot-main/colcon_ws/install/dynamixel_sdk_custom_interfaces/share/dynamixel_sdk_custom_interfaces/cmake/dynamixel_sdk_custom_interfaces__rosidl_typesupport_cExport.cmake
[32.081s] -- Up-to-date: /mnt/c/Users/User/Downloads/Candle_TheRobot-main/colcon_ws/install/dynamixel_sdk_custom_interfaces/share/dynamixel_sdk_custom_interfaces/cmake/dynamixel_sdk_custom_interfaces__rosidl_typesupport_cExport-noconfig.cmake
[32.149s] -- Up-to-date: /mnt/c/Users/User/Downloads/Candle_TheRobot-main/colcon_ws/install/dynamixel_sdk_custom_interfaces/share/dynamixel_sdk_custom_interfaces/cmake/dynamixel_sdk_custom_interfaces__rosidl_typesupport_introspection_cppExport.cmake
[32.196s] -- Up-to-date: /mnt/c/Users/User/Downloads/Candle_TheRobot-main/colcon_ws/install/dynamixel_sdk_custom_interfaces/share/dynamixel_sdk_custom_interfaces/cmake/dynamixel_sdk_custom_interfaces__rosidl_typesupport_introspection_cppExport-noconfig.cmake
[32.267s] -- Up-to-date: /mnt/c/Users/User/Downloads/Candle_TheRobot-main/colcon_ws/install/dynamixel_sdk_custom_interfaces/share/dynamixel_sdk_custom_interfaces/cmake/dynamixel_sdk_custom_interfaces__rosidl_typesupport_cppExport.cmake
[32.314s] -- Up-to-date: /mnt/c/Users/User/Downloads/Candle_TheRobot-main/colcon_ws/install/dynamixel_sdk_custom_interfaces/share/dynamixel_sdk_custom_interfaces/cmake/dynamixel_sdk_custom_interfaces__rosidl_typesupport_cppExport-noconfig.cmake
[32.381s] -- Up-to-date: /mnt/c/Users/User/Downloads/Candle_TheRobot-main/colcon_ws/install/dynamixel_sdk_custom_interfaces/share/dynamixel_sdk_custom_interfaces/cmake/export_dynamixel_sdk_custom_interfaces__rosidl_generator_pyExport.cmake
[32.431s] -- Up-to-date: /mnt/c/Users/User/Downloads/Candle_TheRobot-main/colcon_ws/install/dynamixel_sdk_custom_interfaces/share/dynamixel_sdk_custom_interfaces/cmake/export_dynamixel_sdk_custom_interfaces__rosidl_generator_pyExport-noconfig.cmake
[32.455s] Invoked command in '/mnt/c/Users/User/Downloads/Candle_TheRobot-main/colcon_ws/build/dynamixel_sdk_custom_interfaces' returned '0': CMAKE_PREFIX_PATH=${CMAKE_PREFIX_PATH}:/opt/ros/humble /usr/bin/cmake --install /mnt/c/Users/User/Downloads/Candle_TheRobot-main/colcon_ws/build/dynamixel_sdk_custom_interfaces
