[1.579s] Invoking command in '/mnt/c/Users/User/Downloads/Candle_TheRobot-main/colcon_ws/build/dynamixel_sdk_examples': CMAKE_PREFIX_PATH=/mnt/c/Users/User/Downloads/Candle_TheRobot-main/colcon_ws/install/dynamixel_sdk_custom_interfaces:/mnt/c/Users/User/Downloads/Candle_TheRobot-main/colcon_ws/install/dynamixel_sdk:/mnt/c/Users/User/Downloads/Candle_TheRobot-main/colcon_ws/install/urdf_tutorial:/mnt/c/Users/User/Downloads/Candle_TheRobot-main/colcon_ws/install/odom:/mnt/c/Users/User/Downloads/Candle_TheRobot-main/colcon_ws/install/main_run:/mnt/c/Users/User/Downloads/Candle_TheRobot-main/colcon_ws/install/feetechlib:/mnt/c/Users/User/Downloads/Candle_TheRobot-main/colcon_ws/install/dynamixel_workbench:/mnt/c/Users/User/Downloads/Candle_TheRobot-main/colcon_ws/install/dynamixel_workbench_toolbox:/mnt/c/Users/User/Downloads/Candle_TheRobot-main/colcon_ws/install/dynamixel_workbench_msgs:/mnt/c/Users/User/Downloads/Candle_TheRobot-main/colcon_ws/install/dynamixel_sdk_examples:/opt/ros/humble LD_LIBRARY_PATH=/mnt/c/Users/User/Downloads/Candle_TheRobot-main/colcon_ws/install/dynamixel_sdk_custom_interfaces/lib:/mnt/c/Users/User/Downloads/Candle_TheRobot-main/colcon_ws/install/dynamixel_sdk/lib:/mnt/c/Users/User/Downloads/Candle_TheRobot-main/colcon_ws/install/feetechlib/lib:/mnt/c/Users/User/Downloads/Candle_TheRobot-main/colcon_ws/install/dynamixel_workbench_toolbox/lib:/mnt/c/Users/User/Downloads/Candle_TheRobot-main/colcon_ws/install/dynamixel_workbench_msgs/lib:/usr/lib/x86_64-linux-gnu/gazebo-11/plugins:/opt/ros/humble/opt/rviz_ogre_vendor/lib:/opt/ros/humble/lib/x86_64-linux-gnu:/opt/ros/humble/lib /usr/bin/cmake /mnt/c/Users/User/Downloads/Candle_TheRobot-main/colcon_ws/src/DynamixelSDK/dynamixel_sdk_examples -DAMENT_CMAKE_SYMLINK_INSTALL=1 -DCMAKE_INSTALL_PREFIX=/mnt/c/Users/User/Downloads/Candle_TheRobot-main/colcon_ws/install/dynamixel_sdk_examples
[4.483s] -- The C compiler identification is GNU 11.4.0
[7.234s] -- The CXX compiler identification is GNU 11.4.0
[8.629s] -- Detecting C compiler ABI info
[13.090s] -- Detecting C compiler ABI info - done
[13.149s] -- Check for working C compiler: /usr/bin/cc - skipped
[13.151s] -- Detecting C compile features
[13.155s] -- Detecting C compile features - done
[13.286s] -- Detecting CXX compiler ABI info
[17.709s] -- Detecting CXX compiler ABI info - done
[17.769s] -- Check for working CXX compiler: /usr/bin/c++ - skipped
[17.771s] -- Detecting CXX compile features
[17.774s] -- Detecting CXX compile features - done
[18.322s] -- Found ament_cmake: 1.3.12 (/opt/ros/humble/share/ament_cmake/cmake)
[22.201s] -- Found Python3: /usr/bin/python3 (found version "3.10.12") found components: Interpreter 
[23.228s] -- Override CMake install command with custom implementation using symlinks instead of copying resources
[29.953s] -- Found dynamixel_sdk: 3.7.60 (/mnt/c/Users/User/Downloads/Candle_TheRobot-main/colcon_ws/install/dynamixel_sdk/share/dynamixel_sdk/cmake)
[30.296s] -- Found dynamixel_sdk_custom_interfaces: 3.7.60 (/mnt/c/Users/User/Downloads/Candle_TheRobot-main/colcon_ws/install/dynamixel_sdk_custom_interfaces/share/dynamixel_sdk_custom_interfaces/cmake)
[34.969s] -- Found rosidl_generator_c: 3.1.8 (/opt/ros/humble/share/rosidl_generator_c/cmake)
[35.843s] -- Found rosidl_adapter: 3.1.8 (/opt/ros/humble/share/rosidl_adapter/cmake)
[36.730s] -- Found rosidl_generator_cpp: 3.1.8 (/opt/ros/humble/share/rosidl_generator_cpp/cmake)
[37.632s] -- Using all available rosidl_typesupport_c: rosidl_typesupport_fastrtps_c;rosidl_typesupport_introspection_c
[38.951s] -- Using all available rosidl_typesupport_cpp: rosidl_typesupport_fastrtps_cpp;rosidl_typesupport_introspection_cpp
[41.274s] -- Found rclcpp: 16.0.17 (/opt/ros/humble/share/rclcpp/cmake)
[45.505s] -- Found rmw_implementation_cmake: 6.1.2 (/opt/ros/humble/share/rmw_implementation_cmake/cmake)
[45.956s] -- Found rmw_fastrtps_cpp: 6.2.9 (/opt/ros/humble/share/rmw_fastrtps_cpp/cmake)
[56.328s] -- Found OpenSSL: /usr/lib/x86_64-linux-gnu/libcrypto.so (found version "3.0.2")  
[61.044s] -- Found FastRTPS: /opt/ros/humble/include  
[67.711s] -- Using RMW implementation 'rmw_fastrtps_cpp' as default
[68.939s] -- Looking for pthread.h
[73.123s] -- Looking for pthread.h - found
[73.146s] -- Performing Test CMAKE_HAVE_LIBC_PTHREAD
[77.446s] -- Performing Test CMAKE_HAVE_LIBC_PTHREAD - Success
[77.455s] -- Found Threads: TRUE  
[79.791s] -- Found ament_lint_auto: 0.12.14 (/opt/ros/humble/share/ament_lint_auto/cmake)
[86.470s] -- Added test 'copyright' to check source files copyright and LICENSE
[87.324s] -- Added test 'cppcheck' to perform static code analysis on C / C++ code
[87.326s] -- Configured cppcheck include dirs: /mnt/c/Users/User/Downloads/Candle_TheRobot-main/colcon_ws/src/DynamixelSDK/dynamixel_sdk_examples/include
[87.328s] -- Configured cppcheck exclude dirs and/or files: 
[88.122s] -- Added test 'cpplint' to check C / C++ code against the Google style
[88.124s] -- Configured cpplint exclude dirs and/or files: 
[88.443s] -- Added test 'lint_cmake' to check CMake code style
[89.451s] -- Added test 'uncrustify' to check C / C++ code style
[89.454s] -- Configured uncrustify additional arguments: 
[89.599s] -- Added test 'xmllint' to check XML markup files
[90.078s] -- Configuring done
[91.726s] -- Generating done
[92.204s] -- Build files have been written to: /mnt/c/Users/User/Downloads/Candle_TheRobot-main/colcon_ws/build/dynamixel_sdk_examples
[92.218s] Invoked command in '/mnt/c/Users/User/Downloads/Candle_TheRobot-main/colcon_ws/build/dynamixel_sdk_examples' returned '0': CMAKE_PREFIX_PATH=/mnt/c/Users/User/Downloads/Candle_TheRobot-main/colcon_ws/install/dynamixel_sdk_custom_interfaces:/mnt/c/Users/User/Downloads/Candle_TheRobot-main/colcon_ws/install/dynamixel_sdk:/mnt/c/Users/User/Downloads/Candle_TheRobot-main/colcon_ws/install/urdf_tutorial:/mnt/c/Users/User/Downloads/Candle_TheRobot-main/colcon_ws/install/odom:/mnt/c/Users/User/Downloads/Candle_TheRobot-main/colcon_ws/install/main_run:/mnt/c/Users/User/Downloads/Candle_TheRobot-main/colcon_ws/install/feetechlib:/mnt/c/Users/User/Downloads/Candle_TheRobot-main/colcon_ws/install/dynamixel_workbench:/mnt/c/Users/User/Downloads/Candle_TheRobot-main/colcon_ws/install/dynamixel_workbench_toolbox:/mnt/c/Users/User/Downloads/Candle_TheRobot-main/colcon_ws/install/dynamixel_workbench_msgs:/mnt/c/Users/User/Downloads/Candle_TheRobot-main/colcon_ws/install/dynamixel_sdk_examples:/opt/ros/humble LD_LIBRARY_PATH=/mnt/c/Users/User/Downloads/Candle_TheRobot-main/colcon_ws/install/dynamixel_sdk_custom_interfaces/lib:/mnt/c/Users/User/Downloads/Candle_TheRobot-main/colcon_ws/install/dynamixel_sdk/lib:/mnt/c/Users/User/Downloads/Candle_TheRobot-main/colcon_ws/install/feetechlib/lib:/mnt/c/Users/User/Downloads/Candle_TheRobot-main/colcon_ws/install/dynamixel_workbench_toolbox/lib:/mnt/c/Users/User/Downloads/Candle_TheRobot-main/colcon_ws/install/dynamixel_workbench_msgs/lib:/usr/lib/x86_64-linux-gnu/gazebo-11/plugins:/opt/ros/humble/opt/rviz_ogre_vendor/lib:/opt/ros/humble/lib/x86_64-linux-gnu:/opt/ros/humble/lib /usr/bin/cmake /mnt/c/Users/User/Downloads/Candle_TheRobot-main/colcon_ws/src/DynamixelSDK/dynamixel_sdk_examples -DAMENT_CMAKE_SYMLINK_INSTALL=1 -DCMAKE_INSTALL_PREFIX=/mnt/c/Users/User/Downloads/Candle_TheRobot-main/colcon_ws/install/dynamixel_sdk_examples
[92.237s] Invoking command in '/mnt/c/Users/User/Downloads/Candle_TheRobot-main/colcon_ws/build/dynamixel_sdk_examples': CMAKE_PREFIX_PATH=/mnt/c/Users/User/Downloads/Candle_TheRobot-main/colcon_ws/install/dynamixel_sdk_custom_interfaces:/mnt/c/Users/User/Downloads/Candle_TheRobot-main/colcon_ws/install/dynamixel_sdk:/mnt/c/Users/User/Downloads/Candle_TheRobot-main/colcon_ws/install/urdf_tutorial:/mnt/c/Users/User/Downloads/Candle_TheRobot-main/colcon_ws/install/odom:/mnt/c/Users/User/Downloads/Candle_TheRobot-main/colcon_ws/install/main_run:/mnt/c/Users/User/Downloads/Candle_TheRobot-main/colcon_ws/install/feetechlib:/mnt/c/Users/User/Downloads/Candle_TheRobot-main/colcon_ws/install/dynamixel_workbench:/mnt/c/Users/User/Downloads/Candle_TheRobot-main/colcon_ws/install/dynamixel_workbench_toolbox:/mnt/c/Users/User/Downloads/Candle_TheRobot-main/colcon_ws/install/dynamixel_workbench_msgs:/mnt/c/Users/User/Downloads/Candle_TheRobot-main/colcon_ws/install/dynamixel_sdk_examples:/opt/ros/humble LD_LIBRARY_PATH=/mnt/c/Users/User/Downloads/Candle_TheRobot-main/colcon_ws/install/dynamixel_sdk_custom_interfaces/lib:/mnt/c/Users/User/Downloads/Candle_TheRobot-main/colcon_ws/install/dynamixel_sdk/lib:/mnt/c/Users/User/Downloads/Candle_TheRobot-main/colcon_ws/install/feetechlib/lib:/mnt/c/Users/User/Downloads/Candle_TheRobot-main/colcon_ws/install/dynamixel_workbench_toolbox/lib:/mnt/c/Users/User/Downloads/Candle_TheRobot-main/colcon_ws/install/dynamixel_workbench_msgs/lib:/usr/lib/x86_64-linux-gnu/gazebo-11/plugins:/opt/ros/humble/opt/rviz_ogre_vendor/lib:/opt/ros/humble/lib/x86_64-linux-gnu:/opt/ros/humble/lib /usr/bin/cmake --build /mnt/c/Users/User/Downloads/Candle_TheRobot-main/colcon_ws/build/dynamixel_sdk_examples -- -j20 -l20
[96.251s] [ 50%] [32mBuilding CXX object CMakeFiles/read_write_node.dir/src/read_write_node.cpp.o[0m
[130.643s] [100%] [32m[1mLinking CXX executable read_write_node[0m
[145.420s] [100%] Built target read_write_node
[146.298s] Invoked command in '/mnt/c/Users/User/Downloads/Candle_TheRobot-main/colcon_ws/build/dynamixel_sdk_examples' returned '0': CMAKE_PREFIX_PATH=/mnt/c/Users/User/Downloads/Candle_TheRobot-main/colcon_ws/install/dynamixel_sdk_custom_interfaces:/mnt/c/Users/User/Downloads/Candle_TheRobot-main/colcon_ws/install/dynamixel_sdk:/mnt/c/Users/User/Downloads/Candle_TheRobot-main/colcon_ws/install/urdf_tutorial:/mnt/c/Users/User/Downloads/Candle_TheRobot-main/colcon_ws/install/odom:/mnt/c/Users/User/Downloads/Candle_TheRobot-main/colcon_ws/install/main_run:/mnt/c/Users/User/Downloads/Candle_TheRobot-main/colcon_ws/install/feetechlib:/mnt/c/Users/User/Downloads/Candle_TheRobot-main/colcon_ws/install/dynamixel_workbench:/mnt/c/Users/User/Downloads/Candle_TheRobot-main/colcon_ws/install/dynamixel_workbench_toolbox:/mnt/c/Users/User/Downloads/Candle_TheRobot-main/colcon_ws/install/dynamixel_workbench_msgs:/mnt/c/Users/User/Downloads/Candle_TheRobot-main/colcon_ws/install/dynamixel_sdk_examples:/opt/ros/humble LD_LIBRARY_PATH=/mnt/c/Users/User/Downloads/Candle_TheRobot-main/colcon_ws/install/dynamixel_sdk_custom_interfaces/lib:/mnt/c/Users/User/Downloads/Candle_TheRobot-main/colcon_ws/install/dynamixel_sdk/lib:/mnt/c/Users/User/Downloads/Candle_TheRobot-main/colcon_ws/install/feetechlib/lib:/mnt/c/Users/User/Downloads/Candle_TheRobot-main/colcon_ws/install/dynamixel_workbench_toolbox/lib:/mnt/c/Users/User/Downloads/Candle_TheRobot-main/colcon_ws/install/dynamixel_workbench_msgs/lib:/usr/lib/x86_64-linux-gnu/gazebo-11/plugins:/opt/ros/humble/opt/rviz_ogre_vendor/lib:/opt/ros/humble/lib/x86_64-linux-gnu:/opt/ros/humble/lib /usr/bin/cmake --build /mnt/c/Users/User/Downloads/Candle_TheRobot-main/colcon_ws/build/dynamixel_sdk_examples -- -j20 -l20
[146.349s] Invoking command in '/mnt/c/Users/User/Downloads/Candle_TheRobot-main/colcon_ws/build/dynamixel_sdk_examples': CMAKE_PREFIX_PATH=/mnt/c/Users/User/Downloads/Candle_TheRobot-main/colcon_ws/install/dynamixel_sdk_custom_interfaces:/mnt/c/Users/User/Downloads/Candle_TheRobot-main/colcon_ws/install/dynamixel_sdk:/mnt/c/Users/User/Downloads/Candle_TheRobot-main/colcon_ws/install/urdf_tutorial:/mnt/c/Users/User/Downloads/Candle_TheRobot-main/colcon_ws/install/odom:/mnt/c/Users/User/Downloads/Candle_TheRobot-main/colcon_ws/install/main_run:/mnt/c/Users/User/Downloads/Candle_TheRobot-main/colcon_ws/install/feetechlib:/mnt/c/Users/User/Downloads/Candle_TheRobot-main/colcon_ws/install/dynamixel_workbench:/mnt/c/Users/User/Downloads/Candle_TheRobot-main/colcon_ws/install/dynamixel_workbench_toolbox:/mnt/c/Users/User/Downloads/Candle_TheRobot-main/colcon_ws/install/dynamixel_workbench_msgs:/mnt/c/Users/User/Downloads/Candle_TheRobot-main/colcon_ws/install/dynamixel_sdk_examples:/opt/ros/humble LD_LIBRARY_PATH=/mnt/c/Users/User/Downloads/Candle_TheRobot-main/colcon_ws/install/dynamixel_sdk_custom_interfaces/lib:/mnt/c/Users/User/Downloads/Candle_TheRobot-main/colcon_ws/install/dynamixel_sdk/lib:/mnt/c/Users/User/Downloads/Candle_TheRobot-main/colcon_ws/install/feetechlib/lib:/mnt/c/Users/User/Downloads/Candle_TheRobot-main/colcon_ws/install/dynamixel_workbench_toolbox/lib:/mnt/c/Users/User/Downloads/Candle_TheRobot-main/colcon_ws/install/dynamixel_workbench_msgs/lib:/usr/lib/x86_64-linux-gnu/gazebo-11/plugins:/opt/ros/humble/opt/rviz_ogre_vendor/lib:/opt/ros/humble/lib/x86_64-linux-gnu:/opt/ros/humble/lib /usr/bin/cmake --install /mnt/c/Users/User/Downloads/Candle_TheRobot-main/colcon_ws/build/dynamixel_sdk_examples
[147.051s] -- Install configuration: ""
[147.075s] -- Execute custom install script
[147.116s] -- Symlinking: /mnt/c/Users/User/Downloads/Candle_TheRobot-main/colcon_ws/install/dynamixel_sdk_examples/lib/dynamixel_sdk_examples/read_write_node
[147.928s] -- Symlinking: /mnt/c/Users/User/Downloads/Candle_TheRobot-main/colcon_ws/install/dynamixel_sdk_examples/share/ament_index/resource_index/package_run_dependencies/dynamixel_sdk_examples
[148.948s] -- Symlinking: /mnt/c/Users/User/Downloads/Candle_TheRobot-main/colcon_ws/install/dynamixel_sdk_examples/share/ament_index/resource_index/parent_prefix_path/dynamixel_sdk_examples
[149.787s] -- Symlinking: /mnt/c/Users/User/Downloads/Candle_TheRobot-main/colcon_ws/install/dynamixel_sdk_examples/share/dynamixel_sdk_examples/environment/ament_prefix_path.sh
[150.563s] -- Symlinking: /mnt/c/Users/User/Downloads/Candle_TheRobot-main/colcon_ws/install/dynamixel_sdk_examples/share/dynamixel_sdk_examples/environment/ament_prefix_path.dsv
[151.405s] -- Symlinking: /mnt/c/Users/User/Downloads/Candle_TheRobot-main/colcon_ws/install/dynamixel_sdk_examples/share/dynamixel_sdk_examples/environment/path.sh
[152.237s] -- Symlinking: /mnt/c/Users/User/Downloads/Candle_TheRobot-main/colcon_ws/install/dynamixel_sdk_examples/share/dynamixel_sdk_examples/environment/path.dsv
[153.112s] -- Symlinking: /mnt/c/Users/User/Downloads/Candle_TheRobot-main/colcon_ws/install/dynamixel_sdk_examples/share/dynamixel_sdk_examples/local_setup.bash
[153.981s] -- Symlinking: /mnt/c/Users/User/Downloads/Candle_TheRobot-main/colcon_ws/install/dynamixel_sdk_examples/share/dynamixel_sdk_examples/local_setup.sh
[154.875s] -- Symlinking: /mnt/c/Users/User/Downloads/Candle_TheRobot-main/colcon_ws/install/dynamixel_sdk_examples/share/dynamixel_sdk_examples/local_setup.zsh
[155.700s] -- Symlinking: /mnt/c/Users/User/Downloads/Candle_TheRobot-main/colcon_ws/install/dynamixel_sdk_examples/share/dynamixel_sdk_examples/local_setup.dsv
[156.415s] -- Symlinking: /mnt/c/Users/User/Downloads/Candle_TheRobot-main/colcon_ws/install/dynamixel_sdk_examples/share/dynamixel_sdk_examples/package.dsv
[157.168s] -- Symlinking: /mnt/c/Users/User/Downloads/Candle_TheRobot-main/colcon_ws/install/dynamixel_sdk_examples/share/ament_index/resource_index/packages/dynamixel_sdk_examples
[157.935s] -- Symlinking: /mnt/c/Users/User/Downloads/Candle_TheRobot-main/colcon_ws/install/dynamixel_sdk_examples/share/dynamixel_sdk_examples/cmake/dynamixel_sdk_examplesConfig.cmake
[158.812s] -- Symlinking: /mnt/c/Users/User/Downloads/Candle_TheRobot-main/colcon_ws/install/dynamixel_sdk_examples/share/dynamixel_sdk_examples/cmake/dynamixel_sdk_examplesConfig-version.cmake
[159.628s] -- Symlinking: /mnt/c/Users/User/Downloads/Candle_TheRobot-main/colcon_ws/install/dynamixel_sdk_examples/share/dynamixel_sdk_examples/package.xml
[160.375s] Invoked command in '/mnt/c/Users/User/Downloads/Candle_TheRobot-main/colcon_ws/build/dynamixel_sdk_examples' returned '0': CMAKE_PREFIX_PATH=/mnt/c/Users/User/Downloads/Candle_TheRobot-main/colcon_ws/install/dynamixel_sdk_custom_interfaces:/mnt/c/Users/User/Downloads/Candle_TheRobot-main/colcon_ws/install/dynamixel_sdk:/mnt/c/Users/User/Downloads/Candle_TheRobot-main/colcon_ws/install/urdf_tutorial:/mnt/c/Users/User/Downloads/Candle_TheRobot-main/colcon_ws/install/odom:/mnt/c/Users/User/Downloads/Candle_TheRobot-main/colcon_ws/install/main_run:/mnt/c/Users/User/Downloads/Candle_TheRobot-main/colcon_ws/install/feetechlib:/mnt/c/Users/User/Downloads/Candle_TheRobot-main/colcon_ws/install/dynamixel_workbench:/mnt/c/Users/User/Downloads/Candle_TheRobot-main/colcon_ws/install/dynamixel_workbench_toolbox:/mnt/c/Users/User/Downloads/Candle_TheRobot-main/colcon_ws/install/dynamixel_workbench_msgs:/mnt/c/Users/User/Downloads/Candle_TheRobot-main/colcon_ws/install/dynamixel_sdk_examples:/opt/ros/humble LD_LIBRARY_PATH=/mnt/c/Users/User/Downloads/Candle_TheRobot-main/colcon_ws/install/dynamixel_sdk_custom_interfaces/lib:/mnt/c/Users/User/Downloads/Candle_TheRobot-main/colcon_ws/install/dynamixel_sdk/lib:/mnt/c/Users/User/Downloads/Candle_TheRobot-main/colcon_ws/install/feetechlib/lib:/mnt/c/Users/User/Downloads/Candle_TheRobot-main/colcon_ws/install/dynamixel_workbench_toolbox/lib:/mnt/c/Users/User/Downloads/Candle_TheRobot-main/colcon_ws/install/dynamixel_workbench_msgs/lib:/usr/lib/x86_64-linux-gnu/gazebo-11/plugins:/opt/ros/humble/opt/rviz_ogre_vendor/lib:/opt/ros/humble/lib/x86_64-linux-gnu:/opt/ros/humble/lib /usr/bin/cmake --install /mnt/c/Users/User/Downloads/Candle_TheRobot-main/colcon_ws/build/dynamixel_sdk_examples
