[0.491s] Invoking command in '/mnt/c/Users/User/Downloads/Candle_TheRobot-main/colcon_ws/build/dynamixel_sdk': CMAKE_PREFIX_PATH=${CMAKE_PREFIX_PATH}:/opt/ros/humble /usr/bin/cmake /mnt/c/Users/User/Downloads/Candle_TheRobot-main/colcon_ws/src/DynamixelSDK/dynamixel_sdk -DAMENT_CMAKE_SYMLINK_INSTALL=1 -DCMAKE_INSTALL_PREFIX=/mnt/c/Users/User/Downloads/Candle_TheRobot-main/colcon_ws/install/dynamixel_sdk
[1.958s] -- The C compiler identification is GNU 11.4.0
[3.659s] -- The CXX compiler identification is GNU 11.4.0
[4.834s] -- Detecting C compiler ABI info
[6.981s] -- Detecting C compiler ABI info - done
[7.043s] -- Check for working C compiler: /usr/bin/cc - skipped
[7.046s] -- Detecting C compile features
[7.048s] -- Detecting C compile features - done
[7.192s] -- Detecting CXX compiler ABI info
[9.289s] -- Detecting CXX compiler ABI info - done
[9.350s] -- Check for working CXX compiler: /usr/bin/c++ - skipped
[9.352s] -- Detecting CXX compile features
[9.355s] -- Detecting CXX compile features - done
[9.476s] -- Found ament_cmake: 1.3.12 (/opt/ros/humble/share/ament_cmake/cmake)
[10.141s] -- Found Python3: /usr/bin/python3 (found version "3.10.12") found components: Interpreter 
[10.478s] -- Override CMake install command with custom implementation using symlinks instead of copying resources
[12.704s] -- Configuring done
[13.693s] -- Generating done
[14.151s] -- Build files have been written to: /mnt/c/Users/User/Downloads/Candle_TheRobot-main/colcon_ws/build/dynamixel_sdk
[14.158s] Invoked command in '/mnt/c/Users/User/Downloads/Candle_TheRobot-main/colcon_ws/build/dynamixel_sdk' returned '0': CMAKE_PREFIX_PATH=${CMAKE_PREFIX_PATH}:/opt/ros/humble /usr/bin/cmake /mnt/c/Users/User/Downloads/Candle_TheRobot-main/colcon_ws/src/DynamixelSDK/dynamixel_sdk -DAMENT_CMAKE_SYMLINK_INSTALL=1 -DCMAKE_INSTALL_PREFIX=/mnt/c/Users/User/Downloads/Candle_TheRobot-main/colcon_ws/install/dynamixel_sdk
[14.179s] Invoking command in '/mnt/c/Users/User/Downloads/Candle_TheRobot-main/colcon_ws/build/dynamixel_sdk': CMAKE_PREFIX_PATH=${CMAKE_PREFIX_PATH}:/opt/ros/humble /usr/bin/cmake --build /mnt/c/Users/User/Downloads/Candle_TheRobot-main/colcon_ws/build/dynamixel_sdk -- -j20 -l20
[15.690s] [ 20%] [32mBuilding CXX object CMakeFiles/dynamixel_sdk.dir/src/dynamixel_sdk/packet_handler.cpp.o[0m
[15.694s] [ 20%] [32mBuilding CXX object CMakeFiles/dynamixel_sdk.dir/src/dynamixel_sdk/protocol1_packet_handler.cpp.o[0m
[15.707s] [ 30%] [32mBuilding CXX object CMakeFiles/dynamixel_sdk.dir/src/dynamixel_sdk/protocol2_packet_handler.cpp.o[0m
[15.718s] [ 40%] [32mBuilding CXX object CMakeFiles/dynamixel_sdk.dir/src/dynamixel_sdk/group_sync_read.cpp.o[0m
[15.733s] [ 50%] [32mBuilding CXX object CMakeFiles/dynamixel_sdk.dir/src/dynamixel_sdk/group_bulk_read.cpp.o[0m
[15.750s] [ 60%] [32mBuilding CXX object CMakeFiles/dynamixel_sdk.dir/src/dynamixel_sdk/group_sync_write.cpp.o[0m
[15.776s] [ 80%] [32mBuilding CXX object CMakeFiles/dynamixel_sdk.dir/src/dynamixel_sdk/group_bulk_write.cpp.o[0m
[15.781s] [ 80%] [32mBuilding CXX object CMakeFiles/dynamixel_sdk.dir/src/dynamixel_sdk/port_handler.cpp.o[0m
[15.827s] [ 90%] [32mBuilding CXX object CMakeFiles/dynamixel_sdk.dir/src/dynamixel_sdk/port_handler_linux.cpp.o[0m
[17.332s] [100%] [32m[1mLinking CXX shared library libdynamixel_sdk.so[0m
[19.491s] [100%] Built target dynamixel_sdk
[19.672s] Invoked command in '/mnt/c/Users/User/Downloads/Candle_TheRobot-main/colcon_ws/build/dynamixel_sdk' returned '0': CMAKE_PREFIX_PATH=${CMAKE_PREFIX_PATH}:/opt/ros/humble /usr/bin/cmake --build /mnt/c/Users/User/Downloads/Candle_TheRobot-main/colcon_ws/build/dynamixel_sdk -- -j20 -l20
[19.782s] Invoking command in '/mnt/c/Users/User/Downloads/Candle_TheRobot-main/colcon_ws/build/dynamixel_sdk': CMAKE_PREFIX_PATH=${CMAKE_PREFIX_PATH}:/opt/ros/humble /usr/bin/cmake --install /mnt/c/Users/User/Downloads/Candle_TheRobot-main/colcon_ws/build/dynamixel_sdk
[19.875s] -- Install configuration: ""
[19.902s] -- Execute custom install script
[20.191s] -- Symlinking: /mnt/c/Users/User/Downloads/Candle_TheRobot-main/colcon_ws/install/dynamixel_sdk/include//dynamixel_sdk/dynamixel_sdk.h
[20.305s] -- Symlinking: /mnt/c/Users/User/Downloads/Candle_TheRobot-main/colcon_ws/install/dynamixel_sdk/include//dynamixel_sdk/group_bulk_read.h
[20.548s] -- Symlinking: /mnt/c/Users/User/Downloads/Candle_TheRobot-main/colcon_ws/install/dynamixel_sdk/include//dynamixel_sdk/group_bulk_write.h
[20.823s] -- Symlinking: /mnt/c/Users/User/Downloads/Candle_TheRobot-main/colcon_ws/install/dynamixel_sdk/include//dynamixel_sdk/group_sync_read.h
[20.939s] -- Symlinking: /mnt/c/Users/User/Downloads/Candle_TheRobot-main/colcon_ws/install/dynamixel_sdk/include//dynamixel_sdk/group_sync_write.h
[21.058s] -- Symlinking: /mnt/c/Users/User/Downloads/Candle_TheRobot-main/colcon_ws/install/dynamixel_sdk/include//dynamixel_sdk/packet_handler.h
[21.216s] -- Symlinking: /mnt/c/Users/User/Downloads/Candle_TheRobot-main/colcon_ws/install/dynamixel_sdk/include//dynamixel_sdk/port_handler.h
[21.371s] -- Symlinking: /mnt/c/Users/User/Downloads/Candle_TheRobot-main/colcon_ws/install/dynamixel_sdk/include//dynamixel_sdk/port_handler_arduino.h
[21.509s] -- Symlinking: /mnt/c/Users/User/Downloads/Candle_TheRobot-main/colcon_ws/install/dynamixel_sdk/include//dynamixel_sdk/port_handler_linux.h
[21.689s] -- Symlinking: /mnt/c/Users/User/Downloads/Candle_TheRobot-main/colcon_ws/install/dynamixel_sdk/include//dynamixel_sdk/port_handler_mac.h
[21.889s] -- Symlinking: /mnt/c/Users/User/Downloads/Candle_TheRobot-main/colcon_ws/install/dynamixel_sdk/include//dynamixel_sdk/port_handler_windows.h
[22.030s] -- Symlinking: /mnt/c/Users/User/Downloads/Candle_TheRobot-main/colcon_ws/install/dynamixel_sdk/include//dynamixel_sdk/protocol1_packet_handler.h
[22.179s] -- Symlinking: /mnt/c/Users/User/Downloads/Candle_TheRobot-main/colcon_ws/install/dynamixel_sdk/include//dynamixel_sdk/protocol2_packet_handler.h
[22.391s] -- Symlinking: /mnt/c/Users/User/Downloads/Candle_TheRobot-main/colcon_ws/install/dynamixel_sdk/lib/libdynamixel_sdk.so
[22.897s] -- Symlinking: /mnt/c/Users/User/Downloads/Candle_TheRobot-main/colcon_ws/install/dynamixel_sdk/share/dynamixel_sdk/environment/library_path.sh
[23.174s] -- Symlinking: /mnt/c/Users/User/Downloads/Candle_TheRobot-main/colcon_ws/install/dynamixel_sdk/share/dynamixel_sdk/environment/library_path.dsv
[23.393s] -- Symlinking: /mnt/c/Users/User/Downloads/Candle_TheRobot-main/colcon_ws/install/dynamixel_sdk/share/ament_index/resource_index/package_run_dependencies/dynamixel_sdk
[23.642s] -- Symlinking: /mnt/c/Users/User/Downloads/Candle_TheRobot-main/colcon_ws/install/dynamixel_sdk/share/ament_index/resource_index/parent_prefix_path/dynamixel_sdk
[23.827s] -- Symlinking: /mnt/c/Users/User/Downloads/Candle_TheRobot-main/colcon_ws/install/dynamixel_sdk/share/dynamixel_sdk/environment/ament_prefix_path.sh
[24.037s] -- Symlinking: /mnt/c/Users/User/Downloads/Candle_TheRobot-main/colcon_ws/install/dynamixel_sdk/share/dynamixel_sdk/environment/ament_prefix_path.dsv
[24.397s] -- Symlinking: /mnt/c/Users/User/Downloads/Candle_TheRobot-main/colcon_ws/install/dynamixel_sdk/share/dynamixel_sdk/environment/path.sh
[24.833s] -- Symlinking: /mnt/c/Users/User/Downloads/Candle_TheRobot-main/colcon_ws/install/dynamixel_sdk/share/dynamixel_sdk/environment/path.dsv
[25.126s] -- Symlinking: /mnt/c/Users/User/Downloads/Candle_TheRobot-main/colcon_ws/install/dynamixel_sdk/share/dynamixel_sdk/local_setup.bash
[25.339s] -- Symlinking: /mnt/c/Users/User/Downloads/Candle_TheRobot-main/colcon_ws/install/dynamixel_sdk/share/dynamixel_sdk/local_setup.sh
[25.561s] -- Symlinking: /mnt/c/Users/User/Downloads/Candle_TheRobot-main/colcon_ws/install/dynamixel_sdk/share/dynamixel_sdk/local_setup.zsh
[25.744s] -- Symlinking: /mnt/c/Users/User/Downloads/Candle_TheRobot-main/colcon_ws/install/dynamixel_sdk/share/dynamixel_sdk/local_setup.dsv
[25.934s] -- Symlinking: /mnt/c/Users/User/Downloads/Candle_TheRobot-main/colcon_ws/install/dynamixel_sdk/share/dynamixel_sdk/package.dsv
[26.202s] -- Symlinking: /mnt/c/Users/User/Downloads/Candle_TheRobot-main/colcon_ws/install/dynamixel_sdk/share/ament_index/resource_index/packages/dynamixel_sdk
[26.429s] -- Symlinking: /mnt/c/Users/User/Downloads/Candle_TheRobot-main/colcon_ws/install/dynamixel_sdk/share/dynamixel_sdk/cmake/ament_cmake_export_include_directories-extras.cmake
[26.613s] -- Symlinking: /mnt/c/Users/User/Downloads/Candle_TheRobot-main/colcon_ws/install/dynamixel_sdk/share/dynamixel_sdk/cmake/ament_cmake_export_libraries-extras.cmake
[26.849s] -- Symlinking: /mnt/c/Users/User/Downloads/Candle_TheRobot-main/colcon_ws/install/dynamixel_sdk/share/dynamixel_sdk/cmake/dynamixel_sdkConfig.cmake
[27.085s] -- Symlinking: /mnt/c/Users/User/Downloads/Candle_TheRobot-main/colcon_ws/install/dynamixel_sdk/share/dynamixel_sdk/cmake/dynamixel_sdkConfig-version.cmake
[27.320s] -- Symlinking: /mnt/c/Users/User/Downloads/Candle_TheRobot-main/colcon_ws/install/dynamixel_sdk/share/dynamixel_sdk/package.xml
[27.507s] Invoked command in '/mnt/c/Users/User/Downloads/Candle_TheRobot-main/colcon_ws/build/dynamixel_sdk' returned '0': CMAKE_PREFIX_PATH=${CMAKE_PREFIX_PATH}:/opt/ros/humble /usr/bin/cmake --install /mnt/c/Users/User/Downloads/Candle_TheRobot-main/colcon_ws/build/dynamixel_sdk
