[0.869s] Invoking command in '/mnt/c/Users/User/Downloads/Candle_TheRobot-main/colcon_ws/build/main_run': CMAKE_PREFIX_PATH=${CMAKE_PREFIX_PATH}:/opt/ros/humble /usr/bin/cmake --build /mnt/c/Users/User/Downloads/Candle_TheRobot-main/colcon_ws/build/main_run -- -j20 -l20
[8.232s] [ 20%] Built target get_initialpose
[8.383s] [ 40%] Built target navicontroltopic
[8.533s] [ 60%] Built target nodecontrols
[8.944s] [ 80%] Built target nodeshutdown
[9.340s] [100%] Built target nodelaunch
[10.827s] Invoked command in '/mnt/c/Users/User/Downloads/Candle_TheRobot-main/colcon_ws/build/main_run' returned '0': CMAKE_PREFIX_PATH=${CMAKE_PREFIX_PATH}:/opt/ros/humble /usr/bin/cmake --build /mnt/c/Users/User/Downloads/Candle_TheRobot-main/colcon_ws/build/main_run -- -j20 -l20
[10.997s] Invoking command in '/mnt/c/Users/User/Downloads/Candle_TheRobot-main/colcon_ws/build/main_run': CMAKE_PREFIX_PATH=${CMAKE_PREFIX_PATH}:/opt/ros/humble /usr/bin/cmake --install /mnt/c/Users/User/Downloads/Candle_TheRobot-main/colcon_ws/build/main_run
[12.306s] -- Install configuration: ""
[12.368s] -- Execute custom install script
[12.522s] -- Up-to-date symlink: /mnt/c/Users/User/Downloads/Candle_TheRobot-main/colcon_ws/install/main_run/lib/main_run/navicontroltopic
[12.637s] -- Up-to-date symlink: /mnt/c/Users/User/Downloads/Candle_TheRobot-main/colcon_ws/install/main_run/lib/main_run/nodelaunch
[12.742s] -- Up-to-date symlink: /mnt/c/Users/User/Downloads/Candle_TheRobot-main/colcon_ws/install/main_run/lib/main_run/nodeshutdown
[12.801s] -- Up-to-date symlink: /mnt/c/Users/User/Downloads/Candle_TheRobot-main/colcon_ws/install/main_run/lib/main_run/nodecontrols
[12.882s] -- Up-to-date symlink: /mnt/c/Users/User/Downloads/Candle_TheRobot-main/colcon_ws/install/main_run/lib/main_run/get_initialpose
[12.952s] -- Up-to-date symlink: /mnt/c/Users/User/Downloads/Candle_TheRobot-main/colcon_ws/install/main_run/lib/main_run/obstacle_avoidance.py
[12.984s] -- Up-to-date symlink: /mnt/c/Users/User/Downloads/Candle_TheRobot-main/colcon_ws/install/main_run/lib/main_run/sphere_wanderer.py
[13.017s] -- Up-to-date symlink: /mnt/c/Users/User/Downloads/Candle_TheRobot-main/colcon_ws/install/main_run/lib/main_run/mobile_goal_tracker.py
[13.538s] -- Up-to-date symlink: /mnt/c/Users/User/Downloads/Candle_TheRobot-main/colcon_ws/install/main_run/share/main_run/launch/arm.launch
[13.699s] -- Up-to-date symlink: /mnt/c/Users/User/Downloads/Candle_TheRobot-main/colcon_ws/install/main_run/share/main_run/launch/bringup_all.launch.py
[13.858s] -- Up-to-date symlink: /mnt/c/Users/User/Downloads/Candle_TheRobot-main/colcon_ws/install/main_run/share/main_run/launch/full.launch
[13.994s] -- Up-to-date symlink: /mnt/c/Users/User/Downloads/Candle_TheRobot-main/colcon_ws/install/main_run/share/main_run/launch/main_run.launch
[14.149s] -- Up-to-date symlink: /mnt/c/Users/User/Downloads/Candle_TheRobot-main/colcon_ws/install/main_run/share/main_run/launch/main_run.launch.py
[14.294s] -- Up-to-date symlink: /mnt/c/Users/User/Downloads/Candle_TheRobot-main/colcon_ws/install/main_run/share/main_run/launch/main_run_mapping.launch
[14.483s] -- Up-to-date symlink: /mnt/c/Users/User/Downloads/Candle_TheRobot-main/colcon_ws/install/main_run/share/main_run/launch/mapping.launch
[14.666s] -- Up-to-date symlink: /mnt/c/Users/User/Downloads/Candle_TheRobot-main/colcon_ws/install/main_run/share/main_run/launch/move_base.launch
[14.831s] -- Up-to-date symlink: /mnt/c/Users/User/Downloads/Candle_TheRobot-main/colcon_ws/install/main_run/share/main_run/launch/navi.launch
[14.998s] -- Up-to-date symlink: /mnt/c/Users/User/Downloads/Candle_TheRobot-main/colcon_ws/install/main_run/share/main_run/launch/navi_sensors_merged.launch
[15.169s] -- Up-to-date symlink: /mnt/c/Users/User/Downloads/Candle_TheRobot-main/colcon_ws/install/main_run/share/main_run/launch/navi_test_only.launch
[15.365s] -- Up-to-date symlink: /mnt/c/Users/User/Downloads/Candle_TheRobot-main/colcon_ws/install/main_run/share/main_run/launch/navigation.launch.py
[15.513s] -- Up-to-date symlink: /mnt/c/Users/User/Downloads/Candle_TheRobot-main/colcon_ws/install/main_run/share/main_run/launch/nodecontrols.launch
[15.712s] -- Up-to-date symlink: /mnt/c/Users/User/Downloads/Candle_TheRobot-main/colcon_ws/install/main_run/share/main_run/config/nav2_params.yaml
[15.894s] -- Up-to-date symlink: /mnt/c/Users/User/Downloads/Candle_TheRobot-main/colcon_ws/install/main_run/share/main_run/config/rplidar.yaml
[16.312s] -- Up-to-date symlink: /mnt/c/Users/User/Downloads/Candle_TheRobot-main/colcon_ws/install/main_run/share/main_run/maps/empty_world.pgm
[16.536s] -- Up-to-date symlink: /mnt/c/Users/User/Downloads/Candle_TheRobot-main/colcon_ws/install/main_run/share/main_run/maps/empty_world.yaml
[16.737s] -- Up-to-date symlink: /mnt/c/Users/User/Downloads/Candle_TheRobot-main/colcon_ws/install/main_run/share/main_run/maps/map.pgm
[16.918s] -- Up-to-date symlink: /mnt/c/Users/User/Downloads/Candle_TheRobot-main/colcon_ws/install/main_run/share/main_run/maps/map.yaml
[17.010s] -- Up-to-date symlink: /mnt/c/Users/User/Downloads/Candle_TheRobot-main/colcon_ws/install/main_run/share/main_run/maps/old.pgm
[17.190s] -- Up-to-date symlink: /mnt/c/Users/User/Downloads/Candle_TheRobot-main/colcon_ws/install/main_run/share/main_run/maps/old.yaml
[17.588s] -- Up-to-date symlink: /mnt/c/Users/User/Downloads/Candle_TheRobot-main/colcon_ws/install/main_run/share/main_run/param/costmap_common_params (copy).yaml
[17.779s] -- Up-to-date symlink: /mnt/c/Users/User/Downloads/Candle_TheRobot-main/colcon_ws/install/main_run/share/main_run/param/costmap_common_params.yaml
[17.985s] -- Up-to-date symlink: /mnt/c/Users/User/Downloads/Candle_TheRobot-main/colcon_ws/install/main_run/share/main_run/param/costmap_common_params_0ld.yaml
[18.108s] -- Up-to-date symlink: /mnt/c/Users/User/Downloads/Candle_TheRobot-main/colcon_ws/install/main_run/share/main_run/param/dwa_local_planner_params.yaml
[18.224s] -- Up-to-date symlink: /mnt/c/Users/User/Downloads/Candle_TheRobot-main/colcon_ws/install/main_run/share/main_run/param/global_costmap_params.yaml
[18.267s] -- Up-to-date symlink: /mnt/c/Users/User/Downloads/Candle_TheRobot-main/colcon_ws/install/main_run/share/main_run/param/local_costmap_params.yaml
[18.343s] -- Up-to-date symlink: /mnt/c/Users/User/Downloads/Candle_TheRobot-main/colcon_ws/install/main_run/share/main_run/param/move_base_params.yaml
[18.539s] -- Up-to-date symlink: /mnt/c/Users/User/Downloads/Candle_TheRobot-main/colcon_ws/install/main_run/share/main_run/scripts/main.py
[18.601s] -- Up-to-date symlink: /mnt/c/Users/User/Downloads/Candle_TheRobot-main/colcon_ws/install/main_run/share/main_run/scripts/mobile_goal_tracker.py
[18.699s] -- Up-to-date symlink: /mnt/c/Users/User/Downloads/Candle_TheRobot-main/colcon_ws/install/main_run/share/main_run/scripts/obstacle_avoidance.py
[18.794s] -- Up-to-date symlink: /mnt/c/Users/User/Downloads/Candle_TheRobot-main/colcon_ws/install/main_run/share/main_run/scripts/script_1.py
[18.877s] -- Up-to-date symlink: /mnt/c/Users/User/Downloads/Candle_TheRobot-main/colcon_ws/install/main_run/share/main_run/scripts/sphere_wanderer.py
[19.039s] -- Up-to-date symlink: /mnt/c/Users/User/Downloads/Candle_TheRobot-main/colcon_ws/install/main_run/share/main_run/urdf/backpack_2d.urdf
[19.134s] -- Up-to-date symlink: /mnt/c/Users/User/Downloads/Candle_TheRobot-main/colcon_ws/install/main_run/share/main_run/urdf/green_sphere.urdf
[19.417s] -- Up-to-date symlink: /mnt/c/Users/User/Downloads/Candle_TheRobot-main/colcon_ws/install/main_run/share/ament_index/resource_index/package_run_dependencies/main_run
[19.698s] -- Up-to-date symlink: /mnt/c/Users/User/Downloads/Candle_TheRobot-main/colcon_ws/install/main_run/share/ament_index/resource_index/parent_prefix_path/main_run
[19.803s] -- Up-to-date symlink: /mnt/c/Users/User/Downloads/Candle_TheRobot-main/colcon_ws/install/main_run/share/main_run/environment/ament_prefix_path.sh
[19.942s] -- Up-to-date symlink: /mnt/c/Users/User/Downloads/Candle_TheRobot-main/colcon_ws/install/main_run/share/main_run/environment/ament_prefix_path.dsv
[20.049s] -- Up-to-date symlink: /mnt/c/Users/User/Downloads/Candle_TheRobot-main/colcon_ws/install/main_run/share/main_run/environment/path.sh
[20.217s] -- Up-to-date symlink: /mnt/c/Users/User/Downloads/Candle_TheRobot-main/colcon_ws/install/main_run/share/main_run/environment/path.dsv
[20.327s] -- Up-to-date symlink: /mnt/c/Users/User/Downloads/Candle_TheRobot-main/colcon_ws/install/main_run/share/main_run/local_setup.bash
[20.445s] -- Up-to-date symlink: /mnt/c/Users/User/Downloads/Candle_TheRobot-main/colcon_ws/install/main_run/share/main_run/local_setup.sh
[20.557s] -- Up-to-date symlink: /mnt/c/Users/User/Downloads/Candle_TheRobot-main/colcon_ws/install/main_run/share/main_run/local_setup.zsh
[20.671s] -- Up-to-date symlink: /mnt/c/Users/User/Downloads/Candle_TheRobot-main/colcon_ws/install/main_run/share/main_run/local_setup.dsv
[20.725s] -- Symlinking: /mnt/c/Users/User/Downloads/Candle_TheRobot-main/colcon_ws/install/main_run/share/main_run/package.dsv
[21.924s] -- Up-to-date symlink: /mnt/c/Users/User/Downloads/Candle_TheRobot-main/colcon_ws/install/main_run/share/ament_index/resource_index/packages/main_run
[22.020s] -- Up-to-date symlink: /mnt/c/Users/User/Downloads/Candle_TheRobot-main/colcon_ws/install/main_run/share/main_run/cmake/main_runConfig.cmake
[22.180s] -- Up-to-date symlink: /mnt/c/Users/User/Downloads/Candle_TheRobot-main/colcon_ws/install/main_run/share/main_run/cmake/main_runConfig-version.cmake
[22.321s] -- Up-to-date symlink: /mnt/c/Users/User/Downloads/Candle_TheRobot-main/colcon_ws/install/main_run/share/main_run/package.xml
[25.472s] Invoked command in '/mnt/c/Users/User/Downloads/Candle_TheRobot-main/colcon_ws/build/main_run' returned '0': CMAKE_PREFIX_PATH=${CMAKE_PREFIX_PATH}:/opt/ros/humble /usr/bin/cmake --install /mnt/c/Users/User/Downloads/Candle_TheRobot-main/colcon_ws/build/main_run
