[0.818s] Invoking command in '/mnt/c/Users/User/Downloads/Candle_TheRobot-main/colcon_ws/build/feetechlib': CMAKE_PREFIX_PATH=${CMAKE_PREFIX_PATH}:/opt/ros/humble /usr/bin/cmake --build /mnt/c/Users/User/Downloads/Candle_TheRobot-main/colcon_ws/build/feetechlib -- -j20 -l20
[8.361s] [100%] Built target feetechlib
[9.716s] Invoked command in '/mnt/c/Users/User/Downloads/Candle_TheRobot-main/colcon_ws/build/feetechlib' returned '0': CMAKE_PREFIX_PATH=${CMAKE_PREFIX_PATH}:/opt/ros/humble /usr/bin/cmake --build /mnt/c/Users/User/Downloads/Candle_TheRobot-main/colcon_ws/build/feetechlib -- -j20 -l20
[9.872s] Invoking command in '/mnt/c/Users/User/Downloads/Candle_TheRobot-main/colcon_ws/build/feetechlib': CMAKE_PREFIX_PATH=${CMAKE_PREFIX_PATH}:/opt/ros/humble /usr/bin/cmake --install /mnt/c/Users/User/Downloads/Candle_TheRobot-main/colcon_ws/build/feetechlib
[10.926s] -- Install configuration: ""
[11.029s] -- Execute custom install script
[11.730s] -- Up-to-date symlink: /mnt/c/Users/User/Downloads/Candle_TheRobot-main/colcon_ws/install/feetechlib/include/feetechlib/INST.h
[11.971s] -- Up-to-date symlink: /mnt/c/Users/User/Downloads/Candle_TheRobot-main/colcon_ws/install/feetechlib/include/feetechlib/SCS.h
[12.214s] -- Up-to-date symlink: /mnt/c/Users/User/Downloads/Candle_TheRobot-main/colcon_ws/install/feetechlib/include/feetechlib/SCSCL.h
[12.477s] -- Up-to-date symlink: /mnt/c/Users/User/Downloads/Candle_TheRobot-main/colcon_ws/install/feetechlib/include/feetechlib/SCSerial.h
[12.724s] -- Up-to-date symlink: /mnt/c/Users/User/Downloads/Candle_TheRobot-main/colcon_ws/install/feetechlib/include/feetechlib/SCServo.h
[12.965s] -- Up-to-date symlink: /mnt/c/Users/User/Downloads/Candle_TheRobot-main/colcon_ws/install/feetechlib/include/feetechlib/SMSBL.h
[13.207s] -- Up-to-date symlink: /mnt/c/Users/User/Downloads/Candle_TheRobot-main/colcon_ws/install/feetechlib/include/feetechlib/SMSCL.h
[13.562s] -- Up-to-date symlink: /mnt/c/Users/User/Downloads/Candle_TheRobot-main/colcon_ws/install/feetechlib/share/ament_index/resource_index/package_run_dependencies/feetechlib
[13.768s] -- Up-to-date symlink: /mnt/c/Users/User/Downloads/Candle_TheRobot-main/colcon_ws/install/feetechlib/share/ament_index/resource_index/parent_prefix_path/feetechlib
[13.869s] -- Up-to-date symlink: /mnt/c/Users/User/Downloads/Candle_TheRobot-main/colcon_ws/install/feetechlib/share/feetechlib/environment/ament_prefix_path.sh
[13.939s] -- Up-to-date symlink: /mnt/c/Users/User/Downloads/Candle_TheRobot-main/colcon_ws/install/feetechlib/share/feetechlib/environment/ament_prefix_path.dsv
[14.043s] -- Up-to-date symlink: /mnt/c/Users/User/Downloads/Candle_TheRobot-main/colcon_ws/install/feetechlib/share/feetechlib/environment/path.sh
[14.187s] -- Up-to-date symlink: /mnt/c/Users/User/Downloads/Candle_TheRobot-main/colcon_ws/install/feetechlib/share/feetechlib/environment/path.dsv
[14.299s] -- Up-to-date symlink: /mnt/c/Users/User/Downloads/Candle_TheRobot-main/colcon_ws/install/feetechlib/share/feetechlib/local_setup.bash
[14.393s] -- Up-to-date symlink: /mnt/c/Users/User/Downloads/Candle_TheRobot-main/colcon_ws/install/feetechlib/share/feetechlib/local_setup.sh
[14.490s] -- Up-to-date symlink: /mnt/c/Users/User/Downloads/Candle_TheRobot-main/colcon_ws/install/feetechlib/share/feetechlib/local_setup.zsh
[14.595s] -- Up-to-date symlink: /mnt/c/Users/User/Downloads/Candle_TheRobot-main/colcon_ws/install/feetechlib/share/feetechlib/local_setup.dsv
[14.641s] -- Symlinking: /mnt/c/Users/User/Downloads/Candle_TheRobot-main/colcon_ws/install/feetechlib/share/feetechlib/package.dsv
[16.172s] -- Up-to-date symlink: /mnt/c/Users/User/Downloads/Candle_TheRobot-main/colcon_ws/install/feetechlib/share/ament_index/resource_index/packages/feetechlib
[16.310s] -- Up-to-date symlink: /mnt/c/Users/User/Downloads/Candle_TheRobot-main/colcon_ws/install/feetechlib/share/feetechlib/cmake/ament_cmake_export_targets-extras.cmake
[16.447s] -- Up-to-date symlink: /mnt/c/Users/User/Downloads/Candle_TheRobot-main/colcon_ws/install/feetechlib/share/feetechlib/cmake/ament_cmake_export_dependencies-extras.cmake
[16.593s] -- Up-to-date symlink: /mnt/c/Users/User/Downloads/Candle_TheRobot-main/colcon_ws/install/feetechlib/share/feetechlib/cmake/feetechlibConfig.cmake
[16.728s] -- Up-to-date symlink: /mnt/c/Users/User/Downloads/Candle_TheRobot-main/colcon_ws/install/feetechlib/share/feetechlib/cmake/feetechlibConfig-version.cmake
[16.885s] -- Up-to-date symlink: /mnt/c/Users/User/Downloads/Candle_TheRobot-main/colcon_ws/install/feetechlib/share/feetechlib/package.xml
[17.242s] -- Up-to-date: /mnt/c/Users/User/Downloads/Candle_TheRobot-main/colcon_ws/install/feetechlib/lib/libfeetechlib.so
[17.905s] -- Up-to-date: /mnt/c/Users/User/Downloads/Candle_TheRobot-main/colcon_ws/install/feetechlib/share/feetechlib/cmake/export_feetechlibExport.cmake
[18.034s] -- Up-to-date: /mnt/c/Users/User/Downloads/Candle_TheRobot-main/colcon_ws/install/feetechlib/share/feetechlib/cmake/export_feetechlibExport-noconfig.cmake
[20.468s] Invoked command in '/mnt/c/Users/User/Downloads/Candle_TheRobot-main/colcon_ws/build/feetechlib' returned '0': CMAKE_PREFIX_PATH=${CMAKE_PREFIX_PATH}:/opt/ros/humble /usr/bin/cmake --install /mnt/c/Users/User/Downloads/Candle_TheRobot-main/colcon_ws/build/feetechlib
