[0.530s] Invoking command in '/mnt/c/Users/User/Downloads/Candle_TheRobot-main/colcon_ws/build/urdf_tutorial': CMAKE_PREFIX_PATH=${CMAKE_PREFIX_PATH}:/opt/ros/humble /usr/bin/cmake --build /mnt/c/Users/User/Downloads/Candle_TheRobot-main/colcon_ws/build/urdf_tutorial -- -j20 -l20
[2.837s] Invoked command in '/mnt/c/Users/User/Downloads/Candle_TheRobot-main/colcon_ws/build/urdf_tutorial' returned '0': CMAKE_PREFIX_PATH=${CMAKE_PREFIX_PATH}:/opt/ros/humble /usr/bin/cmake --build /mnt/c/Users/User/Downloads/Candle_TheRobot-main/colcon_ws/build/urdf_tutorial -- -j20 -l20
[3.428s] Invoking command in '/mnt/c/Users/User/Downloads/Candle_TheRobot-main/colcon_ws/build/urdf_tutorial': CMAKE_PREFIX_PATH=${CMAKE_PREFIX_PATH}:/opt/ros/humble /usr/bin/cmake --install /mnt/c/Users/User/Downloads/Candle_TheRobot-main/colcon_ws/build/urdf_tutorial
[4.005s] -- Install configuration: ""
[4.036s] -- Execute custom install script
[4.262s] -- Up-to-date symlink: /mnt/c/Users/User/Downloads/Candle_TheRobot-main/colcon_ws/install/urdf_tutorial/share/urdf_tutorial/urdf/01-myfirst (copy).urdf
[4.328s] -- Up-to-date symlink: /mnt/c/Users/User/Downloads/Candle_TheRobot-main/colcon_ws/install/urdf_tutorial/share/urdf_tutorial/urdf/01-myfirst.urdf
[4.402s] -- Up-to-date symlink: /mnt/c/Users/User/Downloads/Candle_TheRobot-main/colcon_ws/install/urdf_tutorial/share/urdf_tutorial/urdf/02-multipleshapes.urdf
[4.478s] -- Up-to-date symlink: /mnt/c/Users/User/Downloads/Candle_TheRobot-main/colcon_ws/install/urdf_tutorial/share/urdf_tutorial/urdf/03-origins.urdf
[4.554s] -- Up-to-date symlink: /mnt/c/Users/User/Downloads/Candle_TheRobot-main/colcon_ws/install/urdf_tutorial/share/urdf_tutorial/urdf/04-materials.urdf
[4.633s] -- Up-to-date symlink: /mnt/c/Users/User/Downloads/Candle_TheRobot-main/colcon_ws/install/urdf_tutorial/share/urdf_tutorial/urdf/05-visual.urdf
[4.731s] -- Up-to-date symlink: /mnt/c/Users/User/Downloads/Candle_TheRobot-main/colcon_ws/install/urdf_tutorial/share/urdf_tutorial/urdf/06-flexible.urdf
[4.833s] -- Up-to-date symlink: /mnt/c/Users/User/Downloads/Candle_TheRobot-main/colcon_ws/install/urdf_tutorial/share/urdf_tutorial/urdf/07-physics.urdf
[4.958s] -- Up-to-date symlink: /mnt/c/Users/User/Downloads/Candle_TheRobot-main/colcon_ws/install/urdf_tutorial/share/urdf_tutorial/urdf/08-macroed.urdf.xacro
[5.072s] -- Up-to-date symlink: /mnt/c/Users/User/Downloads/Candle_TheRobot-main/colcon_ws/install/urdf_tutorial/share/urdf_tutorial/urdf/backpack_2d.urdf
[5.167s] -- Up-to-date symlink: /mnt/c/Users/User/Downloads/Candle_TheRobot-main/colcon_ws/install/urdf_tutorial/share/urdf_tutorial/urdf/feetech_tray.urdf.xacro
[5.296s] -- Up-to-date symlink: /mnt/c/Users/User/Downloads/Candle_TheRobot-main/colcon_ws/install/urdf_tutorial/share/urdf_tutorial/meshes/base_link.stl
[5.462s] -- Up-to-date symlink: /mnt/c/Users/User/Downloads/Candle_TheRobot-main/colcon_ws/install/urdf_tutorial/share/urdf_tutorial/launch/display.launch
[5.562s] -- Up-to-date symlink: /mnt/c/Users/User/Downloads/Candle_TheRobot-main/colcon_ws/install/urdf_tutorial/share/urdf_tutorial/launch/gazebo.launch.py
[5.709s] -- Up-to-date symlink: /mnt/c/Users/User/Downloads/Candle_TheRobot-main/colcon_ws/install/urdf_tutorial/share/urdf_tutorial/rviz/urdf.rviz
[5.794s] -- Up-to-date symlink: /mnt/c/Users/User/Downloads/Candle_TheRobot-main/colcon_ws/install/urdf_tutorial/share/urdf_tutorial/rviz/urdf.vcg
[5.943s] -- Up-to-date symlink: /mnt/c/Users/User/Downloads/Candle_TheRobot-main/colcon_ws/install/urdf_tutorial/share/urdf_tutorial/world/apartment.world
[6.038s] -- Up-to-date symlink: /mnt/c/Users/User/Downloads/Candle_TheRobot-main/colcon_ws/install/urdf_tutorial/share/urdf_tutorial/world/optimized.world
[6.225s] -- Up-to-date symlink: /mnt/c/Users/User/Downloads/Candle_TheRobot-main/colcon_ws/install/urdf_tutorial/share/ament_index/resource_index/package_run_dependencies/urdf_tutorial
[6.401s] -- Up-to-date symlink: /mnt/c/Users/User/Downloads/Candle_TheRobot-main/colcon_ws/install/urdf_tutorial/share/ament_index/resource_index/parent_prefix_path/urdf_tutorial
[6.461s] -- Up-to-date symlink: /mnt/c/Users/User/Downloads/Candle_TheRobot-main/colcon_ws/install/urdf_tutorial/share/urdf_tutorial/environment/ament_prefix_path.sh
[6.541s] -- Up-to-date symlink: /mnt/c/Users/User/Downloads/Candle_TheRobot-main/colcon_ws/install/urdf_tutorial/share/urdf_tutorial/environment/ament_prefix_path.dsv
[6.599s] -- Up-to-date symlink: /mnt/c/Users/User/Downloads/Candle_TheRobot-main/colcon_ws/install/urdf_tutorial/share/urdf_tutorial/environment/path.sh
[6.675s] -- Up-to-date symlink: /mnt/c/Users/User/Downloads/Candle_TheRobot-main/colcon_ws/install/urdf_tutorial/share/urdf_tutorial/environment/path.dsv
[6.734s] -- Up-to-date symlink: /mnt/c/Users/User/Downloads/Candle_TheRobot-main/colcon_ws/install/urdf_tutorial/share/urdf_tutorial/local_setup.bash
[6.796s] -- Up-to-date symlink: /mnt/c/Users/User/Downloads/Candle_TheRobot-main/colcon_ws/install/urdf_tutorial/share/urdf_tutorial/local_setup.sh
[6.854s] -- Up-to-date symlink: /mnt/c/Users/User/Downloads/Candle_TheRobot-main/colcon_ws/install/urdf_tutorial/share/urdf_tutorial/local_setup.zsh
[6.911s] -- Up-to-date symlink: /mnt/c/Users/User/Downloads/Candle_TheRobot-main/colcon_ws/install/urdf_tutorial/share/urdf_tutorial/local_setup.dsv
[6.938s] -- Symlinking: /mnt/c/Users/User/Downloads/Candle_TheRobot-main/colcon_ws/install/urdf_tutorial/share/urdf_tutorial/package.dsv
[7.966s] -- Up-to-date symlink: /mnt/c/Users/User/Downloads/Candle_TheRobot-main/colcon_ws/install/urdf_tutorial/share/ament_index/resource_index/packages/urdf_tutorial
[8.047s] -- Up-to-date symlink: /mnt/c/Users/User/Downloads/Candle_TheRobot-main/colcon_ws/install/urdf_tutorial/share/urdf_tutorial/cmake/urdf_tutorialConfig.cmake
[8.116s] -- Up-to-date symlink: /mnt/c/Users/User/Downloads/Candle_TheRobot-main/colcon_ws/install/urdf_tutorial/share/urdf_tutorial/cmake/urdf_tutorialConfig-version.cmake
[8.179s] -- Up-to-date symlink: /mnt/c/Users/User/Downloads/Candle_TheRobot-main/colcon_ws/install/urdf_tutorial/share/urdf_tutorial/package.xml
[8.190s] Invoked command in '/mnt/c/Users/User/Downloads/Candle_TheRobot-main/colcon_ws/build/urdf_tutorial' returned '0': CMAKE_PREFIX_PATH=${CMAKE_PREFIX_PATH}:/opt/ros/humble /usr/bin/cmake --install /mnt/c/Users/User/Downloads/Candle_TheRobot-main/colcon_ws/build/urdf_tutorial
